

================================================================
== Vivado HLS Report for 'compute_pro_9'
================================================================
* Date:           Sun Apr 28 16:05:21 2019

* Version:        2018.3 (Build 2405991 on Thu Dec 06 23:56:15 MST 2018)
* Project:        mobile_net_hls_v1
* Solution:       solution1
* Product family: zynquplus
* Target device:  xczu9eg-ffvb1156-2-i


================================================================
== Performance Estimates
================================================================
+ Timing (ns): 
    * Summary: 
    +--------+-------+----------+------------+
    |  Clock | Target| Estimated| Uncertainty|
    +--------+-------+----------+------------+
    |ap_clk  |   4.20|     3.675|        0.52|
    +--------+-------+----------+------------+

+ Latency (clock cycles): 
    * Summary: 
    +-----+-----+-----+-----+---------+
    |  Latency  |  Interval | Pipeline|
    | min | max | min | max |   Type  |
    +-----+-----+-----+-----+---------+
    |    ?|    ?|    ?|    ?|   none  |
    +-----+-----+-----+-----+---------+

    + Detail: 
        * Instance: 
        +-----------------------+-----------+-----+-----+-----+-----+----------+
        |                       |           |  Latency  |  Interval | Pipeline |
        |        Instance       |   Module  | min | max | min | max |   Type   |
        +-----------------------+-----------+-----+-----+-----+-----+----------+
        |grp_mac_3_9_1_fu_2801  |mac_3_9_1  |   19|   19|    1|    1| function |
        +-----------------------+-----------+-----+-----+-----+-----+----------+

        * Loop: 
        +----------------+-----+-----+----------+-----------+-----------+--------+----------+
        |                |  Latency  | Iteration|  Initiation Interval  |  Trip  |          |
        |    Loop Name   | min | max |  Latency |  achieved |   target  |  Count | Pipelined|
        +----------------+-----+-----+----------+-----------+-----------+--------+----------+
        |- Loop 1        |    ?|    ?|         ?|          -|          -|       ?|    no    |
        | + Loop 1.1     |    ?|    ?|         1|          -|          -|       ?|    no    |
        | + nloop        |    ?|    ?|         ?|          -|          -|       2|    no    |
        |  ++ nloop.1    |   36|   36|         1|          1|          1|      36|    yes   |
        |  ++ rloop      |    ?|    ?|         ?|          -|          -| 2 ~ 16 |    no    |
        |   +++ rloop.1  |    2|    2|         1|          1|          1|       2|    yes   |
        |   +++ cloop    |    ?|    ?|        29|          1|          1|       ?|    yes   |
        |   +++ rloop.3  |    0|   31|         1|          1|          1| 0 ~ 31 |    yes   |
        +----------------+-----+-----+----------+-----------+-----------+--------+----------+



================================================================
== Utilization Estimates
================================================================
* Summary: 
+-----------------+---------+-------+--------+--------+-----+
|       Name      | BRAM_18K| DSP48E|   FF   |   LUT  | URAM|
+-----------------+---------+-------+--------+--------+-----+
|DSP              |        -|      -|       -|       -|    -|
|Expression       |        -|      -|       0|     673|    -|
|FIFO             |        -|      -|       -|       -|    -|
|Instance         |        0|     36|    2415|    1436|    -|
|Memory           |        1|      -|       0|       0|    -|
|Multiplexer      |        -|      -|       -|    1886|    -|
|Register         |        0|      -|    4350|      96|    -|
+-----------------+---------+-------+--------+--------+-----+
|Total            |        1|     36|    6765|    4091|    0|
+-----------------+---------+-------+--------+--------+-----+
|Available        |     1824|   2520|  548160|  274080|    0|
+-----------------+---------+-------+--------+--------+-----+
|Utilization (%)  |    ~0   |      1|       1|       1|    0|
+-----------------+---------+-------+--------+--------+-----+

+ Detail: 
    * Instance: 
    +----------------------------+----------------------+---------+-------+------+------+
    |          Instance          |        Module        | BRAM_18K| DSP48E|  FF  |  LUT |
    +----------------------------+----------------------+---------+-------+------+------+
    |grp_mac_3_9_1_fu_2801       |mac_3_9_1             |        0|     34|  2275|  1298|
    |moblie_net_hadd_1bkb_U2350  |moblie_net_hadd_1bkb  |        0|      2|   106|   112|
    |moblie_net_hcmp_1tde_U2351  |moblie_net_hcmp_1tde  |        0|      0|    34|    26|
    +----------------------------+----------------------+---------+-------+------+------+
    |Total                       |                      |        0|     36|  2415|  1436|
    +----------------------------+----------------------+---------+-------+------+------+

    * DSP48: 
    N/A

    * Memory: 
    +-------------+----------------------+---------+---+----+------+-----+------+-------------+
    |    Memory   |        Module        | BRAM_18K| FF| LUT| Words| Bits| Banks| W*Bits*Banks|
    +-------------+----------------------+---------+---+----+------+-----+------+-------------+
    |beta_regs_U  |compute_pro_10_bewdI  |        1|  0|   0|     2|   16|     1|           32|
    +-------------+----------------------+---------+---+----+------+-----+------+-------------+
    |Total        |                      |        1|  0|   0|     2|   16|     1|           32|
    +-------------+----------------------+---------+---+----+------+-----+------+-------------+

    * FIFO: 
    N/A

    * Expression: 
    +--------------------------------+----------+-------+---+----+------------+------------+
    |          Variable Name         | Operation| DSP48E| FF| LUT| Bitwidth P0| Bitwidth P1|
    +--------------------------------+----------+-------+---+----+------------+------------+
    |indvar_flatten_next_fu_3088_p2  |     +    |      0|  0|  15|           6|           1|
    |shift_cnt_c_1_fu_3117_p2        |     +    |      0|  0|  15|           5|           1|
    |shift_cnt_c_2_fu_3343_p2        |     +    |      0|  0|   9|           2|           1|
    |shift_cnt_c_9_fu_3382_p2        |     +    |      0|  0|  38|          31|           1|
    |tc_9_fu_3358_p2                 |     +    |      0|  0|  38|          31|           1|
    |tmp_186_fu_2926_p2              |     +    |      0|  0|  39|          32|           2|
    |tn_16_fu_3061_p2                |     +    |      0|  0|   9|           2|           1|
    |tr_7_fu_3141_p2                 |     +    |      0|  0|  38|          31|           1|
    |tmp_180_fu_2856_p2              |     -    |      0|  0|  39|           5|          32|
    |tmp_181_fu_2876_p2              |     -    |      0|  0|  39|           5|          32|
    |tmp_182_fu_2890_p2              |     -    |      0|  0|  39|          10|          32|
    |tmp_187_fu_2932_p2              |     -    |      0|  0|  39|           5|          32|
    |or_cond_fu_2920_p2              |    and   |      0|  0|   2|           1|           1|
    |exitcond8_fu_3337_p2            |   icmp   |      0|  0|   9|           2|           3|
    |exitcond_flatten_fu_3082_p2     |   icmp   |      0|  0|  11|           6|           6|
    |exitcond_fu_3094_p2             |   icmp   |      0|  0|  11|           5|           5|
    |tmp_183_fu_2895_p2              |   icmp   |      0|  0|  20|          32|           2|
    |tmp_184_fu_2909_p2              |   icmp   |      0|  0|  20|          32|           1|
    |tmp_185_fu_2915_p2              |   icmp   |      0|  0|  20|          32|           1|
    |tmp_188_fu_3056_p2              |   icmp   |      0|  0|  20|          32|          32|
    |tmp_193_fu_3112_p2              |   icmp   |      0|  0|  20|          32|          32|
    |tmp_194_fu_3136_p2              |   icmp   |      0|  0|  20|          32|          32|
    |tmp_197_fu_3353_p2              |   icmp   |      0|  0|  20|          32|          32|
    |tmp_201_fu_3377_p2              |   icmp   |      0|  0|  20|          32|          32|
    |ap_block_state1                 |    or    |      0|  0|   2|           1|           1|
    |cLoops_fu_2861_p3               |  select  |      0|  0|  32|           1|           5|
    |nLoops_fu_2901_p3               |  select  |      0|  0|  32|           1|           2|
    |rLoops_fu_2882_p3               |  select  |      0|  0|  32|           1|           5|
    |shift_cnt_c_mid2_fu_3100_p3     |  select  |      0|  0|   5|           1|           1|
    |tmp_647_fu_3364_p3              |  select  |      0|  0|  16|           1|           1|
    |ap_enable_pp2                   |    xor   |      0|  0|   2|           1|           2|
    |ap_enable_reg_pp2_iter1         |    xor   |      0|  0|   2|           2|           1|
    +--------------------------------+----------+-------+---+----+------------+------------+
    |Total                           |          |      0|  0| 673|         444|         334|
    +--------------------------------+----------+-------+---+----+------------+------------+

    * Multiplexer: 
    +----------------------------------------+----+-----------+-----+-----------+
    |                  Name                  | LUT| Input Size| Bits| Total Bits|
    +----------------------------------------+----+-----------+-----+-----------+
    |ap_NS_fsm                               |  62|         15|    1|         15|
    |ap_done                                 |   9|          2|    1|          2|
    |ap_enable_reg_pp2_iter1                 |   9|          2|    1|          2|
    |ap_enable_reg_pp2_iter28                |   9|          2|    1|          2|
    |ap_phi_mux_input_regs_38_phi_fu_927_p4  |  15|          3|   16|         48|
    |ap_phi_mux_input_temp_0_phi_fu_2276_p4  |   9|          2|   16|         32|
    |indvar_flatten_reg_484                  |   9|          2|    6|         12|
    |input_regs_10_1_reg_1687                |   9|          2|   16|         32|
    |input_regs_10_2_reg_2153                |   9|          2|   16|         32|
    |input_regs_10_3_reg_2647                |   9|          2|   16|         32|
    |input_regs_10_4_224_reg_1243            |   9|          2|   16|         32|
    |input_regs_10_reg_791                   |   9|          2|   16|         32|
    |input_regs_11_1_reg_1675                |   9|          2|   16|         32|
    |input_regs_11_2_reg_2141                |   9|          2|   16|         32|
    |input_regs_11_3_reg_2634                |   9|          2|   16|         32|
    |input_regs_11_4_223_reg_1232            |   9|          2|   16|         32|
    |input_regs_11_reg_780                   |   9|          2|   16|         32|
    |input_regs_12_1_reg_1663                |   9|          2|   16|         32|
    |input_regs_12_2_reg_2129                |   9|          2|   16|         32|
    |input_regs_12_3_reg_2621                |   9|          2|   16|         32|
    |input_regs_12_4_222_reg_1221            |   9|          2|   16|         32|
    |input_regs_12_reg_769                   |   9|          2|   16|         32|
    |input_regs_13_1_reg_1651                |   9|          2|   16|         32|
    |input_regs_13_2_reg_2117                |   9|          2|   16|         32|
    |input_regs_13_3_reg_2608                |   9|          2|   16|         32|
    |input_regs_13_4_221_reg_1210            |   9|          2|   16|         32|
    |input_regs_13_reg_758                   |   9|          2|   16|         32|
    |input_regs_14_1_reg_1639                |   9|          2|   16|         32|
    |input_regs_14_2_reg_2105                |   9|          2|   16|         32|
    |input_regs_14_3_reg_2595                |   9|          2|   16|         32|
    |input_regs_14_4_220_reg_1199            |   9|          2|   16|         32|
    |input_regs_14_reg_747                   |   9|          2|   16|         32|
    |input_regs_15_1_reg_1627                |   9|          2|   16|         32|
    |input_regs_15_2_reg_2093                |   9|          2|   16|         32|
    |input_regs_15_3_reg_2582                |   9|          2|   16|         32|
    |input_regs_15_4_219_reg_1188            |   9|          2|   16|         32|
    |input_regs_15_reg_736                   |   9|          2|   16|         32|
    |input_regs_16_1_reg_1615                |   9|          2|   16|         32|
    |input_regs_16_2_reg_2081                |   9|          2|   16|         32|
    |input_regs_16_3_reg_2569                |   9|          2|   16|         32|
    |input_regs_16_4_218_reg_1177            |   9|          2|   16|         32|
    |input_regs_16_reg_725                   |   9|          2|   16|         32|
    |input_regs_17_1_reg_1603                |   9|          2|   16|         32|
    |input_regs_17_2_reg_2069                |   9|          2|   16|         32|
    |input_regs_17_3_reg_2556                |   9|          2|   16|         32|
    |input_regs_17_4_217_reg_1166            |   9|          2|   16|         32|
    |input_regs_17_reg_714                   |   9|          2|   16|         32|
    |input_regs_18_1_reg_1591                |   9|          2|   16|         32|
    |input_regs_18_3_reg_2543                |   9|          2|   16|         32|
    |input_regs_18_4_reg_1155                |   9|          2|   16|         32|
    |input_regs_18_5_reg_2057                |   9|          2|   16|         32|
    |input_regs_18_reg_703                   |   9|          2|   16|         32|
    |input_regs_19_1_reg_1579                |   9|          2|   16|         32|
    |input_regs_19_3_reg_2530                |   9|          2|   16|         32|
    |input_regs_19_4_reg_1144                |   9|          2|   16|         32|
    |input_regs_19_5_reg_2045                |   9|          2|   16|         32|
    |input_regs_19_reg_692                   |   9|          2|   16|         32|
    |input_regs_1_1_reg_1795                 |   9|          2|   16|         32|
    |input_regs_1_3_235_reg_2764             |   9|          2|   16|         32|
    |input_regs_1_3_reg_901                  |   9|          2|   16|         32|
    |input_regs_1_4_reg_1342                 |   9|          2|   16|         32|
    |input_regs_1_5_232_reg_1807             |   9|          2|   16|         32|
    |input_regs_1_6_reg_2261                 |   9|          2|   16|         32|
    |input_regs_1_7_reg_2777                 |   9|          2|   16|         32|
    |input_regs_1_reg_890                    |   9|          2|   16|         32|
    |input_regs_20_1_reg_1567                |   9|          2|   16|         32|
    |input_regs_20_3_reg_2517                |   9|          2|   16|         32|
    |input_regs_20_4_reg_1133                |   9|          2|   16|         32|
    |input_regs_20_5_reg_2033                |   9|          2|   16|         32|
    |input_regs_20_reg_681                   |   9|          2|   16|         32|
    |input_regs_21_1_reg_1555                |   9|          2|   16|         32|
    |input_regs_21_2_reg_2021                |   9|          2|   16|         32|
    |input_regs_21_3_reg_2504                |   9|          2|   16|         32|
    |input_regs_21_4_216_reg_1122            |   9|          2|   16|         32|
    |input_regs_21_reg_670                   |   9|          2|   16|         32|
    |input_regs_22_1_reg_1543                |   9|          2|   16|         32|
    |input_regs_22_2_reg_2009                |   9|          2|   16|         32|
    |input_regs_22_3_reg_2491                |   9|          2|   16|         32|
    |input_regs_22_4_215_reg_1111            |   9|          2|   16|         32|
    |input_regs_22_reg_659                   |   9|          2|   16|         32|
    |input_regs_23_1_reg_1531                |   9|          2|   16|         32|
    |input_regs_23_2_reg_1997                |   9|          2|   16|         32|
    |input_regs_23_3_reg_2478                |   9|          2|   16|         32|
    |input_regs_23_4_214_reg_1100            |   9|          2|   16|         32|
    |input_regs_23_reg_648                   |   9|          2|   16|         32|
    |input_regs_24_1_reg_1519                |   9|          2|   16|         32|
    |input_regs_24_2_reg_1985                |   9|          2|   16|         32|
    |input_regs_24_3_reg_2465                |   9|          2|   16|         32|
    |input_regs_24_4_213_reg_1089            |   9|          2|   16|         32|
    |input_regs_24_reg_637                   |   9|          2|   16|         32|
    |input_regs_25_1_reg_1507                |   9|          2|   16|         32|
    |input_regs_25_2_reg_1973                |   9|          2|   16|         32|
    |input_regs_25_3_reg_2452                |   9|          2|   16|         32|
    |input_regs_25_4_212_reg_1078            |   9|          2|   16|         32|
    |input_regs_25_reg_626                   |   9|          2|   16|         32|
    |input_regs_26_1_reg_1495                |   9|          2|   16|         32|
    |input_regs_26_2_reg_1961                |   9|          2|   16|         32|
    |input_regs_26_3_reg_2439                |   9|          2|   16|         32|
    |input_regs_26_4_211_reg_1067            |   9|          2|   16|         32|
    |input_regs_26_reg_615                   |   9|          2|   16|         32|
    |input_regs_27_1_reg_1483                |   9|          2|   16|         32|
    |input_regs_27_2_reg_1949                |   9|          2|   16|         32|
    |input_regs_27_3_reg_2426                |   9|          2|   16|         32|
    |input_regs_27_4_210_reg_1056            |   9|          2|   16|         32|
    |input_regs_27_reg_604                   |   9|          2|   16|         32|
    |input_regs_28_1_reg_1471                |   9|          2|   16|         32|
    |input_regs_28_2_reg_1937                |   9|          2|   16|         32|
    |input_regs_28_3_reg_2413                |   9|          2|   16|         32|
    |input_regs_28_4_209_reg_1045            |   9|          2|   16|         32|
    |input_regs_28_reg_593                   |   9|          2|   16|         32|
    |input_regs_29_1_reg_1459                |   9|          2|   16|         32|
    |input_regs_29_2_reg_1925                |   9|          2|   16|         32|
    |input_regs_29_3_reg_2400                |   9|          2|   16|         32|
    |input_regs_29_4_208_reg_1034            |   9|          2|   16|         32|
    |input_regs_29_reg_582                   |   9|          2|   16|         32|
    |input_regs_2_1_reg_1783                 |   9|          2|   16|         32|
    |input_regs_2_3_reg_2751                 |   9|          2|   16|         32|
    |input_regs_2_4_reg_1331                 |   9|          2|   16|         32|
    |input_regs_2_5_reg_2249                 |   9|          2|   16|         32|
    |input_regs_2_reg_879                    |   9|          2|   16|         32|
    |input_regs_30_1_reg_1447                |   9|          2|   16|         32|
    |input_regs_30_2_reg_1913                |   9|          2|   16|         32|
    |input_regs_30_3_reg_2387                |   9|          2|   16|         32|
    |input_regs_30_4_207_reg_1023            |   9|          2|   16|         32|
    |input_regs_30_reg_571                   |   9|          2|   16|         32|
    |input_regs_31_1_reg_1435                |   9|          2|   16|         32|
    |input_regs_31_2_reg_1901                |   9|          2|   16|         32|
    |input_regs_31_3_reg_2374                |   9|          2|   16|         32|
    |input_regs_31_4_206_reg_1012            |   9|          2|   16|         32|
    |input_regs_31_reg_560                   |   9|          2|   16|         32|
    |input_regs_32_1_reg_1423                |   9|          2|   16|         32|
    |input_regs_32_2_reg_1889                |   9|          2|   16|         32|
    |input_regs_32_3_reg_2361                |   9|          2|   16|         32|
    |input_regs_32_4_205_reg_1001            |   9|          2|   16|         32|
    |input_regs_32_reg_549                   |   9|          2|   16|         32|
    |input_regs_33_1_reg_1411                |   9|          2|   16|         32|
    |input_regs_33_2_reg_1877                |   9|          2|   16|         32|
    |input_regs_33_3_reg_2348                |   9|          2|   16|         32|
    |input_regs_33_4_204_reg_990             |   9|          2|   16|         32|
    |input_regs_33_reg_538                   |   9|          2|   16|         32|
    |input_regs_34_1_reg_1399                |   9|          2|   16|         32|
    |input_regs_34_2_reg_1865                |   9|          2|   16|         32|
    |input_regs_34_3_reg_2335                |   9|          2|   16|         32|
    |input_regs_34_4_203_reg_979             |   9|          2|   16|         32|
    |input_regs_34_reg_527                   |   9|          2|   16|         32|
    |input_regs_35_1_reg_1387                |   9|          2|   16|         32|
    |input_regs_35_2_reg_1853                |   9|          2|   16|         32|
    |input_regs_35_3_reg_2322                |   9|          2|   16|         32|
    |input_regs_35_4_202_reg_968             |   9|          2|   16|         32|
    |input_regs_35_reg_516                   |   9|          2|   16|         32|
    |input_regs_36_1_reg_1375                |   9|          2|   16|         32|
    |input_regs_36_3_reg_2309                |   9|          2|   16|         32|
    |input_regs_36_4_reg_957                 |   9|          2|   16|         32|
    |input_regs_36_5_reg_1841                |   9|          2|   16|         32|
    |input_regs_36_reg_505                   |   9|          2|   16|         32|
    |input_regs_37_1_reg_1364                |   9|          2|   16|         32|
    |input_regs_37_3_reg_2296                |   9|          2|   16|         32|
    |input_regs_37_4_reg_946                 |   9|          2|   16|         32|
    |input_regs_37_5_reg_1830                |   9|          2|   16|         32|
    |input_regs_37_reg_495                   |   9|          2|   16|         32|
    |input_regs_38_4_reg_935                 |   9|          2|   16|         32|
    |input_regs_3_1_reg_1771                 |   9|          2|   16|         32|
    |input_regs_3_2_reg_2237                 |   9|          2|   16|         32|
    |input_regs_3_3_reg_2738                 |   9|          2|   16|         32|
    |input_regs_3_4_231_reg_1320             |   9|          2|   16|         32|
    |input_regs_3_reg_868                    |   9|          2|   16|         32|
    |input_regs_4_1_reg_1759                 |   9|          2|   16|         32|
    |input_regs_4_2_reg_2225                 |   9|          2|   16|         32|
    |input_regs_4_3_reg_2725                 |   9|          2|   16|         32|
    |input_regs_4_4_230_reg_1309             |   9|          2|   16|         32|
    |input_regs_4_reg_857                    |   9|          2|   16|         32|
    |input_regs_5_1_reg_1747                 |   9|          2|   16|         32|
    |input_regs_5_2_reg_2213                 |   9|          2|   16|         32|
    |input_regs_5_3_reg_2712                 |   9|          2|   16|         32|
    |input_regs_5_4_229_reg_1298             |   9|          2|   16|         32|
    |input_regs_5_reg_846                    |   9|          2|   16|         32|
    |input_regs_6_1_reg_1735                 |   9|          2|   16|         32|
    |input_regs_6_2_reg_2201                 |   9|          2|   16|         32|
    |input_regs_6_3_reg_2699                 |   9|          2|   16|         32|
    |input_regs_6_4_228_reg_1287             |   9|          2|   16|         32|
    |input_regs_6_reg_835                    |   9|          2|   16|         32|
    |input_regs_7_1_reg_1723                 |   9|          2|   16|         32|
    |input_regs_7_2_reg_2189                 |   9|          2|   16|         32|
    |input_regs_7_3_reg_2686                 |   9|          2|   16|         32|
    |input_regs_7_4_227_reg_1276             |   9|          2|   16|         32|
    |input_regs_7_reg_824                    |   9|          2|   16|         32|
    |input_regs_8_1_reg_1711                 |   9|          2|   16|         32|
    |input_regs_8_2_reg_2177                 |   9|          2|   16|         32|
    |input_regs_8_3_reg_2673                 |   9|          2|   16|         32|
    |input_regs_8_4_226_reg_1265             |   9|          2|   16|         32|
    |input_regs_8_reg_813                    |   9|          2|   16|         32|
    |input_regs_9_1_reg_1699                 |   9|          2|   16|         32|
    |input_regs_9_2_reg_2165                 |   9|          2|   16|         32|
    |input_regs_9_3_reg_2660                 |   9|          2|   16|         32|
    |input_regs_9_4_225_reg_1254             |   9|          2|   16|         32|
    |input_regs_9_reg_802                    |   9|          2|   16|         32|
    |input_temp_0_reg_2273                   |   9|          2|   16|         32|
    |shift_cnt_c1_reg_1819                   |   9|          2|    2|          4|
    |shift_cnt_c3_reg_2790                   |   9|          2|   31|         62|
    |shift_cnt_c_reg_912                     |   9|          2|    5|         10|
    |tc_reg_2285                             |   9|          2|   31|         62|
    |tn_reg_472                              |   9|          2|    2|          4|
    |tr_reg_1353                             |   9|          2|   31|         62|
    +----------------------------------------+----+-----------+-----+-----------+
    |Total                                   |1886|        420| 3184|       6397|
    +----------------------------------------+----+-----------+-----+-----------+

    * Register: 
    +------------------------------+----+----+-----+-----------+
    |             Name             | FF | LUT| Bits| Const Bits|
    +------------------------------+----+----+-----+-----------+
    |acc_dat_reg_3948              |  16|   0|   16|          0|
    |ap_CS_fsm                     |  14|   0|   14|          0|
    |ap_done_reg                   |   1|   0|    1|          0|
    |ap_enable_reg_pp2_iter0       |   1|   0|    1|          0|
    |ap_enable_reg_pp2_iter1       |   1|   0|    1|          0|
    |ap_enable_reg_pp2_iter10      |   1|   0|    1|          0|
    |ap_enable_reg_pp2_iter11      |   1|   0|    1|          0|
    |ap_enable_reg_pp2_iter12      |   1|   0|    1|          0|
    |ap_enable_reg_pp2_iter13      |   1|   0|    1|          0|
    |ap_enable_reg_pp2_iter14      |   1|   0|    1|          0|
    |ap_enable_reg_pp2_iter15      |   1|   0|    1|          0|
    |ap_enable_reg_pp2_iter16      |   1|   0|    1|          0|
    |ap_enable_reg_pp2_iter17      |   1|   0|    1|          0|
    |ap_enable_reg_pp2_iter18      |   1|   0|    1|          0|
    |ap_enable_reg_pp2_iter19      |   1|   0|    1|          0|
    |ap_enable_reg_pp2_iter2       |   1|   0|    1|          0|
    |ap_enable_reg_pp2_iter20      |   1|   0|    1|          0|
    |ap_enable_reg_pp2_iter21      |   1|   0|    1|          0|
    |ap_enable_reg_pp2_iter22      |   1|   0|    1|          0|
    |ap_enable_reg_pp2_iter23      |   1|   0|    1|          0|
    |ap_enable_reg_pp2_iter24      |   1|   0|    1|          0|
    |ap_enable_reg_pp2_iter25      |   1|   0|    1|          0|
    |ap_enable_reg_pp2_iter26      |   1|   0|    1|          0|
    |ap_enable_reg_pp2_iter27      |   1|   0|    1|          0|
    |ap_enable_reg_pp2_iter28      |   1|   0|    1|          0|
    |ap_enable_reg_pp2_iter3       |   1|   0|    1|          0|
    |ap_enable_reg_pp2_iter4       |   1|   0|    1|          0|
    |ap_enable_reg_pp2_iter5       |   1|   0|    1|          0|
    |ap_enable_reg_pp2_iter6       |   1|   0|    1|          0|
    |ap_enable_reg_pp2_iter7       |   1|   0|    1|          0|
    |ap_enable_reg_pp2_iter8       |   1|   0|    1|          0|
    |ap_enable_reg_pp2_iter9       |   1|   0|    1|          0|
    |beta_regs_addr_reg_3892       |   1|   0|    1|          0|
    |beta_regs_load_reg_3943       |  16|   0|   16|          0|
    |cLoops_reg_3645               |  32|   0|   32|          0|
    |indvar_flatten_reg_484        |   6|   0|    6|          0|
    |input_regs_10_1_reg_1687      |  16|   0|   16|          0|
    |input_regs_10_2_reg_2153      |  16|   0|   16|          0|
    |input_regs_10_3_reg_2647      |  16|   0|   16|          0|
    |input_regs_10_4_224_reg_1243  |  16|   0|   16|          0|
    |input_regs_10_4_fu_186        |  16|   0|   16|          0|
    |input_regs_10_reg_791         |  16|   0|   16|          0|
    |input_regs_11_1_reg_1675      |  16|   0|   16|          0|
    |input_regs_11_2_reg_2141      |  16|   0|   16|          0|
    |input_regs_11_3_reg_2634      |  16|   0|   16|          0|
    |input_regs_11_4_223_reg_1232  |  16|   0|   16|          0|
    |input_regs_11_4_fu_190        |  16|   0|   16|          0|
    |input_regs_11_reg_780         |  16|   0|   16|          0|
    |input_regs_12_1_reg_1663      |  16|   0|   16|          0|
    |input_regs_12_2_reg_2129      |  16|   0|   16|          0|
    |input_regs_12_3_reg_2621      |  16|   0|   16|          0|
    |input_regs_12_4_222_reg_1221  |  16|   0|   16|          0|
    |input_regs_12_4_fu_194        |  16|   0|   16|          0|
    |input_regs_12_reg_769         |  16|   0|   16|          0|
    |input_regs_13_1_reg_1651      |  16|   0|   16|          0|
    |input_regs_13_2_reg_2117      |  16|   0|   16|          0|
    |input_regs_13_3_reg_2608      |  16|   0|   16|          0|
    |input_regs_13_4_221_reg_1210  |  16|   0|   16|          0|
    |input_regs_13_4_fu_198        |  16|   0|   16|          0|
    |input_regs_13_reg_758         |  16|   0|   16|          0|
    |input_regs_14_1_reg_1639      |  16|   0|   16|          0|
    |input_regs_14_2_reg_2105      |  16|   0|   16|          0|
    |input_regs_14_3_reg_2595      |  16|   0|   16|          0|
    |input_regs_14_4_220_reg_1199  |  16|   0|   16|          0|
    |input_regs_14_4_fu_202        |  16|   0|   16|          0|
    |input_regs_14_reg_747         |  16|   0|   16|          0|
    |input_regs_15_1_reg_1627      |  16|   0|   16|          0|
    |input_regs_15_2_reg_2093      |  16|   0|   16|          0|
    |input_regs_15_3_reg_2582      |  16|   0|   16|          0|
    |input_regs_15_4_219_reg_1188  |  16|   0|   16|          0|
    |input_regs_15_4_fu_206        |  16|   0|   16|          0|
    |input_regs_15_reg_736         |  16|   0|   16|          0|
    |input_regs_16_1_reg_1615      |  16|   0|   16|          0|
    |input_regs_16_2_reg_2081      |  16|   0|   16|          0|
    |input_regs_16_3_reg_2569      |  16|   0|   16|          0|
    |input_regs_16_4_218_reg_1177  |  16|   0|   16|          0|
    |input_regs_16_4_fu_210        |  16|   0|   16|          0|
    |input_regs_16_reg_725         |  16|   0|   16|          0|
    |input_regs_17_1_reg_1603      |  16|   0|   16|          0|
    |input_regs_17_2_reg_2069      |  16|   0|   16|          0|
    |input_regs_17_3_reg_2556      |  16|   0|   16|          0|
    |input_regs_17_4_217_reg_1166  |  16|   0|   16|          0|
    |input_regs_17_4_fu_214        |  16|   0|   16|          0|
    |input_regs_17_reg_714         |  16|   0|   16|          0|
    |input_regs_18_1_reg_1591      |  16|   0|   16|          0|
    |input_regs_18_2_fu_218        |  16|   0|   16|          0|
    |input_regs_18_3_reg_2543      |  16|   0|   16|          0|
    |input_regs_18_4_reg_1155      |  16|   0|   16|          0|
    |input_regs_18_5_reg_2057      |  16|   0|   16|          0|
    |input_regs_18_reg_703         |  16|   0|   16|          0|
    |input_regs_19_1_reg_1579      |  16|   0|   16|          0|
    |input_regs_19_2_fu_222        |  16|   0|   16|          0|
    |input_regs_19_3_reg_2530      |  16|   0|   16|          0|
    |input_regs_19_4_reg_1144      |  16|   0|   16|          0|
    |input_regs_19_5_reg_2045      |  16|   0|   16|          0|
    |input_regs_19_reg_692         |  16|   0|   16|          0|
    |input_regs_1_1_reg_1795       |  16|   0|   16|          0|
    |input_regs_1_2_fu_146         |  16|   0|   16|          0|
    |input_regs_1_3_235_reg_2764   |  16|   0|   16|          0|
    |input_regs_1_3_reg_901        |  16|   0|   16|          0|
    |input_regs_1_4_reg_1342       |  16|   0|   16|          0|
    |input_regs_1_5_232_reg_1807   |  16|   0|   16|          0|
    |input_regs_1_5_fu_150         |  16|   0|   16|          0|
    |input_regs_1_6_reg_2261       |  16|   0|   16|          0|
    |input_regs_1_7_reg_2777       |  16|   0|   16|          0|
    |input_regs_1_reg_890          |  16|   0|   16|          0|
    |input_regs_20_1_reg_1567      |  16|   0|   16|          0|
    |input_regs_20_2_fu_226        |  16|   0|   16|          0|
    |input_regs_20_3_reg_2517      |  16|   0|   16|          0|
    |input_regs_20_4_reg_1133      |  16|   0|   16|          0|
    |input_regs_20_5_reg_2033      |  16|   0|   16|          0|
    |input_regs_20_reg_681         |  16|   0|   16|          0|
    |input_regs_21_1_reg_1555      |  16|   0|   16|          0|
    |input_regs_21_2_reg_2021      |  16|   0|   16|          0|
    |input_regs_21_3_reg_2504      |  16|   0|   16|          0|
    |input_regs_21_4_216_reg_1122  |  16|   0|   16|          0|
    |input_regs_21_4_fu_230        |  16|   0|   16|          0|
    |input_regs_21_reg_670         |  16|   0|   16|          0|
    |input_regs_22_1_reg_1543      |  16|   0|   16|          0|
    |input_regs_22_2_reg_2009      |  16|   0|   16|          0|
    |input_regs_22_3_reg_2491      |  16|   0|   16|          0|
    |input_regs_22_4_215_reg_1111  |  16|   0|   16|          0|
    |input_regs_22_4_fu_234        |  16|   0|   16|          0|
    |input_regs_22_reg_659         |  16|   0|   16|          0|
    |input_regs_23_1_reg_1531      |  16|   0|   16|          0|
    |input_regs_23_2_reg_1997      |  16|   0|   16|          0|
    |input_regs_23_3_reg_2478      |  16|   0|   16|          0|
    |input_regs_23_4_214_reg_1100  |  16|   0|   16|          0|
    |input_regs_23_4_fu_238        |  16|   0|   16|          0|
    |input_regs_23_reg_648         |  16|   0|   16|          0|
    |input_regs_24_1_reg_1519      |  16|   0|   16|          0|
    |input_regs_24_2_reg_1985      |  16|   0|   16|          0|
    |input_regs_24_3_reg_2465      |  16|   0|   16|          0|
    |input_regs_24_4_213_reg_1089  |  16|   0|   16|          0|
    |input_regs_24_4_fu_242        |  16|   0|   16|          0|
    |input_regs_24_reg_637         |  16|   0|   16|          0|
    |input_regs_25_1_reg_1507      |  16|   0|   16|          0|
    |input_regs_25_2_reg_1973      |  16|   0|   16|          0|
    |input_regs_25_3_reg_2452      |  16|   0|   16|          0|
    |input_regs_25_4_212_reg_1078  |  16|   0|   16|          0|
    |input_regs_25_4_fu_246        |  16|   0|   16|          0|
    |input_regs_25_reg_626         |  16|   0|   16|          0|
    |input_regs_26_1_reg_1495      |  16|   0|   16|          0|
    |input_regs_26_2_reg_1961      |  16|   0|   16|          0|
    |input_regs_26_3_reg_2439      |  16|   0|   16|          0|
    |input_regs_26_4_211_reg_1067  |  16|   0|   16|          0|
    |input_regs_26_4_fu_250        |  16|   0|   16|          0|
    |input_regs_26_reg_615         |  16|   0|   16|          0|
    |input_regs_27_1_reg_1483      |  16|   0|   16|          0|
    |input_regs_27_2_reg_1949      |  16|   0|   16|          0|
    |input_regs_27_3_reg_2426      |  16|   0|   16|          0|
    |input_regs_27_4_210_reg_1056  |  16|   0|   16|          0|
    |input_regs_27_4_fu_254        |  16|   0|   16|          0|
    |input_regs_27_reg_604         |  16|   0|   16|          0|
    |input_regs_28_1_reg_1471      |  16|   0|   16|          0|
    |input_regs_28_2_reg_1937      |  16|   0|   16|          0|
    |input_regs_28_3_reg_2413      |  16|   0|   16|          0|
    |input_regs_28_4_209_reg_1045  |  16|   0|   16|          0|
    |input_regs_28_4_fu_258        |  16|   0|   16|          0|
    |input_regs_28_reg_593         |  16|   0|   16|          0|
    |input_regs_29_1_reg_1459      |  16|   0|   16|          0|
    |input_regs_29_2_reg_1925      |  16|   0|   16|          0|
    |input_regs_29_3_reg_2400      |  16|   0|   16|          0|
    |input_regs_29_4_208_reg_1034  |  16|   0|   16|          0|
    |input_regs_29_4_fu_262        |  16|   0|   16|          0|
    |input_regs_29_reg_582         |  16|   0|   16|          0|
    |input_regs_2_1_reg_1783       |  16|   0|   16|          0|
    |input_regs_2_2_fu_154         |  16|   0|   16|          0|
    |input_regs_2_3_reg_2751       |  16|   0|   16|          0|
    |input_regs_2_4_reg_1331       |  16|   0|   16|          0|
    |input_regs_2_5_reg_2249       |  16|   0|   16|          0|
    |input_regs_2_reg_879          |  16|   0|   16|          0|
    |input_regs_30_1_reg_1447      |  16|   0|   16|          0|
    |input_regs_30_2_reg_1913      |  16|   0|   16|          0|
    |input_regs_30_3_reg_2387      |  16|   0|   16|          0|
    |input_regs_30_4_207_reg_1023  |  16|   0|   16|          0|
    |input_regs_30_4_fu_266        |  16|   0|   16|          0|
    |input_regs_30_reg_571         |  16|   0|   16|          0|
    |input_regs_31_1_reg_1435      |  16|   0|   16|          0|
    |input_regs_31_2_reg_1901      |  16|   0|   16|          0|
    |input_regs_31_3_reg_2374      |  16|   0|   16|          0|
    |input_regs_31_4_206_reg_1012  |  16|   0|   16|          0|
    |input_regs_31_4_fu_270        |  16|   0|   16|          0|
    |input_regs_31_reg_560         |  16|   0|   16|          0|
    |input_regs_32_1_reg_1423      |  16|   0|   16|          0|
    |input_regs_32_2_reg_1889      |  16|   0|   16|          0|
    |input_regs_32_3_reg_2361      |  16|   0|   16|          0|
    |input_regs_32_4_205_reg_1001  |  16|   0|   16|          0|
    |input_regs_32_4_fu_274        |  16|   0|   16|          0|
    |input_regs_32_reg_549         |  16|   0|   16|          0|
    |input_regs_33_1_reg_1411      |  16|   0|   16|          0|
    |input_regs_33_2_reg_1877      |  16|   0|   16|          0|
    |input_regs_33_3_reg_2348      |  16|   0|   16|          0|
    |input_regs_33_4_204_reg_990   |  16|   0|   16|          0|
    |input_regs_33_4_fu_278        |  16|   0|   16|          0|
    |input_regs_33_reg_538         |  16|   0|   16|          0|
    |input_regs_34_1_reg_1399      |  16|   0|   16|          0|
    |input_regs_34_2_reg_1865      |  16|   0|   16|          0|
    |input_regs_34_3_reg_2335      |  16|   0|   16|          0|
    |input_regs_34_4_203_reg_979   |  16|   0|   16|          0|
    |input_regs_34_4_fu_282        |  16|   0|   16|          0|
    |input_regs_34_reg_527         |  16|   0|   16|          0|
    |input_regs_35_1_reg_1387      |  16|   0|   16|          0|
    |input_regs_35_2_reg_1853      |  16|   0|   16|          0|
    |input_regs_35_3_reg_2322      |  16|   0|   16|          0|
    |input_regs_35_4_202_reg_968   |  16|   0|   16|          0|
    |input_regs_35_4_fu_286        |  16|   0|   16|          0|
    |input_regs_35_reg_516         |  16|   0|   16|          0|
    |input_regs_36_1_reg_1375      |  16|   0|   16|          0|
    |input_regs_36_2_fu_290        |  16|   0|   16|          0|
    |input_regs_36_3_reg_2309      |  16|   0|   16|          0|
    |input_regs_36_4_reg_957       |  16|   0|   16|          0|
    |input_regs_36_5_reg_1841      |  16|   0|   16|          0|
    |input_regs_36_reg_505         |  16|   0|   16|          0|
    |input_regs_37_1_reg_1364      |  16|   0|   16|          0|
    |input_regs_37_2_fu_294        |  16|   0|   16|          0|
    |input_regs_37_3_reg_2296      |  16|   0|   16|          0|
    |input_regs_37_4_reg_946       |  16|   0|   16|          0|
    |input_regs_37_5_reg_1830      |  16|   0|   16|          0|
    |input_regs_37_reg_495         |  16|   0|   16|          0|
    |input_regs_38_4_reg_935       |  16|   0|   16|          0|
    |input_regs_3_1_reg_1771       |  16|   0|   16|          0|
    |input_regs_3_2_reg_2237       |  16|   0|   16|          0|
    |input_regs_3_3_reg_2738       |  16|   0|   16|          0|
    |input_regs_3_4_231_reg_1320   |  16|   0|   16|          0|
    |input_regs_3_4_fu_158         |  16|   0|   16|          0|
    |input_regs_3_reg_868          |  16|   0|   16|          0|
    |input_regs_4_1_reg_1759       |  16|   0|   16|          0|
    |input_regs_4_2_reg_2225       |  16|   0|   16|          0|
    |input_regs_4_3_reg_2725       |  16|   0|   16|          0|
    |input_regs_4_4_230_reg_1309   |  16|   0|   16|          0|
    |input_regs_4_4_fu_162         |  16|   0|   16|          0|
    |input_regs_4_reg_857          |  16|   0|   16|          0|
    |input_regs_5_1_reg_1747       |  16|   0|   16|          0|
    |input_regs_5_2_reg_2213       |  16|   0|   16|          0|
    |input_regs_5_3_reg_2712       |  16|   0|   16|          0|
    |input_regs_5_4_229_reg_1298   |  16|   0|   16|          0|
    |input_regs_5_4_fu_166         |  16|   0|   16|          0|
    |input_regs_5_reg_846          |  16|   0|   16|          0|
    |input_regs_6_1_reg_1735       |  16|   0|   16|          0|
    |input_regs_6_2_reg_2201       |  16|   0|   16|          0|
    |input_regs_6_3_reg_2699       |  16|   0|   16|          0|
    |input_regs_6_4_228_reg_1287   |  16|   0|   16|          0|
    |input_regs_6_4_fu_170         |  16|   0|   16|          0|
    |input_regs_6_reg_835          |  16|   0|   16|          0|
    |input_regs_7_1_reg_1723       |  16|   0|   16|          0|
    |input_regs_7_2_reg_2189       |  16|   0|   16|          0|
    |input_regs_7_3_reg_2686       |  16|   0|   16|          0|
    |input_regs_7_4_227_reg_1276   |  16|   0|   16|          0|
    |input_regs_7_4_fu_174         |  16|   0|   16|          0|
    |input_regs_7_reg_824          |  16|   0|   16|          0|
    |input_regs_8_1_reg_1711       |  16|   0|   16|          0|
    |input_regs_8_2_reg_2177       |  16|   0|   16|          0|
    |input_regs_8_3_reg_2673       |  16|   0|   16|          0|
    |input_regs_8_4_226_reg_1265   |  16|   0|   16|          0|
    |input_regs_8_4_fu_178         |  16|   0|   16|          0|
    |input_regs_8_reg_813          |  16|   0|   16|          0|
    |input_regs_9_1_reg_1699       |  16|   0|   16|          0|
    |input_regs_9_2_reg_2165       |  16|   0|   16|          0|
    |input_regs_9_3_reg_2660       |  16|   0|   16|          0|
    |input_regs_9_4_225_reg_1254   |  16|   0|   16|          0|
    |input_regs_9_4_fu_182         |  16|   0|   16|          0|
    |input_regs_9_reg_802          |  16|   0|   16|          0|
    |input_temp_0_reg_2273         |  16|   0|   16|          0|
    |mac_dat_reg_3938              |  16|   0|   16|          0|
    |nLoops_reg_3655               |  32|   0|   32|          0|
    |or_cond_reg_3660              |   1|   0|    1|          0|
    |rLoops_reg_3650               |  32|   0|   32|          0|
    |shift_cnt_c1_reg_1819         |   2|   0|    2|          0|
    |shift_cnt_c3_reg_2790         |  31|   0|   31|          0|
    |shift_cnt_c_reg_912           |   5|   0|    5|          0|
    |tc_reg_2285                   |  31|   0|   31|          0|
    |tmp_186_reg_3664              |  32|   0|   32|          0|
    |tmp_187_reg_3669              |  32|   0|   32|          0|
    |tmp_197_reg_3923              |   1|   0|    1|          0|
    |tmp_640_reg_3635              |   1|   0|    1|          0|
    |tmp_642_reg_3622              |  32|   0|   32|          0|
    |tmp_643_reg_3640              |  32|   0|   32|          0|
    |tmp_644_reg_3629              |  32|   0|   32|          0|
    |tmp_646_reg_3897              |   1|   0|    1|          0|
    |tmp_650_reg_3932              |  16|   0|   16|          0|
    |tn_16_reg_3868                |   2|   0|    2|          0|
    |tn_reg_472                    |   2|   0|    2|          0|
    |tr_7_reg_3905                 |  31|   0|   31|          0|
    |tr_reg_1353                   |  31|   0|   31|          0|
    |acc_dat_reg_3948              |  64|  32|   16|          0|
    |input_regs_1_6_reg_2261       |  64|  32|   16|          0|
    |tmp_197_reg_3923              |  64|  32|    1|          0|
    +------------------------------+----+----+-----+-----------+
    |Total                         |4350|  96| 4191|          0|
    +------------------------------+----+----+-----+-----------+



================================================================
== Interface
================================================================
* Summary: 
+---------------------------+-----+-----+------------+-------------------+--------------+
|         RTL Ports         | Dir | Bits|  Protocol  |   Source Object   |    C Type    |
+---------------------------+-----+-----+------------+-------------------+--------------+
|ap_clk                     |  in |    1| ap_ctrl_hs |   compute_pro.9   | return value |
|ap_rst                     |  in |    1| ap_ctrl_hs |   compute_pro.9   | return value |
|ap_start                   |  in |    1| ap_ctrl_hs |   compute_pro.9   | return value |
|ap_done                    | out |    1| ap_ctrl_hs |   compute_pro.9   | return value |
|ap_continue                |  in |    1| ap_ctrl_hs |   compute_pro.9   | return value |
|ap_idle                    | out |    1| ap_ctrl_hs |   compute_pro.9   | return value |
|ap_ready                   | out |    1| ap_ctrl_hs |   compute_pro.9   | return value |
|input_buffer_V_dout        |  in |   16|   ap_fifo  |   input_buffer_V  |    pointer   |
|input_buffer_V_empty_n     |  in |    1|   ap_fifo  |   input_buffer_V  |    pointer   |
|input_buffer_V_read        | out |    1|   ap_fifo  |   input_buffer_V  |    pointer   |
|weight_buffer_0_V_dout     |  in |   16|   ap_fifo  | weight_buffer_0_V |    pointer   |
|weight_buffer_0_V_empty_n  |  in |    1|   ap_fifo  | weight_buffer_0_V |    pointer   |
|weight_buffer_0_V_read     | out |    1|   ap_fifo  | weight_buffer_0_V |    pointer   |
|weight_buffer_1_V_dout     |  in |   16|   ap_fifo  | weight_buffer_1_V |    pointer   |
|weight_buffer_1_V_empty_n  |  in |    1|   ap_fifo  | weight_buffer_1_V |    pointer   |
|weight_buffer_1_V_read     | out |    1|   ap_fifo  | weight_buffer_1_V |    pointer   |
|weight_buffer_2_V_dout     |  in |   16|   ap_fifo  | weight_buffer_2_V |    pointer   |
|weight_buffer_2_V_empty_n  |  in |    1|   ap_fifo  | weight_buffer_2_V |    pointer   |
|weight_buffer_2_V_read     | out |    1|   ap_fifo  | weight_buffer_2_V |    pointer   |
|weight_buffer_3_V_dout     |  in |   16|   ap_fifo  | weight_buffer_3_V |    pointer   |
|weight_buffer_3_V_empty_n  |  in |    1|   ap_fifo  | weight_buffer_3_V |    pointer   |
|weight_buffer_3_V_read     | out |    1|   ap_fifo  | weight_buffer_3_V |    pointer   |
|weight_buffer_4_V_dout     |  in |   16|   ap_fifo  | weight_buffer_4_V |    pointer   |
|weight_buffer_4_V_empty_n  |  in |    1|   ap_fifo  | weight_buffer_4_V |    pointer   |
|weight_buffer_4_V_read     | out |    1|   ap_fifo  | weight_buffer_4_V |    pointer   |
|weight_buffer_5_V_dout     |  in |   16|   ap_fifo  | weight_buffer_5_V |    pointer   |
|weight_buffer_5_V_empty_n  |  in |    1|   ap_fifo  | weight_buffer_5_V |    pointer   |
|weight_buffer_5_V_read     | out |    1|   ap_fifo  | weight_buffer_5_V |    pointer   |
|weight_buffer_6_V_dout     |  in |   16|   ap_fifo  | weight_buffer_6_V |    pointer   |
|weight_buffer_6_V_empty_n  |  in |    1|   ap_fifo  | weight_buffer_6_V |    pointer   |
|weight_buffer_6_V_read     | out |    1|   ap_fifo  | weight_buffer_6_V |    pointer   |
|weight_buffer_7_V_dout     |  in |   16|   ap_fifo  | weight_buffer_7_V |    pointer   |
|weight_buffer_7_V_empty_n  |  in |    1|   ap_fifo  | weight_buffer_7_V |    pointer   |
|weight_buffer_7_V_read     | out |    1|   ap_fifo  | weight_buffer_7_V |    pointer   |
|weight_buffer_8_V_dout     |  in |   16|   ap_fifo  | weight_buffer_8_V |    pointer   |
|weight_buffer_8_V_empty_n  |  in |    1|   ap_fifo  | weight_buffer_8_V |    pointer   |
|weight_buffer_8_V_read     | out |    1|   ap_fifo  | weight_buffer_8_V |    pointer   |
|beta_buffer_V_dout         |  in |   16|   ap_fifo  |   beta_buffer_V   |    pointer   |
|beta_buffer_V_empty_n      |  in |    1|   ap_fifo  |   beta_buffer_V   |    pointer   |
|beta_buffer_V_read         | out |    1|   ap_fifo  |   beta_buffer_V   |    pointer   |
|output_buffer_0_V_din      | out |   16|   ap_fifo  | output_buffer_0_V |    pointer   |
|output_buffer_0_V_full_n   |  in |    1|   ap_fifo  | output_buffer_0_V |    pointer   |
|output_buffer_0_V_write    | out |    1|   ap_fifo  | output_buffer_0_V |    pointer   |
|output_buffer_1_V_din      | out |   16|   ap_fifo  | output_buffer_1_V |    pointer   |
|output_buffer_1_V_full_n   |  in |    1|   ap_fifo  | output_buffer_1_V |    pointer   |
|output_buffer_1_V_write    | out |    1|   ap_fifo  | output_buffer_1_V |    pointer   |
|data_buffer_V_dout         |  in |    1|   ap_fifo  |   data_buffer_V   |    pointer   |
|data_buffer_V_empty_n      |  in |    1|   ap_fifo  |   data_buffer_V   |    pointer   |
|data_buffer_V_read         | out |    1|   ap_fifo  |   data_buffer_V   |    pointer   |
|result_buffer_V_din        | out |    1|   ap_fifo  |  result_buffer_V  |    pointer   |
|result_buffer_V_full_n     |  in |    1|   ap_fifo  |  result_buffer_V  |    pointer   |
|result_buffer_V_write      | out |    1|   ap_fifo  |  result_buffer_V  |    pointer   |
|data_c_V_dout              |  in |   32|   ap_fifo  |      data_c_V     |    pointer   |
|data_c_V_empty_n           |  in |    1|   ap_fifo  |      data_c_V     |    pointer   |
|data_c_V_read              | out |    1|   ap_fifo  |      data_c_V     |    pointer   |
|data_r_V_dout              |  in |   32|   ap_fifo  |      data_r_V     |    pointer   |
|data_r_V_empty_n           |  in |    1|   ap_fifo  |      data_r_V     |    pointer   |
|data_r_V_read              | out |    1|   ap_fifo  |      data_r_V     |    pointer   |
|data_n_V_dout              |  in |   32|   ap_fifo  |      data_n_V     |    pointer   |
|data_n_V_empty_n           |  in |    1|   ap_fifo  |      data_n_V     |    pointer   |
|data_n_V_read              | out |    1|   ap_fifo  |      data_n_V     |    pointer   |
|result_c_V_din             | out |   32|   ap_fifo  |     result_c_V    |    pointer   |
|result_c_V_full_n          |  in |    1|   ap_fifo  |     result_c_V    |    pointer   |
|result_c_V_write           | out |    1|   ap_fifo  |     result_c_V    |    pointer   |
|result_r_V_din             | out |   32|   ap_fifo  |     result_r_V    |    pointer   |
|result_r_V_full_n          |  in |    1|   ap_fifo  |     result_r_V    |    pointer   |
|result_r_V_write           | out |    1|   ap_fifo  |     result_r_V    |    pointer   |
|result_n_V_din             | out |   32|   ap_fifo  |     result_n_V    |    pointer   |
|result_n_V_full_n          |  in |    1|   ap_fifo  |     result_n_V    |    pointer   |
|result_n_V_write           | out |    1|   ap_fifo  |     result_n_V    |    pointer   |
+---------------------------+-----+-----+------------+-------------------+--------------+

