

================================================================
== Vivado HLS Report for 'compute_pro_4'
================================================================
* Date:           Sun Apr 28 16:00:47 2019

* Version:        2018.3 (Build 2405991 on Thu Dec 06 23:56:15 MST 2018)
* Project:        mobile_net_hls_v1
* Solution:       solution1
* Product family: zynquplus
* Target device:  xczu9eg-ffvb1156-2-i


================================================================
== Performance Estimates
================================================================
+ Timing (ns): 
    * Summary: 
    +--------+-------+----------+------------+
    |  Clock | Target| Estimated| Uncertainty|
    +--------+-------+----------+------------+
    |ap_clk  |   4.20|     3.675|        0.52|
    +--------+-------+----------+------------+

+ Latency (clock cycles): 
    * Summary: 
    +-----+-----+-----+-----+---------+
    |  Latency  |  Interval | Pipeline|
    | min | max | min | max |   Type  |
    +-----+-----+-----+-----+---------+
    |    ?|    ?|    ?|    ?|   none  |
    +-----+-----+-----+-----+---------+

    + Detail: 
        * Instance: 
        +-----------------------+-----------+-----+-----+-----+-----+----------+
        |                       |           |  Latency  |  Interval | Pipeline |
        |        Instance       |   Module  | min | max | min | max |   Type   |
        +-----------------------+-----------+-----+-----+-----+-----+----------+
        |grp_mac_1_1_s_fu_1188  |mac_1_1_s  |    3|    3|    1|    1| function |
        |grp_mac_1_1_s_fu_1194  |mac_1_1_s  |    3|    3|    1|    1| function |
        |grp_mac_1_1_s_fu_1200  |mac_1_1_s  |    3|    3|    1|    1| function |
        |grp_mac_1_1_s_fu_1206  |mac_1_1_s  |    3|    3|    1|    1| function |
        |grp_mac_1_1_s_fu_1212  |mac_1_1_s  |    3|    3|    1|    1| function |
        |grp_mac_1_1_s_fu_1218  |mac_1_1_s  |    3|    3|    1|    1| function |
        |grp_mac_1_1_s_fu_1224  |mac_1_1_s  |    3|    3|    1|    1| function |
        |grp_mac_1_1_s_fu_1230  |mac_1_1_s  |    3|    3|    1|    1| function |
        |grp_mac_1_1_s_fu_1236  |mac_1_1_s  |    3|    3|    1|    1| function |
        |grp_mac_1_1_s_fu_1242  |mac_1_1_s  |    3|    3|    1|    1| function |
        |grp_mac_1_1_s_fu_1248  |mac_1_1_s  |    3|    3|    1|    1| function |
        |grp_mac_1_1_s_fu_1254  |mac_1_1_s  |    3|    3|    1|    1| function |
        |grp_mac_1_1_s_fu_1260  |mac_1_1_s  |    3|    3|    1|    1| function |
        |grp_mac_1_1_s_fu_1266  |mac_1_1_s  |    3|    3|    1|    1| function |
        |grp_mac_1_1_s_fu_1272  |mac_1_1_s  |    3|    3|    1|    1| function |
        |grp_mac_1_1_s_fu_1278  |mac_1_1_s  |    3|    3|    1|    1| function |
        +-----------------------+-----------+-----+-----+-----+-----+----------+

        * Loop: 
        +--------------+-----+------+----------+-----------+-----------+--------+----------+
        |              |   Latency  | Iteration|  Initiation Interval  |  Trip  |          |
        |   Loop Name  | min |  max |  Latency |  achieved |   target  |  Count | Pipelined|
        +--------------+-----+------+----------+-----------+-----------+--------+----------+
        |- Loop 1      |    ?|     ?|         ?|          -|          -|       ?|    no    |
        | + Loop 1.1   |    ?|     ?|         1|          -|          -|       ?|    no    |
        | + nloop      |   68|  1476| 34 ~ 738 |          -|          -|       2|    no    |
        |  ++ rloop    |   32|   736|  16 ~ 46 |          -|          -| 2 ~ 16 |    no    |
        |   +++ cloop  |   13|    43|        13|          1|          1| 2 ~ 32 |    yes   |
        +--------------+-----+------+----------+-----------+-----------+--------+----------+



================================================================
== Utilization Estimates
================================================================
* Summary: 
+-----------------+---------+-------+--------+--------+-----+
|       Name      | BRAM_18K| DSP48E|   FF   |   LUT  | URAM|
+-----------------+---------+-------+--------+--------+-----+
|DSP              |        -|      -|       -|       -|    -|
|Expression       |        -|      -|       0|    2042|    -|
|FIFO             |        -|      -|       -|       -|    -|
|Instance         |        -|     64|    4208|    2752|    -|
|Memory           |       16|      -|       0|       0|    -|
|Multiplexer      |        -|      -|       -|      98|    -|
|Register         |        0|      -|    4092|    1056|    -|
+-----------------+---------+-------+--------+--------+-----+
|Total            |       16|     64|    8300|    5948|    0|
+-----------------+---------+-------+--------+--------+-----+
|Available        |     1824|   2520|  548160|  274080|    0|
+-----------------+---------+-------+--------+--------+-----+
|Utilization (%)  |    ~0   |      2|       1|       2|    0|
+-----------------+---------+-------+--------+--------+-----+

+ Detail: 
    * Instance: 
    +---------------------------+----------------------+---------+-------+-----+-----+
    |          Instance         |        Module        | BRAM_18K| DSP48E|  FF | LUT |
    +---------------------------+----------------------+---------+-------+-----+-----+
    |grp_mac_1_1_s_fu_1188      |mac_1_1_s             |        0|      2|  123|   34|
    |grp_mac_1_1_s_fu_1194      |mac_1_1_s             |        0|      2|  123|   34|
    |grp_mac_1_1_s_fu_1200      |mac_1_1_s             |        0|      2|  123|   34|
    |grp_mac_1_1_s_fu_1206      |mac_1_1_s             |        0|      2|  123|   34|
    |grp_mac_1_1_s_fu_1212      |mac_1_1_s             |        0|      2|  123|   34|
    |grp_mac_1_1_s_fu_1218      |mac_1_1_s             |        0|      2|  123|   34|
    |grp_mac_1_1_s_fu_1224      |mac_1_1_s             |        0|      2|  123|   34|
    |grp_mac_1_1_s_fu_1230      |mac_1_1_s             |        0|      2|  123|   34|
    |grp_mac_1_1_s_fu_1236      |mac_1_1_s             |        0|      2|  123|   34|
    |grp_mac_1_1_s_fu_1242      |mac_1_1_s             |        0|      2|  123|   34|
    |grp_mac_1_1_s_fu_1248      |mac_1_1_s             |        0|      2|  123|   34|
    |grp_mac_1_1_s_fu_1254      |mac_1_1_s             |        0|      2|  123|   34|
    |grp_mac_1_1_s_fu_1260      |mac_1_1_s             |        0|      2|  123|   34|
    |grp_mac_1_1_s_fu_1266      |mac_1_1_s             |        0|      2|  123|   34|
    |grp_mac_1_1_s_fu_1272      |mac_1_1_s             |        0|      2|  123|   34|
    |grp_mac_1_1_s_fu_1278      |mac_1_1_s             |        0|      2|  123|   34|
    |moblie_net_hadd_1bkb_U728  |moblie_net_hadd_1bkb  |        0|      2|  106|  112|
    |moblie_net_hadd_1bkb_U729  |moblie_net_hadd_1bkb  |        0|      2|  106|  112|
    |moblie_net_hadd_1bkb_U730  |moblie_net_hadd_1bkb  |        0|      2|  106|  112|
    |moblie_net_hadd_1bkb_U731  |moblie_net_hadd_1bkb  |        0|      2|  106|  112|
    |moblie_net_hadd_1bkb_U732  |moblie_net_hadd_1bkb  |        0|      2|  106|  112|
    |moblie_net_hadd_1bkb_U733  |moblie_net_hadd_1bkb  |        0|      2|  106|  112|
    |moblie_net_hadd_1bkb_U734  |moblie_net_hadd_1bkb  |        0|      2|  106|  112|
    |moblie_net_hadd_1bkb_U735  |moblie_net_hadd_1bkb  |        0|      2|  106|  112|
    |moblie_net_hadd_1bkb_U736  |moblie_net_hadd_1bkb  |        0|      2|  106|  112|
    |moblie_net_hadd_1bkb_U737  |moblie_net_hadd_1bkb  |        0|      2|  106|  112|
    |moblie_net_hadd_1bkb_U738  |moblie_net_hadd_1bkb  |        0|      2|  106|  112|
    |moblie_net_hadd_1bkb_U739  |moblie_net_hadd_1bkb  |        0|      2|  106|  112|
    |moblie_net_hadd_1bkb_U740  |moblie_net_hadd_1bkb  |        0|      2|  106|  112|
    |moblie_net_hadd_1bkb_U741  |moblie_net_hadd_1bkb  |        0|      2|  106|  112|
    |moblie_net_hadd_1bkb_U742  |moblie_net_hadd_1bkb  |        0|      2|  106|  112|
    |moblie_net_hadd_1bkb_U743  |moblie_net_hadd_1bkb  |        0|      2|  106|  112|
    |moblie_net_hcmp_1tde_U744  |moblie_net_hcmp_1tde  |        0|      0|   34|   26|
    |moblie_net_hcmp_1tde_U745  |moblie_net_hcmp_1tde  |        0|      0|   34|   26|
    |moblie_net_hcmp_1tde_U746  |moblie_net_hcmp_1tde  |        0|      0|   34|   26|
    |moblie_net_hcmp_1tde_U747  |moblie_net_hcmp_1tde  |        0|      0|   34|   26|
    |moblie_net_hcmp_1tde_U748  |moblie_net_hcmp_1tde  |        0|      0|   34|   26|
    |moblie_net_hcmp_1tde_U749  |moblie_net_hcmp_1tde  |        0|      0|   34|   26|
    |moblie_net_hcmp_1tde_U750  |moblie_net_hcmp_1tde  |        0|      0|   34|   26|
    |moblie_net_hcmp_1tde_U751  |moblie_net_hcmp_1tde  |        0|      0|   34|   26|
    |moblie_net_hcmp_1tde_U752  |moblie_net_hcmp_1tde  |        0|      0|   34|   26|
    |moblie_net_hcmp_1tde_U753  |moblie_net_hcmp_1tde  |        0|      0|   34|   26|
    |moblie_net_hcmp_1tde_U754  |moblie_net_hcmp_1tde  |        0|      0|   34|   26|
    |moblie_net_hcmp_1tde_U755  |moblie_net_hcmp_1tde  |        0|      0|   34|   26|
    |moblie_net_hcmp_1tde_U756  |moblie_net_hcmp_1tde  |        0|      0|   34|   26|
    |moblie_net_hcmp_1tde_U757  |moblie_net_hcmp_1tde  |        0|      0|   34|   26|
    |moblie_net_hcmp_1tde_U758  |moblie_net_hcmp_1tde  |        0|      0|   34|   26|
    |moblie_net_hcmp_1tde_U759  |moblie_net_hcmp_1tde  |        0|      0|   34|   26|
    +---------------------------+----------------------+---------+-------+-----+-----+
    |Total                      |                      |        0|     64| 4208| 2752|
    +---------------------------+----------------------+---------+-------+-----+-----+

    * DSP48: 
    N/A

    * Memory: 
    +------------------+----------------------+---------+---+----+------+-----+------+-------------+
    |      Memory      |        Module        | BRAM_18K| FF| LUT| Words| Bits| Banks| W*Bits*Banks|
    +------------------+----------------------+---------+---+----+------+-----+------+-------------+
    |output_temp_0_U   |compute_pro_5_outdEe  |        1|  0|   0|   256|   16|     1|         4096|
    |output_temp_1_U   |compute_pro_5_outdEe  |        1|  0|   0|   256|   16|     1|         4096|
    |output_temp_2_U   |compute_pro_5_outdEe  |        1|  0|   0|   256|   16|     1|         4096|
    |output_temp_3_U   |compute_pro_5_outdEe  |        1|  0|   0|   256|   16|     1|         4096|
    |output_temp_4_U   |compute_pro_5_outdEe  |        1|  0|   0|   256|   16|     1|         4096|
    |output_temp_5_U   |compute_pro_5_outdEe  |        1|  0|   0|   256|   16|     1|         4096|
    |output_temp_6_U   |compute_pro_5_outdEe  |        1|  0|   0|   256|   16|     1|         4096|
    |output_temp_7_U   |compute_pro_5_outdEe  |        1|  0|   0|   256|   16|     1|         4096|
    |output_temp_8_U   |compute_pro_5_outdEe  |        1|  0|   0|   256|   16|     1|         4096|
    |output_temp_9_U   |compute_pro_5_outdEe  |        1|  0|   0|   256|   16|     1|         4096|
    |output_temp_10_U  |compute_pro_5_outdEe  |        1|  0|   0|   256|   16|     1|         4096|
    |output_temp_11_U  |compute_pro_5_outdEe  |        1|  0|   0|   256|   16|     1|         4096|
    |output_temp_12_U  |compute_pro_5_outdEe  |        1|  0|   0|   256|   16|     1|         4096|
    |output_temp_13_U  |compute_pro_5_outdEe  |        1|  0|   0|   256|   16|     1|         4096|
    |output_temp_14_U  |compute_pro_5_outdEe  |        1|  0|   0|   256|   16|     1|         4096|
    |output_temp_15_U  |compute_pro_5_outdEe  |        1|  0|   0|   256|   16|     1|         4096|
    +------------------+----------------------+---------+---+----+------+-----+------+-------------+
    |Total             |                      |       16|  0|   0|  4096|  256|    16|        65536|
    +------------------+----------------------+---------+---+----+------+-----+------+-------------+

    * FIFO: 
    N/A

    * Expression: 
    +----------------------------------------+----------+-------+---+----+------------+------------+
    |              Variable Name             | Operation| DSP48E| FF| LUT| Bitwidth P0| Bitwidth P1|
    +----------------------------------------+----------+-------+---+----+------------+------------+
    |tc_4_fu_2183_p2                         |     +    |      0|  0|  15|           5|           1|
    |tmp_403_fu_2127_p2                      |     +    |      0|  0|  39|          32|          32|
    |tmp_417_fu_2111_p2                      |     +    |      0|  0|  39|          32|          32|
    |tmp_478_fu_2197_p2                      |     +    |      0|  0|  17|          10|          10|
    |tn_21_fu_1950_p2                        |     +    |      0|  0|   9|           2|           1|
    |tr_9_fu_2156_p2                         |     +    |      0|  0|  15|           5|           1|
    |tmp_391_fu_1463_p2                      |     -    |      0|  0|  39|           8|          32|
    |tmp_393_fu_1482_p2                      |     -    |      0|  0|  39|           7|          32|
    |tmp_395_fu_1501_p2                      |     -    |      0|  0|  39|           6|          32|
    |tmp_s_fu_1444_p2                        |     -    |      0|  0|  39|           8|          32|
    |or_cond_fu_2106_p2                      |    and   |      0|  0|   2|           1|           1|
    |icmp25_fu_1590_p2                       |   icmp   |      0|  0|  20|          30|           1|
    |icmp26_fu_1660_p2                       |   icmp   |      0|  0|  20|          29|           1|
    |icmp27_fu_1790_p2                       |   icmp   |      0|  0|  20|          28|           1|
    |icmp28_fu_1821_p2                       |   icmp   |      0|  0|  20|          31|           1|
    |icmp29_fu_1843_p2                       |   icmp   |      0|  0|  20|          30|           1|
    |icmp30_fu_1877_p2                       |   icmp   |      0|  0|  20|          29|           1|
    |icmp31_fu_1935_p2                       |   icmp   |      0|  0|  20|          28|           1|
    |icmp32_fu_2141_p2                       |   icmp   |      0|  0|  20|          27|           1|
    |icmp_fu_1550_p2                         |   icmp   |      0|  0|  20|          31|           1|
    |tmp_390_fu_1449_p2                      |   icmp   |      0|  0|  20|          32|           5|
    |tmp_392_fu_1468_p2                      |   icmp   |      0|  0|  20|          32|           5|
    |tmp_394_fu_1487_p2                      |   icmp   |      0|  0|  20|          32|           5|
    |tmp_396_fu_1506_p2                      |   icmp   |      0|  0|  20|          32|           2|
    |tmp_397_fu_1520_p2                      |   icmp   |      0|  0|  20|          32|           1|
    |tmp_398_fu_1525_p2                      |   icmp   |      0|  0|  20|          32|           1|
    |tmp_400_fu_1945_p2                      |   icmp   |      0|  0|  20|          32|          32|
    |tmp_416_fu_2100_p2                      |   icmp   |      0|  0|   8|           2|           1|
    |tmp_418_fu_2116_p2                      |   icmp   |      0|  0|  20|          32|           5|
    |tmp_419_fu_2151_p2                      |   icmp   |      0|  0|  20|          32|          32|
    |tmp_422_fu_2178_p2                      |   icmp   |      0|  0|  20|          32|          32|
    |tmp_476_fu_1805_p2                      |   icmp   |      0|  0|  20|          32|           1|
    |tmp_707_10_fu_1765_p2                   |   icmp   |      0|  0|  20|          32|           4|
    |tmp_707_1_fu_1720_p2                    |   icmp   |      0|  0|  20|          32|           4|
    |tmp_707_2_fu_1565_p2                    |   icmp   |      0|  0|  20|          32|           2|
    |tmp_707_3_fu_1735_p2                    |   icmp   |      0|  0|  20|          32|           4|
    |tmp_707_4_fu_1605_p2                    |   icmp   |      0|  0|  20|          32|           3|
    |tmp_707_5_fu_1620_p2                    |   icmp   |      0|  0|  20|          32|           3|
    |tmp_707_6_fu_1635_p2                    |   icmp   |      0|  0|  20|          32|           3|
    |tmp_707_7_fu_1750_p2                    |   icmp   |      0|  0|  20|          32|           4|
    |tmp_707_8_fu_1675_p2                    |   icmp   |      0|  0|  20|          32|           4|
    |tmp_707_9_fu_1690_p2                    |   icmp   |      0|  0|  20|          32|           4|
    |tmp_707_s_fu_1705_p2                    |   icmp   |      0|  0|  20|          32|           4|
    |tmp_733_0_0_10_fu_1919_p2               |   icmp   |      0|  0|  20|          32|           4|
    |tmp_733_0_0_1_fu_1901_p2                |   icmp   |      0|  0|  20|          32|           4|
    |tmp_733_0_0_2_fu_1827_p2                |   icmp   |      0|  0|  20|          32|           2|
    |tmp_733_0_0_3_fu_1907_p2                |   icmp   |      0|  0|  20|          32|           4|
    |tmp_733_0_0_4_fu_1849_p2                |   icmp   |      0|  0|  20|          32|           3|
    |tmp_733_0_0_5_fu_1855_p2                |   icmp   |      0|  0|  20|          32|           3|
    |tmp_733_0_0_6_fu_1861_p2                |   icmp   |      0|  0|  20|          32|           3|
    |tmp_733_0_0_7_fu_1913_p2                |   icmp   |      0|  0|  20|          32|           4|
    |tmp_733_0_0_8_fu_1883_p2                |   icmp   |      0|  0|  20|          32|           4|
    |tmp_733_0_0_9_fu_1889_p2                |   icmp   |      0|  0|  20|          32|           4|
    |tmp_733_0_0_s_fu_1895_p2                |   icmp   |      0|  0|  20|          32|           4|
    |ap_block_state1                         |    or    |      0|  0|   2|           1|           1|
    |cLoops_fu_1455_p3                       |  select  |      0|  0|  32|           1|           5|
    |grp_mac_1_1_s_fu_1188_weight_regs_read  |  select  |      0|  0|  16|           1|          16|
    |grp_mac_1_1_s_fu_1194_weight_regs_read  |  select  |      0|  0|  16|           1|          16|
    |grp_mac_1_1_s_fu_1200_weight_regs_read  |  select  |      0|  0|  16|           1|          16|
    |grp_mac_1_1_s_fu_1206_weight_regs_read  |  select  |      0|  0|  16|           1|          16|
    |grp_mac_1_1_s_fu_1212_weight_regs_read  |  select  |      0|  0|  16|           1|          16|
    |grp_mac_1_1_s_fu_1218_weight_regs_read  |  select  |      0|  0|  16|           1|          16|
    |grp_mac_1_1_s_fu_1224_weight_regs_read  |  select  |      0|  0|  16|           1|          16|
    |grp_mac_1_1_s_fu_1230_weight_regs_read  |  select  |      0|  0|  16|           1|          16|
    |grp_mac_1_1_s_fu_1236_weight_regs_read  |  select  |      0|  0|  16|           1|          16|
    |grp_mac_1_1_s_fu_1242_weight_regs_read  |  select  |      0|  0|  16|           1|          16|
    |grp_mac_1_1_s_fu_1248_weight_regs_read  |  select  |      0|  0|  16|           1|          16|
    |grp_mac_1_1_s_fu_1254_weight_regs_read  |  select  |      0|  0|  16|           1|          16|
    |grp_mac_1_1_s_fu_1260_weight_regs_read  |  select  |      0|  0|  16|           1|          16|
    |grp_mac_1_1_s_fu_1266_weight_regs_read  |  select  |      0|  0|  16|           1|          16|
    |grp_mac_1_1_s_fu_1272_weight_regs_read  |  select  |      0|  0|  16|           1|          16|
    |grp_mac_1_1_s_fu_1278_weight_regs_read  |  select  |      0|  0|  16|           1|          16|
    |mLoops_fu_1493_p3                       |  select  |      0|  0|  32|           1|           5|
    |nLoops_fu_1512_p3                       |  select  |      0|  0|  32|           1|           2|
    |output_buffer_0_V_din                   |  select  |      0|  0|  16|           1|           1|
    |output_buffer_10_V_din                  |  select  |      0|  0|  16|           1|           1|
    |output_buffer_11_V_din                  |  select  |      0|  0|  16|           1|           1|
    |output_buffer_12_V_din                  |  select  |      0|  0|  16|           1|           1|
    |output_buffer_13_V_din                  |  select  |      0|  0|  16|           1|           1|
    |output_buffer_14_V_din                  |  select  |      0|  0|  16|           1|           1|
    |output_buffer_15_V_din                  |  select  |      0|  0|  16|           1|           1|
    |output_buffer_1_V_din                   |  select  |      0|  0|  16|           1|           1|
    |output_buffer_2_V_din                   |  select  |      0|  0|  16|           1|           1|
    |output_buffer_3_V_din                   |  select  |      0|  0|  16|           1|           1|
    |output_buffer_4_V_din                   |  select  |      0|  0|  16|           1|           1|
    |output_buffer_5_V_din                   |  select  |      0|  0|  16|           1|           1|
    |output_buffer_6_V_din                   |  select  |      0|  0|  16|           1|           1|
    |output_buffer_7_V_din                   |  select  |      0|  0|  16|           1|           1|
    |output_buffer_8_V_din                   |  select  |      0|  0|  16|           1|           1|
    |output_buffer_9_V_din                   |  select  |      0|  0|  16|           1|           1|
    |p_pn_10_fu_2628_p3                      |  select  |      0|  0|  16|           1|          16|
    |p_pn_11_fu_2638_p3                      |  select  |      0|  0|  16|           1|          16|
    |p_pn_12_fu_2648_p3                      |  select  |      0|  0|  16|           1|          16|
    |p_pn_13_fu_2658_p3                      |  select  |      0|  0|  16|           1|          16|
    |p_pn_14_fu_2668_p3                      |  select  |      0|  0|  16|           1|          16|
    |p_pn_1_fu_2538_p3                       |  select  |      0|  0|  16|           1|          16|
    |p_pn_2_fu_2548_p3                       |  select  |      0|  0|  16|           1|          16|
    |p_pn_3_fu_2558_p3                       |  select  |      0|  0|  16|           1|          16|
    |p_pn_4_fu_2568_p3                       |  select  |      0|  0|  16|           1|          16|
    |p_pn_5_fu_2578_p3                       |  select  |      0|  0|  16|           1|          16|
    |p_pn_6_fu_2588_p3                       |  select  |      0|  0|  16|           1|          16|
    |p_pn_7_fu_2598_p3                       |  select  |      0|  0|  16|           1|          16|
    |p_pn_8_fu_2608_p3                       |  select  |      0|  0|  16|           1|          16|
    |p_pn_9_fu_2618_p3                       |  select  |      0|  0|  16|           1|          16|
    |p_pn_fu_2528_p3                         |  select  |      0|  0|  16|           1|          16|
    |p_pn_s_fu_2678_p3                       |  select  |      0|  0|  16|           1|          16|
    |rLoops_fu_1474_p3                       |  select  |      0|  0|  32|           1|           5|
    |ap_enable_pp0                           |    xor   |      0|  0|   2|           1|           2|
    |ap_enable_reg_pp0_iter1                 |    xor   |      0|  0|   2|           2|           1|
    +----------------------------------------+----------+-------+---+----+------------+------------+
    |Total                                   |          |      0|  0|2042|        1493|         964|
    +----------------------------------------+----------+-------+---+----+------------+------------+

    * Multiplexer: 
    +--------------------------+----+-----------+-----+-----------+
    |           Name           | LUT| Input Size| Bits| Total Bits|
    +--------------------------+----+-----------+-----+-----------+
    |ap_NS_fsm                 |  44|          9|    1|          9|
    |ap_done                   |   9|          2|    1|          2|
    |ap_enable_reg_pp0_iter1   |   9|          2|    1|          2|
    |ap_enable_reg_pp0_iter12  |   9|          2|    1|          2|
    |tc_reg_1177               |   9|          2|    5|         10|
    |tn_reg_1155               |   9|          2|    2|          4|
    |tr_reg_1166               |   9|          2|    5|         10|
    +--------------------------+----+-----------+-----+-----------+
    |Total                     |  98|         21|   16|         39|
    +--------------------------+----+-----------+-----+-----------+

    * Register: 
    +------------------------------+----+----+-----+-----------+
    |             Name             | FF | LUT| Bits| Const Bits|
    +------------------------------+----+----+-----+-----------+
    |acc_dat_10_reg_3775           |  16|   0|   16|          0|
    |acc_dat_11_reg_3782           |  16|   0|   16|          0|
    |acc_dat_12_reg_3789           |  16|   0|   16|          0|
    |acc_dat_13_reg_3796           |  16|   0|   16|          0|
    |acc_dat_14_reg_3803           |  16|   0|   16|          0|
    |acc_dat_1_reg_3712            |  16|   0|   16|          0|
    |acc_dat_2_reg_3719            |  16|   0|   16|          0|
    |acc_dat_3_reg_3726            |  16|   0|   16|          0|
    |acc_dat_4_reg_3733            |  16|   0|   16|          0|
    |acc_dat_5_reg_3740            |  16|   0|   16|          0|
    |acc_dat_6_reg_3747            |  16|   0|   16|          0|
    |acc_dat_7_reg_3754            |  16|   0|   16|          0|
    |acc_dat_8_reg_3761            |  16|   0|   16|          0|
    |acc_dat_9_reg_3768            |  16|   0|   16|          0|
    |acc_dat_reg_3705              |  16|   0|   16|          0|
    |acc_dat_s_reg_3810            |  16|   0|   16|          0|
    |ap_CS_fsm                     |   8|   0|    8|          0|
    |ap_done_reg                   |   1|   0|    1|          0|
    |ap_enable_reg_pp0_iter0       |   1|   0|    1|          0|
    |ap_enable_reg_pp0_iter1       |   1|   0|    1|          0|
    |ap_enable_reg_pp0_iter10      |   1|   0|    1|          0|
    |ap_enable_reg_pp0_iter11      |   1|   0|    1|          0|
    |ap_enable_reg_pp0_iter12      |   1|   0|    1|          0|
    |ap_enable_reg_pp0_iter2       |   1|   0|    1|          0|
    |ap_enable_reg_pp0_iter3       |   1|   0|    1|          0|
    |ap_enable_reg_pp0_iter4       |   1|   0|    1|          0|
    |ap_enable_reg_pp0_iter5       |   1|   0|    1|          0|
    |ap_enable_reg_pp0_iter6       |   1|   0|    1|          0|
    |ap_enable_reg_pp0_iter7       |   1|   0|    1|          0|
    |ap_enable_reg_pp0_iter8       |   1|   0|    1|          0|
    |ap_enable_reg_pp0_iter9       |   1|   0|    1|          0|
    |cLoops_reg_3134               |  32|   0|   32|          0|
    |icmp28_reg_3208               |   1|   0|    1|          0|
    |icmp29_reg_3218               |   1|   0|    1|          0|
    |icmp30_reg_3238               |   1|   0|    1|          0|
    |icmp31_reg_3278               |   1|   0|    1|          0|
    |nLoops_reg_3144               |  32|   0|   32|          0|
    |or_cond_reg_3291              |   1|   0|    1|          0|
    |output_temp_0_addr_reg_3449   |   8|   0|    8|          0|
    |output_temp_10_addr_reg_3509  |   8|   0|    8|          0|
    |output_temp_11_addr_reg_3515  |   8|   0|    8|          0|
    |output_temp_12_addr_reg_3521  |   8|   0|    8|          0|
    |output_temp_13_addr_reg_3527  |   8|   0|    8|          0|
    |output_temp_14_addr_reg_3533  |   8|   0|    8|          0|
    |output_temp_15_addr_reg_3539  |   8|   0|    8|          0|
    |output_temp_1_addr_reg_3455   |   8|   0|    8|          0|
    |output_temp_2_addr_reg_3461   |   8|   0|    8|          0|
    |output_temp_3_addr_reg_3467   |   8|   0|    8|          0|
    |output_temp_4_addr_reg_3473   |   8|   0|    8|          0|
    |output_temp_5_addr_reg_3479   |   8|   0|    8|          0|
    |output_temp_6_addr_reg_3485   |   8|   0|    8|          0|
    |output_temp_7_addr_reg_3491   |   8|   0|    8|          0|
    |output_temp_8_addr_reg_3497   |   8|   0|    8|          0|
    |output_temp_9_addr_reg_3503   |   8|   0|    8|          0|
    |p_pn_10_reg_3650              |  16|   0|   16|          0|
    |p_pn_11_reg_3660              |  16|   0|   16|          0|
    |p_pn_12_reg_3670              |  16|   0|   16|          0|
    |p_pn_13_reg_3680              |  16|   0|   16|          0|
    |p_pn_14_reg_3690              |  16|   0|   16|          0|
    |p_pn_1_reg_3560               |  16|   0|   16|          0|
    |p_pn_2_reg_3570               |  16|   0|   16|          0|
    |p_pn_3_reg_3580               |  16|   0|   16|          0|
    |p_pn_4_reg_3590               |  16|   0|   16|          0|
    |p_pn_5_reg_3600               |  16|   0|   16|          0|
    |p_pn_6_reg_3610               |  16|   0|   16|          0|
    |p_pn_7_reg_3620               |  16|   0|   16|          0|
    |p_pn_8_reg_3630               |  16|   0|   16|          0|
    |p_pn_9_reg_3640               |  16|   0|   16|          0|
    |p_pn_reg_3550                 |  16|   0|   16|          0|
    |p_pn_s_reg_3700               |  16|   0|   16|          0|
    |rLoops_reg_3139               |  32|   0|   32|          0|
    |tc_reg_1177                   |   5|   0|    5|          0|
    |tmp_1051_fu_252               |  16|   0|   16|          0|
    |tmp_1052_fu_256               |  16|   0|   16|          0|
    |tmp_1053_fu_260               |  16|   0|   16|          0|
    |tmp_1054_fu_264               |  16|   0|   16|          0|
    |tmp_1055_fu_268               |  16|   0|   16|          0|
    |tmp_1056_fu_272               |  16|   0|   16|          0|
    |tmp_1057_fu_276               |  16|   0|   16|          0|
    |tmp_1058_fu_280               |  16|   0|   16|          0|
    |tmp_1059_fu_284               |  16|   0|   16|          0|
    |tmp_1060_fu_288               |  16|   0|   16|          0|
    |tmp_1061_fu_292               |  16|   0|   16|          0|
    |tmp_1062_fu_296               |  16|   0|   16|          0|
    |tmp_1063_fu_300               |  16|   0|   16|          0|
    |tmp_1064_fu_304               |  16|   0|   16|          0|
    |tmp_1065_fu_308               |  16|   0|   16|          0|
    |tmp_1066_fu_312               |  16|   0|   16|          0|
    |tmp_1093_reg_3107             |  32|   0|   32|          0|
    |tmp_1094_reg_3113             |  32|   0|   32|          0|
    |tmp_1095_reg_3119             |  32|   0|   32|          0|
    |tmp_1096_reg_3125             |  32|   0|   32|          0|
    |tmp_1129_reg_3344             |  16|   0|   16|          0|
    |tmp_397_reg_3150              |   1|   0|    1|          0|
    |tmp_418_reg_3311              |   1|   0|    1|          0|
    |tmp_422_reg_3335              |   1|   0|    1|          0|
    |tmp_426_reg_3545              |  16|   0|   16|          0|
    |tmp_431_reg_3555              |  16|   0|   16|          0|
    |tmp_434_reg_3565              |  16|   0|   16|          0|
    |tmp_437_reg_3575              |  16|   0|   16|          0|
    |tmp_440_reg_3585              |  16|   0|   16|          0|
    |tmp_443_reg_3595              |  16|   0|   16|          0|
    |tmp_446_reg_3605              |  16|   0|   16|          0|
    |tmp_449_reg_3615              |  16|   0|   16|          0|
    |tmp_452_reg_3625              |  16|   0|   16|          0|
    |tmp_455_reg_3635              |  16|   0|   16|          0|
    |tmp_458_reg_3645              |  16|   0|   16|          0|
    |tmp_461_reg_3655              |  16|   0|   16|          0|
    |tmp_464_reg_3665              |  16|   0|   16|          0|
    |tmp_467_reg_3675              |  16|   0|   16|          0|
    |tmp_470_reg_3685              |  16|   0|   16|          0|
    |tmp_473_reg_3695              |  16|   0|   16|          0|
    |tmp_476_reg_3203              |   1|   0|    1|          0|
    |tmp_478_reg_3364              |  10|   0|   10|          0|
    |tmp_596_cast_reg_3330         |   5|   0|   10|          5|
    |tmp_733_0_0_10_reg_3273       |   1|   0|    1|          0|
    |tmp_733_0_0_1_reg_3258        |   1|   0|    1|          0|
    |tmp_733_0_0_2_reg_3213        |   1|   0|    1|          0|
    |tmp_733_0_0_3_reg_3263        |   1|   0|    1|          0|
    |tmp_733_0_0_4_reg_3223        |   1|   0|    1|          0|
    |tmp_733_0_0_5_reg_3228        |   1|   0|    1|          0|
    |tmp_733_0_0_6_reg_3233        |   1|   0|    1|          0|
    |tmp_733_0_0_7_reg_3268        |   1|   0|    1|          0|
    |tmp_733_0_0_8_reg_3243        |   1|   0|    1|          0|
    |tmp_733_0_0_9_reg_3248        |   1|   0|    1|          0|
    |tmp_733_0_0_s_reg_3253        |   1|   0|    1|          0|
    |tn_21_reg_3286                |   2|   0|    2|          0|
    |tn_reg_1155                   |   2|   0|    2|          0|
    |tr_9_reg_3325                 |   5|   0|    5|          0|
    |tr_reg_1166                   |   5|   0|    5|          0|
    |weight_temp_0_0_fu_316        |  16|   0|   16|          0|
    |weight_temp_0_0_s_fu_384      |  16|   0|   16|          0|
    |weight_temp_10_0_fu_356       |  16|   0|   16|          0|
    |weight_temp_10_0_s_fu_424     |  16|   0|   16|          0|
    |weight_temp_11_0_fu_360       |  16|   0|   16|          0|
    |weight_temp_11_0_s_fu_428     |  16|   0|   16|          0|
    |weight_temp_12_0_fu_364       |  16|   0|   16|          0|
    |weight_temp_12_0_s_fu_432     |  16|   0|   16|          0|
    |weight_temp_13_0_fu_368       |  16|   0|   16|          0|
    |weight_temp_13_0_s_fu_436     |  16|   0|   16|          0|
    |weight_temp_14_0_fu_372       |  16|   0|   16|          0|
    |weight_temp_14_0_s_fu_440     |  16|   0|   16|          0|
    |weight_temp_15_0_fu_376       |  16|   0|   16|          0|
    |weight_temp_15_0_s_fu_380     |  16|   0|   16|          0|
    |weight_temp_1_0_fu_320        |  16|   0|   16|          0|
    |weight_temp_1_0_s_fu_388      |  16|   0|   16|          0|
    |weight_temp_2_0_fu_324        |  16|   0|   16|          0|
    |weight_temp_2_0_s_fu_392      |  16|   0|   16|          0|
    |weight_temp_3_0_fu_328        |  16|   0|   16|          0|
    |weight_temp_3_0_s_fu_396      |  16|   0|   16|          0|
    |weight_temp_4_0_fu_332        |  16|   0|   16|          0|
    |weight_temp_4_0_s_fu_400      |  16|   0|   16|          0|
    |weight_temp_5_0_fu_336        |  16|   0|   16|          0|
    |weight_temp_5_0_s_fu_404      |  16|   0|   16|          0|
    |weight_temp_6_0_fu_340        |  16|   0|   16|          0|
    |weight_temp_6_0_s_fu_408      |  16|   0|   16|          0|
    |weight_temp_7_0_fu_344        |  16|   0|   16|          0|
    |weight_temp_7_0_s_fu_412      |  16|   0|   16|          0|
    |weight_temp_8_0_fu_348        |  16|   0|   16|          0|
    |weight_temp_8_0_s_fu_416      |  16|   0|   16|          0|
    |weight_temp_9_0_fu_352        |  16|   0|   16|          0|
    |weight_temp_9_0_s_fu_420      |  16|   0|   16|          0|
    |acc_dat_10_reg_3775           |  64|  32|   16|          0|
    |acc_dat_11_reg_3782           |  64|  32|   16|          0|
    |acc_dat_12_reg_3789           |  64|  32|   16|          0|
    |acc_dat_13_reg_3796           |  64|  32|   16|          0|
    |acc_dat_14_reg_3803           |  64|  32|   16|          0|
    |acc_dat_1_reg_3712            |  64|  32|   16|          0|
    |acc_dat_2_reg_3719            |  64|  32|   16|          0|
    |acc_dat_3_reg_3726            |  64|  32|   16|          0|
    |acc_dat_4_reg_3733            |  64|  32|   16|          0|
    |acc_dat_5_reg_3740            |  64|  32|   16|          0|
    |acc_dat_6_reg_3747            |  64|  32|   16|          0|
    |acc_dat_7_reg_3754            |  64|  32|   16|          0|
    |acc_dat_8_reg_3761            |  64|  32|   16|          0|
    |acc_dat_9_reg_3768            |  64|  32|   16|          0|
    |acc_dat_reg_3705              |  64|  32|   16|          0|
    |acc_dat_s_reg_3810            |  64|  32|   16|          0|
    |output_temp_0_addr_reg_3449   |  64|  32|    8|          0|
    |output_temp_10_addr_reg_3509  |  64|  32|    8|          0|
    |output_temp_11_addr_reg_3515  |  64|  32|    8|          0|
    |output_temp_12_addr_reg_3521  |  64|  32|    8|          0|
    |output_temp_13_addr_reg_3527  |  64|  32|    8|          0|
    |output_temp_14_addr_reg_3533  |  64|  32|    8|          0|
    |output_temp_15_addr_reg_3539  |  64|  32|    8|          0|
    |output_temp_1_addr_reg_3455   |  64|  32|    8|          0|
    |output_temp_2_addr_reg_3461   |  64|  32|    8|          0|
    |output_temp_3_addr_reg_3467   |  64|  32|    8|          0|
    |output_temp_4_addr_reg_3473   |  64|  32|    8|          0|
    |output_temp_5_addr_reg_3479   |  64|  32|    8|          0|
    |output_temp_6_addr_reg_3485   |  64|  32|    8|          0|
    |output_temp_7_addr_reg_3491   |  64|  32|    8|          0|
    |output_temp_8_addr_reg_3497   |  64|  32|    8|          0|
    |output_temp_9_addr_reg_3503   |  64|  32|    8|          0|
    |tmp_478_reg_3364              |  64|  32|   10|          0|
    +------------------------------+----+----+-----+-----------+
    |Total                         |4092|1056| 2379|          5|
    +------------------------------+----+----+-----+-----------+



================================================================
== Interface
================================================================
* Summary: 
+----------------------------+-----+-----+------------+--------------------+--------------+
|          RTL Ports         | Dir | Bits|  Protocol  |    Source Object   |    C Type    |
+----------------------------+-----+-----+------------+--------------------+--------------+
|ap_clk                      |  in |    1| ap_ctrl_hs |    compute_pro.4   | return value |
|ap_rst                      |  in |    1| ap_ctrl_hs |    compute_pro.4   | return value |
|ap_start                    |  in |    1| ap_ctrl_hs |    compute_pro.4   | return value |
|ap_done                     | out |    1| ap_ctrl_hs |    compute_pro.4   | return value |
|ap_continue                 |  in |    1| ap_ctrl_hs |    compute_pro.4   | return value |
|ap_idle                     | out |    1| ap_ctrl_hs |    compute_pro.4   | return value |
|ap_ready                    | out |    1| ap_ctrl_hs |    compute_pro.4   | return value |
|input_buffer_V_dout         |  in |   16|   ap_fifo  |   input_buffer_V   |    pointer   |
|input_buffer_V_empty_n      |  in |    1|   ap_fifo  |   input_buffer_V   |    pointer   |
|input_buffer_V_read         | out |    1|   ap_fifo  |   input_buffer_V   |    pointer   |
|weight_buffer_0_V_dout      |  in |   16|   ap_fifo  |  weight_buffer_0_V |    pointer   |
|weight_buffer_0_V_empty_n   |  in |    1|   ap_fifo  |  weight_buffer_0_V |    pointer   |
|weight_buffer_0_V_read      | out |    1|   ap_fifo  |  weight_buffer_0_V |    pointer   |
|weight_buffer_1_V_dout      |  in |   16|   ap_fifo  |  weight_buffer_1_V |    pointer   |
|weight_buffer_1_V_empty_n   |  in |    1|   ap_fifo  |  weight_buffer_1_V |    pointer   |
|weight_buffer_1_V_read      | out |    1|   ap_fifo  |  weight_buffer_1_V |    pointer   |
|weight_buffer_2_V_dout      |  in |   16|   ap_fifo  |  weight_buffer_2_V |    pointer   |
|weight_buffer_2_V_empty_n   |  in |    1|   ap_fifo  |  weight_buffer_2_V |    pointer   |
|weight_buffer_2_V_read      | out |    1|   ap_fifo  |  weight_buffer_2_V |    pointer   |
|weight_buffer_3_V_dout      |  in |   16|   ap_fifo  |  weight_buffer_3_V |    pointer   |
|weight_buffer_3_V_empty_n   |  in |    1|   ap_fifo  |  weight_buffer_3_V |    pointer   |
|weight_buffer_3_V_read      | out |    1|   ap_fifo  |  weight_buffer_3_V |    pointer   |
|weight_buffer_4_V_dout      |  in |   16|   ap_fifo  |  weight_buffer_4_V |    pointer   |
|weight_buffer_4_V_empty_n   |  in |    1|   ap_fifo  |  weight_buffer_4_V |    pointer   |
|weight_buffer_4_V_read      | out |    1|   ap_fifo  |  weight_buffer_4_V |    pointer   |
|weight_buffer_5_V_dout      |  in |   16|   ap_fifo  |  weight_buffer_5_V |    pointer   |
|weight_buffer_5_V_empty_n   |  in |    1|   ap_fifo  |  weight_buffer_5_V |    pointer   |
|weight_buffer_5_V_read      | out |    1|   ap_fifo  |  weight_buffer_5_V |    pointer   |
|weight_buffer_6_V_dout      |  in |   16|   ap_fifo  |  weight_buffer_6_V |    pointer   |
|weight_buffer_6_V_empty_n   |  in |    1|   ap_fifo  |  weight_buffer_6_V |    pointer   |
|weight_buffer_6_V_read      | out |    1|   ap_fifo  |  weight_buffer_6_V |    pointer   |
|weight_buffer_7_V_dout      |  in |   16|   ap_fifo  |  weight_buffer_7_V |    pointer   |
|weight_buffer_7_V_empty_n   |  in |    1|   ap_fifo  |  weight_buffer_7_V |    pointer   |
|weight_buffer_7_V_read      | out |    1|   ap_fifo  |  weight_buffer_7_V |    pointer   |
|weight_buffer_8_V_dout      |  in |   16|   ap_fifo  |  weight_buffer_8_V |    pointer   |
|weight_buffer_8_V_empty_n   |  in |    1|   ap_fifo  |  weight_buffer_8_V |    pointer   |
|weight_buffer_8_V_read      | out |    1|   ap_fifo  |  weight_buffer_8_V |    pointer   |
|weight_buffer_9_V_dout      |  in |   16|   ap_fifo  |  weight_buffer_9_V |    pointer   |
|weight_buffer_9_V_empty_n   |  in |    1|   ap_fifo  |  weight_buffer_9_V |    pointer   |
|weight_buffer_9_V_read      | out |    1|   ap_fifo  |  weight_buffer_9_V |    pointer   |
|weight_buffer_10_V_dout     |  in |   16|   ap_fifo  | weight_buffer_10_V |    pointer   |
|weight_buffer_10_V_empty_n  |  in |    1|   ap_fifo  | weight_buffer_10_V |    pointer   |
|weight_buffer_10_V_read     | out |    1|   ap_fifo  | weight_buffer_10_V |    pointer   |
|weight_buffer_11_V_dout     |  in |   16|   ap_fifo  | weight_buffer_11_V |    pointer   |
|weight_buffer_11_V_empty_n  |  in |    1|   ap_fifo  | weight_buffer_11_V |    pointer   |
|weight_buffer_11_V_read     | out |    1|   ap_fifo  | weight_buffer_11_V |    pointer   |
|weight_buffer_12_V_dout     |  in |   16|   ap_fifo  | weight_buffer_12_V |    pointer   |
|weight_buffer_12_V_empty_n  |  in |    1|   ap_fifo  | weight_buffer_12_V |    pointer   |
|weight_buffer_12_V_read     | out |    1|   ap_fifo  | weight_buffer_12_V |    pointer   |
|weight_buffer_13_V_dout     |  in |   16|   ap_fifo  | weight_buffer_13_V |    pointer   |
|weight_buffer_13_V_empty_n  |  in |    1|   ap_fifo  | weight_buffer_13_V |    pointer   |
|weight_buffer_13_V_read     | out |    1|   ap_fifo  | weight_buffer_13_V |    pointer   |
|weight_buffer_14_V_dout     |  in |   16|   ap_fifo  | weight_buffer_14_V |    pointer   |
|weight_buffer_14_V_empty_n  |  in |    1|   ap_fifo  | weight_buffer_14_V |    pointer   |
|weight_buffer_14_V_read     | out |    1|   ap_fifo  | weight_buffer_14_V |    pointer   |
|weight_buffer_15_V_dout     |  in |   16|   ap_fifo  | weight_buffer_15_V |    pointer   |
|weight_buffer_15_V_empty_n  |  in |    1|   ap_fifo  | weight_buffer_15_V |    pointer   |
|weight_buffer_15_V_read     | out |    1|   ap_fifo  | weight_buffer_15_V |    pointer   |
|beta_buffer_0_V_dout        |  in |   16|   ap_fifo  |   beta_buffer_0_V  |    pointer   |
|beta_buffer_0_V_empty_n     |  in |    1|   ap_fifo  |   beta_buffer_0_V  |    pointer   |
|beta_buffer_0_V_read        | out |    1|   ap_fifo  |   beta_buffer_0_V  |    pointer   |
|beta_buffer_1_V_dout        |  in |   16|   ap_fifo  |   beta_buffer_1_V  |    pointer   |
|beta_buffer_1_V_empty_n     |  in |    1|   ap_fifo  |   beta_buffer_1_V  |    pointer   |
|beta_buffer_1_V_read        | out |    1|   ap_fifo  |   beta_buffer_1_V  |    pointer   |
|beta_buffer_2_V_dout        |  in |   16|   ap_fifo  |   beta_buffer_2_V  |    pointer   |
|beta_buffer_2_V_empty_n     |  in |    1|   ap_fifo  |   beta_buffer_2_V  |    pointer   |
|beta_buffer_2_V_read        | out |    1|   ap_fifo  |   beta_buffer_2_V  |    pointer   |
|beta_buffer_3_V_dout        |  in |   16|   ap_fifo  |   beta_buffer_3_V  |    pointer   |
|beta_buffer_3_V_empty_n     |  in |    1|   ap_fifo  |   beta_buffer_3_V  |    pointer   |
|beta_buffer_3_V_read        | out |    1|   ap_fifo  |   beta_buffer_3_V  |    pointer   |
|beta_buffer_4_V_dout        |  in |   16|   ap_fifo  |   beta_buffer_4_V  |    pointer   |
|beta_buffer_4_V_empty_n     |  in |    1|   ap_fifo  |   beta_buffer_4_V  |    pointer   |
|beta_buffer_4_V_read        | out |    1|   ap_fifo  |   beta_buffer_4_V  |    pointer   |
|beta_buffer_5_V_dout        |  in |   16|   ap_fifo  |   beta_buffer_5_V  |    pointer   |
|beta_buffer_5_V_empty_n     |  in |    1|   ap_fifo  |   beta_buffer_5_V  |    pointer   |
|beta_buffer_5_V_read        | out |    1|   ap_fifo  |   beta_buffer_5_V  |    pointer   |
|beta_buffer_6_V_dout        |  in |   16|   ap_fifo  |   beta_buffer_6_V  |    pointer   |
|beta_buffer_6_V_empty_n     |  in |    1|   ap_fifo  |   beta_buffer_6_V  |    pointer   |
|beta_buffer_6_V_read        | out |    1|   ap_fifo  |   beta_buffer_6_V  |    pointer   |
|beta_buffer_7_V_dout        |  in |   16|   ap_fifo  |   beta_buffer_7_V  |    pointer   |
|beta_buffer_7_V_empty_n     |  in |    1|   ap_fifo  |   beta_buffer_7_V  |    pointer   |
|beta_buffer_7_V_read        | out |    1|   ap_fifo  |   beta_buffer_7_V  |    pointer   |
|beta_buffer_8_V_dout        |  in |   16|   ap_fifo  |   beta_buffer_8_V  |    pointer   |
|beta_buffer_8_V_empty_n     |  in |    1|   ap_fifo  |   beta_buffer_8_V  |    pointer   |
|beta_buffer_8_V_read        | out |    1|   ap_fifo  |   beta_buffer_8_V  |    pointer   |
|beta_buffer_9_V_dout        |  in |   16|   ap_fifo  |   beta_buffer_9_V  |    pointer   |
|beta_buffer_9_V_empty_n     |  in |    1|   ap_fifo  |   beta_buffer_9_V  |    pointer   |
|beta_buffer_9_V_read        | out |    1|   ap_fifo  |   beta_buffer_9_V  |    pointer   |
|beta_buffer_10_V_dout       |  in |   16|   ap_fifo  |  beta_buffer_10_V  |    pointer   |
|beta_buffer_10_V_empty_n    |  in |    1|   ap_fifo  |  beta_buffer_10_V  |    pointer   |
|beta_buffer_10_V_read       | out |    1|   ap_fifo  |  beta_buffer_10_V  |    pointer   |
|beta_buffer_11_V_dout       |  in |   16|   ap_fifo  |  beta_buffer_11_V  |    pointer   |
|beta_buffer_11_V_empty_n    |  in |    1|   ap_fifo  |  beta_buffer_11_V  |    pointer   |
|beta_buffer_11_V_read       | out |    1|   ap_fifo  |  beta_buffer_11_V  |    pointer   |
|beta_buffer_12_V_dout       |  in |   16|   ap_fifo  |  beta_buffer_12_V  |    pointer   |
|beta_buffer_12_V_empty_n    |  in |    1|   ap_fifo  |  beta_buffer_12_V  |    pointer   |
|beta_buffer_12_V_read       | out |    1|   ap_fifo  |  beta_buffer_12_V  |    pointer   |
|beta_buffer_13_V_dout       |  in |   16|   ap_fifo  |  beta_buffer_13_V  |    pointer   |
|beta_buffer_13_V_empty_n    |  in |    1|   ap_fifo  |  beta_buffer_13_V  |    pointer   |
|beta_buffer_13_V_read       | out |    1|   ap_fifo  |  beta_buffer_13_V  |    pointer   |
|beta_buffer_14_V_dout       |  in |   16|   ap_fifo  |  beta_buffer_14_V  |    pointer   |
|beta_buffer_14_V_empty_n    |  in |    1|   ap_fifo  |  beta_buffer_14_V  |    pointer   |
|beta_buffer_14_V_read       | out |    1|   ap_fifo  |  beta_buffer_14_V  |    pointer   |
|beta_buffer_15_V_dout       |  in |   16|   ap_fifo  |  beta_buffer_15_V  |    pointer   |
|beta_buffer_15_V_empty_n    |  in |    1|   ap_fifo  |  beta_buffer_15_V  |    pointer   |
|beta_buffer_15_V_read       | out |    1|   ap_fifo  |  beta_buffer_15_V  |    pointer   |
|output_buffer_0_V_din       | out |   16|   ap_fifo  |  output_buffer_0_V |    pointer   |
|output_buffer_0_V_full_n    |  in |    1|   ap_fifo  |  output_buffer_0_V |    pointer   |
|output_buffer_0_V_write     | out |    1|   ap_fifo  |  output_buffer_0_V |    pointer   |
|output_buffer_1_V_din       | out |   16|   ap_fifo  |  output_buffer_1_V |    pointer   |
|output_buffer_1_V_full_n    |  in |    1|   ap_fifo  |  output_buffer_1_V |    pointer   |
|output_buffer_1_V_write     | out |    1|   ap_fifo  |  output_buffer_1_V |    pointer   |
|output_buffer_2_V_din       | out |   16|   ap_fifo  |  output_buffer_2_V |    pointer   |
|output_buffer_2_V_full_n    |  in |    1|   ap_fifo  |  output_buffer_2_V |    pointer   |
|output_buffer_2_V_write     | out |    1|   ap_fifo  |  output_buffer_2_V |    pointer   |
|output_buffer_3_V_din       | out |   16|   ap_fifo  |  output_buffer_3_V |    pointer   |
|output_buffer_3_V_full_n    |  in |    1|   ap_fifo  |  output_buffer_3_V |    pointer   |
|output_buffer_3_V_write     | out |    1|   ap_fifo  |  output_buffer_3_V |    pointer   |
|output_buffer_4_V_din       | out |   16|   ap_fifo  |  output_buffer_4_V |    pointer   |
|output_buffer_4_V_full_n    |  in |    1|   ap_fifo  |  output_buffer_4_V |    pointer   |
|output_buffer_4_V_write     | out |    1|   ap_fifo  |  output_buffer_4_V |    pointer   |
|output_buffer_5_V_din       | out |   16|   ap_fifo  |  output_buffer_5_V |    pointer   |
|output_buffer_5_V_full_n    |  in |    1|   ap_fifo  |  output_buffer_5_V |    pointer   |
|output_buffer_5_V_write     | out |    1|   ap_fifo  |  output_buffer_5_V |    pointer   |
|output_buffer_6_V_din       | out |   16|   ap_fifo  |  output_buffer_6_V |    pointer   |
|output_buffer_6_V_full_n    |  in |    1|   ap_fifo  |  output_buffer_6_V |    pointer   |
|output_buffer_6_V_write     | out |    1|   ap_fifo  |  output_buffer_6_V |    pointer   |
|output_buffer_7_V_din       | out |   16|   ap_fifo  |  output_buffer_7_V |    pointer   |
|output_buffer_7_V_full_n    |  in |    1|   ap_fifo  |  output_buffer_7_V |    pointer   |
|output_buffer_7_V_write     | out |    1|   ap_fifo  |  output_buffer_7_V |    pointer   |
|output_buffer_8_V_din       | out |   16|   ap_fifo  |  output_buffer_8_V |    pointer   |
|output_buffer_8_V_full_n    |  in |    1|   ap_fifo  |  output_buffer_8_V |    pointer   |
|output_buffer_8_V_write     | out |    1|   ap_fifo  |  output_buffer_8_V |    pointer   |
|output_buffer_9_V_din       | out |   16|   ap_fifo  |  output_buffer_9_V |    pointer   |
|output_buffer_9_V_full_n    |  in |    1|   ap_fifo  |  output_buffer_9_V |    pointer   |
|output_buffer_9_V_write     | out |    1|   ap_fifo  |  output_buffer_9_V |    pointer   |
|output_buffer_10_V_din      | out |   16|   ap_fifo  | output_buffer_10_V |    pointer   |
|output_buffer_10_V_full_n   |  in |    1|   ap_fifo  | output_buffer_10_V |    pointer   |
|output_buffer_10_V_write    | out |    1|   ap_fifo  | output_buffer_10_V |    pointer   |
|output_buffer_11_V_din      | out |   16|   ap_fifo  | output_buffer_11_V |    pointer   |
|output_buffer_11_V_full_n   |  in |    1|   ap_fifo  | output_buffer_11_V |    pointer   |
|output_buffer_11_V_write    | out |    1|   ap_fifo  | output_buffer_11_V |    pointer   |
|output_buffer_12_V_din      | out |   16|   ap_fifo  | output_buffer_12_V |    pointer   |
|output_buffer_12_V_full_n   |  in |    1|   ap_fifo  | output_buffer_12_V |    pointer   |
|output_buffer_12_V_write    | out |    1|   ap_fifo  | output_buffer_12_V |    pointer   |
|output_buffer_13_V_din      | out |   16|   ap_fifo  | output_buffer_13_V |    pointer   |
|output_buffer_13_V_full_n   |  in |    1|   ap_fifo  | output_buffer_13_V |    pointer   |
|output_buffer_13_V_write    | out |    1|   ap_fifo  | output_buffer_13_V |    pointer   |
|output_buffer_14_V_din      | out |   16|   ap_fifo  | output_buffer_14_V |    pointer   |
|output_buffer_14_V_full_n   |  in |    1|   ap_fifo  | output_buffer_14_V |    pointer   |
|output_buffer_14_V_write    | out |    1|   ap_fifo  | output_buffer_14_V |    pointer   |
|output_buffer_15_V_din      | out |   16|   ap_fifo  | output_buffer_15_V |    pointer   |
|output_buffer_15_V_full_n   |  in |    1|   ap_fifo  | output_buffer_15_V |    pointer   |
|output_buffer_15_V_write    | out |    1|   ap_fifo  | output_buffer_15_V |    pointer   |
|data_buffer_V_dout          |  in |    1|   ap_fifo  |    data_buffer_V   |    pointer   |
|data_buffer_V_empty_n       |  in |    1|   ap_fifo  |    data_buffer_V   |    pointer   |
|data_buffer_V_read          | out |    1|   ap_fifo  |    data_buffer_V   |    pointer   |
|result_buffer_V_din         | out |    1|   ap_fifo  |   result_buffer_V  |    pointer   |
|result_buffer_V_full_n      |  in |    1|   ap_fifo  |   result_buffer_V  |    pointer   |
|result_buffer_V_write       | out |    1|   ap_fifo  |   result_buffer_V  |    pointer   |
|data_c_V_dout               |  in |   32|   ap_fifo  |      data_c_V      |    pointer   |
|data_c_V_empty_n            |  in |    1|   ap_fifo  |      data_c_V      |    pointer   |
|data_c_V_read               | out |    1|   ap_fifo  |      data_c_V      |    pointer   |
|data_r_V_dout               |  in |   32|   ap_fifo  |      data_r_V      |    pointer   |
|data_r_V_empty_n            |  in |    1|   ap_fifo  |      data_r_V      |    pointer   |
|data_r_V_read               | out |    1|   ap_fifo  |      data_r_V      |    pointer   |
|data_m_V_dout               |  in |   32|   ap_fifo  |      data_m_V      |    pointer   |
|data_m_V_empty_n            |  in |    1|   ap_fifo  |      data_m_V      |    pointer   |
|data_m_V_read               | out |    1|   ap_fifo  |      data_m_V      |    pointer   |
|data_n_V_dout               |  in |   32|   ap_fifo  |      data_n_V      |    pointer   |
|data_n_V_empty_n            |  in |    1|   ap_fifo  |      data_n_V      |    pointer   |
|data_n_V_read               | out |    1|   ap_fifo  |      data_n_V      |    pointer   |
|result_c_V_din              | out |   32|   ap_fifo  |     result_c_V     |    pointer   |
|result_c_V_full_n           |  in |    1|   ap_fifo  |     result_c_V     |    pointer   |
|result_c_V_write            | out |    1|   ap_fifo  |     result_c_V     |    pointer   |
|result_r_V_din              | out |   32|   ap_fifo  |     result_r_V     |    pointer   |
|result_r_V_full_n           |  in |    1|   ap_fifo  |     result_r_V     |    pointer   |
|result_r_V_write            | out |    1|   ap_fifo  |     result_r_V     |    pointer   |
|result_m_V_din              | out |   32|   ap_fifo  |     result_m_V     |    pointer   |
|result_m_V_full_n           |  in |    1|   ap_fifo  |     result_m_V     |    pointer   |
|result_m_V_write            | out |    1|   ap_fifo  |     result_m_V     |    pointer   |
|result_n_V_din              | out |   32|   ap_fifo  |     result_n_V     |    pointer   |
|result_n_V_full_n           |  in |    1|   ap_fifo  |     result_n_V     |    pointer   |
|result_n_V_write            | out |    1|   ap_fifo  |     result_n_V     |    pointer   |
+----------------------------+-----+-----+------------+--------------------+--------------+

