

================================================================
== Vivado HLS Report for 'compute_pro_3'
================================================================
* Date:           Sun Apr 28 16:05:53 2019

* Version:        2018.3 (Build 2405991 on Thu Dec 06 23:56:15 MST 2018)
* Project:        mobile_net_hls_v1
* Solution:       solution1
* Product family: zynquplus
* Target device:  xczu9eg-ffvb1156-2-i


================================================================
== Performance Estimates
================================================================
+ Timing (ns): 
    * Summary: 
    +--------+-------+----------+------------+
    |  Clock | Target| Estimated| Uncertainty|
    +--------+-------+----------+------------+
    |ap_clk  |   4.20|     3.675|        0.52|
    +--------+-------+----------+------------+

+ Latency (clock cycles): 
    * Summary: 
    +-----+-----+-----+-----+---------+
    |  Latency  |  Interval | Pipeline|
    | min | max | min | max |   Type  |
    +-----+-----+-----+-----+---------+
    |    ?|    ?|    ?|    ?|   none  |
    +-----+-----+-----+-----+---------+

    + Detail: 
        * Instance: 
        +-----------------------+-----------+-----+-----+-----+-----+----------+
        |                       |           |  Latency  |  Interval | Pipeline |
        |        Instance       |   Module  | min | max | min | max |   Type   |
        +-----------------------+-----------+-----+-----+-----+-----+----------+
        |grp_mac_1_1_s_fu_1188  |mac_1_1_s  |    3|    3|    1|    1| function |
        |grp_mac_1_1_s_fu_1194  |mac_1_1_s  |    3|    3|    1|    1| function |
        |grp_mac_1_1_s_fu_1200  |mac_1_1_s  |    3|    3|    1|    1| function |
        |grp_mac_1_1_s_fu_1206  |mac_1_1_s  |    3|    3|    1|    1| function |
        |grp_mac_1_1_s_fu_1212  |mac_1_1_s  |    3|    3|    1|    1| function |
        |grp_mac_1_1_s_fu_1218  |mac_1_1_s  |    3|    3|    1|    1| function |
        |grp_mac_1_1_s_fu_1224  |mac_1_1_s  |    3|    3|    1|    1| function |
        |grp_mac_1_1_s_fu_1230  |mac_1_1_s  |    3|    3|    1|    1| function |
        |grp_mac_1_1_s_fu_1236  |mac_1_1_s  |    3|    3|    1|    1| function |
        |grp_mac_1_1_s_fu_1242  |mac_1_1_s  |    3|    3|    1|    1| function |
        |grp_mac_1_1_s_fu_1248  |mac_1_1_s  |    3|    3|    1|    1| function |
        |grp_mac_1_1_s_fu_1254  |mac_1_1_s  |    3|    3|    1|    1| function |
        |grp_mac_1_1_s_fu_1260  |mac_1_1_s  |    3|    3|    1|    1| function |
        |grp_mac_1_1_s_fu_1266  |mac_1_1_s  |    3|    3|    1|    1| function |
        |grp_mac_1_1_s_fu_1272  |mac_1_1_s  |    3|    3|    1|    1| function |
        |grp_mac_1_1_s_fu_1278  |mac_1_1_s  |    3|    3|    1|    1| function |
        +-----------------------+-----------+-----+-----+-----+-----+----------+

        * Loop: 
        +--------------+-----+------+----------+-----------+-----------+--------+----------+
        |              |   Latency  | Iteration|  Initiation Interval  |  Trip  |          |
        |   Loop Name  | min |  max |  Latency |  achieved |   target  |  Count | Pipelined|
        +--------------+-----+------+----------+-----------+-----------+--------+----------+
        |- Loop 1      |    ?|     ?|         ?|          -|          -|       ?|    no    |
        | + Loop 1.1   |    ?|     ?|         1|          -|          -|       ?|    no    |
        | + nloop      |   68|  1476| 34 ~ 738 |          -|          -|       2|    no    |
        |  ++ rloop    |   32|   736|  16 ~ 46 |          -|          -| 2 ~ 16 |    no    |
        |   +++ cloop  |   13|    43|        13|          1|          1| 2 ~ 32 |    yes   |
        +--------------+-----+------+----------+-----------+-----------+--------+----------+



================================================================
== Utilization Estimates
================================================================
* Summary: 
+-----------------+---------+-------+--------+--------+-----+
|       Name      | BRAM_18K| DSP48E|   FF   |   LUT  | URAM|
+-----------------+---------+-------+--------+--------+-----+
|DSP              |        -|      -|       -|       -|    -|
|Expression       |        -|      -|       0|    2048|    -|
|FIFO             |        -|      -|       -|       -|    -|
|Instance         |        -|     64|    4208|    2752|    -|
|Memory           |       16|      -|       0|       0|    -|
|Multiplexer      |        -|      -|       -|      98|    -|
|Register         |        0|      -|    4171|    1056|    -|
+-----------------+---------+-------+--------+--------+-----+
|Total            |       16|     64|    8379|    5954|    0|
+-----------------+---------+-------+--------+--------+-----+
|Available        |     1824|   2520|  548160|  274080|    0|
+-----------------+---------+-------+--------+--------+-----+
|Utilization (%)  |    ~0   |      2|       1|       2|    0|
+-----------------+---------+-------+--------+--------+-----+

+ Detail: 
    * Instance: 
    +----------------------------+----------------------+---------+-------+-----+-----+
    |          Instance          |        Module        | BRAM_18K| DSP48E|  FF | LUT |
    +----------------------------+----------------------+---------+-------+-----+-----+
    |grp_mac_1_1_s_fu_1188       |mac_1_1_s             |        0|      2|  123|   34|
    |grp_mac_1_1_s_fu_1194       |mac_1_1_s             |        0|      2|  123|   34|
    |grp_mac_1_1_s_fu_1200       |mac_1_1_s             |        0|      2|  123|   34|
    |grp_mac_1_1_s_fu_1206       |mac_1_1_s             |        0|      2|  123|   34|
    |grp_mac_1_1_s_fu_1212       |mac_1_1_s             |        0|      2|  123|   34|
    |grp_mac_1_1_s_fu_1218       |mac_1_1_s             |        0|      2|  123|   34|
    |grp_mac_1_1_s_fu_1224       |mac_1_1_s             |        0|      2|  123|   34|
    |grp_mac_1_1_s_fu_1230       |mac_1_1_s             |        0|      2|  123|   34|
    |grp_mac_1_1_s_fu_1236       |mac_1_1_s             |        0|      2|  123|   34|
    |grp_mac_1_1_s_fu_1242       |mac_1_1_s             |        0|      2|  123|   34|
    |grp_mac_1_1_s_fu_1248       |mac_1_1_s             |        0|      2|  123|   34|
    |grp_mac_1_1_s_fu_1254       |mac_1_1_s             |        0|      2|  123|   34|
    |grp_mac_1_1_s_fu_1260       |mac_1_1_s             |        0|      2|  123|   34|
    |grp_mac_1_1_s_fu_1266       |mac_1_1_s             |        0|      2|  123|   34|
    |grp_mac_1_1_s_fu_1272       |mac_1_1_s             |        0|      2|  123|   34|
    |grp_mac_1_1_s_fu_1278       |mac_1_1_s             |        0|      2|  123|   34|
    |moblie_net_hadd_1bkb_U2491  |moblie_net_hadd_1bkb  |        0|      2|  106|  112|
    |moblie_net_hadd_1bkb_U2492  |moblie_net_hadd_1bkb  |        0|      2|  106|  112|
    |moblie_net_hadd_1bkb_U2493  |moblie_net_hadd_1bkb  |        0|      2|  106|  112|
    |moblie_net_hadd_1bkb_U2494  |moblie_net_hadd_1bkb  |        0|      2|  106|  112|
    |moblie_net_hadd_1bkb_U2495  |moblie_net_hadd_1bkb  |        0|      2|  106|  112|
    |moblie_net_hadd_1bkb_U2496  |moblie_net_hadd_1bkb  |        0|      2|  106|  112|
    |moblie_net_hadd_1bkb_U2497  |moblie_net_hadd_1bkb  |        0|      2|  106|  112|
    |moblie_net_hadd_1bkb_U2498  |moblie_net_hadd_1bkb  |        0|      2|  106|  112|
    |moblie_net_hadd_1bkb_U2499  |moblie_net_hadd_1bkb  |        0|      2|  106|  112|
    |moblie_net_hadd_1bkb_U2500  |moblie_net_hadd_1bkb  |        0|      2|  106|  112|
    |moblie_net_hadd_1bkb_U2501  |moblie_net_hadd_1bkb  |        0|      2|  106|  112|
    |moblie_net_hadd_1bkb_U2502  |moblie_net_hadd_1bkb  |        0|      2|  106|  112|
    |moblie_net_hadd_1bkb_U2503  |moblie_net_hadd_1bkb  |        0|      2|  106|  112|
    |moblie_net_hadd_1bkb_U2504  |moblie_net_hadd_1bkb  |        0|      2|  106|  112|
    |moblie_net_hadd_1bkb_U2505  |moblie_net_hadd_1bkb  |        0|      2|  106|  112|
    |moblie_net_hadd_1bkb_U2506  |moblie_net_hadd_1bkb  |        0|      2|  106|  112|
    |moblie_net_hcmp_1tde_U2507  |moblie_net_hcmp_1tde  |        0|      0|   34|   26|
    |moblie_net_hcmp_1tde_U2508  |moblie_net_hcmp_1tde  |        0|      0|   34|   26|
    |moblie_net_hcmp_1tde_U2509  |moblie_net_hcmp_1tde  |        0|      0|   34|   26|
    |moblie_net_hcmp_1tde_U2510  |moblie_net_hcmp_1tde  |        0|      0|   34|   26|
    |moblie_net_hcmp_1tde_U2511  |moblie_net_hcmp_1tde  |        0|      0|   34|   26|
    |moblie_net_hcmp_1tde_U2512  |moblie_net_hcmp_1tde  |        0|      0|   34|   26|
    |moblie_net_hcmp_1tde_U2513  |moblie_net_hcmp_1tde  |        0|      0|   34|   26|
    |moblie_net_hcmp_1tde_U2514  |moblie_net_hcmp_1tde  |        0|      0|   34|   26|
    |moblie_net_hcmp_1tde_U2515  |moblie_net_hcmp_1tde  |        0|      0|   34|   26|
    |moblie_net_hcmp_1tde_U2516  |moblie_net_hcmp_1tde  |        0|      0|   34|   26|
    |moblie_net_hcmp_1tde_U2517  |moblie_net_hcmp_1tde  |        0|      0|   34|   26|
    |moblie_net_hcmp_1tde_U2518  |moblie_net_hcmp_1tde  |        0|      0|   34|   26|
    |moblie_net_hcmp_1tde_U2519  |moblie_net_hcmp_1tde  |        0|      0|   34|   26|
    |moblie_net_hcmp_1tde_U2520  |moblie_net_hcmp_1tde  |        0|      0|   34|   26|
    |moblie_net_hcmp_1tde_U2521  |moblie_net_hcmp_1tde  |        0|      0|   34|   26|
    |moblie_net_hcmp_1tde_U2522  |moblie_net_hcmp_1tde  |        0|      0|   34|   26|
    +----------------------------+----------------------+---------+-------+-----+-----+
    |Total                       |                      |        0|     64| 4208| 2752|
    +----------------------------+----------------------+---------+-------+-----+-----+

    * DSP48: 
    N/A

    * Memory: 
    +------------------+----------------------+---------+---+----+------+-----+------+-------------+
    |      Memory      |        Module        | BRAM_18K| FF| LUT| Words| Bits| Banks| W*Bits*Banks|
    +------------------+----------------------+---------+---+----+------+-----+------+-------------+
    |output_temp_0_U   |compute_pro_5_outdEe  |        1|  0|   0|   256|   16|     1|         4096|
    |output_temp_1_U   |compute_pro_5_outdEe  |        1|  0|   0|   256|   16|     1|         4096|
    |output_temp_2_U   |compute_pro_5_outdEe  |        1|  0|   0|   256|   16|     1|         4096|
    |output_temp_3_U   |compute_pro_5_outdEe  |        1|  0|   0|   256|   16|     1|         4096|
    |output_temp_4_U   |compute_pro_5_outdEe  |        1|  0|   0|   256|   16|     1|         4096|
    |output_temp_5_U   |compute_pro_5_outdEe  |        1|  0|   0|   256|   16|     1|         4096|
    |output_temp_6_U   |compute_pro_5_outdEe  |        1|  0|   0|   256|   16|     1|         4096|
    |output_temp_7_U   |compute_pro_5_outdEe  |        1|  0|   0|   256|   16|     1|         4096|
    |output_temp_8_U   |compute_pro_5_outdEe  |        1|  0|   0|   256|   16|     1|         4096|
    |output_temp_9_U   |compute_pro_5_outdEe  |        1|  0|   0|   256|   16|     1|         4096|
    |output_temp_10_U  |compute_pro_5_outdEe  |        1|  0|   0|   256|   16|     1|         4096|
    |output_temp_11_U  |compute_pro_5_outdEe  |        1|  0|   0|   256|   16|     1|         4096|
    |output_temp_12_U  |compute_pro_5_outdEe  |        1|  0|   0|   256|   16|     1|         4096|
    |output_temp_13_U  |compute_pro_5_outdEe  |        1|  0|   0|   256|   16|     1|         4096|
    |output_temp_14_U  |compute_pro_5_outdEe  |        1|  0|   0|   256|   16|     1|         4096|
    |output_temp_15_U  |compute_pro_5_outdEe  |        1|  0|   0|   256|   16|     1|         4096|
    +------------------+----------------------+---------+---+----+------+-----+------+-------------+
    |Total             |                      |       16|  0|   0|  4096|  256|    16|        65536|
    +------------------+----------------------+---------+---+----+------+-----+------+-------------+

    * FIFO: 
    N/A

    * Expression: 
    +----------------------------------------+----------+-------+---+----+------------+------------+
    |              Variable Name             | Operation| DSP48E| FF| LUT| Bitwidth P0| Bitwidth P1|
    +----------------------------------------+----------+-------+---+----+------------+------------+
    |tc_3_fu_2189_p2                         |     +    |      0|  0|  38|          31|           1|
    |tmp_305_fu_2133_p2                      |     +    |      0|  0|  39|          32|          32|
    |tmp_308_fu_2117_p2                      |     +    |      0|  0|  39|          32|          32|
    |tmp_479_fu_2203_p2                      |     +    |      0|  0|  17|          10|          10|
    |tn_22_fu_1956_p2                        |     +    |      0|  0|   9|           2|           1|
    |tr_8_fu_2162_p2                         |     +    |      0|  0|  38|          31|           1|
    |tmp_294_fu_1452_p2                      |     -    |      0|  0|  39|           5|          32|
    |tmp_296_fu_1474_p2                      |     -    |      0|  0|  39|           5|          32|
    |tmp_297_fu_1488_p2                      |     -    |      0|  0|  39|           9|          32|
    |tmp_299_fu_1507_p2                      |     -    |      0|  0|  39|          10|          32|
    |or_cond_fu_2112_p2                      |    and   |      0|  0|   2|           1|           1|
    |icmp33_fu_1596_p2                       |   icmp   |      0|  0|  20|          30|           1|
    |icmp34_fu_1666_p2                       |   icmp   |      0|  0|  20|          29|           1|
    |icmp35_fu_1796_p2                       |   icmp   |      0|  0|  20|          28|           1|
    |icmp36_fu_1827_p2                       |   icmp   |      0|  0|  20|          31|           1|
    |icmp37_fu_1849_p2                       |   icmp   |      0|  0|  20|          30|           1|
    |icmp38_fu_1883_p2                       |   icmp   |      0|  0|  20|          29|           1|
    |icmp39_fu_1941_p2                       |   icmp   |      0|  0|  20|          28|           1|
    |icmp40_fu_2147_p2                       |   icmp   |      0|  0|  20|          23|           1|
    |icmp_fu_1556_p2                         |   icmp   |      0|  0|  20|          31|           1|
    |tmp_298_fu_1493_p2                      |   icmp   |      0|  0|  20|          32|           5|
    |tmp_300_fu_1512_p2                      |   icmp   |      0|  0|  20|          32|           2|
    |tmp_301_fu_1526_p2                      |   icmp   |      0|  0|  20|          32|           1|
    |tmp_302_fu_1531_p2                      |   icmp   |      0|  0|  20|          32|           1|
    |tmp_303_fu_1951_p2                      |   icmp   |      0|  0|  20|          32|          32|
    |tmp_307_fu_2106_p2                      |   icmp   |      0|  0|   8|           2|           1|
    |tmp_309_fu_2122_p2                      |   icmp   |      0|  0|  20|          32|           9|
    |tmp_310_fu_2157_p2                      |   icmp   |      0|  0|  20|          32|          32|
    |tmp_330_fu_2184_p2                      |   icmp   |      0|  0|  20|          32|          32|
    |tmp_639_10_fu_1771_p2                   |   icmp   |      0|  0|  20|          32|           4|
    |tmp_639_1_fu_1726_p2                    |   icmp   |      0|  0|  20|          32|           4|
    |tmp_639_2_fu_1571_p2                    |   icmp   |      0|  0|  20|          32|           2|
    |tmp_639_3_fu_1741_p2                    |   icmp   |      0|  0|  20|          32|           4|
    |tmp_639_4_fu_1611_p2                    |   icmp   |      0|  0|  20|          32|           3|
    |tmp_639_5_fu_1626_p2                    |   icmp   |      0|  0|  20|          32|           3|
    |tmp_639_6_fu_1641_p2                    |   icmp   |      0|  0|  20|          32|           3|
    |tmp_639_7_fu_1756_p2                    |   icmp   |      0|  0|  20|          32|           4|
    |tmp_639_8_fu_1681_p2                    |   icmp   |      0|  0|  20|          32|           4|
    |tmp_639_9_fu_1696_p2                    |   icmp   |      0|  0|  20|          32|           4|
    |tmp_639_s_fu_1711_p2                    |   icmp   |      0|  0|  20|          32|           4|
    |tmp_665_0_0_10_fu_1925_p2               |   icmp   |      0|  0|  20|          32|           4|
    |tmp_665_0_0_1_fu_1907_p2                |   icmp   |      0|  0|  20|          32|           4|
    |tmp_665_0_0_2_fu_1833_p2                |   icmp   |      0|  0|  20|          32|           2|
    |tmp_665_0_0_3_fu_1913_p2                |   icmp   |      0|  0|  20|          32|           4|
    |tmp_665_0_0_4_fu_1855_p2                |   icmp   |      0|  0|  20|          32|           3|
    |tmp_665_0_0_5_fu_1861_p2                |   icmp   |      0|  0|  20|          32|           3|
    |tmp_665_0_0_6_fu_1867_p2                |   icmp   |      0|  0|  20|          32|           3|
    |tmp_665_0_0_7_fu_1919_p2                |   icmp   |      0|  0|  20|          32|           4|
    |tmp_665_0_0_8_fu_1889_p2                |   icmp   |      0|  0|  20|          32|           4|
    |tmp_665_0_0_9_fu_1895_p2                |   icmp   |      0|  0|  20|          32|           4|
    |tmp_665_0_0_s_fu_1901_p2                |   icmp   |      0|  0|  20|          32|           4|
    |tmp_s_fu_1811_p2                        |   icmp   |      0|  0|  20|          32|           1|
    |ap_block_state1                         |    or    |      0|  0|   2|           1|           1|
    |cLoops_fu_1458_p3                       |  select  |      0|  0|  32|           1|           5|
    |grp_mac_1_1_s_fu_1188_weight_regs_read  |  select  |      0|  0|  16|           1|          16|
    |grp_mac_1_1_s_fu_1194_weight_regs_read  |  select  |      0|  0|  16|           1|          16|
    |grp_mac_1_1_s_fu_1200_weight_regs_read  |  select  |      0|  0|  16|           1|          16|
    |grp_mac_1_1_s_fu_1206_weight_regs_read  |  select  |      0|  0|  16|           1|          16|
    |grp_mac_1_1_s_fu_1212_weight_regs_read  |  select  |      0|  0|  16|           1|          16|
    |grp_mac_1_1_s_fu_1218_weight_regs_read  |  select  |      0|  0|  16|           1|          16|
    |grp_mac_1_1_s_fu_1224_weight_regs_read  |  select  |      0|  0|  16|           1|          16|
    |grp_mac_1_1_s_fu_1230_weight_regs_read  |  select  |      0|  0|  16|           1|          16|
    |grp_mac_1_1_s_fu_1236_weight_regs_read  |  select  |      0|  0|  16|           1|          16|
    |grp_mac_1_1_s_fu_1242_weight_regs_read  |  select  |      0|  0|  16|           1|          16|
    |grp_mac_1_1_s_fu_1248_weight_regs_read  |  select  |      0|  0|  16|           1|          16|
    |grp_mac_1_1_s_fu_1254_weight_regs_read  |  select  |      0|  0|  16|           1|          16|
    |grp_mac_1_1_s_fu_1260_weight_regs_read  |  select  |      0|  0|  16|           1|          16|
    |grp_mac_1_1_s_fu_1266_weight_regs_read  |  select  |      0|  0|  16|           1|          16|
    |grp_mac_1_1_s_fu_1272_weight_regs_read  |  select  |      0|  0|  16|           1|          16|
    |grp_mac_1_1_s_fu_1278_weight_regs_read  |  select  |      0|  0|  16|           1|          16|
    |mLoops_fu_1499_p3                       |  select  |      0|  0|  32|           1|           5|
    |nLoops_fu_1518_p3                       |  select  |      0|  0|  32|           1|           2|
    |output_buffer_0_V_din                   |  select  |      0|  0|  16|           1|           1|
    |output_buffer_10_V_din                  |  select  |      0|  0|  16|           1|           1|
    |output_buffer_11_V_din                  |  select  |      0|  0|  16|           1|           1|
    |output_buffer_12_V_din                  |  select  |      0|  0|  16|           1|           1|
    |output_buffer_13_V_din                  |  select  |      0|  0|  16|           1|           1|
    |output_buffer_14_V_din                  |  select  |      0|  0|  16|           1|           1|
    |output_buffer_15_V_din                  |  select  |      0|  0|  16|           1|           1|
    |output_buffer_1_V_din                   |  select  |      0|  0|  16|           1|           1|
    |output_buffer_2_V_din                   |  select  |      0|  0|  16|           1|           1|
    |output_buffer_3_V_din                   |  select  |      0|  0|  16|           1|           1|
    |output_buffer_4_V_din                   |  select  |      0|  0|  16|           1|           1|
    |output_buffer_5_V_din                   |  select  |      0|  0|  16|           1|           1|
    |output_buffer_6_V_din                   |  select  |      0|  0|  16|           1|           1|
    |output_buffer_7_V_din                   |  select  |      0|  0|  16|           1|           1|
    |output_buffer_8_V_din                   |  select  |      0|  0|  16|           1|           1|
    |output_buffer_9_V_din                   |  select  |      0|  0|  16|           1|           1|
    |p_pn_10_fu_2634_p3                      |  select  |      0|  0|  16|           1|          16|
    |p_pn_11_fu_2644_p3                      |  select  |      0|  0|  16|           1|          16|
    |p_pn_12_fu_2654_p3                      |  select  |      0|  0|  16|           1|          16|
    |p_pn_13_fu_2664_p3                      |  select  |      0|  0|  16|           1|          16|
    |p_pn_14_fu_2674_p3                      |  select  |      0|  0|  16|           1|          16|
    |p_pn_1_fu_2544_p3                       |  select  |      0|  0|  16|           1|          16|
    |p_pn_2_fu_2554_p3                       |  select  |      0|  0|  16|           1|          16|
    |p_pn_3_fu_2564_p3                       |  select  |      0|  0|  16|           1|          16|
    |p_pn_4_fu_2574_p3                       |  select  |      0|  0|  16|           1|          16|
    |p_pn_5_fu_2584_p3                       |  select  |      0|  0|  16|           1|          16|
    |p_pn_6_fu_2594_p3                       |  select  |      0|  0|  16|           1|          16|
    |p_pn_7_fu_2604_p3                       |  select  |      0|  0|  16|           1|          16|
    |p_pn_8_fu_2614_p3                       |  select  |      0|  0|  16|           1|          16|
    |p_pn_9_fu_2624_p3                       |  select  |      0|  0|  16|           1|          16|
    |p_pn_fu_2534_p3                         |  select  |      0|  0|  16|           1|          16|
    |p_pn_s_fu_2684_p3                       |  select  |      0|  0|  16|           1|          16|
    |rLoops_fu_1480_p3                       |  select  |      0|  0|  32|           1|           5|
    |ap_enable_pp0                           |    xor   |      0|  0|   2|           1|           2|
    |ap_enable_reg_pp0_iter1                 |    xor   |      0|  0|   2|           2|           1|
    +----------------------------------------+----------+-------+---+----+------------+------------+
    |Total                                   |          |      0|  0|2048|        1477|         958|
    +----------------------------------------+----------+-------+---+----+------------+------------+

    * Multiplexer: 
    +--------------------------+----+-----------+-----+-----------+
    |           Name           | LUT| Input Size| Bits| Total Bits|
    +--------------------------+----+-----------+-----+-----------+
    |ap_NS_fsm                 |  44|          9|    1|          9|
    |ap_done                   |   9|          2|    1|          2|
    |ap_enable_reg_pp0_iter1   |   9|          2|    1|          2|
    |ap_enable_reg_pp0_iter12  |   9|          2|    1|          2|
    |tc_reg_1177               |   9|          2|   31|         62|
    |tn_reg_1155               |   9|          2|    2|          4|
    |tr_reg_1166               |   9|          2|   31|         62|
    +--------------------------+----+-----------+-----+-----------+
    |Total                     |  98|         21|   68|        143|
    +--------------------------+----+-----------+-----+-----------+

    * Register: 
    +------------------------------+----+----+-----+-----------+
    |             Name             | FF | LUT| Bits| Const Bits|
    +------------------------------+----+----+-----+-----------+
    |acc_dat_10_reg_3779           |  16|   0|   16|          0|
    |acc_dat_11_reg_3786           |  16|   0|   16|          0|
    |acc_dat_12_reg_3793           |  16|   0|   16|          0|
    |acc_dat_13_reg_3800           |  16|   0|   16|          0|
    |acc_dat_14_reg_3807           |  16|   0|   16|          0|
    |acc_dat_1_reg_3716            |  16|   0|   16|          0|
    |acc_dat_2_reg_3723            |  16|   0|   16|          0|
    |acc_dat_3_reg_3730            |  16|   0|   16|          0|
    |acc_dat_4_reg_3737            |  16|   0|   16|          0|
    |acc_dat_5_reg_3744            |  16|   0|   16|          0|
    |acc_dat_6_reg_3751            |  16|   0|   16|          0|
    |acc_dat_7_reg_3758            |  16|   0|   16|          0|
    |acc_dat_8_reg_3765            |  16|   0|   16|          0|
    |acc_dat_9_reg_3772            |  16|   0|   16|          0|
    |acc_dat_reg_3709              |  16|   0|   16|          0|
    |acc_dat_s_reg_3814            |  16|   0|   16|          0|
    |ap_CS_fsm                     |   8|   0|    8|          0|
    |ap_done_reg                   |   1|   0|    1|          0|
    |ap_enable_reg_pp0_iter0       |   1|   0|    1|          0|
    |ap_enable_reg_pp0_iter1       |   1|   0|    1|          0|
    |ap_enable_reg_pp0_iter10      |   1|   0|    1|          0|
    |ap_enable_reg_pp0_iter11      |   1|   0|    1|          0|
    |ap_enable_reg_pp0_iter12      |   1|   0|    1|          0|
    |ap_enable_reg_pp0_iter2       |   1|   0|    1|          0|
    |ap_enable_reg_pp0_iter3       |   1|   0|    1|          0|
    |ap_enable_reg_pp0_iter4       |   1|   0|    1|          0|
    |ap_enable_reg_pp0_iter5       |   1|   0|    1|          0|
    |ap_enable_reg_pp0_iter6       |   1|   0|    1|          0|
    |ap_enable_reg_pp0_iter7       |   1|   0|    1|          0|
    |ap_enable_reg_pp0_iter8       |   1|   0|    1|          0|
    |ap_enable_reg_pp0_iter9       |   1|   0|    1|          0|
    |cLoops_reg_3138               |  32|   0|   32|          0|
    |icmp36_reg_3212               |   1|   0|    1|          0|
    |icmp37_reg_3222               |   1|   0|    1|          0|
    |icmp38_reg_3242               |   1|   0|    1|          0|
    |icmp39_reg_3282               |   1|   0|    1|          0|
    |nLoops_reg_3148               |  32|   0|   32|          0|
    |or_cond_reg_3295              |   1|   0|    1|          0|
    |output_temp_0_addr_reg_3453   |   8|   0|    8|          0|
    |output_temp_10_addr_reg_3513  |   8|   0|    8|          0|
    |output_temp_11_addr_reg_3519  |   8|   0|    8|          0|
    |output_temp_12_addr_reg_3525  |   8|   0|    8|          0|
    |output_temp_13_addr_reg_3531  |   8|   0|    8|          0|
    |output_temp_14_addr_reg_3537  |   8|   0|    8|          0|
    |output_temp_15_addr_reg_3543  |   8|   0|    8|          0|
    |output_temp_1_addr_reg_3459   |   8|   0|    8|          0|
    |output_temp_2_addr_reg_3465   |   8|   0|    8|          0|
    |output_temp_3_addr_reg_3471   |   8|   0|    8|          0|
    |output_temp_4_addr_reg_3477   |   8|   0|    8|          0|
    |output_temp_5_addr_reg_3483   |   8|   0|    8|          0|
    |output_temp_6_addr_reg_3489   |   8|   0|    8|          0|
    |output_temp_7_addr_reg_3495   |   8|   0|    8|          0|
    |output_temp_8_addr_reg_3501   |   8|   0|    8|          0|
    |output_temp_9_addr_reg_3507   |   8|   0|    8|          0|
    |p_pn_10_reg_3654              |  16|   0|   16|          0|
    |p_pn_11_reg_3664              |  16|   0|   16|          0|
    |p_pn_12_reg_3674              |  16|   0|   16|          0|
    |p_pn_13_reg_3684              |  16|   0|   16|          0|
    |p_pn_14_reg_3694              |  16|   0|   16|          0|
    |p_pn_1_reg_3564               |  16|   0|   16|          0|
    |p_pn_2_reg_3574               |  16|   0|   16|          0|
    |p_pn_3_reg_3584               |  16|   0|   16|          0|
    |p_pn_4_reg_3594               |  16|   0|   16|          0|
    |p_pn_5_reg_3604               |  16|   0|   16|          0|
    |p_pn_6_reg_3614               |  16|   0|   16|          0|
    |p_pn_7_reg_3624               |  16|   0|   16|          0|
    |p_pn_8_reg_3634               |  16|   0|   16|          0|
    |p_pn_9_reg_3644               |  16|   0|   16|          0|
    |p_pn_reg_3554                 |  16|   0|   16|          0|
    |p_pn_s_reg_3704               |  16|   0|   16|          0|
    |rLoops_reg_3143               |  32|   0|   32|          0|
    |tc_reg_1177                   |  31|   0|   31|          0|
    |tmp_1130_fu_252               |  16|   0|   16|          0|
    |tmp_1131_fu_256               |  16|   0|   16|          0|
    |tmp_1132_fu_260               |  16|   0|   16|          0|
    |tmp_1133_fu_264               |  16|   0|   16|          0|
    |tmp_1134_fu_268               |  16|   0|   16|          0|
    |tmp_1135_fu_272               |  16|   0|   16|          0|
    |tmp_1136_fu_276               |  16|   0|   16|          0|
    |tmp_1137_fu_280               |  16|   0|   16|          0|
    |tmp_1138_fu_284               |  16|   0|   16|          0|
    |tmp_1139_fu_288               |  16|   0|   16|          0|
    |tmp_1140_fu_292               |  16|   0|   16|          0|
    |tmp_1141_fu_296               |  16|   0|   16|          0|
    |tmp_1142_fu_300               |  16|   0|   16|          0|
    |tmp_1143_fu_304               |  16|   0|   16|          0|
    |tmp_1144_fu_308               |  16|   0|   16|          0|
    |tmp_1145_fu_312               |  16|   0|   16|          0|
    |tmp_1174_reg_3128             |  32|   0|   32|          0|
    |tmp_1175_reg_3133             |  32|   0|   32|          0|
    |tmp_1176_reg_3113             |  32|   0|   32|          0|
    |tmp_1177_reg_3119             |  32|   0|   32|          0|
    |tmp_1212_reg_3348             |  16|   0|   16|          0|
    |tmp_301_reg_3154              |   1|   0|    1|          0|
    |tmp_309_reg_3315              |   1|   0|    1|          0|
    |tmp_330_reg_3339              |   1|   0|    1|          0|
    |tmp_334_reg_3549              |  16|   0|   16|          0|
    |tmp_339_reg_3559              |  16|   0|   16|          0|
    |tmp_342_reg_3569              |  16|   0|   16|          0|
    |tmp_345_reg_3579              |  16|   0|   16|          0|
    |tmp_348_reg_3589              |  16|   0|   16|          0|
    |tmp_351_reg_3599              |  16|   0|   16|          0|
    |tmp_354_reg_3609              |  16|   0|   16|          0|
    |tmp_357_reg_3619              |  16|   0|   16|          0|
    |tmp_360_reg_3629              |  16|   0|   16|          0|
    |tmp_363_reg_3639              |  16|   0|   16|          0|
    |tmp_366_reg_3649              |  16|   0|   16|          0|
    |tmp_369_reg_3659              |  16|   0|   16|          0|
    |tmp_372_reg_3669              |  16|   0|   16|          0|
    |tmp_375_reg_3679              |  16|   0|   16|          0|
    |tmp_378_reg_3689              |  16|   0|   16|          0|
    |tmp_381_reg_3699              |  16|   0|   16|          0|
    |tmp_479_reg_3368              |  10|   0|   10|          0|
    |tmp_604_cast_reg_3334         |   6|   0|   10|          4|
    |tmp_665_0_0_10_reg_3277       |   1|   0|    1|          0|
    |tmp_665_0_0_1_reg_3262        |   1|   0|    1|          0|
    |tmp_665_0_0_2_reg_3217        |   1|   0|    1|          0|
    |tmp_665_0_0_3_reg_3267        |   1|   0|    1|          0|
    |tmp_665_0_0_4_reg_3227        |   1|   0|    1|          0|
    |tmp_665_0_0_5_reg_3232        |   1|   0|    1|          0|
    |tmp_665_0_0_6_reg_3237        |   1|   0|    1|          0|
    |tmp_665_0_0_7_reg_3272        |   1|   0|    1|          0|
    |tmp_665_0_0_8_reg_3247        |   1|   0|    1|          0|
    |tmp_665_0_0_9_reg_3252        |   1|   0|    1|          0|
    |tmp_665_0_0_s_reg_3257        |   1|   0|    1|          0|
    |tmp_s_reg_3207                |   1|   0|    1|          0|
    |tn_22_reg_3290                |   2|   0|    2|          0|
    |tn_reg_1155                   |   2|   0|    2|          0|
    |tr_8_reg_3329                 |  31|   0|   31|          0|
    |tr_reg_1166                   |  31|   0|   31|          0|
    |weight_temp_0_0_fu_316        |  16|   0|   16|          0|
    |weight_temp_0_0_s_fu_384      |  16|   0|   16|          0|
    |weight_temp_10_0_fu_356       |  16|   0|   16|          0|
    |weight_temp_10_0_s_fu_424     |  16|   0|   16|          0|
    |weight_temp_11_0_fu_360       |  16|   0|   16|          0|
    |weight_temp_11_0_s_fu_428     |  16|   0|   16|          0|
    |weight_temp_12_0_fu_364       |  16|   0|   16|          0|
    |weight_temp_12_0_s_fu_432     |  16|   0|   16|          0|
    |weight_temp_13_0_fu_368       |  16|   0|   16|          0|
    |weight_temp_13_0_s_fu_436     |  16|   0|   16|          0|
    |weight_temp_14_0_fu_372       |  16|   0|   16|          0|
    |weight_temp_14_0_s_fu_440     |  16|   0|   16|          0|
    |weight_temp_15_0_fu_376       |  16|   0|   16|          0|
    |weight_temp_15_0_s_fu_380     |  16|   0|   16|          0|
    |weight_temp_1_0_fu_320        |  16|   0|   16|          0|
    |weight_temp_1_0_s_fu_388      |  16|   0|   16|          0|
    |weight_temp_2_0_fu_324        |  16|   0|   16|          0|
    |weight_temp_2_0_s_fu_392      |  16|   0|   16|          0|
    |weight_temp_3_0_fu_328        |  16|   0|   16|          0|
    |weight_temp_3_0_s_fu_396      |  16|   0|   16|          0|
    |weight_temp_4_0_fu_332        |  16|   0|   16|          0|
    |weight_temp_4_0_s_fu_400      |  16|   0|   16|          0|
    |weight_temp_5_0_fu_336        |  16|   0|   16|          0|
    |weight_temp_5_0_s_fu_404      |  16|   0|   16|          0|
    |weight_temp_6_0_fu_340        |  16|   0|   16|          0|
    |weight_temp_6_0_s_fu_408      |  16|   0|   16|          0|
    |weight_temp_7_0_fu_344        |  16|   0|   16|          0|
    |weight_temp_7_0_s_fu_412      |  16|   0|   16|          0|
    |weight_temp_8_0_fu_348        |  16|   0|   16|          0|
    |weight_temp_8_0_s_fu_416      |  16|   0|   16|          0|
    |weight_temp_9_0_fu_352        |  16|   0|   16|          0|
    |weight_temp_9_0_s_fu_420      |  16|   0|   16|          0|
    |acc_dat_10_reg_3779           |  64|  32|   16|          0|
    |acc_dat_11_reg_3786           |  64|  32|   16|          0|
    |acc_dat_12_reg_3793           |  64|  32|   16|          0|
    |acc_dat_13_reg_3800           |  64|  32|   16|          0|
    |acc_dat_14_reg_3807           |  64|  32|   16|          0|
    |acc_dat_1_reg_3716            |  64|  32|   16|          0|
    |acc_dat_2_reg_3723            |  64|  32|   16|          0|
    |acc_dat_3_reg_3730            |  64|  32|   16|          0|
    |acc_dat_4_reg_3737            |  64|  32|   16|          0|
    |acc_dat_5_reg_3744            |  64|  32|   16|          0|
    |acc_dat_6_reg_3751            |  64|  32|   16|          0|
    |acc_dat_7_reg_3758            |  64|  32|   16|          0|
    |acc_dat_8_reg_3765            |  64|  32|   16|          0|
    |acc_dat_9_reg_3772            |  64|  32|   16|          0|
    |acc_dat_reg_3709              |  64|  32|   16|          0|
    |acc_dat_s_reg_3814            |  64|  32|   16|          0|
    |output_temp_0_addr_reg_3453   |  64|  32|    8|          0|
    |output_temp_10_addr_reg_3513  |  64|  32|    8|          0|
    |output_temp_11_addr_reg_3519  |  64|  32|    8|          0|
    |output_temp_12_addr_reg_3525  |  64|  32|    8|          0|
    |output_temp_13_addr_reg_3531  |  64|  32|    8|          0|
    |output_temp_14_addr_reg_3537  |  64|  32|    8|          0|
    |output_temp_15_addr_reg_3543  |  64|  32|    8|          0|
    |output_temp_1_addr_reg_3459   |  64|  32|    8|          0|
    |output_temp_2_addr_reg_3465   |  64|  32|    8|          0|
    |output_temp_3_addr_reg_3471   |  64|  32|    8|          0|
    |output_temp_4_addr_reg_3477   |  64|  32|    8|          0|
    |output_temp_5_addr_reg_3483   |  64|  32|    8|          0|
    |output_temp_6_addr_reg_3489   |  64|  32|    8|          0|
    |output_temp_7_addr_reg_3495   |  64|  32|    8|          0|
    |output_temp_8_addr_reg_3501   |  64|  32|    8|          0|
    |output_temp_9_addr_reg_3507   |  64|  32|    8|          0|
    |tmp_479_reg_3368              |  64|  32|   10|          0|
    +------------------------------+----+----+-----+-----------+
    |Total                         |4171|1056| 2457|          4|
    +------------------------------+----+----+-----+-----------+



================================================================
== Interface
================================================================
* Summary: 
+----------------------------+-----+-----+------------+--------------------+--------------+
|          RTL Ports         | Dir | Bits|  Protocol  |    Source Object   |    C Type    |
+----------------------------+-----+-----+------------+--------------------+--------------+
|ap_clk                      |  in |    1| ap_ctrl_hs |    compute_pro.3   | return value |
|ap_rst                      |  in |    1| ap_ctrl_hs |    compute_pro.3   | return value |
|ap_start                    |  in |    1| ap_ctrl_hs |    compute_pro.3   | return value |
|ap_done                     | out |    1| ap_ctrl_hs |    compute_pro.3   | return value |
|ap_continue                 |  in |    1| ap_ctrl_hs |    compute_pro.3   | return value |
|ap_idle                     | out |    1| ap_ctrl_hs |    compute_pro.3   | return value |
|ap_ready                    | out |    1| ap_ctrl_hs |    compute_pro.3   | return value |
|input_buffer_V_dout         |  in |   16|   ap_fifo  |   input_buffer_V   |    pointer   |
|input_buffer_V_empty_n      |  in |    1|   ap_fifo  |   input_buffer_V   |    pointer   |
|input_buffer_V_read         | out |    1|   ap_fifo  |   input_buffer_V   |    pointer   |
|weight_buffer_0_V_dout      |  in |   16|   ap_fifo  |  weight_buffer_0_V |    pointer   |
|weight_buffer_0_V_empty_n   |  in |    1|   ap_fifo  |  weight_buffer_0_V |    pointer   |
|weight_buffer_0_V_read      | out |    1|   ap_fifo  |  weight_buffer_0_V |    pointer   |
|weight_buffer_1_V_dout      |  in |   16|   ap_fifo  |  weight_buffer_1_V |    pointer   |
|weight_buffer_1_V_empty_n   |  in |    1|   ap_fifo  |  weight_buffer_1_V |    pointer   |
|weight_buffer_1_V_read      | out |    1|   ap_fifo  |  weight_buffer_1_V |    pointer   |
|weight_buffer_2_V_dout      |  in |   16|   ap_fifo  |  weight_buffer_2_V |    pointer   |
|weight_buffer_2_V_empty_n   |  in |    1|   ap_fifo  |  weight_buffer_2_V |    pointer   |
|weight_buffer_2_V_read      | out |    1|   ap_fifo  |  weight_buffer_2_V |    pointer   |
|weight_buffer_3_V_dout      |  in |   16|   ap_fifo  |  weight_buffer_3_V |    pointer   |
|weight_buffer_3_V_empty_n   |  in |    1|   ap_fifo  |  weight_buffer_3_V |    pointer   |
|weight_buffer_3_V_read      | out |    1|   ap_fifo  |  weight_buffer_3_V |    pointer   |
|weight_buffer_4_V_dout      |  in |   16|   ap_fifo  |  weight_buffer_4_V |    pointer   |
|weight_buffer_4_V_empty_n   |  in |    1|   ap_fifo  |  weight_buffer_4_V |    pointer   |
|weight_buffer_4_V_read      | out |    1|   ap_fifo  |  weight_buffer_4_V |    pointer   |
|weight_buffer_5_V_dout      |  in |   16|   ap_fifo  |  weight_buffer_5_V |    pointer   |
|weight_buffer_5_V_empty_n   |  in |    1|   ap_fifo  |  weight_buffer_5_V |    pointer   |
|weight_buffer_5_V_read      | out |    1|   ap_fifo  |  weight_buffer_5_V |    pointer   |
|weight_buffer_6_V_dout      |  in |   16|   ap_fifo  |  weight_buffer_6_V |    pointer   |
|weight_buffer_6_V_empty_n   |  in |    1|   ap_fifo  |  weight_buffer_6_V |    pointer   |
|weight_buffer_6_V_read      | out |    1|   ap_fifo  |  weight_buffer_6_V |    pointer   |
|weight_buffer_7_V_dout      |  in |   16|   ap_fifo  |  weight_buffer_7_V |    pointer   |
|weight_buffer_7_V_empty_n   |  in |    1|   ap_fifo  |  weight_buffer_7_V |    pointer   |
|weight_buffer_7_V_read      | out |    1|   ap_fifo  |  weight_buffer_7_V |    pointer   |
|weight_buffer_8_V_dout      |  in |   16|   ap_fifo  |  weight_buffer_8_V |    pointer   |
|weight_buffer_8_V_empty_n   |  in |    1|   ap_fifo  |  weight_buffer_8_V |    pointer   |
|weight_buffer_8_V_read      | out |    1|   ap_fifo  |  weight_buffer_8_V |    pointer   |
|weight_buffer_9_V_dout      |  in |   16|   ap_fifo  |  weight_buffer_9_V |    pointer   |
|weight_buffer_9_V_empty_n   |  in |    1|   ap_fifo  |  weight_buffer_9_V |    pointer   |
|weight_buffer_9_V_read      | out |    1|   ap_fifo  |  weight_buffer_9_V |    pointer   |
|weight_buffer_10_V_dout     |  in |   16|   ap_fifo  | weight_buffer_10_V |    pointer   |
|weight_buffer_10_V_empty_n  |  in |    1|   ap_fifo  | weight_buffer_10_V |    pointer   |
|weight_buffer_10_V_read     | out |    1|   ap_fifo  | weight_buffer_10_V |    pointer   |
|weight_buffer_11_V_dout     |  in |   16|   ap_fifo  | weight_buffer_11_V |    pointer   |
|weight_buffer_11_V_empty_n  |  in |    1|   ap_fifo  | weight_buffer_11_V |    pointer   |
|weight_buffer_11_V_read     | out |    1|   ap_fifo  | weight_buffer_11_V |    pointer   |
|weight_buffer_12_V_dout     |  in |   16|   ap_fifo  | weight_buffer_12_V |    pointer   |
|weight_buffer_12_V_empty_n  |  in |    1|   ap_fifo  | weight_buffer_12_V |    pointer   |
|weight_buffer_12_V_read     | out |    1|   ap_fifo  | weight_buffer_12_V |    pointer   |
|weight_buffer_13_V_dout     |  in |   16|   ap_fifo  | weight_buffer_13_V |    pointer   |
|weight_buffer_13_V_empty_n  |  in |    1|   ap_fifo  | weight_buffer_13_V |    pointer   |
|weight_buffer_13_V_read     | out |    1|   ap_fifo  | weight_buffer_13_V |    pointer   |
|weight_buffer_14_V_dout     |  in |   16|   ap_fifo  | weight_buffer_14_V |    pointer   |
|weight_buffer_14_V_empty_n  |  in |    1|   ap_fifo  | weight_buffer_14_V |    pointer   |
|weight_buffer_14_V_read     | out |    1|   ap_fifo  | weight_buffer_14_V |    pointer   |
|weight_buffer_15_V_dout     |  in |   16|   ap_fifo  | weight_buffer_15_V |    pointer   |
|weight_buffer_15_V_empty_n  |  in |    1|   ap_fifo  | weight_buffer_15_V |    pointer   |
|weight_buffer_15_V_read     | out |    1|   ap_fifo  | weight_buffer_15_V |    pointer   |
|beta_buffer_0_V_dout        |  in |   16|   ap_fifo  |   beta_buffer_0_V  |    pointer   |
|beta_buffer_0_V_empty_n     |  in |    1|   ap_fifo  |   beta_buffer_0_V  |    pointer   |
|beta_buffer_0_V_read        | out |    1|   ap_fifo  |   beta_buffer_0_V  |    pointer   |
|beta_buffer_1_V_dout        |  in |   16|   ap_fifo  |   beta_buffer_1_V  |    pointer   |
|beta_buffer_1_V_empty_n     |  in |    1|   ap_fifo  |   beta_buffer_1_V  |    pointer   |
|beta_buffer_1_V_read        | out |    1|   ap_fifo  |   beta_buffer_1_V  |    pointer   |
|beta_buffer_2_V_dout        |  in |   16|   ap_fifo  |   beta_buffer_2_V  |    pointer   |
|beta_buffer_2_V_empty_n     |  in |    1|   ap_fifo  |   beta_buffer_2_V  |    pointer   |
|beta_buffer_2_V_read        | out |    1|   ap_fifo  |   beta_buffer_2_V  |    pointer   |
|beta_buffer_3_V_dout        |  in |   16|   ap_fifo  |   beta_buffer_3_V  |    pointer   |
|beta_buffer_3_V_empty_n     |  in |    1|   ap_fifo  |   beta_buffer_3_V  |    pointer   |
|beta_buffer_3_V_read        | out |    1|   ap_fifo  |   beta_buffer_3_V  |    pointer   |
|beta_buffer_4_V_dout        |  in |   16|   ap_fifo  |   beta_buffer_4_V  |    pointer   |
|beta_buffer_4_V_empty_n     |  in |    1|   ap_fifo  |   beta_buffer_4_V  |    pointer   |
|beta_buffer_4_V_read        | out |    1|   ap_fifo  |   beta_buffer_4_V  |    pointer   |
|beta_buffer_5_V_dout        |  in |   16|   ap_fifo  |   beta_buffer_5_V  |    pointer   |
|beta_buffer_5_V_empty_n     |  in |    1|   ap_fifo  |   beta_buffer_5_V  |    pointer   |
|beta_buffer_5_V_read        | out |    1|   ap_fifo  |   beta_buffer_5_V  |    pointer   |
|beta_buffer_6_V_dout        |  in |   16|   ap_fifo  |   beta_buffer_6_V  |    pointer   |
|beta_buffer_6_V_empty_n     |  in |    1|   ap_fifo  |   beta_buffer_6_V  |    pointer   |
|beta_buffer_6_V_read        | out |    1|   ap_fifo  |   beta_buffer_6_V  |    pointer   |
|beta_buffer_7_V_dout        |  in |   16|   ap_fifo  |   beta_buffer_7_V  |    pointer   |
|beta_buffer_7_V_empty_n     |  in |    1|   ap_fifo  |   beta_buffer_7_V  |    pointer   |
|beta_buffer_7_V_read        | out |    1|   ap_fifo  |   beta_buffer_7_V  |    pointer   |
|beta_buffer_8_V_dout        |  in |   16|   ap_fifo  |   beta_buffer_8_V  |    pointer   |
|beta_buffer_8_V_empty_n     |  in |    1|   ap_fifo  |   beta_buffer_8_V  |    pointer   |
|beta_buffer_8_V_read        | out |    1|   ap_fifo  |   beta_buffer_8_V  |    pointer   |
|beta_buffer_9_V_dout        |  in |   16|   ap_fifo  |   beta_buffer_9_V  |    pointer   |
|beta_buffer_9_V_empty_n     |  in |    1|   ap_fifo  |   beta_buffer_9_V  |    pointer   |
|beta_buffer_9_V_read        | out |    1|   ap_fifo  |   beta_buffer_9_V  |    pointer   |
|beta_buffer_10_V_dout       |  in |   16|   ap_fifo  |  beta_buffer_10_V  |    pointer   |
|beta_buffer_10_V_empty_n    |  in |    1|   ap_fifo  |  beta_buffer_10_V  |    pointer   |
|beta_buffer_10_V_read       | out |    1|   ap_fifo  |  beta_buffer_10_V  |    pointer   |
|beta_buffer_11_V_dout       |  in |   16|   ap_fifo  |  beta_buffer_11_V  |    pointer   |
|beta_buffer_11_V_empty_n    |  in |    1|   ap_fifo  |  beta_buffer_11_V  |    pointer   |
|beta_buffer_11_V_read       | out |    1|   ap_fifo  |  beta_buffer_11_V  |    pointer   |
|beta_buffer_12_V_dout       |  in |   16|   ap_fifo  |  beta_buffer_12_V  |    pointer   |
|beta_buffer_12_V_empty_n    |  in |    1|   ap_fifo  |  beta_buffer_12_V  |    pointer   |
|beta_buffer_12_V_read       | out |    1|   ap_fifo  |  beta_buffer_12_V  |    pointer   |
|beta_buffer_13_V_dout       |  in |   16|   ap_fifo  |  beta_buffer_13_V  |    pointer   |
|beta_buffer_13_V_empty_n    |  in |    1|   ap_fifo  |  beta_buffer_13_V  |    pointer   |
|beta_buffer_13_V_read       | out |    1|   ap_fifo  |  beta_buffer_13_V  |    pointer   |
|beta_buffer_14_V_dout       |  in |   16|   ap_fifo  |  beta_buffer_14_V  |    pointer   |
|beta_buffer_14_V_empty_n    |  in |    1|   ap_fifo  |  beta_buffer_14_V  |    pointer   |
|beta_buffer_14_V_read       | out |    1|   ap_fifo  |  beta_buffer_14_V  |    pointer   |
|beta_buffer_15_V_dout       |  in |   16|   ap_fifo  |  beta_buffer_15_V  |    pointer   |
|beta_buffer_15_V_empty_n    |  in |    1|   ap_fifo  |  beta_buffer_15_V  |    pointer   |
|beta_buffer_15_V_read       | out |    1|   ap_fifo  |  beta_buffer_15_V  |    pointer   |
|output_buffer_0_V_din       | out |   16|   ap_fifo  |  output_buffer_0_V |    pointer   |
|output_buffer_0_V_full_n    |  in |    1|   ap_fifo  |  output_buffer_0_V |    pointer   |
|output_buffer_0_V_write     | out |    1|   ap_fifo  |  output_buffer_0_V |    pointer   |
|output_buffer_1_V_din       | out |   16|   ap_fifo  |  output_buffer_1_V |    pointer   |
|output_buffer_1_V_full_n    |  in |    1|   ap_fifo  |  output_buffer_1_V |    pointer   |
|output_buffer_1_V_write     | out |    1|   ap_fifo  |  output_buffer_1_V |    pointer   |
|output_buffer_2_V_din       | out |   16|   ap_fifo  |  output_buffer_2_V |    pointer   |
|output_buffer_2_V_full_n    |  in |    1|   ap_fifo  |  output_buffer_2_V |    pointer   |
|output_buffer_2_V_write     | out |    1|   ap_fifo  |  output_buffer_2_V |    pointer   |
|output_buffer_3_V_din       | out |   16|   ap_fifo  |  output_buffer_3_V |    pointer   |
|output_buffer_3_V_full_n    |  in |    1|   ap_fifo  |  output_buffer_3_V |    pointer   |
|output_buffer_3_V_write     | out |    1|   ap_fifo  |  output_buffer_3_V |    pointer   |
|output_buffer_4_V_din       | out |   16|   ap_fifo  |  output_buffer_4_V |    pointer   |
|output_buffer_4_V_full_n    |  in |    1|   ap_fifo  |  output_buffer_4_V |    pointer   |
|output_buffer_4_V_write     | out |    1|   ap_fifo  |  output_buffer_4_V |    pointer   |
|output_buffer_5_V_din       | out |   16|   ap_fifo  |  output_buffer_5_V |    pointer   |
|output_buffer_5_V_full_n    |  in |    1|   ap_fifo  |  output_buffer_5_V |    pointer   |
|output_buffer_5_V_write     | out |    1|   ap_fifo  |  output_buffer_5_V |    pointer   |
|output_buffer_6_V_din       | out |   16|   ap_fifo  |  output_buffer_6_V |    pointer   |
|output_buffer_6_V_full_n    |  in |    1|   ap_fifo  |  output_buffer_6_V |    pointer   |
|output_buffer_6_V_write     | out |    1|   ap_fifo  |  output_buffer_6_V |    pointer   |
|output_buffer_7_V_din       | out |   16|   ap_fifo  |  output_buffer_7_V |    pointer   |
|output_buffer_7_V_full_n    |  in |    1|   ap_fifo  |  output_buffer_7_V |    pointer   |
|output_buffer_7_V_write     | out |    1|   ap_fifo  |  output_buffer_7_V |    pointer   |
|output_buffer_8_V_din       | out |   16|   ap_fifo  |  output_buffer_8_V |    pointer   |
|output_buffer_8_V_full_n    |  in |    1|   ap_fifo  |  output_buffer_8_V |    pointer   |
|output_buffer_8_V_write     | out |    1|   ap_fifo  |  output_buffer_8_V |    pointer   |
|output_buffer_9_V_din       | out |   16|   ap_fifo  |  output_buffer_9_V |    pointer   |
|output_buffer_9_V_full_n    |  in |    1|   ap_fifo  |  output_buffer_9_V |    pointer   |
|output_buffer_9_V_write     | out |    1|   ap_fifo  |  output_buffer_9_V |    pointer   |
|output_buffer_10_V_din      | out |   16|   ap_fifo  | output_buffer_10_V |    pointer   |
|output_buffer_10_V_full_n   |  in |    1|   ap_fifo  | output_buffer_10_V |    pointer   |
|output_buffer_10_V_write    | out |    1|   ap_fifo  | output_buffer_10_V |    pointer   |
|output_buffer_11_V_din      | out |   16|   ap_fifo  | output_buffer_11_V |    pointer   |
|output_buffer_11_V_full_n   |  in |    1|   ap_fifo  | output_buffer_11_V |    pointer   |
|output_buffer_11_V_write    | out |    1|   ap_fifo  | output_buffer_11_V |    pointer   |
|output_buffer_12_V_din      | out |   16|   ap_fifo  | output_buffer_12_V |    pointer   |
|output_buffer_12_V_full_n   |  in |    1|   ap_fifo  | output_buffer_12_V |    pointer   |
|output_buffer_12_V_write    | out |    1|   ap_fifo  | output_buffer_12_V |    pointer   |
|output_buffer_13_V_din      | out |   16|   ap_fifo  | output_buffer_13_V |    pointer   |
|output_buffer_13_V_full_n   |  in |    1|   ap_fifo  | output_buffer_13_V |    pointer   |
|output_buffer_13_V_write    | out |    1|   ap_fifo  | output_buffer_13_V |    pointer   |
|output_buffer_14_V_din      | out |   16|   ap_fifo  | output_buffer_14_V |    pointer   |
|output_buffer_14_V_full_n   |  in |    1|   ap_fifo  | output_buffer_14_V |    pointer   |
|output_buffer_14_V_write    | out |    1|   ap_fifo  | output_buffer_14_V |    pointer   |
|output_buffer_15_V_din      | out |   16|   ap_fifo  | output_buffer_15_V |    pointer   |
|output_buffer_15_V_full_n   |  in |    1|   ap_fifo  | output_buffer_15_V |    pointer   |
|output_buffer_15_V_write    | out |    1|   ap_fifo  | output_buffer_15_V |    pointer   |
|data_buffer_V_dout          |  in |    1|   ap_fifo  |    data_buffer_V   |    pointer   |
|data_buffer_V_empty_n       |  in |    1|   ap_fifo  |    data_buffer_V   |    pointer   |
|data_buffer_V_read          | out |    1|   ap_fifo  |    data_buffer_V   |    pointer   |
|result_buffer_V_din         | out |    1|   ap_fifo  |   result_buffer_V  |    pointer   |
|result_buffer_V_full_n      |  in |    1|   ap_fifo  |   result_buffer_V  |    pointer   |
|result_buffer_V_write       | out |    1|   ap_fifo  |   result_buffer_V  |    pointer   |
|data_c_V_dout               |  in |   32|   ap_fifo  |      data_c_V      |    pointer   |
|data_c_V_empty_n            |  in |    1|   ap_fifo  |      data_c_V      |    pointer   |
|data_c_V_read               | out |    1|   ap_fifo  |      data_c_V      |    pointer   |
|data_r_V_dout               |  in |   32|   ap_fifo  |      data_r_V      |    pointer   |
|data_r_V_empty_n            |  in |    1|   ap_fifo  |      data_r_V      |    pointer   |
|data_r_V_read               | out |    1|   ap_fifo  |      data_r_V      |    pointer   |
|data_m_V_dout               |  in |   32|   ap_fifo  |      data_m_V      |    pointer   |
|data_m_V_empty_n            |  in |    1|   ap_fifo  |      data_m_V      |    pointer   |
|data_m_V_read               | out |    1|   ap_fifo  |      data_m_V      |    pointer   |
|data_n_V_dout               |  in |   32|   ap_fifo  |      data_n_V      |    pointer   |
|data_n_V_empty_n            |  in |    1|   ap_fifo  |      data_n_V      |    pointer   |
|data_n_V_read               | out |    1|   ap_fifo  |      data_n_V      |    pointer   |
|result_c_V_din              | out |   32|   ap_fifo  |     result_c_V     |    pointer   |
|result_c_V_full_n           |  in |    1|   ap_fifo  |     result_c_V     |    pointer   |
|result_c_V_write            | out |    1|   ap_fifo  |     result_c_V     |    pointer   |
|result_r_V_din              | out |   32|   ap_fifo  |     result_r_V     |    pointer   |
|result_r_V_full_n           |  in |    1|   ap_fifo  |     result_r_V     |    pointer   |
|result_r_V_write            | out |    1|   ap_fifo  |     result_r_V     |    pointer   |
|result_m_V_din              | out |   32|   ap_fifo  |     result_m_V     |    pointer   |
|result_m_V_full_n           |  in |    1|   ap_fifo  |     result_m_V     |    pointer   |
|result_m_V_write            | out |    1|   ap_fifo  |     result_m_V     |    pointer   |
|result_n_V_din              | out |   32|   ap_fifo  |     result_n_V     |    pointer   |
|result_n_V_full_n           |  in |    1|   ap_fifo  |     result_n_V     |    pointer   |
|result_n_V_write            | out |    1|   ap_fifo  |     result_n_V     |    pointer   |
+----------------------------+-----+-----+------------+--------------------+--------------+

