

================================================================
== Vivado HLS Report for 'compute_pro_7'
================================================================
* Date:           Sun Apr 28 16:03:16 2019

* Version:        2018.3 (Build 2405991 on Thu Dec 06 23:56:15 MST 2018)
* Project:        mobile_net_hls_v1
* Solution:       solution1
* Product family: zynquplus
* Target device:  xczu9eg-ffvb1156-2-i


================================================================
== Performance Estimates
================================================================
+ Timing (ns): 
    * Summary: 
    +--------+-------+----------+------------+
    |  Clock | Target| Estimated| Uncertainty|
    +--------+-------+----------+------------+
    |ap_clk  |   4.20|     3.675|        0.52|
    +--------+-------+----------+------------+

+ Latency (clock cycles): 
    * Summary: 
    +-----+-----+-----+-----+---------+
    |  Latency  |  Interval | Pipeline|
    | min | max | min | max |   Type  |
    +-----+-----+-----+-----+---------+
    |    ?|    ?|    ?|    ?|   none  |
    +-----+-----+-----+-----+---------+

    + Detail: 
        * Instance: 
        +-----------------------+-----------+-----+-----+-----+-----+----------+
        |                       |           |  Latency  |  Interval | Pipeline |
        |        Instance       |   Module  | min | max | min | max |   Type   |
        +-----------------------+-----------+-----+-----+-----+-----+----------+
        |grp_mac_1_1_s_fu_1190  |mac_1_1_s  |    3|    3|    1|    1| function |
        |grp_mac_1_1_s_fu_1196  |mac_1_1_s  |    3|    3|    1|    1| function |
        |grp_mac_1_1_s_fu_1202  |mac_1_1_s  |    3|    3|    1|    1| function |
        |grp_mac_1_1_s_fu_1208  |mac_1_1_s  |    3|    3|    1|    1| function |
        |grp_mac_1_1_s_fu_1214  |mac_1_1_s  |    3|    3|    1|    1| function |
        |grp_mac_1_1_s_fu_1220  |mac_1_1_s  |    3|    3|    1|    1| function |
        |grp_mac_1_1_s_fu_1226  |mac_1_1_s  |    3|    3|    1|    1| function |
        |grp_mac_1_1_s_fu_1232  |mac_1_1_s  |    3|    3|    1|    1| function |
        |grp_mac_1_1_s_fu_1238  |mac_1_1_s  |    3|    3|    1|    1| function |
        |grp_mac_1_1_s_fu_1244  |mac_1_1_s  |    3|    3|    1|    1| function |
        |grp_mac_1_1_s_fu_1250  |mac_1_1_s  |    3|    3|    1|    1| function |
        |grp_mac_1_1_s_fu_1256  |mac_1_1_s  |    3|    3|    1|    1| function |
        |grp_mac_1_1_s_fu_1262  |mac_1_1_s  |    3|    3|    1|    1| function |
        |grp_mac_1_1_s_fu_1268  |mac_1_1_s  |    3|    3|    1|    1| function |
        |grp_mac_1_1_s_fu_1274  |mac_1_1_s  |    3|    3|    1|    1| function |
        |grp_mac_1_1_s_fu_1280  |mac_1_1_s  |    3|    3|    1|    1| function |
        +-----------------------+-----------+-----+-----+-----+-----+----------+

        * Loop: 
        +--------------+-----+------+----------+-----------+-----------+--------+----------+
        |              |   Latency  | Iteration|  Initiation Interval  |  Trip  |          |
        |   Loop Name  | min |  max |  Latency |  achieved |   target  |  Count | Pipelined|
        +--------------+-----+------+----------+-----------+-----------+--------+----------+
        |- Loop 1      |    ?|     ?|         ?|          -|          -|       ?|    no    |
        | + Loop 1.1   |    ?|     ?|         1|          -|          -|       ?|    no    |
        | + nloop      |   68|  1476| 34 ~ 738 |          -|          -|       2|    no    |
        |  ++ rloop    |   32|   736|  16 ~ 46 |          -|          -| 2 ~ 16 |    no    |
        |   +++ cloop  |   13|    43|        13|          1|          1| 2 ~ 32 |    yes   |
        +--------------+-----+------+----------+-----------+-----------+--------+----------+



================================================================
== Utilization Estimates
================================================================
* Summary: 
+-----------------+---------+-------+--------+--------+-----+
|       Name      | BRAM_18K| DSP48E|   FF   |   LUT  | URAM|
+-----------------+---------+-------+--------+--------+-----+
|DSP              |        -|      -|       -|       -|    -|
|Expression       |        -|      -|       0|    2042|    -|
|FIFO             |        -|      -|       -|       -|    -|
|Instance         |        -|     64|    4208|    2752|    -|
|Memory           |       16|      -|       0|       0|    -|
|Multiplexer      |        -|      -|       -|      98|    -|
|Register         |        0|      -|    4092|    1056|    -|
+-----------------+---------+-------+--------+--------+-----+
|Total            |       16|     64|    8300|    5948|    0|
+-----------------+---------+-------+--------+--------+-----+
|Available        |     1824|   2520|  548160|  274080|    0|
+-----------------+---------+-------+--------+--------+-----+
|Utilization (%)  |    ~0   |      2|       1|       2|    0|
+-----------------+---------+-------+--------+--------+-----+

+ Detail: 
    * Instance: 
    +----------------------------+----------------------+---------+-------+-----+-----+
    |          Instance          |        Module        | BRAM_18K| DSP48E|  FF | LUT |
    +----------------------------+----------------------+---------+-------+-----+-----+
    |grp_mac_1_1_s_fu_1190       |mac_1_1_s             |        0|      2|  123|   34|
    |grp_mac_1_1_s_fu_1196       |mac_1_1_s             |        0|      2|  123|   34|
    |grp_mac_1_1_s_fu_1202       |mac_1_1_s             |        0|      2|  123|   34|
    |grp_mac_1_1_s_fu_1208       |mac_1_1_s             |        0|      2|  123|   34|
    |grp_mac_1_1_s_fu_1214       |mac_1_1_s             |        0|      2|  123|   34|
    |grp_mac_1_1_s_fu_1220       |mac_1_1_s             |        0|      2|  123|   34|
    |grp_mac_1_1_s_fu_1226       |mac_1_1_s             |        0|      2|  123|   34|
    |grp_mac_1_1_s_fu_1232       |mac_1_1_s             |        0|      2|  123|   34|
    |grp_mac_1_1_s_fu_1238       |mac_1_1_s             |        0|      2|  123|   34|
    |grp_mac_1_1_s_fu_1244       |mac_1_1_s             |        0|      2|  123|   34|
    |grp_mac_1_1_s_fu_1250       |mac_1_1_s             |        0|      2|  123|   34|
    |grp_mac_1_1_s_fu_1256       |mac_1_1_s             |        0|      2|  123|   34|
    |grp_mac_1_1_s_fu_1262       |mac_1_1_s             |        0|      2|  123|   34|
    |grp_mac_1_1_s_fu_1268       |mac_1_1_s             |        0|      2|  123|   34|
    |grp_mac_1_1_s_fu_1274       |mac_1_1_s             |        0|      2|  123|   34|
    |grp_mac_1_1_s_fu_1280       |mac_1_1_s             |        0|      2|  123|   34|
    |moblie_net_hadd_1bkb_U1634  |moblie_net_hadd_1bkb  |        0|      2|  106|  112|
    |moblie_net_hadd_1bkb_U1635  |moblie_net_hadd_1bkb  |        0|      2|  106|  112|
    |moblie_net_hadd_1bkb_U1636  |moblie_net_hadd_1bkb  |        0|      2|  106|  112|
    |moblie_net_hadd_1bkb_U1637  |moblie_net_hadd_1bkb  |        0|      2|  106|  112|
    |moblie_net_hadd_1bkb_U1638  |moblie_net_hadd_1bkb  |        0|      2|  106|  112|
    |moblie_net_hadd_1bkb_U1639  |moblie_net_hadd_1bkb  |        0|      2|  106|  112|
    |moblie_net_hadd_1bkb_U1640  |moblie_net_hadd_1bkb  |        0|      2|  106|  112|
    |moblie_net_hadd_1bkb_U1641  |moblie_net_hadd_1bkb  |        0|      2|  106|  112|
    |moblie_net_hadd_1bkb_U1642  |moblie_net_hadd_1bkb  |        0|      2|  106|  112|
    |moblie_net_hadd_1bkb_U1643  |moblie_net_hadd_1bkb  |        0|      2|  106|  112|
    |moblie_net_hadd_1bkb_U1644  |moblie_net_hadd_1bkb  |        0|      2|  106|  112|
    |moblie_net_hadd_1bkb_U1645  |moblie_net_hadd_1bkb  |        0|      2|  106|  112|
    |moblie_net_hadd_1bkb_U1646  |moblie_net_hadd_1bkb  |        0|      2|  106|  112|
    |moblie_net_hadd_1bkb_U1647  |moblie_net_hadd_1bkb  |        0|      2|  106|  112|
    |moblie_net_hadd_1bkb_U1648  |moblie_net_hadd_1bkb  |        0|      2|  106|  112|
    |moblie_net_hadd_1bkb_U1649  |moblie_net_hadd_1bkb  |        0|      2|  106|  112|
    |moblie_net_hcmp_1tde_U1650  |moblie_net_hcmp_1tde  |        0|      0|   34|   26|
    |moblie_net_hcmp_1tde_U1651  |moblie_net_hcmp_1tde  |        0|      0|   34|   26|
    |moblie_net_hcmp_1tde_U1652  |moblie_net_hcmp_1tde  |        0|      0|   34|   26|
    |moblie_net_hcmp_1tde_U1653  |moblie_net_hcmp_1tde  |        0|      0|   34|   26|
    |moblie_net_hcmp_1tde_U1654  |moblie_net_hcmp_1tde  |        0|      0|   34|   26|
    |moblie_net_hcmp_1tde_U1655  |moblie_net_hcmp_1tde  |        0|      0|   34|   26|
    |moblie_net_hcmp_1tde_U1656  |moblie_net_hcmp_1tde  |        0|      0|   34|   26|
    |moblie_net_hcmp_1tde_U1657  |moblie_net_hcmp_1tde  |        0|      0|   34|   26|
    |moblie_net_hcmp_1tde_U1658  |moblie_net_hcmp_1tde  |        0|      0|   34|   26|
    |moblie_net_hcmp_1tde_U1659  |moblie_net_hcmp_1tde  |        0|      0|   34|   26|
    |moblie_net_hcmp_1tde_U1660  |moblie_net_hcmp_1tde  |        0|      0|   34|   26|
    |moblie_net_hcmp_1tde_U1661  |moblie_net_hcmp_1tde  |        0|      0|   34|   26|
    |moblie_net_hcmp_1tde_U1662  |moblie_net_hcmp_1tde  |        0|      0|   34|   26|
    |moblie_net_hcmp_1tde_U1663  |moblie_net_hcmp_1tde  |        0|      0|   34|   26|
    |moblie_net_hcmp_1tde_U1664  |moblie_net_hcmp_1tde  |        0|      0|   34|   26|
    |moblie_net_hcmp_1tde_U1665  |moblie_net_hcmp_1tde  |        0|      0|   34|   26|
    +----------------------------+----------------------+---------+-------+-----+-----+
    |Total                       |                      |        0|     64| 4208| 2752|
    +----------------------------+----------------------+---------+-------+-----+-----+

    * DSP48: 
    N/A

    * Memory: 
    +------------------+----------------------+---------+---+----+------+-----+------+-------------+
    |      Memory      |        Module        | BRAM_18K| FF| LUT| Words| Bits| Banks| W*Bits*Banks|
    +------------------+----------------------+---------+---+----+------+-----+------+-------------+
    |output_temp_0_U   |compute_pro_5_outdEe  |        1|  0|   0|   256|   16|     1|         4096|
    |output_temp_1_U   |compute_pro_5_outdEe  |        1|  0|   0|   256|   16|     1|         4096|
    |output_temp_2_U   |compute_pro_5_outdEe  |        1|  0|   0|   256|   16|     1|         4096|
    |output_temp_3_U   |compute_pro_5_outdEe  |        1|  0|   0|   256|   16|     1|         4096|
    |output_temp_4_U   |compute_pro_5_outdEe  |        1|  0|   0|   256|   16|     1|         4096|
    |output_temp_5_U   |compute_pro_5_outdEe  |        1|  0|   0|   256|   16|     1|         4096|
    |output_temp_6_U   |compute_pro_5_outdEe  |        1|  0|   0|   256|   16|     1|         4096|
    |output_temp_7_U   |compute_pro_5_outdEe  |        1|  0|   0|   256|   16|     1|         4096|
    |output_temp_8_U   |compute_pro_5_outdEe  |        1|  0|   0|   256|   16|     1|         4096|
    |output_temp_9_U   |compute_pro_5_outdEe  |        1|  0|   0|   256|   16|     1|         4096|
    |output_temp_10_U  |compute_pro_5_outdEe  |        1|  0|   0|   256|   16|     1|         4096|
    |output_temp_11_U  |compute_pro_5_outdEe  |        1|  0|   0|   256|   16|     1|         4096|
    |output_temp_12_U  |compute_pro_5_outdEe  |        1|  0|   0|   256|   16|     1|         4096|
    |output_temp_13_U  |compute_pro_5_outdEe  |        1|  0|   0|   256|   16|     1|         4096|
    |output_temp_14_U  |compute_pro_5_outdEe  |        1|  0|   0|   256|   16|     1|         4096|
    |output_temp_15_U  |compute_pro_5_outdEe  |        1|  0|   0|   256|   16|     1|         4096|
    +------------------+----------------------+---------+---+----+------+-----+------+-------------+
    |Total             |                      |       16|  0|   0|  4096|  256|    16|        65536|
    +------------------+----------------------+---------+---+----+------+-----+------+-------------+

    * FIFO: 
    N/A

    * Expression: 
    +----------------------------------------+----------+-------+---+----+------------+------------+
    |              Variable Name             | Operation| DSP48E| FF| LUT| Bitwidth P0| Bitwidth P1|
    +----------------------------------------+----------+-------+---+----+------------+------------+
    |tc_2_fu_2185_p2                         |     +    |      0|  0|  15|           5|           1|
    |tmp_244_fu_2129_p2                      |     +    |      0|  0|  39|          32|          32|
    |tmp_246_fu_2113_p2                      |     +    |      0|  0|  39|          32|          32|
    |tmp_253_fu_2199_p2                      |     +    |      0|  0|  17|          10|          10|
    |tn_18_fu_1952_p2                        |     +    |      0|  0|   9|           2|           1|
    |tr_9_fu_2158_p2                         |     +    |      0|  0|  15|           5|           1|
    |tmp_233_fu_1465_p2                      |     -    |      0|  0|  39|           6|          32|
    |tmp_235_fu_1484_p2                      |     -    |      0|  0|  39|           9|          32|
    |tmp_237_fu_1503_p2                      |     -    |      0|  0|  39|           8|          32|
    |tmp_s_fu_1446_p2                        |     -    |      0|  0|  39|           6|          32|
    |or_cond_fu_2108_p2                      |    and   |      0|  0|   2|           1|           1|
    |icmp1_fu_1592_p2                        |   icmp   |      0|  0|  20|          30|           1|
    |icmp2_fu_1662_p2                        |   icmp   |      0|  0|  20|          29|           1|
    |icmp3_fu_1792_p2                        |   icmp   |      0|  0|  20|          28|           1|
    |icmp4_fu_1823_p2                        |   icmp   |      0|  0|  20|          31|           1|
    |icmp5_fu_1845_p2                        |   icmp   |      0|  0|  20|          30|           1|
    |icmp6_fu_1879_p2                        |   icmp   |      0|  0|  20|          29|           1|
    |icmp7_fu_1937_p2                        |   icmp   |      0|  0|  20|          28|           1|
    |icmp8_fu_2143_p2                        |   icmp   |      0|  0|  20|          25|           1|
    |icmp_fu_1552_p2                         |   icmp   |      0|  0|  20|          31|           1|
    |tmp_232_fu_1451_p2                      |   icmp   |      0|  0|  20|          32|           5|
    |tmp_234_fu_1470_p2                      |   icmp   |      0|  0|  20|          32|           5|
    |tmp_236_fu_1489_p2                      |   icmp   |      0|  0|  20|          32|           5|
    |tmp_238_fu_1508_p2                      |   icmp   |      0|  0|  20|          32|           2|
    |tmp_239_fu_1522_p2                      |   icmp   |      0|  0|  20|          32|           1|
    |tmp_240_fu_1527_p2                      |   icmp   |      0|  0|  20|          32|           1|
    |tmp_241_fu_1807_p2                      |   icmp   |      0|  0|  20|          32|           1|
    |tmp_242_fu_1947_p2                      |   icmp   |      0|  0|  20|          32|          32|
    |tmp_245_fu_2102_p2                      |   icmp   |      0|  0|   8|           2|           1|
    |tmp_247_fu_2118_p2                      |   icmp   |      0|  0|  20|          32|           7|
    |tmp_248_fu_2153_p2                      |   icmp   |      0|  0|  20|          32|          32|
    |tmp_251_fu_2180_p2                      |   icmp   |      0|  0|  20|          32|          32|
    |tmp_922_10_fu_1767_p2                   |   icmp   |      0|  0|  20|          32|           4|
    |tmp_922_1_fu_1722_p2                    |   icmp   |      0|  0|  20|          32|           4|
    |tmp_922_2_fu_1567_p2                    |   icmp   |      0|  0|  20|          32|           2|
    |tmp_922_3_fu_1737_p2                    |   icmp   |      0|  0|  20|          32|           4|
    |tmp_922_4_fu_1607_p2                    |   icmp   |      0|  0|  20|          32|           3|
    |tmp_922_5_fu_1622_p2                    |   icmp   |      0|  0|  20|          32|           3|
    |tmp_922_6_fu_1637_p2                    |   icmp   |      0|  0|  20|          32|           3|
    |tmp_922_7_fu_1752_p2                    |   icmp   |      0|  0|  20|          32|           4|
    |tmp_922_8_fu_1677_p2                    |   icmp   |      0|  0|  20|          32|           4|
    |tmp_922_9_fu_1692_p2                    |   icmp   |      0|  0|  20|          32|           4|
    |tmp_922_s_fu_1707_p2                    |   icmp   |      0|  0|  20|          32|           4|
    |tmp_948_0_0_10_fu_1921_p2               |   icmp   |      0|  0|  20|          32|           4|
    |tmp_948_0_0_1_fu_1903_p2                |   icmp   |      0|  0|  20|          32|           4|
    |tmp_948_0_0_2_fu_1829_p2                |   icmp   |      0|  0|  20|          32|           2|
    |tmp_948_0_0_3_fu_1909_p2                |   icmp   |      0|  0|  20|          32|           4|
    |tmp_948_0_0_4_fu_1851_p2                |   icmp   |      0|  0|  20|          32|           3|
    |tmp_948_0_0_5_fu_1857_p2                |   icmp   |      0|  0|  20|          32|           3|
    |tmp_948_0_0_6_fu_1863_p2                |   icmp   |      0|  0|  20|          32|           3|
    |tmp_948_0_0_7_fu_1915_p2                |   icmp   |      0|  0|  20|          32|           4|
    |tmp_948_0_0_8_fu_1885_p2                |   icmp   |      0|  0|  20|          32|           4|
    |tmp_948_0_0_9_fu_1891_p2                |   icmp   |      0|  0|  20|          32|           4|
    |tmp_948_0_0_s_fu_1897_p2                |   icmp   |      0|  0|  20|          32|           4|
    |ap_block_state1                         |    or    |      0|  0|   2|           1|           1|
    |cLoops_fu_1457_p3                       |  select  |      0|  0|  32|           1|           5|
    |grp_mac_1_1_s_fu_1190_weight_regs_read  |  select  |      0|  0|  16|           1|          16|
    |grp_mac_1_1_s_fu_1196_weight_regs_read  |  select  |      0|  0|  16|           1|          16|
    |grp_mac_1_1_s_fu_1202_weight_regs_read  |  select  |      0|  0|  16|           1|          16|
    |grp_mac_1_1_s_fu_1208_weight_regs_read  |  select  |      0|  0|  16|           1|          16|
    |grp_mac_1_1_s_fu_1214_weight_regs_read  |  select  |      0|  0|  16|           1|          16|
    |grp_mac_1_1_s_fu_1220_weight_regs_read  |  select  |      0|  0|  16|           1|          16|
    |grp_mac_1_1_s_fu_1226_weight_regs_read  |  select  |      0|  0|  16|           1|          16|
    |grp_mac_1_1_s_fu_1232_weight_regs_read  |  select  |      0|  0|  16|           1|          16|
    |grp_mac_1_1_s_fu_1238_weight_regs_read  |  select  |      0|  0|  16|           1|          16|
    |grp_mac_1_1_s_fu_1244_weight_regs_read  |  select  |      0|  0|  16|           1|          16|
    |grp_mac_1_1_s_fu_1250_weight_regs_read  |  select  |      0|  0|  16|           1|          16|
    |grp_mac_1_1_s_fu_1256_weight_regs_read  |  select  |      0|  0|  16|           1|          16|
    |grp_mac_1_1_s_fu_1262_weight_regs_read  |  select  |      0|  0|  16|           1|          16|
    |grp_mac_1_1_s_fu_1268_weight_regs_read  |  select  |      0|  0|  16|           1|          16|
    |grp_mac_1_1_s_fu_1274_weight_regs_read  |  select  |      0|  0|  16|           1|          16|
    |grp_mac_1_1_s_fu_1280_weight_regs_read  |  select  |      0|  0|  16|           1|          16|
    |mLoops_fu_1495_p3                       |  select  |      0|  0|  32|           1|           5|
    |nLoops_fu_1514_p3                       |  select  |      0|  0|  32|           1|           2|
    |output_buffer_0_V_din                   |  select  |      0|  0|  16|           1|           1|
    |output_buffer_10_V_din                  |  select  |      0|  0|  16|           1|           1|
    |output_buffer_11_V_din                  |  select  |      0|  0|  16|           1|           1|
    |output_buffer_12_V_din                  |  select  |      0|  0|  16|           1|           1|
    |output_buffer_13_V_din                  |  select  |      0|  0|  16|           1|           1|
    |output_buffer_14_V_din                  |  select  |      0|  0|  16|           1|           1|
    |output_buffer_15_V_din                  |  select  |      0|  0|  16|           1|           1|
    |output_buffer_1_V_din                   |  select  |      0|  0|  16|           1|           1|
    |output_buffer_2_V_din                   |  select  |      0|  0|  16|           1|           1|
    |output_buffer_3_V_din                   |  select  |      0|  0|  16|           1|           1|
    |output_buffer_4_V_din                   |  select  |      0|  0|  16|           1|           1|
    |output_buffer_5_V_din                   |  select  |      0|  0|  16|           1|           1|
    |output_buffer_6_V_din                   |  select  |      0|  0|  16|           1|           1|
    |output_buffer_7_V_din                   |  select  |      0|  0|  16|           1|           1|
    |output_buffer_8_V_din                   |  select  |      0|  0|  16|           1|           1|
    |output_buffer_9_V_din                   |  select  |      0|  0|  16|           1|           1|
    |p_pn_10_fu_2630_p3                      |  select  |      0|  0|  16|           1|          16|
    |p_pn_11_fu_2640_p3                      |  select  |      0|  0|  16|           1|          16|
    |p_pn_12_fu_2650_p3                      |  select  |      0|  0|  16|           1|          16|
    |p_pn_13_fu_2660_p3                      |  select  |      0|  0|  16|           1|          16|
    |p_pn_14_fu_2670_p3                      |  select  |      0|  0|  16|           1|          16|
    |p_pn_1_fu_2540_p3                       |  select  |      0|  0|  16|           1|          16|
    |p_pn_2_fu_2550_p3                       |  select  |      0|  0|  16|           1|          16|
    |p_pn_3_fu_2560_p3                       |  select  |      0|  0|  16|           1|          16|
    |p_pn_4_fu_2570_p3                       |  select  |      0|  0|  16|           1|          16|
    |p_pn_5_fu_2580_p3                       |  select  |      0|  0|  16|           1|          16|
    |p_pn_6_fu_2590_p3                       |  select  |      0|  0|  16|           1|          16|
    |p_pn_7_fu_2600_p3                       |  select  |      0|  0|  16|           1|          16|
    |p_pn_8_fu_2610_p3                       |  select  |      0|  0|  16|           1|          16|
    |p_pn_9_fu_2620_p3                       |  select  |      0|  0|  16|           1|          16|
    |p_pn_fu_2530_p3                         |  select  |      0|  0|  16|           1|          16|
    |p_pn_s_fu_2680_p3                       |  select  |      0|  0|  16|           1|          16|
    |rLoops_fu_1476_p3                       |  select  |      0|  0|  32|           1|           5|
    |ap_enable_pp0                           |    xor   |      0|  0|   2|           1|           2|
    |ap_enable_reg_pp0_iter1                 |    xor   |      0|  0|   2|           2|           1|
    +----------------------------------------+----------+-------+---+----+------------+------------+
    |Total                                   |          |      0|  0|2042|        1491|         966|
    +----------------------------------------+----------+-------+---+----+------------+------------+

    * Multiplexer: 
    +--------------------------+----+-----------+-----+-----------+
    |           Name           | LUT| Input Size| Bits| Total Bits|
    +--------------------------+----+-----------+-----+-----------+
    |ap_NS_fsm                 |  44|          9|    1|          9|
    |ap_done                   |   9|          2|    1|          2|
    |ap_enable_reg_pp0_iter1   |   9|          2|    1|          2|
    |ap_enable_reg_pp0_iter12  |   9|          2|    1|          2|
    |tc_reg_1179               |   9|          2|    5|         10|
    |tn_reg_1157               |   9|          2|    2|          4|
    |tr_reg_1168               |   9|          2|    5|         10|
    +--------------------------+----+-----------+-----+-----------+
    |Total                     |  98|         21|   16|         39|
    +--------------------------+----+-----------+-----+-----------+

    * Register: 
    +------------------------------+----+----+-----+-----------+
    |             Name             | FF | LUT| Bits| Const Bits|
    +------------------------------+----+----+-----+-----------+
    |acc_dat_10_reg_3777           |  16|   0|   16|          0|
    |acc_dat_11_reg_3784           |  16|   0|   16|          0|
    |acc_dat_12_reg_3791           |  16|   0|   16|          0|
    |acc_dat_13_reg_3798           |  16|   0|   16|          0|
    |acc_dat_14_reg_3805           |  16|   0|   16|          0|
    |acc_dat_1_reg_3714            |  16|   0|   16|          0|
    |acc_dat_2_reg_3721            |  16|   0|   16|          0|
    |acc_dat_3_reg_3728            |  16|   0|   16|          0|
    |acc_dat_4_reg_3735            |  16|   0|   16|          0|
    |acc_dat_5_reg_3742            |  16|   0|   16|          0|
    |acc_dat_6_reg_3749            |  16|   0|   16|          0|
    |acc_dat_7_reg_3756            |  16|   0|   16|          0|
    |acc_dat_8_reg_3763            |  16|   0|   16|          0|
    |acc_dat_9_reg_3770            |  16|   0|   16|          0|
    |acc_dat_reg_3707              |  16|   0|   16|          0|
    |acc_dat_s_reg_3812            |  16|   0|   16|          0|
    |ap_CS_fsm                     |   8|   0|    8|          0|
    |ap_done_reg                   |   1|   0|    1|          0|
    |ap_enable_reg_pp0_iter0       |   1|   0|    1|          0|
    |ap_enable_reg_pp0_iter1       |   1|   0|    1|          0|
    |ap_enable_reg_pp0_iter10      |   1|   0|    1|          0|
    |ap_enable_reg_pp0_iter11      |   1|   0|    1|          0|
    |ap_enable_reg_pp0_iter12      |   1|   0|    1|          0|
    |ap_enable_reg_pp0_iter2       |   1|   0|    1|          0|
    |ap_enable_reg_pp0_iter3       |   1|   0|    1|          0|
    |ap_enable_reg_pp0_iter4       |   1|   0|    1|          0|
    |ap_enable_reg_pp0_iter5       |   1|   0|    1|          0|
    |ap_enable_reg_pp0_iter6       |   1|   0|    1|          0|
    |ap_enable_reg_pp0_iter7       |   1|   0|    1|          0|
    |ap_enable_reg_pp0_iter8       |   1|   0|    1|          0|
    |ap_enable_reg_pp0_iter9       |   1|   0|    1|          0|
    |cLoops_reg_3136               |  32|   0|   32|          0|
    |icmp4_reg_3210                |   1|   0|    1|          0|
    |icmp5_reg_3220                |   1|   0|    1|          0|
    |icmp6_reg_3240                |   1|   0|    1|          0|
    |icmp7_reg_3280                |   1|   0|    1|          0|
    |nLoops_reg_3146               |  32|   0|   32|          0|
    |or_cond_reg_3293              |   1|   0|    1|          0|
    |output_temp_0_addr_reg_3451   |   8|   0|    8|          0|
    |output_temp_10_addr_reg_3511  |   8|   0|    8|          0|
    |output_temp_11_addr_reg_3517  |   8|   0|    8|          0|
    |output_temp_12_addr_reg_3523  |   8|   0|    8|          0|
    |output_temp_13_addr_reg_3529  |   8|   0|    8|          0|
    |output_temp_14_addr_reg_3535  |   8|   0|    8|          0|
    |output_temp_15_addr_reg_3541  |   8|   0|    8|          0|
    |output_temp_1_addr_reg_3457   |   8|   0|    8|          0|
    |output_temp_2_addr_reg_3463   |   8|   0|    8|          0|
    |output_temp_3_addr_reg_3469   |   8|   0|    8|          0|
    |output_temp_4_addr_reg_3475   |   8|   0|    8|          0|
    |output_temp_5_addr_reg_3481   |   8|   0|    8|          0|
    |output_temp_6_addr_reg_3487   |   8|   0|    8|          0|
    |output_temp_7_addr_reg_3493   |   8|   0|    8|          0|
    |output_temp_8_addr_reg_3499   |   8|   0|    8|          0|
    |output_temp_9_addr_reg_3505   |   8|   0|    8|          0|
    |p_pn_10_reg_3652              |  16|   0|   16|          0|
    |p_pn_11_reg_3662              |  16|   0|   16|          0|
    |p_pn_12_reg_3672              |  16|   0|   16|          0|
    |p_pn_13_reg_3682              |  16|   0|   16|          0|
    |p_pn_14_reg_3692              |  16|   0|   16|          0|
    |p_pn_1_reg_3562               |  16|   0|   16|          0|
    |p_pn_2_reg_3572               |  16|   0|   16|          0|
    |p_pn_3_reg_3582               |  16|   0|   16|          0|
    |p_pn_4_reg_3592               |  16|   0|   16|          0|
    |p_pn_5_reg_3602               |  16|   0|   16|          0|
    |p_pn_6_reg_3612               |  16|   0|   16|          0|
    |p_pn_7_reg_3622               |  16|   0|   16|          0|
    |p_pn_8_reg_3632               |  16|   0|   16|          0|
    |p_pn_9_reg_3642               |  16|   0|   16|          0|
    |p_pn_reg_3552                 |  16|   0|   16|          0|
    |p_pn_s_reg_3702               |  16|   0|   16|          0|
    |rLoops_reg_3141               |  32|   0|   32|          0|
    |tc_reg_1179                   |   5|   0|    5|          0|
    |tmp_239_reg_3152              |   1|   0|    1|          0|
    |tmp_241_reg_3205              |   1|   0|    1|          0|
    |tmp_247_reg_3313              |   1|   0|    1|          0|
    |tmp_251_reg_3337              |   1|   0|    1|          0|
    |tmp_253_reg_3366              |  10|   0|   10|          0|
    |tmp_254_reg_3547              |  16|   0|   16|          0|
    |tmp_258_reg_3557              |  16|   0|   16|          0|
    |tmp_261_reg_3567              |  16|   0|   16|          0|
    |tmp_264_reg_3577              |  16|   0|   16|          0|
    |tmp_267_reg_3587              |  16|   0|   16|          0|
    |tmp_270_reg_3597              |  16|   0|   16|          0|
    |tmp_273_reg_3607              |  16|   0|   16|          0|
    |tmp_276_reg_3617              |  16|   0|   16|          0|
    |tmp_279_reg_3627              |  16|   0|   16|          0|
    |tmp_282_reg_3637              |  16|   0|   16|          0|
    |tmp_285_reg_3647              |  16|   0|   16|          0|
    |tmp_288_reg_3657              |  16|   0|   16|          0|
    |tmp_291_reg_3667              |  16|   0|   16|          0|
    |tmp_294_reg_3677              |  16|   0|   16|          0|
    |tmp_297_reg_3687              |  16|   0|   16|          0|
    |tmp_300_reg_3697              |  16|   0|   16|          0|
    |tmp_532_cast_reg_3332         |   5|   0|   10|          5|
    |tmp_662_fu_254                |  16|   0|   16|          0|
    |tmp_663_fu_258                |  16|   0|   16|          0|
    |tmp_664_fu_262                |  16|   0|   16|          0|
    |tmp_665_fu_266                |  16|   0|   16|          0|
    |tmp_666_fu_270                |  16|   0|   16|          0|
    |tmp_667_fu_274                |  16|   0|   16|          0|
    |tmp_668_fu_278                |  16|   0|   16|          0|
    |tmp_669_fu_282                |  16|   0|   16|          0|
    |tmp_670_fu_286                |  16|   0|   16|          0|
    |tmp_671_fu_290                |  16|   0|   16|          0|
    |tmp_672_fu_294                |  16|   0|   16|          0|
    |tmp_673_fu_298                |  16|   0|   16|          0|
    |tmp_674_fu_302                |  16|   0|   16|          0|
    |tmp_675_fu_306                |  16|   0|   16|          0|
    |tmp_676_fu_310                |  16|   0|   16|          0|
    |tmp_677_fu_314                |  16|   0|   16|          0|
    |tmp_704_reg_3109              |  32|   0|   32|          0|
    |tmp_705_reg_3115              |  32|   0|   32|          0|
    |tmp_706_reg_3121              |  32|   0|   32|          0|
    |tmp_707_reg_3127              |  32|   0|   32|          0|
    |tmp_740_reg_3346              |  16|   0|   16|          0|
    |tmp_948_0_0_10_reg_3275       |   1|   0|    1|          0|
    |tmp_948_0_0_1_reg_3260        |   1|   0|    1|          0|
    |tmp_948_0_0_2_reg_3215        |   1|   0|    1|          0|
    |tmp_948_0_0_3_reg_3265        |   1|   0|    1|          0|
    |tmp_948_0_0_4_reg_3225        |   1|   0|    1|          0|
    |tmp_948_0_0_5_reg_3230        |   1|   0|    1|          0|
    |tmp_948_0_0_6_reg_3235        |   1|   0|    1|          0|
    |tmp_948_0_0_7_reg_3270        |   1|   0|    1|          0|
    |tmp_948_0_0_8_reg_3245        |   1|   0|    1|          0|
    |tmp_948_0_0_9_reg_3250        |   1|   0|    1|          0|
    |tmp_948_0_0_s_reg_3255        |   1|   0|    1|          0|
    |tn_18_reg_3288                |   2|   0|    2|          0|
    |tn_reg_1157                   |   2|   0|    2|          0|
    |tr_9_reg_3327                 |   5|   0|    5|          0|
    |tr_reg_1168                   |   5|   0|    5|          0|
    |weight_temp_0_0_fu_318        |  16|   0|   16|          0|
    |weight_temp_0_0_s_fu_386      |  16|   0|   16|          0|
    |weight_temp_10_0_fu_358       |  16|   0|   16|          0|
    |weight_temp_10_0_s_fu_426     |  16|   0|   16|          0|
    |weight_temp_11_0_fu_362       |  16|   0|   16|          0|
    |weight_temp_11_0_s_fu_430     |  16|   0|   16|          0|
    |weight_temp_12_0_fu_366       |  16|   0|   16|          0|
    |weight_temp_12_0_s_fu_434     |  16|   0|   16|          0|
    |weight_temp_13_0_fu_370       |  16|   0|   16|          0|
    |weight_temp_13_0_s_fu_438     |  16|   0|   16|          0|
    |weight_temp_14_0_fu_374       |  16|   0|   16|          0|
    |weight_temp_14_0_s_fu_442     |  16|   0|   16|          0|
    |weight_temp_15_0_fu_378       |  16|   0|   16|          0|
    |weight_temp_15_0_s_fu_382     |  16|   0|   16|          0|
    |weight_temp_1_0_fu_322        |  16|   0|   16|          0|
    |weight_temp_1_0_s_fu_390      |  16|   0|   16|          0|
    |weight_temp_2_0_fu_326        |  16|   0|   16|          0|
    |weight_temp_2_0_s_fu_394      |  16|   0|   16|          0|
    |weight_temp_3_0_fu_330        |  16|   0|   16|          0|
    |weight_temp_3_0_s_fu_398      |  16|   0|   16|          0|
    |weight_temp_4_0_fu_334        |  16|   0|   16|          0|
    |weight_temp_4_0_s_fu_402      |  16|   0|   16|          0|
    |weight_temp_5_0_fu_338        |  16|   0|   16|          0|
    |weight_temp_5_0_s_fu_406      |  16|   0|   16|          0|
    |weight_temp_6_0_fu_342        |  16|   0|   16|          0|
    |weight_temp_6_0_s_fu_410      |  16|   0|   16|          0|
    |weight_temp_7_0_fu_346        |  16|   0|   16|          0|
    |weight_temp_7_0_s_fu_414      |  16|   0|   16|          0|
    |weight_temp_8_0_fu_350        |  16|   0|   16|          0|
    |weight_temp_8_0_s_fu_418      |  16|   0|   16|          0|
    |weight_temp_9_0_fu_354        |  16|   0|   16|          0|
    |weight_temp_9_0_s_fu_422      |  16|   0|   16|          0|
    |acc_dat_10_reg_3777           |  64|  32|   16|          0|
    |acc_dat_11_reg_3784           |  64|  32|   16|          0|
    |acc_dat_12_reg_3791           |  64|  32|   16|          0|
    |acc_dat_13_reg_3798           |  64|  32|   16|          0|
    |acc_dat_14_reg_3805           |  64|  32|   16|          0|
    |acc_dat_1_reg_3714            |  64|  32|   16|          0|
    |acc_dat_2_reg_3721            |  64|  32|   16|          0|
    |acc_dat_3_reg_3728            |  64|  32|   16|          0|
    |acc_dat_4_reg_3735            |  64|  32|   16|          0|
    |acc_dat_5_reg_3742            |  64|  32|   16|          0|
    |acc_dat_6_reg_3749            |  64|  32|   16|          0|
    |acc_dat_7_reg_3756            |  64|  32|   16|          0|
    |acc_dat_8_reg_3763            |  64|  32|   16|          0|
    |acc_dat_9_reg_3770            |  64|  32|   16|          0|
    |acc_dat_reg_3707              |  64|  32|   16|          0|
    |acc_dat_s_reg_3812            |  64|  32|   16|          0|
    |output_temp_0_addr_reg_3451   |  64|  32|    8|          0|
    |output_temp_10_addr_reg_3511  |  64|  32|    8|          0|
    |output_temp_11_addr_reg_3517  |  64|  32|    8|          0|
    |output_temp_12_addr_reg_3523  |  64|  32|    8|          0|
    |output_temp_13_addr_reg_3529  |  64|  32|    8|          0|
    |output_temp_14_addr_reg_3535  |  64|  32|    8|          0|
    |output_temp_15_addr_reg_3541  |  64|  32|    8|          0|
    |output_temp_1_addr_reg_3457   |  64|  32|    8|          0|
    |output_temp_2_addr_reg_3463   |  64|  32|    8|          0|
    |output_temp_3_addr_reg_3469   |  64|  32|    8|          0|
    |output_temp_4_addr_reg_3475   |  64|  32|    8|          0|
    |output_temp_5_addr_reg_3481   |  64|  32|    8|          0|
    |output_temp_6_addr_reg_3487   |  64|  32|    8|          0|
    |output_temp_7_addr_reg_3493   |  64|  32|    8|          0|
    |output_temp_8_addr_reg_3499   |  64|  32|    8|          0|
    |output_temp_9_addr_reg_3505   |  64|  32|    8|          0|
    |tmp_253_reg_3366              |  64|  32|   10|          0|
    +------------------------------+----+----+-----+-----------+
    |Total                         |4092|1056| 2379|          5|
    +------------------------------+----+----+-----+-----------+



================================================================
== Interface
================================================================
* Summary: 
+----------------------------+-----+-----+------------+--------------------+--------------+
|          RTL Ports         | Dir | Bits|  Protocol  |    Source Object   |    C Type    |
+----------------------------+-----+-----+------------+--------------------+--------------+
|ap_clk                      |  in |    1| ap_ctrl_hs |    compute_pro.7   | return value |
|ap_rst                      |  in |    1| ap_ctrl_hs |    compute_pro.7   | return value |
|ap_start                    |  in |    1| ap_ctrl_hs |    compute_pro.7   | return value |
|ap_done                     | out |    1| ap_ctrl_hs |    compute_pro.7   | return value |
|ap_continue                 |  in |    1| ap_ctrl_hs |    compute_pro.7   | return value |
|ap_idle                     | out |    1| ap_ctrl_hs |    compute_pro.7   | return value |
|ap_ready                    | out |    1| ap_ctrl_hs |    compute_pro.7   | return value |
|input_buffer_V_dout         |  in |   16|   ap_fifo  |   input_buffer_V   |    pointer   |
|input_buffer_V_empty_n      |  in |    1|   ap_fifo  |   input_buffer_V   |    pointer   |
|input_buffer_V_read         | out |    1|   ap_fifo  |   input_buffer_V   |    pointer   |
|weight_buffer_0_V_dout      |  in |   16|   ap_fifo  |  weight_buffer_0_V |    pointer   |
|weight_buffer_0_V_empty_n   |  in |    1|   ap_fifo  |  weight_buffer_0_V |    pointer   |
|weight_buffer_0_V_read      | out |    1|   ap_fifo  |  weight_buffer_0_V |    pointer   |
|weight_buffer_1_V_dout      |  in |   16|   ap_fifo  |  weight_buffer_1_V |    pointer   |
|weight_buffer_1_V_empty_n   |  in |    1|   ap_fifo  |  weight_buffer_1_V |    pointer   |
|weight_buffer_1_V_read      | out |    1|   ap_fifo  |  weight_buffer_1_V |    pointer   |
|weight_buffer_2_V_dout      |  in |   16|   ap_fifo  |  weight_buffer_2_V |    pointer   |
|weight_buffer_2_V_empty_n   |  in |    1|   ap_fifo  |  weight_buffer_2_V |    pointer   |
|weight_buffer_2_V_read      | out |    1|   ap_fifo  |  weight_buffer_2_V |    pointer   |
|weight_buffer_3_V_dout      |  in |   16|   ap_fifo  |  weight_buffer_3_V |    pointer   |
|weight_buffer_3_V_empty_n   |  in |    1|   ap_fifo  |  weight_buffer_3_V |    pointer   |
|weight_buffer_3_V_read      | out |    1|   ap_fifo  |  weight_buffer_3_V |    pointer   |
|weight_buffer_4_V_dout      |  in |   16|   ap_fifo  |  weight_buffer_4_V |    pointer   |
|weight_buffer_4_V_empty_n   |  in |    1|   ap_fifo  |  weight_buffer_4_V |    pointer   |
|weight_buffer_4_V_read      | out |    1|   ap_fifo  |  weight_buffer_4_V |    pointer   |
|weight_buffer_5_V_dout      |  in |   16|   ap_fifo  |  weight_buffer_5_V |    pointer   |
|weight_buffer_5_V_empty_n   |  in |    1|   ap_fifo  |  weight_buffer_5_V |    pointer   |
|weight_buffer_5_V_read      | out |    1|   ap_fifo  |  weight_buffer_5_V |    pointer   |
|weight_buffer_6_V_dout      |  in |   16|   ap_fifo  |  weight_buffer_6_V |    pointer   |
|weight_buffer_6_V_empty_n   |  in |    1|   ap_fifo  |  weight_buffer_6_V |    pointer   |
|weight_buffer_6_V_read      | out |    1|   ap_fifo  |  weight_buffer_6_V |    pointer   |
|weight_buffer_7_V_dout      |  in |   16|   ap_fifo  |  weight_buffer_7_V |    pointer   |
|weight_buffer_7_V_empty_n   |  in |    1|   ap_fifo  |  weight_buffer_7_V |    pointer   |
|weight_buffer_7_V_read      | out |    1|   ap_fifo  |  weight_buffer_7_V |    pointer   |
|weight_buffer_8_V_dout      |  in |   16|   ap_fifo  |  weight_buffer_8_V |    pointer   |
|weight_buffer_8_V_empty_n   |  in |    1|   ap_fifo  |  weight_buffer_8_V |    pointer   |
|weight_buffer_8_V_read      | out |    1|   ap_fifo  |  weight_buffer_8_V |    pointer   |
|weight_buffer_9_V_dout      |  in |   16|   ap_fifo  |  weight_buffer_9_V |    pointer   |
|weight_buffer_9_V_empty_n   |  in |    1|   ap_fifo  |  weight_buffer_9_V |    pointer   |
|weight_buffer_9_V_read      | out |    1|   ap_fifo  |  weight_buffer_9_V |    pointer   |
|weight_buffer_10_V_dout     |  in |   16|   ap_fifo  | weight_buffer_10_V |    pointer   |
|weight_buffer_10_V_empty_n  |  in |    1|   ap_fifo  | weight_buffer_10_V |    pointer   |
|weight_buffer_10_V_read     | out |    1|   ap_fifo  | weight_buffer_10_V |    pointer   |
|weight_buffer_11_V_dout     |  in |   16|   ap_fifo  | weight_buffer_11_V |    pointer   |
|weight_buffer_11_V_empty_n  |  in |    1|   ap_fifo  | weight_buffer_11_V |    pointer   |
|weight_buffer_11_V_read     | out |    1|   ap_fifo  | weight_buffer_11_V |    pointer   |
|weight_buffer_12_V_dout     |  in |   16|   ap_fifo  | weight_buffer_12_V |    pointer   |
|weight_buffer_12_V_empty_n  |  in |    1|   ap_fifo  | weight_buffer_12_V |    pointer   |
|weight_buffer_12_V_read     | out |    1|   ap_fifo  | weight_buffer_12_V |    pointer   |
|weight_buffer_13_V_dout     |  in |   16|   ap_fifo  | weight_buffer_13_V |    pointer   |
|weight_buffer_13_V_empty_n  |  in |    1|   ap_fifo  | weight_buffer_13_V |    pointer   |
|weight_buffer_13_V_read     | out |    1|   ap_fifo  | weight_buffer_13_V |    pointer   |
|weight_buffer_14_V_dout     |  in |   16|   ap_fifo  | weight_buffer_14_V |    pointer   |
|weight_buffer_14_V_empty_n  |  in |    1|   ap_fifo  | weight_buffer_14_V |    pointer   |
|weight_buffer_14_V_read     | out |    1|   ap_fifo  | weight_buffer_14_V |    pointer   |
|weight_buffer_15_V_dout     |  in |   16|   ap_fifo  | weight_buffer_15_V |    pointer   |
|weight_buffer_15_V_empty_n  |  in |    1|   ap_fifo  | weight_buffer_15_V |    pointer   |
|weight_buffer_15_V_read     | out |    1|   ap_fifo  | weight_buffer_15_V |    pointer   |
|beta_buffer_0_V_dout        |  in |   16|   ap_fifo  |   beta_buffer_0_V  |    pointer   |
|beta_buffer_0_V_empty_n     |  in |    1|   ap_fifo  |   beta_buffer_0_V  |    pointer   |
|beta_buffer_0_V_read        | out |    1|   ap_fifo  |   beta_buffer_0_V  |    pointer   |
|beta_buffer_1_V_dout        |  in |   16|   ap_fifo  |   beta_buffer_1_V  |    pointer   |
|beta_buffer_1_V_empty_n     |  in |    1|   ap_fifo  |   beta_buffer_1_V  |    pointer   |
|beta_buffer_1_V_read        | out |    1|   ap_fifo  |   beta_buffer_1_V  |    pointer   |
|beta_buffer_2_V_dout        |  in |   16|   ap_fifo  |   beta_buffer_2_V  |    pointer   |
|beta_buffer_2_V_empty_n     |  in |    1|   ap_fifo  |   beta_buffer_2_V  |    pointer   |
|beta_buffer_2_V_read        | out |    1|   ap_fifo  |   beta_buffer_2_V  |    pointer   |
|beta_buffer_3_V_dout        |  in |   16|   ap_fifo  |   beta_buffer_3_V  |    pointer   |
|beta_buffer_3_V_empty_n     |  in |    1|   ap_fifo  |   beta_buffer_3_V  |    pointer   |
|beta_buffer_3_V_read        | out |    1|   ap_fifo  |   beta_buffer_3_V  |    pointer   |
|beta_buffer_4_V_dout        |  in |   16|   ap_fifo  |   beta_buffer_4_V  |    pointer   |
|beta_buffer_4_V_empty_n     |  in |    1|   ap_fifo  |   beta_buffer_4_V  |    pointer   |
|beta_buffer_4_V_read        | out |    1|   ap_fifo  |   beta_buffer_4_V  |    pointer   |
|beta_buffer_5_V_dout        |  in |   16|   ap_fifo  |   beta_buffer_5_V  |    pointer   |
|beta_buffer_5_V_empty_n     |  in |    1|   ap_fifo  |   beta_buffer_5_V  |    pointer   |
|beta_buffer_5_V_read        | out |    1|   ap_fifo  |   beta_buffer_5_V  |    pointer   |
|beta_buffer_6_V_dout        |  in |   16|   ap_fifo  |   beta_buffer_6_V  |    pointer   |
|beta_buffer_6_V_empty_n     |  in |    1|   ap_fifo  |   beta_buffer_6_V  |    pointer   |
|beta_buffer_6_V_read        | out |    1|   ap_fifo  |   beta_buffer_6_V  |    pointer   |
|beta_buffer_7_V_dout        |  in |   16|   ap_fifo  |   beta_buffer_7_V  |    pointer   |
|beta_buffer_7_V_empty_n     |  in |    1|   ap_fifo  |   beta_buffer_7_V  |    pointer   |
|beta_buffer_7_V_read        | out |    1|   ap_fifo  |   beta_buffer_7_V  |    pointer   |
|beta_buffer_8_V_dout        |  in |   16|   ap_fifo  |   beta_buffer_8_V  |    pointer   |
|beta_buffer_8_V_empty_n     |  in |    1|   ap_fifo  |   beta_buffer_8_V  |    pointer   |
|beta_buffer_8_V_read        | out |    1|   ap_fifo  |   beta_buffer_8_V  |    pointer   |
|beta_buffer_9_V_dout        |  in |   16|   ap_fifo  |   beta_buffer_9_V  |    pointer   |
|beta_buffer_9_V_empty_n     |  in |    1|   ap_fifo  |   beta_buffer_9_V  |    pointer   |
|beta_buffer_9_V_read        | out |    1|   ap_fifo  |   beta_buffer_9_V  |    pointer   |
|beta_buffer_10_V_dout       |  in |   16|   ap_fifo  |  beta_buffer_10_V  |    pointer   |
|beta_buffer_10_V_empty_n    |  in |    1|   ap_fifo  |  beta_buffer_10_V  |    pointer   |
|beta_buffer_10_V_read       | out |    1|   ap_fifo  |  beta_buffer_10_V  |    pointer   |
|beta_buffer_11_V_dout       |  in |   16|   ap_fifo  |  beta_buffer_11_V  |    pointer   |
|beta_buffer_11_V_empty_n    |  in |    1|   ap_fifo  |  beta_buffer_11_V  |    pointer   |
|beta_buffer_11_V_read       | out |    1|   ap_fifo  |  beta_buffer_11_V  |    pointer   |
|beta_buffer_12_V_dout       |  in |   16|   ap_fifo  |  beta_buffer_12_V  |    pointer   |
|beta_buffer_12_V_empty_n    |  in |    1|   ap_fifo  |  beta_buffer_12_V  |    pointer   |
|beta_buffer_12_V_read       | out |    1|   ap_fifo  |  beta_buffer_12_V  |    pointer   |
|beta_buffer_13_V_dout       |  in |   16|   ap_fifo  |  beta_buffer_13_V  |    pointer   |
|beta_buffer_13_V_empty_n    |  in |    1|   ap_fifo  |  beta_buffer_13_V  |    pointer   |
|beta_buffer_13_V_read       | out |    1|   ap_fifo  |  beta_buffer_13_V  |    pointer   |
|beta_buffer_14_V_dout       |  in |   16|   ap_fifo  |  beta_buffer_14_V  |    pointer   |
|beta_buffer_14_V_empty_n    |  in |    1|   ap_fifo  |  beta_buffer_14_V  |    pointer   |
|beta_buffer_14_V_read       | out |    1|   ap_fifo  |  beta_buffer_14_V  |    pointer   |
|beta_buffer_15_V_dout       |  in |   16|   ap_fifo  |  beta_buffer_15_V  |    pointer   |
|beta_buffer_15_V_empty_n    |  in |    1|   ap_fifo  |  beta_buffer_15_V  |    pointer   |
|beta_buffer_15_V_read       | out |    1|   ap_fifo  |  beta_buffer_15_V  |    pointer   |
|output_buffer_0_V_din       | out |   16|   ap_fifo  |  output_buffer_0_V |    pointer   |
|output_buffer_0_V_full_n    |  in |    1|   ap_fifo  |  output_buffer_0_V |    pointer   |
|output_buffer_0_V_write     | out |    1|   ap_fifo  |  output_buffer_0_V |    pointer   |
|output_buffer_1_V_din       | out |   16|   ap_fifo  |  output_buffer_1_V |    pointer   |
|output_buffer_1_V_full_n    |  in |    1|   ap_fifo  |  output_buffer_1_V |    pointer   |
|output_buffer_1_V_write     | out |    1|   ap_fifo  |  output_buffer_1_V |    pointer   |
|output_buffer_2_V_din       | out |   16|   ap_fifo  |  output_buffer_2_V |    pointer   |
|output_buffer_2_V_full_n    |  in |    1|   ap_fifo  |  output_buffer_2_V |    pointer   |
|output_buffer_2_V_write     | out |    1|   ap_fifo  |  output_buffer_2_V |    pointer   |
|output_buffer_3_V_din       | out |   16|   ap_fifo  |  output_buffer_3_V |    pointer   |
|output_buffer_3_V_full_n    |  in |    1|   ap_fifo  |  output_buffer_3_V |    pointer   |
|output_buffer_3_V_write     | out |    1|   ap_fifo  |  output_buffer_3_V |    pointer   |
|output_buffer_4_V_din       | out |   16|   ap_fifo  |  output_buffer_4_V |    pointer   |
|output_buffer_4_V_full_n    |  in |    1|   ap_fifo  |  output_buffer_4_V |    pointer   |
|output_buffer_4_V_write     | out |    1|   ap_fifo  |  output_buffer_4_V |    pointer   |
|output_buffer_5_V_din       | out |   16|   ap_fifo  |  output_buffer_5_V |    pointer   |
|output_buffer_5_V_full_n    |  in |    1|   ap_fifo  |  output_buffer_5_V |    pointer   |
|output_buffer_5_V_write     | out |    1|   ap_fifo  |  output_buffer_5_V |    pointer   |
|output_buffer_6_V_din       | out |   16|   ap_fifo  |  output_buffer_6_V |    pointer   |
|output_buffer_6_V_full_n    |  in |    1|   ap_fifo  |  output_buffer_6_V |    pointer   |
|output_buffer_6_V_write     | out |    1|   ap_fifo  |  output_buffer_6_V |    pointer   |
|output_buffer_7_V_din       | out |   16|   ap_fifo  |  output_buffer_7_V |    pointer   |
|output_buffer_7_V_full_n    |  in |    1|   ap_fifo  |  output_buffer_7_V |    pointer   |
|output_buffer_7_V_write     | out |    1|   ap_fifo  |  output_buffer_7_V |    pointer   |
|output_buffer_8_V_din       | out |   16|   ap_fifo  |  output_buffer_8_V |    pointer   |
|output_buffer_8_V_full_n    |  in |    1|   ap_fifo  |  output_buffer_8_V |    pointer   |
|output_buffer_8_V_write     | out |    1|   ap_fifo  |  output_buffer_8_V |    pointer   |
|output_buffer_9_V_din       | out |   16|   ap_fifo  |  output_buffer_9_V |    pointer   |
|output_buffer_9_V_full_n    |  in |    1|   ap_fifo  |  output_buffer_9_V |    pointer   |
|output_buffer_9_V_write     | out |    1|   ap_fifo  |  output_buffer_9_V |    pointer   |
|output_buffer_10_V_din      | out |   16|   ap_fifo  | output_buffer_10_V |    pointer   |
|output_buffer_10_V_full_n   |  in |    1|   ap_fifo  | output_buffer_10_V |    pointer   |
|output_buffer_10_V_write    | out |    1|   ap_fifo  | output_buffer_10_V |    pointer   |
|output_buffer_11_V_din      | out |   16|   ap_fifo  | output_buffer_11_V |    pointer   |
|output_buffer_11_V_full_n   |  in |    1|   ap_fifo  | output_buffer_11_V |    pointer   |
|output_buffer_11_V_write    | out |    1|   ap_fifo  | output_buffer_11_V |    pointer   |
|output_buffer_12_V_din      | out |   16|   ap_fifo  | output_buffer_12_V |    pointer   |
|output_buffer_12_V_full_n   |  in |    1|   ap_fifo  | output_buffer_12_V |    pointer   |
|output_buffer_12_V_write    | out |    1|   ap_fifo  | output_buffer_12_V |    pointer   |
|output_buffer_13_V_din      | out |   16|   ap_fifo  | output_buffer_13_V |    pointer   |
|output_buffer_13_V_full_n   |  in |    1|   ap_fifo  | output_buffer_13_V |    pointer   |
|output_buffer_13_V_write    | out |    1|   ap_fifo  | output_buffer_13_V |    pointer   |
|output_buffer_14_V_din      | out |   16|   ap_fifo  | output_buffer_14_V |    pointer   |
|output_buffer_14_V_full_n   |  in |    1|   ap_fifo  | output_buffer_14_V |    pointer   |
|output_buffer_14_V_write    | out |    1|   ap_fifo  | output_buffer_14_V |    pointer   |
|output_buffer_15_V_din      | out |   16|   ap_fifo  | output_buffer_15_V |    pointer   |
|output_buffer_15_V_full_n   |  in |    1|   ap_fifo  | output_buffer_15_V |    pointer   |
|output_buffer_15_V_write    | out |    1|   ap_fifo  | output_buffer_15_V |    pointer   |
|data_buffer_V_dout          |  in |    1|   ap_fifo  |    data_buffer_V   |    pointer   |
|data_buffer_V_empty_n       |  in |    1|   ap_fifo  |    data_buffer_V   |    pointer   |
|data_buffer_V_read          | out |    1|   ap_fifo  |    data_buffer_V   |    pointer   |
|result_buffer_V_din         | out |    1|   ap_fifo  |   result_buffer_V  |    pointer   |
|result_buffer_V_full_n      |  in |    1|   ap_fifo  |   result_buffer_V  |    pointer   |
|result_buffer_V_write       | out |    1|   ap_fifo  |   result_buffer_V  |    pointer   |
|data_c_V_dout               |  in |   32|   ap_fifo  |      data_c_V      |    pointer   |
|data_c_V_empty_n            |  in |    1|   ap_fifo  |      data_c_V      |    pointer   |
|data_c_V_read               | out |    1|   ap_fifo  |      data_c_V      |    pointer   |
|data_r_V_dout               |  in |   32|   ap_fifo  |      data_r_V      |    pointer   |
|data_r_V_empty_n            |  in |    1|   ap_fifo  |      data_r_V      |    pointer   |
|data_r_V_read               | out |    1|   ap_fifo  |      data_r_V      |    pointer   |
|data_m_V_dout               |  in |   32|   ap_fifo  |      data_m_V      |    pointer   |
|data_m_V_empty_n            |  in |    1|   ap_fifo  |      data_m_V      |    pointer   |
|data_m_V_read               | out |    1|   ap_fifo  |      data_m_V      |    pointer   |
|data_n_V_dout               |  in |   32|   ap_fifo  |      data_n_V      |    pointer   |
|data_n_V_empty_n            |  in |    1|   ap_fifo  |      data_n_V      |    pointer   |
|data_n_V_read               | out |    1|   ap_fifo  |      data_n_V      |    pointer   |
|result_c_V_din              | out |   32|   ap_fifo  |     result_c_V     |    pointer   |
|result_c_V_full_n           |  in |    1|   ap_fifo  |     result_c_V     |    pointer   |
|result_c_V_write            | out |    1|   ap_fifo  |     result_c_V     |    pointer   |
|result_r_V_din              | out |   32|   ap_fifo  |     result_r_V     |    pointer   |
|result_r_V_full_n           |  in |    1|   ap_fifo  |     result_r_V     |    pointer   |
|result_r_V_write            | out |    1|   ap_fifo  |     result_r_V     |    pointer   |
|result_m_V_din              | out |   32|   ap_fifo  |     result_m_V     |    pointer   |
|result_m_V_full_n           |  in |    1|   ap_fifo  |     result_m_V     |    pointer   |
|result_m_V_write            | out |    1|   ap_fifo  |     result_m_V     |    pointer   |
|result_n_V_din              | out |   32|   ap_fifo  |     result_n_V     |    pointer   |
|result_n_V_full_n           |  in |    1|   ap_fifo  |     result_n_V     |    pointer   |
|result_n_V_write            | out |    1|   ap_fifo  |     result_n_V     |    pointer   |
+----------------------------+-----+-----+------------+--------------------+--------------+

