

================================================================
== Vivado HLS Report for 'conv_10'
================================================================
* Date:           Sun Apr 28 16:06:50 2019

* Version:        2018.3 (Build 2405991 on Thu Dec 06 23:56:15 MST 2018)
* Project:        mobile_net_hls_v1
* Solution:       solution1
* Product family: zynquplus
* Target device:  xczu9eg-ffvb1156-2-i


================================================================
== Performance Estimates
================================================================
+ Timing (ns): 
    * Summary: 
    +--------+-------+----------+------------+
    |  Clock | Target| Estimated| Uncertainty|
    +--------+-------+----------+------------+
    |ap_clk  |   4.20|     3.675|        0.52|
    +--------+-------+----------+------------+

+ Latency (clock cycles): 
    * Summary: 
    +-----+-----+-----+-----+---------+
    |  Latency  |  Interval | Pipeline|
    | min | max | min | max |   Type  |
    +-----+-----+-----+-----+---------+
    |    ?|    ?|    ?|    ?|   none  |
    +-----+-----+-----+-----+---------+

    + Detail: 
        * Instance: 
        +--------------------+----------+-----+-----+-----+-----+----------+
        |                    |          |  Latency  |  Interval | Pipeline |
        |      Instance      |  Module  | min | max | min | max |   Type   |
        +--------------------+----------+-----+-----+-----+-----+----------+
        |grp_apply_11_fu_86  |apply_11  |    ?|    ?|    ?|    ?| dataflow |
        +--------------------+----------+-----+-----+-----+-----+----------+

        * Loop: 
        N/A



================================================================
== Utilization Estimates
================================================================
* Summary: 
+-----------------+---------+-------+--------+--------+-----+
|       Name      | BRAM_18K| DSP48E|   FF   |   LUT  | URAM|
+-----------------+---------+-------+--------+--------+-----+
|DSP              |        -|      -|       -|       -|    -|
|Expression       |        -|      -|       0|       4|    -|
|FIFO             |        -|      -|       -|       -|    -|
|Instance         |       15|     36|    8114|    7066|    -|
|Memory           |        -|      -|       -|       -|    -|
|Multiplexer      |        -|      -|       -|     105|    -|
|Register         |        -|      -|       5|       -|    -|
+-----------------+---------+-------+--------+--------+-----+
|Total            |       15|     36|    8119|    7175|    0|
+-----------------+---------+-------+--------+--------+-----+
|Available        |     1824|   2520|  548160|  274080|    0|
+-----------------+---------+-------+--------+--------+-----+
|Utilization (%)  |    ~0   |      1|       1|       2|    0|
+-----------------+---------+-------+--------+--------+-----+

+ Detail: 
    * Instance: 
    +--------------------+----------+---------+-------+------+------+
    |      Instance      |  Module  | BRAM_18K| DSP48E|  FF  |  LUT |
    +--------------------+----------+---------+-------+------+------+
    |grp_apply_11_fu_86  |apply_11  |       15|     36|  8114|  7066|
    +--------------------+----------+---------+-------+------+------+
    |Total               |          |       15|     36|  8114|  7066|
    +--------------------+----------+---------+-------+------+------+

    * DSP48: 
    N/A

    * Memory: 
    N/A

    * FIFO: 
    N/A

    * Expression: 
    +-------------------------------------+----------+-------+---+----+------------+------------+
    |            Variable Name            | Operation| DSP48E| FF| LUT| Bitwidth P0| Bitwidth P1|
    +-------------------------------------+----------+-------+---+----+------------+------------+
    |ap_sync_grp_apply_11_fu_86_ap_done   |    or    |      0|  0|   2|           1|           1|
    |ap_sync_grp_apply_11_fu_86_ap_ready  |    or    |      0|  0|   2|           1|           1|
    +-------------------------------------+----------+-------+---+----+------------+------------+
    |Total                                |          |      0|  0|   4|           2|           2|
    +-------------------------------------+----------+-------+---+----+------------+------------+

    * Multiplexer: 
    +-----------------------+----+-----------+-----+-----------+
    |          Name         | LUT| Input Size| Bits| Total Bits|
    +-----------------------+----+-----------+-----+-----------+
    |ap_NS_fsm              |  15|          3|    1|          3|
    |cntl_V_write           |   9|          2|    1|          2|
    |m_axi_betas_ARVALID    |   9|          2|    1|          2|
    |m_axi_betas_RREADY     |   9|          2|    1|          2|
    |m_axi_inputs_ARVALID   |   9|          2|    1|          2|
    |m_axi_inputs_RREADY    |   9|          2|    1|          2|
    |m_axi_outputs_AWVALID  |   9|          2|    1|          2|
    |m_axi_outputs_BREADY   |   9|          2|    1|          2|
    |m_axi_outputs_WVALID   |   9|          2|    1|          2|
    |m_axi_weights_ARVALID  |   9|          2|    1|          2|
    |m_axi_weights_RREADY   |   9|          2|    1|          2|
    +-----------------------+----+-----------+-----+-----------+
    |Total                  | 105|         23|   11|         23|
    +-----------------------+----+-----------+-----+-----------+

    * Register: 
    +-----------------------------------------+---+----+-----+-----------+
    |                   Name                  | FF| LUT| Bits| Const Bits|
    +-----------------------------------------+---+----+-----+-----------+
    |ap_CS_fsm                                |  2|   0|    2|          0|
    |ap_sync_reg_grp_apply_11_fu_86_ap_done   |  1|   0|    1|          0|
    |ap_sync_reg_grp_apply_11_fu_86_ap_ready  |  1|   0|    1|          0|
    |grp_apply_11_fu_86_ap_start_reg          |  1|   0|    1|          0|
    +-----------------------------------------+---+----+-----+-----------+
    |Total                                    |  5|   0|    5|          0|
    +-----------------------------------------+---+----+-----+-----------+



================================================================
== Interface
================================================================
* Summary: 
+------------------------+-----+-----+------------+----------------+--------------+
|        RTL Ports       | Dir | Bits|  Protocol  |  Source Object |    C Type    |
+------------------------+-----+-----+------------+----------------+--------------+
|ap_clk                  |  in |    1| ap_ctrl_hs |     conv.10    | return value |
|ap_rst                  |  in |    1| ap_ctrl_hs |     conv.10    | return value |
|ap_start                |  in |    1| ap_ctrl_hs |     conv.10    | return value |
|ap_done                 | out |    1| ap_ctrl_hs |     conv.10    | return value |
|ap_idle                 | out |    1| ap_ctrl_hs |     conv.10    | return value |
|ap_ready                | out |    1| ap_ctrl_hs |     conv.10    | return value |
|m_axi_inputs_AWVALID    | out |    1|    m_axi   |     inputs     |    pointer   |
|m_axi_inputs_AWREADY    |  in |    1|    m_axi   |     inputs     |    pointer   |
|m_axi_inputs_AWADDR     | out |   32|    m_axi   |     inputs     |    pointer   |
|m_axi_inputs_AWID       | out |    1|    m_axi   |     inputs     |    pointer   |
|m_axi_inputs_AWLEN      | out |   32|    m_axi   |     inputs     |    pointer   |
|m_axi_inputs_AWSIZE     | out |    3|    m_axi   |     inputs     |    pointer   |
|m_axi_inputs_AWBURST    | out |    2|    m_axi   |     inputs     |    pointer   |
|m_axi_inputs_AWLOCK     | out |    2|    m_axi   |     inputs     |    pointer   |
|m_axi_inputs_AWCACHE    | out |    4|    m_axi   |     inputs     |    pointer   |
|m_axi_inputs_AWPROT     | out |    3|    m_axi   |     inputs     |    pointer   |
|m_axi_inputs_AWQOS      | out |    4|    m_axi   |     inputs     |    pointer   |
|m_axi_inputs_AWREGION   | out |    4|    m_axi   |     inputs     |    pointer   |
|m_axi_inputs_AWUSER     | out |    1|    m_axi   |     inputs     |    pointer   |
|m_axi_inputs_WVALID     | out |    1|    m_axi   |     inputs     |    pointer   |
|m_axi_inputs_WREADY     |  in |    1|    m_axi   |     inputs     |    pointer   |
|m_axi_inputs_WDATA      | out |   16|    m_axi   |     inputs     |    pointer   |
|m_axi_inputs_WSTRB      | out |    2|    m_axi   |     inputs     |    pointer   |
|m_axi_inputs_WLAST      | out |    1|    m_axi   |     inputs     |    pointer   |
|m_axi_inputs_WID        | out |    1|    m_axi   |     inputs     |    pointer   |
|m_axi_inputs_WUSER      | out |    1|    m_axi   |     inputs     |    pointer   |
|m_axi_inputs_ARVALID    | out |    1|    m_axi   |     inputs     |    pointer   |
|m_axi_inputs_ARREADY    |  in |    1|    m_axi   |     inputs     |    pointer   |
|m_axi_inputs_ARADDR     | out |   32|    m_axi   |     inputs     |    pointer   |
|m_axi_inputs_ARID       | out |    1|    m_axi   |     inputs     |    pointer   |
|m_axi_inputs_ARLEN      | out |   32|    m_axi   |     inputs     |    pointer   |
|m_axi_inputs_ARSIZE     | out |    3|    m_axi   |     inputs     |    pointer   |
|m_axi_inputs_ARBURST    | out |    2|    m_axi   |     inputs     |    pointer   |
|m_axi_inputs_ARLOCK     | out |    2|    m_axi   |     inputs     |    pointer   |
|m_axi_inputs_ARCACHE    | out |    4|    m_axi   |     inputs     |    pointer   |
|m_axi_inputs_ARPROT     | out |    3|    m_axi   |     inputs     |    pointer   |
|m_axi_inputs_ARQOS      | out |    4|    m_axi   |     inputs     |    pointer   |
|m_axi_inputs_ARREGION   | out |    4|    m_axi   |     inputs     |    pointer   |
|m_axi_inputs_ARUSER     | out |    1|    m_axi   |     inputs     |    pointer   |
|m_axi_inputs_RVALID     |  in |    1|    m_axi   |     inputs     |    pointer   |
|m_axi_inputs_RREADY     | out |    1|    m_axi   |     inputs     |    pointer   |
|m_axi_inputs_RDATA      |  in |   16|    m_axi   |     inputs     |    pointer   |
|m_axi_inputs_RLAST      |  in |    1|    m_axi   |     inputs     |    pointer   |
|m_axi_inputs_RID        |  in |    1|    m_axi   |     inputs     |    pointer   |
|m_axi_inputs_RUSER      |  in |    1|    m_axi   |     inputs     |    pointer   |
|m_axi_inputs_RRESP      |  in |    2|    m_axi   |     inputs     |    pointer   |
|m_axi_inputs_BVALID     |  in |    1|    m_axi   |     inputs     |    pointer   |
|m_axi_inputs_BREADY     | out |    1|    m_axi   |     inputs     |    pointer   |
|m_axi_inputs_BRESP      |  in |    2|    m_axi   |     inputs     |    pointer   |
|m_axi_inputs_BID        |  in |    1|    m_axi   |     inputs     |    pointer   |
|m_axi_inputs_BUSER      |  in |    1|    m_axi   |     inputs     |    pointer   |
|inputs_offset           |  in |   31|   ap_none  |  inputs_offset |    scalar    |
|inputs_offset1          |  in |   17|   ap_none  | inputs_offset1 |    scalar    |
|m_axi_weights_AWVALID   | out |    1|    m_axi   |     weights    |    pointer   |
|m_axi_weights_AWREADY   |  in |    1|    m_axi   |     weights    |    pointer   |
|m_axi_weights_AWADDR    | out |   32|    m_axi   |     weights    |    pointer   |
|m_axi_weights_AWID      | out |    1|    m_axi   |     weights    |    pointer   |
|m_axi_weights_AWLEN     | out |   32|    m_axi   |     weights    |    pointer   |
|m_axi_weights_AWSIZE    | out |    3|    m_axi   |     weights    |    pointer   |
|m_axi_weights_AWBURST   | out |    2|    m_axi   |     weights    |    pointer   |
|m_axi_weights_AWLOCK    | out |    2|    m_axi   |     weights    |    pointer   |
|m_axi_weights_AWCACHE   | out |    4|    m_axi   |     weights    |    pointer   |
|m_axi_weights_AWPROT    | out |    3|    m_axi   |     weights    |    pointer   |
|m_axi_weights_AWQOS     | out |    4|    m_axi   |     weights    |    pointer   |
|m_axi_weights_AWREGION  | out |    4|    m_axi   |     weights    |    pointer   |
|m_axi_weights_AWUSER    | out |    1|    m_axi   |     weights    |    pointer   |
|m_axi_weights_WVALID    | out |    1|    m_axi   |     weights    |    pointer   |
|m_axi_weights_WREADY    |  in |    1|    m_axi   |     weights    |    pointer   |
|m_axi_weights_WDATA     | out |   16|    m_axi   |     weights    |    pointer   |
|m_axi_weights_WSTRB     | out |    2|    m_axi   |     weights    |    pointer   |
|m_axi_weights_WLAST     | out |    1|    m_axi   |     weights    |    pointer   |
|m_axi_weights_WID       | out |    1|    m_axi   |     weights    |    pointer   |
|m_axi_weights_WUSER     | out |    1|    m_axi   |     weights    |    pointer   |
|m_axi_weights_ARVALID   | out |    1|    m_axi   |     weights    |    pointer   |
|m_axi_weights_ARREADY   |  in |    1|    m_axi   |     weights    |    pointer   |
|m_axi_weights_ARADDR    | out |   32|    m_axi   |     weights    |    pointer   |
|m_axi_weights_ARID      | out |    1|    m_axi   |     weights    |    pointer   |
|m_axi_weights_ARLEN     | out |   32|    m_axi   |     weights    |    pointer   |
|m_axi_weights_ARSIZE    | out |    3|    m_axi   |     weights    |    pointer   |
|m_axi_weights_ARBURST   | out |    2|    m_axi   |     weights    |    pointer   |
|m_axi_weights_ARLOCK    | out |    2|    m_axi   |     weights    |    pointer   |
|m_axi_weights_ARCACHE   | out |    4|    m_axi   |     weights    |    pointer   |
|m_axi_weights_ARPROT    | out |    3|    m_axi   |     weights    |    pointer   |
|m_axi_weights_ARQOS     | out |    4|    m_axi   |     weights    |    pointer   |
|m_axi_weights_ARREGION  | out |    4|    m_axi   |     weights    |    pointer   |
|m_axi_weights_ARUSER    | out |    1|    m_axi   |     weights    |    pointer   |
|m_axi_weights_RVALID    |  in |    1|    m_axi   |     weights    |    pointer   |
|m_axi_weights_RREADY    | out |    1|    m_axi   |     weights    |    pointer   |
|m_axi_weights_RDATA     |  in |   16|    m_axi   |     weights    |    pointer   |
|m_axi_weights_RLAST     |  in |    1|    m_axi   |     weights    |    pointer   |
|m_axi_weights_RID       |  in |    1|    m_axi   |     weights    |    pointer   |
|m_axi_weights_RUSER     |  in |    1|    m_axi   |     weights    |    pointer   |
|m_axi_weights_RRESP     |  in |    2|    m_axi   |     weights    |    pointer   |
|m_axi_weights_BVALID    |  in |    1|    m_axi   |     weights    |    pointer   |
|m_axi_weights_BREADY    | out |    1|    m_axi   |     weights    |    pointer   |
|m_axi_weights_BRESP     |  in |    2|    m_axi   |     weights    |    pointer   |
|m_axi_weights_BID       |  in |    1|    m_axi   |     weights    |    pointer   |
|m_axi_weights_BUSER     |  in |    1|    m_axi   |     weights    |    pointer   |
|weights_offset          |  in |   31|   ap_none  | weights_offset |    scalar    |
|m_axi_betas_AWVALID     | out |    1|    m_axi   |      betas     |    pointer   |
|m_axi_betas_AWREADY     |  in |    1|    m_axi   |      betas     |    pointer   |
|m_axi_betas_AWADDR      | out |   32|    m_axi   |      betas     |    pointer   |
|m_axi_betas_AWID        | out |    1|    m_axi   |      betas     |    pointer   |
|m_axi_betas_AWLEN       | out |   32|    m_axi   |      betas     |    pointer   |
|m_axi_betas_AWSIZE      | out |    3|    m_axi   |      betas     |    pointer   |
|m_axi_betas_AWBURST     | out |    2|    m_axi   |      betas     |    pointer   |
|m_axi_betas_AWLOCK      | out |    2|    m_axi   |      betas     |    pointer   |
|m_axi_betas_AWCACHE     | out |    4|    m_axi   |      betas     |    pointer   |
|m_axi_betas_AWPROT      | out |    3|    m_axi   |      betas     |    pointer   |
|m_axi_betas_AWQOS       | out |    4|    m_axi   |      betas     |    pointer   |
|m_axi_betas_AWREGION    | out |    4|    m_axi   |      betas     |    pointer   |
|m_axi_betas_AWUSER      | out |    1|    m_axi   |      betas     |    pointer   |
|m_axi_betas_WVALID      | out |    1|    m_axi   |      betas     |    pointer   |
|m_axi_betas_WREADY      |  in |    1|    m_axi   |      betas     |    pointer   |
|m_axi_betas_WDATA       | out |   16|    m_axi   |      betas     |    pointer   |
|m_axi_betas_WSTRB       | out |    2|    m_axi   |      betas     |    pointer   |
|m_axi_betas_WLAST       | out |    1|    m_axi   |      betas     |    pointer   |
|m_axi_betas_WID         | out |    1|    m_axi   |      betas     |    pointer   |
|m_axi_betas_WUSER       | out |    1|    m_axi   |      betas     |    pointer   |
|m_axi_betas_ARVALID     | out |    1|    m_axi   |      betas     |    pointer   |
|m_axi_betas_ARREADY     |  in |    1|    m_axi   |      betas     |    pointer   |
|m_axi_betas_ARADDR      | out |   32|    m_axi   |      betas     |    pointer   |
|m_axi_betas_ARID        | out |    1|    m_axi   |      betas     |    pointer   |
|m_axi_betas_ARLEN       | out |   32|    m_axi   |      betas     |    pointer   |
|m_axi_betas_ARSIZE      | out |    3|    m_axi   |      betas     |    pointer   |
|m_axi_betas_ARBURST     | out |    2|    m_axi   |      betas     |    pointer   |
|m_axi_betas_ARLOCK      | out |    2|    m_axi   |      betas     |    pointer   |
|m_axi_betas_ARCACHE     | out |    4|    m_axi   |      betas     |    pointer   |
|m_axi_betas_ARPROT      | out |    3|    m_axi   |      betas     |    pointer   |
|m_axi_betas_ARQOS       | out |    4|    m_axi   |      betas     |    pointer   |
|m_axi_betas_ARREGION    | out |    4|    m_axi   |      betas     |    pointer   |
|m_axi_betas_ARUSER      | out |    1|    m_axi   |      betas     |    pointer   |
|m_axi_betas_RVALID      |  in |    1|    m_axi   |      betas     |    pointer   |
|m_axi_betas_RREADY      | out |    1|    m_axi   |      betas     |    pointer   |
|m_axi_betas_RDATA       |  in |   16|    m_axi   |      betas     |    pointer   |
|m_axi_betas_RLAST       |  in |    1|    m_axi   |      betas     |    pointer   |
|m_axi_betas_RID         |  in |    1|    m_axi   |      betas     |    pointer   |
|m_axi_betas_RUSER       |  in |    1|    m_axi   |      betas     |    pointer   |
|m_axi_betas_RRESP       |  in |    2|    m_axi   |      betas     |    pointer   |
|m_axi_betas_BVALID      |  in |    1|    m_axi   |      betas     |    pointer   |
|m_axi_betas_BREADY      | out |    1|    m_axi   |      betas     |    pointer   |
|m_axi_betas_BRESP       |  in |    2|    m_axi   |      betas     |    pointer   |
|m_axi_betas_BID         |  in |    1|    m_axi   |      betas     |    pointer   |
|m_axi_betas_BUSER       |  in |    1|    m_axi   |      betas     |    pointer   |
|betas_offset            |  in |   31|   ap_none  |  betas_offset  |    scalar    |
|m_axi_outputs_AWVALID   | out |    1|    m_axi   |     outputs    |    pointer   |
|m_axi_outputs_AWREADY   |  in |    1|    m_axi   |     outputs    |    pointer   |
|m_axi_outputs_AWADDR    | out |   32|    m_axi   |     outputs    |    pointer   |
|m_axi_outputs_AWID      | out |    1|    m_axi   |     outputs    |    pointer   |
|m_axi_outputs_AWLEN     | out |   32|    m_axi   |     outputs    |    pointer   |
|m_axi_outputs_AWSIZE    | out |    3|    m_axi   |     outputs    |    pointer   |
|m_axi_outputs_AWBURST   | out |    2|    m_axi   |     outputs    |    pointer   |
|m_axi_outputs_AWLOCK    | out |    2|    m_axi   |     outputs    |    pointer   |
|m_axi_outputs_AWCACHE   | out |    4|    m_axi   |     outputs    |    pointer   |
|m_axi_outputs_AWPROT    | out |    3|    m_axi   |     outputs    |    pointer   |
|m_axi_outputs_AWQOS     | out |    4|    m_axi   |     outputs    |    pointer   |
|m_axi_outputs_AWREGION  | out |    4|    m_axi   |     outputs    |    pointer   |
|m_axi_outputs_AWUSER    | out |    1|    m_axi   |     outputs    |    pointer   |
|m_axi_outputs_WVALID    | out |    1|    m_axi   |     outputs    |    pointer   |
|m_axi_outputs_WREADY    |  in |    1|    m_axi   |     outputs    |    pointer   |
|m_axi_outputs_WDATA     | out |   16|    m_axi   |     outputs    |    pointer   |
|m_axi_outputs_WSTRB     | out |    2|    m_axi   |     outputs    |    pointer   |
|m_axi_outputs_WLAST     | out |    1|    m_axi   |     outputs    |    pointer   |
|m_axi_outputs_WID       | out |    1|    m_axi   |     outputs    |    pointer   |
|m_axi_outputs_WUSER     | out |    1|    m_axi   |     outputs    |    pointer   |
|m_axi_outputs_ARVALID   | out |    1|    m_axi   |     outputs    |    pointer   |
|m_axi_outputs_ARREADY   |  in |    1|    m_axi   |     outputs    |    pointer   |
|m_axi_outputs_ARADDR    | out |   32|    m_axi   |     outputs    |    pointer   |
|m_axi_outputs_ARID      | out |    1|    m_axi   |     outputs    |    pointer   |
|m_axi_outputs_ARLEN     | out |   32|    m_axi   |     outputs    |    pointer   |
|m_axi_outputs_ARSIZE    | out |    3|    m_axi   |     outputs    |    pointer   |
|m_axi_outputs_ARBURST   | out |    2|    m_axi   |     outputs    |    pointer   |
|m_axi_outputs_ARLOCK    | out |    2|    m_axi   |     outputs    |    pointer   |
|m_axi_outputs_ARCACHE   | out |    4|    m_axi   |     outputs    |    pointer   |
|m_axi_outputs_ARPROT    | out |    3|    m_axi   |     outputs    |    pointer   |
|m_axi_outputs_ARQOS     | out |    4|    m_axi   |     outputs    |    pointer   |
|m_axi_outputs_ARREGION  | out |    4|    m_axi   |     outputs    |    pointer   |
|m_axi_outputs_ARUSER    | out |    1|    m_axi   |     outputs    |    pointer   |
|m_axi_outputs_RVALID    |  in |    1|    m_axi   |     outputs    |    pointer   |
|m_axi_outputs_RREADY    | out |    1|    m_axi   |     outputs    |    pointer   |
|m_axi_outputs_RDATA     |  in |   16|    m_axi   |     outputs    |    pointer   |
|m_axi_outputs_RLAST     |  in |    1|    m_axi   |     outputs    |    pointer   |
|m_axi_outputs_RID       |  in |    1|    m_axi   |     outputs    |    pointer   |
|m_axi_outputs_RUSER     |  in |    1|    m_axi   |     outputs    |    pointer   |
|m_axi_outputs_RRESP     |  in |    2|    m_axi   |     outputs    |    pointer   |
|m_axi_outputs_BVALID    |  in |    1|    m_axi   |     outputs    |    pointer   |
|m_axi_outputs_BREADY    | out |    1|    m_axi   |     outputs    |    pointer   |
|m_axi_outputs_BRESP     |  in |    2|    m_axi   |     outputs    |    pointer   |
|m_axi_outputs_BID       |  in |    1|    m_axi   |     outputs    |    pointer   |
|m_axi_outputs_BUSER     |  in |    1|    m_axi   |     outputs    |    pointer   |
|outputs_offset          |  in |   31|   ap_none  | outputs_offset |    scalar    |
|cntl_V_din              | out |    1|   ap_fifo  |     cntl_V     |    pointer   |
|cntl_V_full_n           |  in |    1|   ap_fifo  |     cntl_V     |    pointer   |
|cntl_V_write            | out |    1|   ap_fifo  |     cntl_V     |    pointer   |
+------------------------+-----+-----+------------+----------------+--------------+

