

================================================================
== Vivado HLS Report for 'copy_weight_fmem2buf_4'
================================================================
* Date:           Sun Apr 28 16:03:07 2019

* Version:        2018.3 (Build 2405991 on Thu Dec 06 23:56:15 MST 2018)
* Project:        mobile_net_hls_v1
* Solution:       solution1
* Product family: zynquplus
* Target device:  xczu9eg-ffvb1156-2-i


================================================================
== Performance Estimates
================================================================
+ Timing (ns): 
    * Summary: 
    +--------+-------+----------+------------+
    |  Clock | Target| Estimated| Uncertainty|
    +--------+-------+----------+------------+
    |ap_clk  |   4.20|     3.675|        0.52|
    +--------+-------+----------+------------+

+ Latency (clock cycles): 
    * Summary: 
    +-----+-----+-----+-----+---------+
    |  Latency  |  Interval | Pipeline|
    | min | max | min | max |   Type  |
    +-----+-----+-----+-----+---------+
    |   25|  325|   25|  325|   none  |
    +-----+-----+-----+-----+---------+

    + Detail: 
        * Instance: 
        N/A

        * Loop: 
        +-------------+-----+-----+----------+-----------+-----------+--------+----------+
        |             |  Latency  | Iteration|  Initiation Interval  |  Trip  |          |
        |  Loop Name  | min | max |  Latency |  achieved |   target  |  Count | Pipelined|
        +-------------+-----+-----+----------+-----------+-----------+--------+----------+
        |- Loop 1     |   24|  324| 12 ~ 162 |          -|          -|       2|    no    |
        | + Loop 1.1  |   10|  160|        10|          -|          -| 1 ~ 16 |    no    |
        +-------------+-----+-----+----------+-----------+-----------+--------+----------+



================================================================
== Utilization Estimates
================================================================
* Summary: 
+-----------------+---------+-------+--------+--------+-----+
|       Name      | BRAM_18K| DSP48E|   FF   |   LUT  | URAM|
+-----------------+---------+-------+--------+--------+-----+
|DSP              |        -|      -|       -|       -|    -|
|Expression       |        -|      -|       0|     157|    -|
|FIFO             |        -|      -|       -|       -|    -|
|Instance         |        -|      -|       -|       -|    -|
|Memory           |        -|      -|       -|       -|    -|
|Multiplexer      |        -|      -|       -|     119|    -|
|Register         |        -|      -|     152|       -|    -|
+-----------------+---------+-------+--------+--------+-----+
|Total            |        0|      0|     152|     276|    0|
+-----------------+---------+-------+--------+--------+-----+
|Available        |     1824|   2520|  548160|  274080|    0|
+-----------------+---------+-------+--------+--------+-----+
|Utilization (%)  |        0|      0|   ~0   |   ~0   |    0|
+-----------------+---------+-------+--------+--------+-----+

+ Detail: 
    * Instance: 
    N/A

    * DSP48: 
    N/A

    * Memory: 
    N/A

    * FIFO: 
    N/A

    * Expression: 
    +---------------------------+----------+-------+---+----+------------+------------+
    |       Variable Name       | Operation| DSP48E| FF| LUT| Bitwidth P0| Bitwidth P1|
    +---------------------------+----------+-------+---+----+------------+------------+
    |base_addr_d1_15_fu_440_p2  |     +    |      0|  0|  25|          18|           9|
    |base_addr_d2_13_fu_446_p2  |     +    |      0|  0|  25|          18|           1|
    |base_addr_fu_381_p2        |     +    |      0|  0|  25|          18|          18|
    |sum_fu_425_p2              |     +    |      0|  0|  39|          32|          32|
    |tm_2_fu_411_p2             |     +    |      0|  0|  15|           5|           1|
    |tn_6_fu_396_p2             |     +    |      0|  0|   9|           2|           1|
    |exitcond_fu_391_p2         |   icmp   |      0|  0|   8|           2|           2|
    |tmp_8_fu_406_p2            |   icmp   |      0|  0|  11|           6|           6|
    +---------------------------+----------+-------+---+----+------------+------------+
    |Total                      |          |      0|  0| 157|         101|          70|
    +---------------------------+----------+-------+---+----+------------+------------+

    * Multiplexer: 
    +--------------------------------------+----+-----------+-----+-----------+
    |                 Name                 | LUT| Input Size| Bits| Total Bits|
    +--------------------------------------+----+-----------+-----+-----------+
    |ap_NS_fsm                             |  56|         13|    1|         13|
    |ap_sig_ioackin_m_axi_weights_ARREADY  |   9|          2|    1|          2|
    |base_addr_d2_reg_314                  |   9|          2|   18|         36|
    |base_addr_d_reg_335                   |   9|          2|   18|         36|
    |tm_reg_346                            |   9|          2|    5|         10|
    |tn_reg_324                            |   9|          2|    2|          4|
    |weights_blk_n_AR                      |   9|          2|    1|          2|
    |weights_blk_n_R                       |   9|          2|    1|          2|
    +--------------------------------------+----+-----------+-----+-----------+
    |Total                                 | 119|         27|   47|        105|
    +--------------------------------------+----+-----------+-----+-----------+

    * Register: 
    +--------------------------------------+----+----+-----+-----------+
    |                 Name                 | FF | LUT| Bits| Const Bits|
    +--------------------------------------+----+----+-----+-----------+
    |ap_CS_fsm                             |  12|   0|   12|          0|
    |ap_reg_ioackin_m_axi_weights_ARREADY  |   1|   0|    1|          0|
    |base_addr_d2_reg_314                  |  18|   0|   18|          0|
    |base_addr_d_reg_335                   |  18|   0|   18|          0|
    |tm_2_reg_483                          |   5|   0|    5|          0|
    |tm_reg_346                            |   5|   0|    5|          0|
    |tmp_549_reg_467                       |   6|   0|    6|          0|
    |tmp_550_reg_488                       |   4|   0|    4|          0|
    |tmp_551_reg_503                       |  16|   0|   16|          0|
    |tn_6_reg_475                          |   2|   0|    2|          0|
    |tn_reg_324                            |   2|   0|    2|          0|
    |weights_addr_reg_492                  |  32|   0|   32|          0|
    |weights_offset_cast_reg_457           |  31|   0|   32|          1|
    +--------------------------------------+----+----+-----+-----------+
    |Total                                 | 152|   0|  153|          1|
    +--------------------------------------+----+----+-----+-----------+



================================================================
== Interface
================================================================
* Summary: 
+---------------------------+-----+-----+------------+------------------------+--------------+
|         RTL Ports         | Dir | Bits|  Protocol  |      Source Object     |    C Type    |
+---------------------------+-----+-----+------------+------------------------+--------------+
|ap_clk                     |  in |    1| ap_ctrl_hs | copy_weight_fmem2buf.4 | return value |
|ap_rst                     |  in |    1| ap_ctrl_hs | copy_weight_fmem2buf.4 | return value |
|ap_start                   |  in |    1| ap_ctrl_hs | copy_weight_fmem2buf.4 | return value |
|ap_done                    | out |    1| ap_ctrl_hs | copy_weight_fmem2buf.4 | return value |
|ap_idle                    | out |    1| ap_ctrl_hs | copy_weight_fmem2buf.4 | return value |
|ap_ready                   | out |    1| ap_ctrl_hs | copy_weight_fmem2buf.4 | return value |
|m_axi_weights_AWVALID      | out |    1|    m_axi   |         weights        |    pointer   |
|m_axi_weights_AWREADY      |  in |    1|    m_axi   |         weights        |    pointer   |
|m_axi_weights_AWADDR       | out |   32|    m_axi   |         weights        |    pointer   |
|m_axi_weights_AWID         | out |    1|    m_axi   |         weights        |    pointer   |
|m_axi_weights_AWLEN        | out |   32|    m_axi   |         weights        |    pointer   |
|m_axi_weights_AWSIZE       | out |    3|    m_axi   |         weights        |    pointer   |
|m_axi_weights_AWBURST      | out |    2|    m_axi   |         weights        |    pointer   |
|m_axi_weights_AWLOCK       | out |    2|    m_axi   |         weights        |    pointer   |
|m_axi_weights_AWCACHE      | out |    4|    m_axi   |         weights        |    pointer   |
|m_axi_weights_AWPROT       | out |    3|    m_axi   |         weights        |    pointer   |
|m_axi_weights_AWQOS        | out |    4|    m_axi   |         weights        |    pointer   |
|m_axi_weights_AWREGION     | out |    4|    m_axi   |         weights        |    pointer   |
|m_axi_weights_AWUSER       | out |    1|    m_axi   |         weights        |    pointer   |
|m_axi_weights_WVALID       | out |    1|    m_axi   |         weights        |    pointer   |
|m_axi_weights_WREADY       |  in |    1|    m_axi   |         weights        |    pointer   |
|m_axi_weights_WDATA        | out |   16|    m_axi   |         weights        |    pointer   |
|m_axi_weights_WSTRB        | out |    2|    m_axi   |         weights        |    pointer   |
|m_axi_weights_WLAST        | out |    1|    m_axi   |         weights        |    pointer   |
|m_axi_weights_WID          | out |    1|    m_axi   |         weights        |    pointer   |
|m_axi_weights_WUSER        | out |    1|    m_axi   |         weights        |    pointer   |
|m_axi_weights_ARVALID      | out |    1|    m_axi   |         weights        |    pointer   |
|m_axi_weights_ARREADY      |  in |    1|    m_axi   |         weights        |    pointer   |
|m_axi_weights_ARADDR       | out |   32|    m_axi   |         weights        |    pointer   |
|m_axi_weights_ARID         | out |    1|    m_axi   |         weights        |    pointer   |
|m_axi_weights_ARLEN        | out |   32|    m_axi   |         weights        |    pointer   |
|m_axi_weights_ARSIZE       | out |    3|    m_axi   |         weights        |    pointer   |
|m_axi_weights_ARBURST      | out |    2|    m_axi   |         weights        |    pointer   |
|m_axi_weights_ARLOCK       | out |    2|    m_axi   |         weights        |    pointer   |
|m_axi_weights_ARCACHE      | out |    4|    m_axi   |         weights        |    pointer   |
|m_axi_weights_ARPROT       | out |    3|    m_axi   |         weights        |    pointer   |
|m_axi_weights_ARQOS        | out |    4|    m_axi   |         weights        |    pointer   |
|m_axi_weights_ARREGION     | out |    4|    m_axi   |         weights        |    pointer   |
|m_axi_weights_ARUSER       | out |    1|    m_axi   |         weights        |    pointer   |
|m_axi_weights_RVALID       |  in |    1|    m_axi   |         weights        |    pointer   |
|m_axi_weights_RREADY       | out |    1|    m_axi   |         weights        |    pointer   |
|m_axi_weights_RDATA        |  in |   16|    m_axi   |         weights        |    pointer   |
|m_axi_weights_RLAST        |  in |    1|    m_axi   |         weights        |    pointer   |
|m_axi_weights_RID          |  in |    1|    m_axi   |         weights        |    pointer   |
|m_axi_weights_RUSER        |  in |    1|    m_axi   |         weights        |    pointer   |
|m_axi_weights_RRESP        |  in |    2|    m_axi   |         weights        |    pointer   |
|m_axi_weights_BVALID       |  in |    1|    m_axi   |         weights        |    pointer   |
|m_axi_weights_BREADY       | out |    1|    m_axi   |         weights        |    pointer   |
|m_axi_weights_BRESP        |  in |    2|    m_axi   |         weights        |    pointer   |
|m_axi_weights_BID          |  in |    1|    m_axi   |         weights        |    pointer   |
|m_axi_weights_BUSER        |  in |    1|    m_axi   |         weights        |    pointer   |
|weights_offset             |  in |   31|   ap_none  |     weights_offset     |    scalar    |
|weight_buffer_0_V_din      | out |   16|   ap_fifo  |    weight_buffer_0_V   |    pointer   |
|weight_buffer_0_V_full_n   |  in |    1|   ap_fifo  |    weight_buffer_0_V   |    pointer   |
|weight_buffer_0_V_write    | out |    1|   ap_fifo  |    weight_buffer_0_V   |    pointer   |
|weight_buffer_1_V_din      | out |   16|   ap_fifo  |    weight_buffer_1_V   |    pointer   |
|weight_buffer_1_V_full_n   |  in |    1|   ap_fifo  |    weight_buffer_1_V   |    pointer   |
|weight_buffer_1_V_write    | out |    1|   ap_fifo  |    weight_buffer_1_V   |    pointer   |
|weight_buffer_2_V_din      | out |   16|   ap_fifo  |    weight_buffer_2_V   |    pointer   |
|weight_buffer_2_V_full_n   |  in |    1|   ap_fifo  |    weight_buffer_2_V   |    pointer   |
|weight_buffer_2_V_write    | out |    1|   ap_fifo  |    weight_buffer_2_V   |    pointer   |
|weight_buffer_3_V_din      | out |   16|   ap_fifo  |    weight_buffer_3_V   |    pointer   |
|weight_buffer_3_V_full_n   |  in |    1|   ap_fifo  |    weight_buffer_3_V   |    pointer   |
|weight_buffer_3_V_write    | out |    1|   ap_fifo  |    weight_buffer_3_V   |    pointer   |
|weight_buffer_4_V_din      | out |   16|   ap_fifo  |    weight_buffer_4_V   |    pointer   |
|weight_buffer_4_V_full_n   |  in |    1|   ap_fifo  |    weight_buffer_4_V   |    pointer   |
|weight_buffer_4_V_write    | out |    1|   ap_fifo  |    weight_buffer_4_V   |    pointer   |
|weight_buffer_5_V_din      | out |   16|   ap_fifo  |    weight_buffer_5_V   |    pointer   |
|weight_buffer_5_V_full_n   |  in |    1|   ap_fifo  |    weight_buffer_5_V   |    pointer   |
|weight_buffer_5_V_write    | out |    1|   ap_fifo  |    weight_buffer_5_V   |    pointer   |
|weight_buffer_6_V_din      | out |   16|   ap_fifo  |    weight_buffer_6_V   |    pointer   |
|weight_buffer_6_V_full_n   |  in |    1|   ap_fifo  |    weight_buffer_6_V   |    pointer   |
|weight_buffer_6_V_write    | out |    1|   ap_fifo  |    weight_buffer_6_V   |    pointer   |
|weight_buffer_7_V_din      | out |   16|   ap_fifo  |    weight_buffer_7_V   |    pointer   |
|weight_buffer_7_V_full_n   |  in |    1|   ap_fifo  |    weight_buffer_7_V   |    pointer   |
|weight_buffer_7_V_write    | out |    1|   ap_fifo  |    weight_buffer_7_V   |    pointer   |
|weight_buffer_8_V_din      | out |   16|   ap_fifo  |    weight_buffer_8_V   |    pointer   |
|weight_buffer_8_V_full_n   |  in |    1|   ap_fifo  |    weight_buffer_8_V   |    pointer   |
|weight_buffer_8_V_write    | out |    1|   ap_fifo  |    weight_buffer_8_V   |    pointer   |
|weight_buffer_9_V_din      | out |   16|   ap_fifo  |    weight_buffer_9_V   |    pointer   |
|weight_buffer_9_V_full_n   |  in |    1|   ap_fifo  |    weight_buffer_9_V   |    pointer   |
|weight_buffer_9_V_write    | out |    1|   ap_fifo  |    weight_buffer_9_V   |    pointer   |
|weight_buffer_10_V_din     | out |   16|   ap_fifo  |   weight_buffer_10_V   |    pointer   |
|weight_buffer_10_V_full_n  |  in |    1|   ap_fifo  |   weight_buffer_10_V   |    pointer   |
|weight_buffer_10_V_write   | out |    1|   ap_fifo  |   weight_buffer_10_V   |    pointer   |
|weight_buffer_11_V_din     | out |   16|   ap_fifo  |   weight_buffer_11_V   |    pointer   |
|weight_buffer_11_V_full_n  |  in |    1|   ap_fifo  |   weight_buffer_11_V   |    pointer   |
|weight_buffer_11_V_write   | out |    1|   ap_fifo  |   weight_buffer_11_V   |    pointer   |
|weight_buffer_12_V_din     | out |   16|   ap_fifo  |   weight_buffer_12_V   |    pointer   |
|weight_buffer_12_V_full_n  |  in |    1|   ap_fifo  |   weight_buffer_12_V   |    pointer   |
|weight_buffer_12_V_write   | out |    1|   ap_fifo  |   weight_buffer_12_V   |    pointer   |
|weight_buffer_13_V_din     | out |   16|   ap_fifo  |   weight_buffer_13_V   |    pointer   |
|weight_buffer_13_V_full_n  |  in |    1|   ap_fifo  |   weight_buffer_13_V   |    pointer   |
|weight_buffer_13_V_write   | out |    1|   ap_fifo  |   weight_buffer_13_V   |    pointer   |
|weight_buffer_14_V_din     | out |   16|   ap_fifo  |   weight_buffer_14_V   |    pointer   |
|weight_buffer_14_V_full_n  |  in |    1|   ap_fifo  |   weight_buffer_14_V   |    pointer   |
|weight_buffer_14_V_write   | out |    1|   ap_fifo  |   weight_buffer_14_V   |    pointer   |
|weight_buffer_15_V_din     | out |   16|   ap_fifo  |   weight_buffer_15_V   |    pointer   |
|weight_buffer_15_V_full_n  |  in |    1|   ap_fifo  |   weight_buffer_15_V   |    pointer   |
|weight_buffer_15_V_write   | out |    1|   ap_fifo  |   weight_buffer_15_V   |    pointer   |
|n                          |  in |   10|   ap_none  |            n           |    scalar    |
|m                          |  in |    9|   ap_none  |            m           |    scalar    |
|nLoops                     |  in |    2|   ap_none  |         nLoops         |    scalar    |
|mLoops                     |  in |    9|   ap_none  |         mLoops         |    scalar    |
|weight_cntl_V_din          | out |    1|   ap_fifo  |      weight_cntl_V     |    pointer   |
|weight_cntl_V_full_n       |  in |    1|   ap_fifo  |      weight_cntl_V     |    pointer   |
|weight_cntl_V_write        | out |    1|   ap_fifo  |      weight_cntl_V     |    pointer   |
+---------------------------+-----+-----+------------+------------------------+--------------+

