

================================================================
== Vivado HLS Report for 'copy_input_fmem2buff_7'
================================================================
* Date:           Sun Apr 28 16:03:46 2019

* Version:        2018.3 (Build 2405991 on Thu Dec 06 23:56:15 MST 2018)
* Project:        mobile_net_hls_v1
* Solution:       solution1
* Product family: zynquplus
* Target device:  xczu9eg-ffvb1156-2-i


================================================================
== Performance Estimates
================================================================
+ Timing (ns): 
    * Summary: 
    +--------+-------+----------+------------+
    |  Clock | Target| Estimated| Uncertainty|
    +--------+-------+----------+------------+
    |ap_clk  |   4.20|     3.675|        0.52|
    +--------+-------+----------+------------+

+ Latency (clock cycles): 
    * Summary: 
    +-----+-----+-----+-----+---------+
    |  Latency  |  Interval | Pipeline|
    | min | max | min | max |   Type  |
    +-----+-----+-----+-----+---------+
    |    ?|    ?|    ?|    ?|   none  |
    +-----+-----+-----+-----+---------+

    + Detail: 
        * Instance: 
        N/A

        * Loop: 
        +-------------+-----+-----+----------+-----------+-----------+--------+----------+
        |             |  Latency  | Iteration|  Initiation Interval  |  Trip  |          |
        |  Loop Name  | min | max |  Latency |  achieved |   target  |  Count | Pipelined|
        +-------------+-----+-----+----------+-----------+-----------+--------+----------+
        |- Loop 1     |    ?|    ?|         ?|          -|          -|       2|    no    |
        | + Loop 1.1  |    ?|    ?|         ?|          -|          -| 4 ~ 18 |    no    |
        |  ++ zds1    |    2|   33|         1|          1|          1| 2 ~ 33 |    yes   |
        |  ++ zds3    |   18|   18|         3|          1|          1|      17|    yes   |
        |  ++ zds4    |    ?|    ?|         3|          1|          1|       ?|    yes   |
        |  ++ zds5    |   19|   19|         3|          1|          1|      18|    yes   |
        +-------------+-----+-----+----------+-----------+-----------+--------+----------+



================================================================
== Utilization Estimates
================================================================
* Summary: 
+-----------------+---------+-------+--------+--------+-----+
|       Name      | BRAM_18K| DSP48E|   FF   |   LUT  | URAM|
+-----------------+---------+-------+--------+--------+-----+
|DSP              |        -|      -|       -|       -|    -|
|Expression       |        -|      -|       0|     639|    -|
|FIFO             |        -|      -|       -|       -|    -|
|Instance         |        -|      -|       -|       -|    -|
|Memory           |        -|      -|       -|       -|    -|
|Multiplexer      |        -|      -|       -|     369|    -|
|Register         |        -|      -|     337|       -|    -|
+-----------------+---------+-------+--------+--------+-----+
|Total            |        0|      0|     337|    1008|    0|
+-----------------+---------+-------+--------+--------+-----+
|Available        |     1824|   2520|  548160|  274080|    0|
+-----------------+---------+-------+--------+--------+-----+
|Utilization (%)  |        0|      0|   ~0   |   ~0   |    0|
+-----------------+---------+-------+--------+--------+-----+

+ Detail: 
    * Instance: 
    N/A

    * DSP48: 
    N/A

    * Memory: 
    N/A

    * FIFO: 
    N/A

    * Expression: 
    +-----------------------------------+----------+-------+---+----+------------+------------+
    |           Variable Name           | Operation| DSP48E| FF| LUT| Bitwidth P0| Bitwidth P1|
    +-----------------------------------+----------+-------+---+----+------------+------------+
    |base_addr1_d1_8_fu_596_p2          |     +    |      0|  0|  27|          20|          11|
    |base_addr1_d2_3_fu_620_p2          |     +    |      0|  0|  27|          20|           6|
    |base_addr1_fu_393_p2               |     +    |      0|  0|  27|          20|          20|
    |base_addr2_d1_2_fu_602_p2          |     +    |      0|  0|  27|          20|          11|
    |base_addr2_d2_2_fu_626_p2          |     +    |      0|  0|  27|          20|           6|
    |base_addr2_fu_419_p2               |     +    |      0|  0|  27|          20|          20|
    |i_11_fu_660_p2                     |     +    |      0|  0|  15|           6|           1|
    |i_12_fu_649_p2                     |     +    |      0|  0|  15|           5|           1|
    |i_13_fu_637_p2                     |     +    |      0|  0|  15|           6|           1|
    |i_2_fu_614_p2                      |     +    |      0|  0|  15|           5|           1|
    |sum3_fu_581_p2                     |     +    |      0|  0|  40|          33|          33|
    |sum9_fu_553_p2                     |     +    |      0|  0|  40|          33|          33|
    |tmp1_fu_383_p2                     |     +    |      0|  0|  18|           7|          11|
    |tmp2_fu_399_p2                     |     +    |      0|  0|  26|          19|          19|
    |tmp3_fu_409_p2                     |     +    |      0|  0|  15|           7|           7|
    |tmp_47_fu_431_p2                   |     +    |      0|  0|  15|           5|           6|
    |tmp_49_fu_449_p2                   |     +    |      0|  0|  15|           1|           6|
    |tmp_50_fu_459_p2                   |     +    |      0|  0|  15|           2|           6|
    |tmp_51_fu_469_p2                   |     +    |      0|  0|  15|           2|           5|
    |tmp_56_fu_517_p2                   |     +    |      0|  0|  15|           6|           6|
    |tmp_60_fu_572_p2                   |     +    |      0|  0|  28|          21|          21|
    |tmp_62_fu_544_p2                   |     +    |      0|  0|  28|          21|          21|
    |tn_10_fu_496_p2                    |     +    |      0|  0|   9|           2|           1|
    |tr_3_fu_511_p2                     |     +    |      0|  0|  15|           5|           1|
    |ap_block_pp0_stage0_01001          |    and   |      0|  0|   2|           1|           1|
    |ap_block_pp1_stage0_01001          |    and   |      0|  0|   2|           1|           1|
    |ap_block_pp2_stage0_01001          |    and   |      0|  0|   2|           1|           1|
    |ap_block_state12_pp0_stage0_iter1  |    and   |      0|  0|   2|           1|           1|
    |ap_block_state23_pp1_stage0_iter1  |    and   |      0|  0|   2|           1|           1|
    |ap_block_state33_pp2_stage0_iter1  |    and   |      0|  0|   2|           1|           1|
    |exitcond1_fu_655_p2                |   icmp   |      0|  0|  11|           6|           6|
    |exitcond2_fu_643_p2                |   icmp   |      0|  0|  11|           5|           5|
    |exitcond3_fu_506_p2                |   icmp   |      0|  0|  11|           5|           5|
    |exitcond4_fu_632_p2                |   icmp   |      0|  0|  11|           6|           6|
    |exitcond_fu_608_p2                 |   icmp   |      0|  0|  11|           5|           5|
    |tmp_46_fu_425_p2                   |   icmp   |      0|  0|  11|           6|           1|
    |tmp_53_fu_491_p2                   |   icmp   |      0|  0|   9|           3|           3|
    |tmp_57_fu_522_p2                   |   icmp   |      0|  0|  11|           6|           1|
    |tmp_58_fu_528_p2                   |   icmp   |      0|  0|  11|           6|           7|
    |or_cond_fu_534_p2                  |    or    |      0|  0|   2|           1|           1|
    |ap_enable_pp0                      |    xor   |      0|  0|   2|           1|           2|
    |ap_enable_pp1                      |    xor   |      0|  0|   2|           1|           2|
    |ap_enable_pp2                      |    xor   |      0|  0|   2|           1|           2|
    |ap_enable_reg_pp0_iter1            |    xor   |      0|  0|   2|           2|           1|
    |ap_enable_reg_pp1_iter1            |    xor   |      0|  0|   2|           2|           1|
    |ap_enable_reg_pp2_iter1            |    xor   |      0|  0|   2|           2|           1|
    +-----------------------------------+----------+-------+---+----+------------+------------+
    |Total                              |          |      0|  0| 639|         370|         309|
    +-----------------------------------+----------+-------+---+----+------------+------------+

    * Multiplexer: 
    +-------------------------------------+-----+-----------+-----+-----------+
    |                 Name                | LUT | Input Size| Bits| Total Bits|
    +-------------------------------------+-----+-----------+-----+-----------+
    |ap_NS_fsm                            |  141|         31|    1|         31|
    |ap_enable_reg_pp0_iter1              |    9|          2|    1|          2|
    |ap_enable_reg_pp0_iter2              |    9|          2|    1|          2|
    |ap_enable_reg_pp1_iter1              |    9|          2|    1|          2|
    |ap_enable_reg_pp1_iter2              |    9|          2|    1|          2|
    |ap_enable_reg_pp2_iter1              |    9|          2|    1|          2|
    |ap_enable_reg_pp2_iter2              |    9|          2|    1|          2|
    |ap_sig_ioackin_m_axi_inputs_ARREADY  |    9|          2|    1|          2|
    |base_addr1_d2_reg_242                |    9|          2|   20|         40|
    |base_addr1_d_reg_273                 |    9|          2|   20|         40|
    |base_addr2_d2_reg_252                |    9|          2|   20|         40|
    |base_addr2_d_reg_284                 |    9|          2|   20|         40|
    |i5_reg_328                           |    9|          2|    5|         10|
    |i6_reg_317                           |    9|          2|    6|         12|
    |i8_reg_306                           |    9|          2|    5|         10|
    |i_reg_339                            |    9|          2|    6|         12|
    |input_buffer_V_din                   |   21|          4|   16|         64|
    |inputs_blk_n_AR                      |    9|          2|    1|          2|
    |inputs_blk_n_R                       |    9|          2|    1|          2|
    |m_axi_inputs_ARADDR                  |   15|          3|   32|         96|
    |m_axi_inputs_ARLEN                   |   21|          4|   32|        128|
    |tn_reg_262                           |    9|          2|    2|          4|
    |tr_reg_295                           |    9|          2|    5|         10|
    +-------------------------------------+-----+-----------+-----+-----------+
    |Total                                |  369|         80|  199|        555|
    +-------------------------------------+-----+-----------+-----+-----------+

    * Register: 
    +-------------------------------------+----+----+-----+-----------+
    |                 Name                | FF | LUT| Bits| Const Bits|
    +-------------------------------------+----+----+-----+-----------+
    |ap_CS_fsm                            |  30|   0|   30|          0|
    |ap_enable_reg_pp0_iter0              |   1|   0|    1|          0|
    |ap_enable_reg_pp0_iter1              |   1|   0|    1|          0|
    |ap_enable_reg_pp0_iter2              |   1|   0|    1|          0|
    |ap_enable_reg_pp1_iter0              |   1|   0|    1|          0|
    |ap_enable_reg_pp1_iter1              |   1|   0|    1|          0|
    |ap_enable_reg_pp1_iter2              |   1|   0|    1|          0|
    |ap_enable_reg_pp2_iter0              |   1|   0|    1|          0|
    |ap_enable_reg_pp2_iter1              |   1|   0|    1|          0|
    |ap_enable_reg_pp2_iter2              |   1|   0|    1|          0|
    |ap_reg_ioackin_m_axi_inputs_ARREADY  |   1|   0|    1|          0|
    |base_addr1_d2_reg_242                |  20|   0|   20|          0|
    |base_addr1_d_reg_273                 |  20|   0|   20|          0|
    |base_addr2_d2_reg_252                |  20|   0|   20|          0|
    |base_addr2_d_reg_284                 |  20|   0|   20|          0|
    |exitcond2_reg_797                    |   1|   0|    1|          0|
    |exitcond2_reg_797_pp2_iter1_reg      |   1|   0|    1|          0|
    |exitcond4_reg_788                    |   1|   0|    1|          0|
    |exitcond4_reg_788_pp1_iter1_reg      |   1|   0|    1|          0|
    |exitcond_reg_769                     |   1|   0|    1|          0|
    |exitcond_reg_769_pp0_iter1_reg       |   1|   0|    1|          0|
    |i5_reg_328                           |   5|   0|    5|          0|
    |i6_reg_317                           |   6|   0|    6|          0|
    |i8_reg_306                           |   5|   0|    5|          0|
    |i_reg_339                            |   6|   0|    6|          0|
    |inputs_addr_2_reg_747                |  32|   0|   32|          0|
    |inputs_addr_reg_753                  |  32|   0|   32|          0|
    |inputs_offset_cast_c_reg_694         |  19|   0|   21|          2|
    |or_cond_reg_743                      |   1|   0|    1|          0|
    |reg_350                              |  16|   0|   16|          0|
    |sext_cast_reg_720                    |  31|   0|   33|          2|
    |tmp_46_reg_681                       |   1|   0|    1|          0|
    |tmp_49_reg_689                       |   6|   0|    6|          0|
    |tmp_50_reg_700                       |   6|   0|    6|          0|
    |tmp_51_reg_705                       |   5|   0|    5|          0|
    |tmp_52_reg_715                       |   6|   0|   32|         26|
    |tmp_574_reg_685                      |   1|   0|    1|          0|
    |tmp_576_reg_710                      |   3|   0|    3|          0|
    |tmp_577_reg_806                      |  16|   0|   16|          0|
    |tn_10_reg_729                        |   2|   0|    2|          0|
    |tn_reg_262                           |   2|   0|    2|          0|
    |tr_3_reg_738                         |   5|   0|    5|          0|
    |tr_reg_295                           |   5|   0|    5|          0|
    +-------------------------------------+----+----+-----+-----------+
    |Total                                | 337|   0|  367|         30|
    +-------------------------------------+----+----+-----+-----------+



================================================================
== Interface
================================================================
* Summary: 
+-----------------------+-----+-----+------------+------------------------+--------------+
|       RTL Ports       | Dir | Bits|  Protocol  |      Source Object     |    C Type    |
+-----------------------+-----+-----+------------+------------------------+--------------+
|ap_clk                 |  in |    1| ap_ctrl_hs | copy_input_fmem2buff.7 | return value |
|ap_rst                 |  in |    1| ap_ctrl_hs | copy_input_fmem2buff.7 | return value |
|ap_start               |  in |    1| ap_ctrl_hs | copy_input_fmem2buff.7 | return value |
|ap_done                | out |    1| ap_ctrl_hs | copy_input_fmem2buff.7 | return value |
|ap_idle                | out |    1| ap_ctrl_hs | copy_input_fmem2buff.7 | return value |
|ap_ready               | out |    1| ap_ctrl_hs | copy_input_fmem2buff.7 | return value |
|m_axi_inputs_AWVALID   | out |    1|    m_axi   |         inputs         |    pointer   |
|m_axi_inputs_AWREADY   |  in |    1|    m_axi   |         inputs         |    pointer   |
|m_axi_inputs_AWADDR    | out |   32|    m_axi   |         inputs         |    pointer   |
|m_axi_inputs_AWID      | out |    1|    m_axi   |         inputs         |    pointer   |
|m_axi_inputs_AWLEN     | out |   32|    m_axi   |         inputs         |    pointer   |
|m_axi_inputs_AWSIZE    | out |    3|    m_axi   |         inputs         |    pointer   |
|m_axi_inputs_AWBURST   | out |    2|    m_axi   |         inputs         |    pointer   |
|m_axi_inputs_AWLOCK    | out |    2|    m_axi   |         inputs         |    pointer   |
|m_axi_inputs_AWCACHE   | out |    4|    m_axi   |         inputs         |    pointer   |
|m_axi_inputs_AWPROT    | out |    3|    m_axi   |         inputs         |    pointer   |
|m_axi_inputs_AWQOS     | out |    4|    m_axi   |         inputs         |    pointer   |
|m_axi_inputs_AWREGION  | out |    4|    m_axi   |         inputs         |    pointer   |
|m_axi_inputs_AWUSER    | out |    1|    m_axi   |         inputs         |    pointer   |
|m_axi_inputs_WVALID    | out |    1|    m_axi   |         inputs         |    pointer   |
|m_axi_inputs_WREADY    |  in |    1|    m_axi   |         inputs         |    pointer   |
|m_axi_inputs_WDATA     | out |   16|    m_axi   |         inputs         |    pointer   |
|m_axi_inputs_WSTRB     | out |    2|    m_axi   |         inputs         |    pointer   |
|m_axi_inputs_WLAST     | out |    1|    m_axi   |         inputs         |    pointer   |
|m_axi_inputs_WID       | out |    1|    m_axi   |         inputs         |    pointer   |
|m_axi_inputs_WUSER     | out |    1|    m_axi   |         inputs         |    pointer   |
|m_axi_inputs_ARVALID   | out |    1|    m_axi   |         inputs         |    pointer   |
|m_axi_inputs_ARREADY   |  in |    1|    m_axi   |         inputs         |    pointer   |
|m_axi_inputs_ARADDR    | out |   32|    m_axi   |         inputs         |    pointer   |
|m_axi_inputs_ARID      | out |    1|    m_axi   |         inputs         |    pointer   |
|m_axi_inputs_ARLEN     | out |   32|    m_axi   |         inputs         |    pointer   |
|m_axi_inputs_ARSIZE    | out |    3|    m_axi   |         inputs         |    pointer   |
|m_axi_inputs_ARBURST   | out |    2|    m_axi   |         inputs         |    pointer   |
|m_axi_inputs_ARLOCK    | out |    2|    m_axi   |         inputs         |    pointer   |
|m_axi_inputs_ARCACHE   | out |    4|    m_axi   |         inputs         |    pointer   |
|m_axi_inputs_ARPROT    | out |    3|    m_axi   |         inputs         |    pointer   |
|m_axi_inputs_ARQOS     | out |    4|    m_axi   |         inputs         |    pointer   |
|m_axi_inputs_ARREGION  | out |    4|    m_axi   |         inputs         |    pointer   |
|m_axi_inputs_ARUSER    | out |    1|    m_axi   |         inputs         |    pointer   |
|m_axi_inputs_RVALID    |  in |    1|    m_axi   |         inputs         |    pointer   |
|m_axi_inputs_RREADY    | out |    1|    m_axi   |         inputs         |    pointer   |
|m_axi_inputs_RDATA     |  in |   16|    m_axi   |         inputs         |    pointer   |
|m_axi_inputs_RLAST     |  in |    1|    m_axi   |         inputs         |    pointer   |
|m_axi_inputs_RID       |  in |    1|    m_axi   |         inputs         |    pointer   |
|m_axi_inputs_RUSER     |  in |    1|    m_axi   |         inputs         |    pointer   |
|m_axi_inputs_RRESP     |  in |    2|    m_axi   |         inputs         |    pointer   |
|m_axi_inputs_BVALID    |  in |    1|    m_axi   |         inputs         |    pointer   |
|m_axi_inputs_BREADY    | out |    1|    m_axi   |         inputs         |    pointer   |
|m_axi_inputs_BRESP     |  in |    2|    m_axi   |         inputs         |    pointer   |
|m_axi_inputs_BID       |  in |    1|    m_axi   |         inputs         |    pointer   |
|m_axi_inputs_BUSER     |  in |    1|    m_axi   |         inputs         |    pointer   |
|inputs_offset          |  in |   31|   ap_none  |      inputs_offset     |    scalar    |
|inputs_offset1         |  in |   19|   ap_none  |     inputs_offset1     |    scalar    |
|input_buffer_V_din     | out |   16|   ap_fifo  |     input_buffer_V     |    pointer   |
|input_buffer_V_full_n  |  in |    1|   ap_fifo  |     input_buffer_V     |    pointer   |
|input_buffer_V_write   | out |    1|   ap_fifo  |     input_buffer_V     |    pointer   |
|n                      |  in |    9|   ap_none  |            n           |    scalar    |
|r                      |  in |    6|   ap_none  |            r           |    scalar    |
|c                      |  in |    6|   ap_none  |            c           |    scalar    |
|nLoops                 |  in |    9|   ap_none  |         nLoops         |    scalar    |
|rLoops                 |  in |    6|   ap_none  |         rLoops         |    scalar    |
|cLoops                 |  in |    5|   ap_none  |         cLoops         |    scalar    |
|input_cntl_V_din       | out |    1|   ap_fifo  |      input_cntl_V      |    pointer   |
|input_cntl_V_full_n    |  in |    1|   ap_fifo  |      input_cntl_V      |    pointer   |
|input_cntl_V_write     | out |    1|   ap_fifo  |      input_cntl_V      |    pointer   |
+-----------------------+-----+-----+------------+------------------------+--------------+

