

================================================================
== Vivado HLS Report for 'first_layer173'
================================================================
* Date:           Sun Apr 28 15:59:55 2019

* Version:        2018.3 (Build 2405991 on Thu Dec 06 23:56:15 MST 2018)
* Project:        mobile_net_hls_v1
* Solution:       solution1
* Product family: zynquplus
* Target device:  xczu9eg-ffvb1156-2-i


================================================================
== Performance Estimates
================================================================
+ Timing (ns): 
    * Summary: 
    +--------+-------+----------+------------+
    |  Clock | Target| Estimated| Uncertainty|
    +--------+-------+----------+------------+
    |ap_clk  |   4.20|     3.675|        0.52|
    +--------+-------+----------+------------+

+ Latency (clock cycles): 
    * Summary: 
    +-----+-----+-----+-----+---------+
    |  Latency  |  Interval | Pipeline|
    | min | max | min | max |   Type  |
    +-----+-----+-----+-----+---------+
    |    ?|    ?|    ?|    ?|   none  |
    +-----+-----+-----+-----+---------+

    + Detail: 
        * Instance: 
        +--------------------+--------+-----+-----+-----+-----+---------+
        |                    |        |  Latency  |  Interval | Pipeline|
        |      Instance      | Module | min | max | min | max |   Type  |
        +--------------------+--------+-----+-----+-----+-----+---------+
        |grp_conv_3_fu_1108  |conv_3  |    ?|    ?|    ?|    ?|   none  |
        +--------------------+--------+-----+-----+-----+-----+---------+

        * Loop: 
        +----------+-----+-----+----------+-----------+-----------+------+----------+
        |          |  Latency  | Iteration|  Initiation Interval  | Trip |          |
        | Loop Name| min | max |  Latency |  achieved |   target  | Count| Pipelined|
        +----------+-----+-----+----------+-----------+-----------+------+----------+
        |- Loop 1  |    ?|    ?|         1|          -|          -|     ?|    no    |
        +----------+-----+-----+----------+-----------+-----------+------+----------+



================================================================
== Utilization Estimates
================================================================
* Summary: 
+-----------------+---------+-------+--------+--------+-----+
|       Name      | BRAM_18K| DSP48E|   FF   |   LUT  | URAM|
+-----------------+---------+-------+--------+--------+-----+
|DSP              |        -|      -|       -|       -|    -|
|Expression       |        -|      -|       0|       2|    -|
|FIFO             |        0|      -|       5|      16|    -|
|Instance         |       50|    576|   56126|   37004|    -|
|Memory           |        -|      -|       -|       -|    -|
|Multiplexer      |        -|      -|       -|     612|    -|
|Register         |        -|      -|     130|       -|    -|
+-----------------+---------+-------+--------+--------+-----+
|Total            |       50|    576|   56261|   37634|    0|
+-----------------+---------+-------+--------+--------+-----+
|Available        |     1824|   2520|  548160|  274080|    0|
+-----------------+---------+-------+--------+--------+-----+
|Utilization (%)  |        2|     22|      10|      13|    0|
+-----------------+---------+-------+--------+--------+-----+

+ Detail: 
    * Instance: 
    +--------------------+--------+---------+-------+-------+-------+
    |      Instance      | Module | BRAM_18K| DSP48E|   FF  |  LUT  |
    +--------------------+--------+---------+-------+-------+-------+
    |grp_conv_3_fu_1108  |conv_3  |       50|    576|  56126|  37004|
    +--------------------+--------+---------+-------+-------+-------+
    |Total               |        |       50|    576|  56126|  37004|
    +--------------------+--------+---------+-------+-------+-------+

    * DSP48: 
    N/A

    * Memory: 
    N/A

    * FIFO: 
    +---------------+---------+---+----+------+-----+---------+
    |      Name     | BRAM_18K| FF| LUT| Depth| Bits| Size:D*B|
    +---------------+---------+---+----+------+-----+---------+
    |cntl_V_fifo_U  |        0|  5|  16|     1|    1|        1|
    +---------------+---------+---+----+------+-----+---------+
    |Total          |        0|  5|  16|     1|    1|        1|
    +---------------+---------+---+----+------+-----+---------+

    * Expression: 
    +-----------------+----------+-------+---+----+------------+------------+
    |  Variable Name  | Operation| DSP48E| FF| LUT| Bitwidth P0| Bitwidth P1|
    +-----------------+----------+-------+---+----+------------+------------+
    |ap_block_state1  |    or    |      0|  0|   2|           1|           1|
    +-----------------+----------+-------+---+----+------------+------------+
    |Total            |          |      0|  0|   2|           1|           1|
    +-----------------+----------+-------+---+----+------------+------------+

    * Multiplexer: 
    +-----------------------+----+-----------+-----+-----------+
    |          Name         | LUT| Input Size| Bits| Total Bits|
    +-----------------------+----+-----------+-----+-----------+
    |ap_NS_fsm              |  27|          5|    1|          5|
    |ap_done                |   9|          2|    1|          2|
    |betas10_out_blk_n      |   9|          2|    1|          2|
    |betas11_out_blk_n      |   9|          2|    1|          2|
    |betas12_out_blk_n      |   9|          2|    1|          2|
    |betas13_out_blk_n      |   9|          2|    1|          2|
    |betas15_out_blk_n      |   9|          2|    1|          2|
    |betas2_out_blk_n       |   9|          2|    1|          2|
    |betas3_out_blk_n       |   9|          2|    1|          2|
    |betas4_out_blk_n       |   9|          2|    1|          2|
    |betas5_out_blk_n       |   9|          2|    1|          2|
    |betas6_out_blk_n       |   9|          2|    1|          2|
    |betas7_out_blk_n       |   9|          2|    1|          2|
    |betas8_out_blk_n       |   9|          2|    1|          2|
    |betas9_out_blk_n       |   9|          2|    1|          2|
    |cntl_V_write           |   9|          2|    1|          2|
    |inputs10_out_blk_n     |   9|          2|    1|          2|
    |inputs11_out_blk_n     |   9|          2|    1|          2|
    |inputs12_out_blk_n     |   9|          2|    1|          2|
    |inputs13_out_blk_n     |   9|          2|    1|          2|
    |inputs14_out_blk_n     |   9|          2|    1|          2|
    |inputs15_out_blk_n     |   9|          2|    1|          2|
    |inputs2_out_blk_n      |   9|          2|    1|          2|
    |inputs3_out_blk_n      |   9|          2|    1|          2|
    |inputs4_out_blk_n      |   9|          2|    1|          2|
    |inputs5_out_blk_n      |   9|          2|    1|          2|
    |inputs6_out_blk_n      |   9|          2|    1|          2|
    |inputs7_out_blk_n      |   9|          2|    1|          2|
    |inputs8_out_blk_n      |   9|          2|    1|          2|
    |inputs9_out_blk_n      |   9|          2|    1|          2|
    |m_axi_betas_ARVALID    |   9|          2|    1|          2|
    |m_axi_betas_RREADY     |   9|          2|    1|          2|
    |m_axi_inputs_ARVALID   |   9|          2|    1|          2|
    |m_axi_inputs_RREADY    |   9|          2|    1|          2|
    |m_axi_outputs_AWVALID  |   9|          2|    1|          2|
    |m_axi_outputs_BREADY   |   9|          2|    1|          2|
    |m_axi_outputs_WVALID   |   9|          2|    1|          2|
    |m_axi_weights_ARVALID  |   9|          2|    1|          2|
    |m_axi_weights_RREADY   |   9|          2|    1|          2|
    |outputs10_out_blk_n    |   9|          2|    1|          2|
    |outputs11_out_blk_n    |   9|          2|    1|          2|
    |outputs12_out_blk_n    |   9|          2|    1|          2|
    |outputs13_out_blk_n    |   9|          2|    1|          2|
    |outputs14_out_blk_n    |   9|          2|    1|          2|
    |outputs15_out_blk_n    |   9|          2|    1|          2|
    |outputs2_out_blk_n     |   9|          2|    1|          2|
    |outputs3_out_blk_n     |   9|          2|    1|          2|
    |outputs4_out_blk_n     |   9|          2|    1|          2|
    |outputs5_out_blk_n     |   9|          2|    1|          2|
    |outputs6_out_blk_n     |   9|          2|    1|          2|
    |outputs7_out_blk_n     |   9|          2|    1|          2|
    |outputs8_out_blk_n     |   9|          2|    1|          2|
    |outputs9_out_blk_n     |   9|          2|    1|          2|
    |weights10_out_blk_n    |   9|          2|    1|          2|
    |weights11_out_blk_n    |   9|          2|    1|          2|
    |weights12_out_blk_n    |   9|          2|    1|          2|
    |weights13_out_blk_n    |   9|          2|    1|          2|
    |weights15_out_blk_n    |   9|          2|    1|          2|
    |weights2_out_blk_n     |   9|          2|    1|          2|
    |weights3_out_blk_n     |   9|          2|    1|          2|
    |weights4_out_blk_n     |   9|          2|    1|          2|
    |weights5_out_blk_n     |   9|          2|    1|          2|
    |weights6_out_blk_n     |   9|          2|    1|          2|
    |weights7_out_blk_n     |   9|          2|    1|          2|
    |weights8_out_blk_n     |   9|          2|    1|          2|
    |weights9_out_blk_n     |   9|          2|    1|          2|
    +-----------------------+----+-----------+-----+-----------+
    |Total                  | 612|        135|   66|        135|
    +-----------------------+----+-----------+-----+-----------+

    * Register: 
    +---------------------------------+----+----+-----+-----------+
    |               Name              | FF | LUT| Bits| Const Bits|
    +---------------------------------+----+----+-----+-----------+
    |ap_CS_fsm                        |   4|   0|    4|          0|
    |ap_done_reg                      |   1|   0|    1|          0|
    |betas_offset4_i_i_reg_1177       |  31|   0|   31|          0|
    |grp_conv_3_fu_1108_ap_start_reg  |   1|   0|    1|          0|
    |inputs_offset1_i_i_reg_1187      |  31|   0|   31|          0|
    |outputs_offset6_i_i_reg_1172     |  31|   0|   31|          0|
    |weights_offset2_i_i_reg_1182     |  31|   0|   31|          0|
    +---------------------------------+----+----+-----+-----------+
    |Total                            | 130|   0|  130|          0|
    +---------------------------------+----+----+-----+-----------+



================================================================
== Interface
================================================================
* Summary: 
+------------------------+-----+-----+------------+----------------+--------------+
|        RTL Ports       | Dir | Bits|  Protocol  |  Source Object |    C Type    |
+------------------------+-----+-----+------------+----------------+--------------+
|ap_clk                  |  in |    1| ap_ctrl_hs | first_layer173 | return value |
|ap_rst                  |  in |    1| ap_ctrl_hs | first_layer173 | return value |
|ap_start                |  in |    1| ap_ctrl_hs | first_layer173 | return value |
|ap_done                 | out |    1| ap_ctrl_hs | first_layer173 | return value |
|ap_continue             |  in |    1| ap_ctrl_hs | first_layer173 | return value |
|ap_idle                 | out |    1| ap_ctrl_hs | first_layer173 | return value |
|ap_ready                | out |    1| ap_ctrl_hs | first_layer173 | return value |
|m_axi_inputs_AWVALID    | out |    1|    m_axi   |     inputs     |    pointer   |
|m_axi_inputs_AWREADY    |  in |    1|    m_axi   |     inputs     |    pointer   |
|m_axi_inputs_AWADDR     | out |   32|    m_axi   |     inputs     |    pointer   |
|m_axi_inputs_AWID       | out |    1|    m_axi   |     inputs     |    pointer   |
|m_axi_inputs_AWLEN      | out |   32|    m_axi   |     inputs     |    pointer   |
|m_axi_inputs_AWSIZE     | out |    3|    m_axi   |     inputs     |    pointer   |
|m_axi_inputs_AWBURST    | out |    2|    m_axi   |     inputs     |    pointer   |
|m_axi_inputs_AWLOCK     | out |    2|    m_axi   |     inputs     |    pointer   |
|m_axi_inputs_AWCACHE    | out |    4|    m_axi   |     inputs     |    pointer   |
|m_axi_inputs_AWPROT     | out |    3|    m_axi   |     inputs     |    pointer   |
|m_axi_inputs_AWQOS      | out |    4|    m_axi   |     inputs     |    pointer   |
|m_axi_inputs_AWREGION   | out |    4|    m_axi   |     inputs     |    pointer   |
|m_axi_inputs_AWUSER     | out |    1|    m_axi   |     inputs     |    pointer   |
|m_axi_inputs_WVALID     | out |    1|    m_axi   |     inputs     |    pointer   |
|m_axi_inputs_WREADY     |  in |    1|    m_axi   |     inputs     |    pointer   |
|m_axi_inputs_WDATA      | out |   16|    m_axi   |     inputs     |    pointer   |
|m_axi_inputs_WSTRB      | out |    2|    m_axi   |     inputs     |    pointer   |
|m_axi_inputs_WLAST      | out |    1|    m_axi   |     inputs     |    pointer   |
|m_axi_inputs_WID        | out |    1|    m_axi   |     inputs     |    pointer   |
|m_axi_inputs_WUSER      | out |    1|    m_axi   |     inputs     |    pointer   |
|m_axi_inputs_ARVALID    | out |    1|    m_axi   |     inputs     |    pointer   |
|m_axi_inputs_ARREADY    |  in |    1|    m_axi   |     inputs     |    pointer   |
|m_axi_inputs_ARADDR     | out |   32|    m_axi   |     inputs     |    pointer   |
|m_axi_inputs_ARID       | out |    1|    m_axi   |     inputs     |    pointer   |
|m_axi_inputs_ARLEN      | out |   32|    m_axi   |     inputs     |    pointer   |
|m_axi_inputs_ARSIZE     | out |    3|    m_axi   |     inputs     |    pointer   |
|m_axi_inputs_ARBURST    | out |    2|    m_axi   |     inputs     |    pointer   |
|m_axi_inputs_ARLOCK     | out |    2|    m_axi   |     inputs     |    pointer   |
|m_axi_inputs_ARCACHE    | out |    4|    m_axi   |     inputs     |    pointer   |
|m_axi_inputs_ARPROT     | out |    3|    m_axi   |     inputs     |    pointer   |
|m_axi_inputs_ARQOS      | out |    4|    m_axi   |     inputs     |    pointer   |
|m_axi_inputs_ARREGION   | out |    4|    m_axi   |     inputs     |    pointer   |
|m_axi_inputs_ARUSER     | out |    1|    m_axi   |     inputs     |    pointer   |
|m_axi_inputs_RVALID     |  in |    1|    m_axi   |     inputs     |    pointer   |
|m_axi_inputs_RREADY     | out |    1|    m_axi   |     inputs     |    pointer   |
|m_axi_inputs_RDATA      |  in |   16|    m_axi   |     inputs     |    pointer   |
|m_axi_inputs_RLAST      |  in |    1|    m_axi   |     inputs     |    pointer   |
|m_axi_inputs_RID        |  in |    1|    m_axi   |     inputs     |    pointer   |
|m_axi_inputs_RUSER      |  in |    1|    m_axi   |     inputs     |    pointer   |
|m_axi_inputs_RRESP      |  in |    2|    m_axi   |     inputs     |    pointer   |
|m_axi_inputs_BVALID     |  in |    1|    m_axi   |     inputs     |    pointer   |
|m_axi_inputs_BREADY     | out |    1|    m_axi   |     inputs     |    pointer   |
|m_axi_inputs_BRESP      |  in |    2|    m_axi   |     inputs     |    pointer   |
|m_axi_inputs_BID        |  in |    1|    m_axi   |     inputs     |    pointer   |
|m_axi_inputs_BUSER      |  in |    1|    m_axi   |     inputs     |    pointer   |
|inputs_offset           |  in |   32|   ap_none  |  inputs_offset |    scalar    |
|m_axi_weights_AWVALID   | out |    1|    m_axi   |     weights    |    pointer   |
|m_axi_weights_AWREADY   |  in |    1|    m_axi   |     weights    |    pointer   |
|m_axi_weights_AWADDR    | out |   32|    m_axi   |     weights    |    pointer   |
|m_axi_weights_AWID      | out |    1|    m_axi   |     weights    |    pointer   |
|m_axi_weights_AWLEN     | out |   32|    m_axi   |     weights    |    pointer   |
|m_axi_weights_AWSIZE    | out |    3|    m_axi   |     weights    |    pointer   |
|m_axi_weights_AWBURST   | out |    2|    m_axi   |     weights    |    pointer   |
|m_axi_weights_AWLOCK    | out |    2|    m_axi   |     weights    |    pointer   |
|m_axi_weights_AWCACHE   | out |    4|    m_axi   |     weights    |    pointer   |
|m_axi_weights_AWPROT    | out |    3|    m_axi   |     weights    |    pointer   |
|m_axi_weights_AWQOS     | out |    4|    m_axi   |     weights    |    pointer   |
|m_axi_weights_AWREGION  | out |    4|    m_axi   |     weights    |    pointer   |
|m_axi_weights_AWUSER    | out |    1|    m_axi   |     weights    |    pointer   |
|m_axi_weights_WVALID    | out |    1|    m_axi   |     weights    |    pointer   |
|m_axi_weights_WREADY    |  in |    1|    m_axi   |     weights    |    pointer   |
|m_axi_weights_WDATA     | out |   16|    m_axi   |     weights    |    pointer   |
|m_axi_weights_WSTRB     | out |    2|    m_axi   |     weights    |    pointer   |
|m_axi_weights_WLAST     | out |    1|    m_axi   |     weights    |    pointer   |
|m_axi_weights_WID       | out |    1|    m_axi   |     weights    |    pointer   |
|m_axi_weights_WUSER     | out |    1|    m_axi   |     weights    |    pointer   |
|m_axi_weights_ARVALID   | out |    1|    m_axi   |     weights    |    pointer   |
|m_axi_weights_ARREADY   |  in |    1|    m_axi   |     weights    |    pointer   |
|m_axi_weights_ARADDR    | out |   32|    m_axi   |     weights    |    pointer   |
|m_axi_weights_ARID      | out |    1|    m_axi   |     weights    |    pointer   |
|m_axi_weights_ARLEN     | out |   32|    m_axi   |     weights    |    pointer   |
|m_axi_weights_ARSIZE    | out |    3|    m_axi   |     weights    |    pointer   |
|m_axi_weights_ARBURST   | out |    2|    m_axi   |     weights    |    pointer   |
|m_axi_weights_ARLOCK    | out |    2|    m_axi   |     weights    |    pointer   |
|m_axi_weights_ARCACHE   | out |    4|    m_axi   |     weights    |    pointer   |
|m_axi_weights_ARPROT    | out |    3|    m_axi   |     weights    |    pointer   |
|m_axi_weights_ARQOS     | out |    4|    m_axi   |     weights    |    pointer   |
|m_axi_weights_ARREGION  | out |    4|    m_axi   |     weights    |    pointer   |
|m_axi_weights_ARUSER    | out |    1|    m_axi   |     weights    |    pointer   |
|m_axi_weights_RVALID    |  in |    1|    m_axi   |     weights    |    pointer   |
|m_axi_weights_RREADY    | out |    1|    m_axi   |     weights    |    pointer   |
|m_axi_weights_RDATA     |  in |   16|    m_axi   |     weights    |    pointer   |
|m_axi_weights_RLAST     |  in |    1|    m_axi   |     weights    |    pointer   |
|m_axi_weights_RID       |  in |    1|    m_axi   |     weights    |    pointer   |
|m_axi_weights_RUSER     |  in |    1|    m_axi   |     weights    |    pointer   |
|m_axi_weights_RRESP     |  in |    2|    m_axi   |     weights    |    pointer   |
|m_axi_weights_BVALID    |  in |    1|    m_axi   |     weights    |    pointer   |
|m_axi_weights_BREADY    | out |    1|    m_axi   |     weights    |    pointer   |
|m_axi_weights_BRESP     |  in |    2|    m_axi   |     weights    |    pointer   |
|m_axi_weights_BID       |  in |    1|    m_axi   |     weights    |    pointer   |
|m_axi_weights_BUSER     |  in |    1|    m_axi   |     weights    |    pointer   |
|weights_offset          |  in |   32|   ap_none  | weights_offset |    scalar    |
|m_axi_betas_AWVALID     | out |    1|    m_axi   |      betas     |    pointer   |
|m_axi_betas_AWREADY     |  in |    1|    m_axi   |      betas     |    pointer   |
|m_axi_betas_AWADDR      | out |   32|    m_axi   |      betas     |    pointer   |
|m_axi_betas_AWID        | out |    1|    m_axi   |      betas     |    pointer   |
|m_axi_betas_AWLEN       | out |   32|    m_axi   |      betas     |    pointer   |
|m_axi_betas_AWSIZE      | out |    3|    m_axi   |      betas     |    pointer   |
|m_axi_betas_AWBURST     | out |    2|    m_axi   |      betas     |    pointer   |
|m_axi_betas_AWLOCK      | out |    2|    m_axi   |      betas     |    pointer   |
|m_axi_betas_AWCACHE     | out |    4|    m_axi   |      betas     |    pointer   |
|m_axi_betas_AWPROT      | out |    3|    m_axi   |      betas     |    pointer   |
|m_axi_betas_AWQOS       | out |    4|    m_axi   |      betas     |    pointer   |
|m_axi_betas_AWREGION    | out |    4|    m_axi   |      betas     |    pointer   |
|m_axi_betas_AWUSER      | out |    1|    m_axi   |      betas     |    pointer   |
|m_axi_betas_WVALID      | out |    1|    m_axi   |      betas     |    pointer   |
|m_axi_betas_WREADY      |  in |    1|    m_axi   |      betas     |    pointer   |
|m_axi_betas_WDATA       | out |   16|    m_axi   |      betas     |    pointer   |
|m_axi_betas_WSTRB       | out |    2|    m_axi   |      betas     |    pointer   |
|m_axi_betas_WLAST       | out |    1|    m_axi   |      betas     |    pointer   |
|m_axi_betas_WID         | out |    1|    m_axi   |      betas     |    pointer   |
|m_axi_betas_WUSER       | out |    1|    m_axi   |      betas     |    pointer   |
|m_axi_betas_ARVALID     | out |    1|    m_axi   |      betas     |    pointer   |
|m_axi_betas_ARREADY     |  in |    1|    m_axi   |      betas     |    pointer   |
|m_axi_betas_ARADDR      | out |   32|    m_axi   |      betas     |    pointer   |
|m_axi_betas_ARID        | out |    1|    m_axi   |      betas     |    pointer   |
|m_axi_betas_ARLEN       | out |   32|    m_axi   |      betas     |    pointer   |
|m_axi_betas_ARSIZE      | out |    3|    m_axi   |      betas     |    pointer   |
|m_axi_betas_ARBURST     | out |    2|    m_axi   |      betas     |    pointer   |
|m_axi_betas_ARLOCK      | out |    2|    m_axi   |      betas     |    pointer   |
|m_axi_betas_ARCACHE     | out |    4|    m_axi   |      betas     |    pointer   |
|m_axi_betas_ARPROT      | out |    3|    m_axi   |      betas     |    pointer   |
|m_axi_betas_ARQOS       | out |    4|    m_axi   |      betas     |    pointer   |
|m_axi_betas_ARREGION    | out |    4|    m_axi   |      betas     |    pointer   |
|m_axi_betas_ARUSER      | out |    1|    m_axi   |      betas     |    pointer   |
|m_axi_betas_RVALID      |  in |    1|    m_axi   |      betas     |    pointer   |
|m_axi_betas_RREADY      | out |    1|    m_axi   |      betas     |    pointer   |
|m_axi_betas_RDATA       |  in |   16|    m_axi   |      betas     |    pointer   |
|m_axi_betas_RLAST       |  in |    1|    m_axi   |      betas     |    pointer   |
|m_axi_betas_RID         |  in |    1|    m_axi   |      betas     |    pointer   |
|m_axi_betas_RUSER       |  in |    1|    m_axi   |      betas     |    pointer   |
|m_axi_betas_RRESP       |  in |    2|    m_axi   |      betas     |    pointer   |
|m_axi_betas_BVALID      |  in |    1|    m_axi   |      betas     |    pointer   |
|m_axi_betas_BREADY      | out |    1|    m_axi   |      betas     |    pointer   |
|m_axi_betas_BRESP       |  in |    2|    m_axi   |      betas     |    pointer   |
|m_axi_betas_BID         |  in |    1|    m_axi   |      betas     |    pointer   |
|m_axi_betas_BUSER       |  in |    1|    m_axi   |      betas     |    pointer   |
|betas_offset            |  in |   32|   ap_none  |  betas_offset  |    scalar    |
|m_axi_outputs_AWVALID   | out |    1|    m_axi   |     outputs    |    pointer   |
|m_axi_outputs_AWREADY   |  in |    1|    m_axi   |     outputs    |    pointer   |
|m_axi_outputs_AWADDR    | out |   32|    m_axi   |     outputs    |    pointer   |
|m_axi_outputs_AWID      | out |    1|    m_axi   |     outputs    |    pointer   |
|m_axi_outputs_AWLEN     | out |   32|    m_axi   |     outputs    |    pointer   |
|m_axi_outputs_AWSIZE    | out |    3|    m_axi   |     outputs    |    pointer   |
|m_axi_outputs_AWBURST   | out |    2|    m_axi   |     outputs    |    pointer   |
|m_axi_outputs_AWLOCK    | out |    2|    m_axi   |     outputs    |    pointer   |
|m_axi_outputs_AWCACHE   | out |    4|    m_axi   |     outputs    |    pointer   |
|m_axi_outputs_AWPROT    | out |    3|    m_axi   |     outputs    |    pointer   |
|m_axi_outputs_AWQOS     | out |    4|    m_axi   |     outputs    |    pointer   |
|m_axi_outputs_AWREGION  | out |    4|    m_axi   |     outputs    |    pointer   |
|m_axi_outputs_AWUSER    | out |    1|    m_axi   |     outputs    |    pointer   |
|m_axi_outputs_WVALID    | out |    1|    m_axi   |     outputs    |    pointer   |
|m_axi_outputs_WREADY    |  in |    1|    m_axi   |     outputs    |    pointer   |
|m_axi_outputs_WDATA     | out |   16|    m_axi   |     outputs    |    pointer   |
|m_axi_outputs_WSTRB     | out |    2|    m_axi   |     outputs    |    pointer   |
|m_axi_outputs_WLAST     | out |    1|    m_axi   |     outputs    |    pointer   |
|m_axi_outputs_WID       | out |    1|    m_axi   |     outputs    |    pointer   |
|m_axi_outputs_WUSER     | out |    1|    m_axi   |     outputs    |    pointer   |
|m_axi_outputs_ARVALID   | out |    1|    m_axi   |     outputs    |    pointer   |
|m_axi_outputs_ARREADY   |  in |    1|    m_axi   |     outputs    |    pointer   |
|m_axi_outputs_ARADDR    | out |   32|    m_axi   |     outputs    |    pointer   |
|m_axi_outputs_ARID      | out |    1|    m_axi   |     outputs    |    pointer   |
|m_axi_outputs_ARLEN     | out |   32|    m_axi   |     outputs    |    pointer   |
|m_axi_outputs_ARSIZE    | out |    3|    m_axi   |     outputs    |    pointer   |
|m_axi_outputs_ARBURST   | out |    2|    m_axi   |     outputs    |    pointer   |
|m_axi_outputs_ARLOCK    | out |    2|    m_axi   |     outputs    |    pointer   |
|m_axi_outputs_ARCACHE   | out |    4|    m_axi   |     outputs    |    pointer   |
|m_axi_outputs_ARPROT    | out |    3|    m_axi   |     outputs    |    pointer   |
|m_axi_outputs_ARQOS     | out |    4|    m_axi   |     outputs    |    pointer   |
|m_axi_outputs_ARREGION  | out |    4|    m_axi   |     outputs    |    pointer   |
|m_axi_outputs_ARUSER    | out |    1|    m_axi   |     outputs    |    pointer   |
|m_axi_outputs_RVALID    |  in |    1|    m_axi   |     outputs    |    pointer   |
|m_axi_outputs_RREADY    | out |    1|    m_axi   |     outputs    |    pointer   |
|m_axi_outputs_RDATA     |  in |   16|    m_axi   |     outputs    |    pointer   |
|m_axi_outputs_RLAST     |  in |    1|    m_axi   |     outputs    |    pointer   |
|m_axi_outputs_RID       |  in |    1|    m_axi   |     outputs    |    pointer   |
|m_axi_outputs_RUSER     |  in |    1|    m_axi   |     outputs    |    pointer   |
|m_axi_outputs_RRESP     |  in |    2|    m_axi   |     outputs    |    pointer   |
|m_axi_outputs_BVALID    |  in |    1|    m_axi   |     outputs    |    pointer   |
|m_axi_outputs_BREADY    | out |    1|    m_axi   |     outputs    |    pointer   |
|m_axi_outputs_BRESP     |  in |    2|    m_axi   |     outputs    |    pointer   |
|m_axi_outputs_BID       |  in |    1|    m_axi   |     outputs    |    pointer   |
|m_axi_outputs_BUSER     |  in |    1|    m_axi   |     outputs    |    pointer   |
|outputs_offset          |  in |   32|   ap_none  | outputs_offset |    scalar    |
|nxt_ready_V_din         | out |    1|   ap_fifo  |   nxt_ready_V  |    pointer   |
|nxt_ready_V_full_n      |  in |    1|   ap_fifo  |   nxt_ready_V  |    pointer   |
|nxt_ready_V_write       | out |    1|   ap_fifo  |   nxt_ready_V  |    pointer   |
|inputs2                 |  in |   32|   ap_none  |     inputs2    |    scalar    |
|weights2                |  in |   32|   ap_none  |    weights2    |    scalar    |
|betas2                  |  in |   32|   ap_none  |     betas2     |    scalar    |
|outputs2                |  in |   32|   ap_none  |    outputs2    |    scalar    |
|inputs3                 |  in |   32|   ap_none  |     inputs3    |    scalar    |
|weights3                |  in |   32|   ap_none  |    weights3    |    scalar    |
|betas3                  |  in |   32|   ap_none  |     betas3     |    scalar    |
|outputs3                |  in |   32|   ap_none  |    outputs3    |    scalar    |
|inputs4                 |  in |   32|   ap_none  |     inputs4    |    scalar    |
|weights4                |  in |   32|   ap_none  |    weights4    |    scalar    |
|betas4                  |  in |   32|   ap_none  |     betas4     |    scalar    |
|outputs4                |  in |   32|   ap_none  |    outputs4    |    scalar    |
|inputs5                 |  in |   32|   ap_none  |     inputs5    |    scalar    |
|weights5                |  in |   32|   ap_none  |    weights5    |    scalar    |
|betas5                  |  in |   32|   ap_none  |     betas5     |    scalar    |
|outputs5                |  in |   32|   ap_none  |    outputs5    |    scalar    |
|inputs6                 |  in |   32|   ap_none  |     inputs6    |    scalar    |
|weights6                |  in |   32|   ap_none  |    weights6    |    scalar    |
|betas6                  |  in |   32|   ap_none  |     betas6     |    scalar    |
|outputs6                |  in |   32|   ap_none  |    outputs6    |    scalar    |
|inputs7                 |  in |   32|   ap_none  |     inputs7    |    scalar    |
|weights7                |  in |   32|   ap_none  |    weights7    |    scalar    |
|betas7                  |  in |   32|   ap_none  |     betas7     |    scalar    |
|outputs7                |  in |   32|   ap_none  |    outputs7    |    scalar    |
|inputs8                 |  in |   32|   ap_none  |     inputs8    |    scalar    |
|weights8                |  in |   32|   ap_none  |    weights8    |    scalar    |
|betas8                  |  in |   32|   ap_none  |     betas8     |    scalar    |
|outputs8                |  in |   32|   ap_none  |    outputs8    |    scalar    |
|inputs9                 |  in |   32|   ap_none  |     inputs9    |    scalar    |
|weights9                |  in |   32|   ap_none  |    weights9    |    scalar    |
|betas9                  |  in |   32|   ap_none  |     betas9     |    scalar    |
|outputs9                |  in |   32|   ap_none  |    outputs9    |    scalar    |
|inputs10                |  in |   32|   ap_none  |    inputs10    |    scalar    |
|weights10               |  in |   32|   ap_none  |    weights10   |    scalar    |
|betas10                 |  in |   32|   ap_none  |     betas10    |    scalar    |
|outputs10               |  in |   32|   ap_none  |    outputs10   |    scalar    |
|inputs11                |  in |   32|   ap_none  |    inputs11    |    scalar    |
|weights11               |  in |   32|   ap_none  |    weights11   |    scalar    |
|betas11                 |  in |   32|   ap_none  |     betas11    |    scalar    |
|outputs11               |  in |   32|   ap_none  |    outputs11   |    scalar    |
|inputs12                |  in |   32|   ap_none  |    inputs12    |    scalar    |
|weights12               |  in |   32|   ap_none  |    weights12   |    scalar    |
|betas12                 |  in |   32|   ap_none  |     betas12    |    scalar    |
|outputs12               |  in |   32|   ap_none  |    outputs12   |    scalar    |
|inputs13                |  in |   32|   ap_none  |    inputs13    |    scalar    |
|weights13               |  in |   32|   ap_none  |    weights13   |    scalar    |
|betas13                 |  in |   32|   ap_none  |     betas13    |    scalar    |
|outputs13               |  in |   32|   ap_none  |    outputs13   |    scalar    |
|inputs14                |  in |   32|   ap_none  |    inputs14    |    scalar    |
|outputs14               |  in |   32|   ap_none  |    outputs14   |    scalar    |
|inputs15                |  in |   32|   ap_none  |    inputs15    |    scalar    |
|weights15               |  in |   32|   ap_none  |    weights15   |    scalar    |
|betas15                 |  in |   32|   ap_none  |     betas15    |    scalar    |
|outputs15               |  in |   32|   ap_none  |    outputs15   |    scalar    |
|inputs2_out_din         | out |   32|   ap_fifo  |   inputs2_out  |    pointer   |
|inputs2_out_full_n      |  in |    1|   ap_fifo  |   inputs2_out  |    pointer   |
|inputs2_out_write       | out |    1|   ap_fifo  |   inputs2_out  |    pointer   |
|weights2_out_din        | out |   32|   ap_fifo  |  weights2_out  |    pointer   |
|weights2_out_full_n     |  in |    1|   ap_fifo  |  weights2_out  |    pointer   |
|weights2_out_write      | out |    1|   ap_fifo  |  weights2_out  |    pointer   |
|betas2_out_din          | out |   32|   ap_fifo  |   betas2_out   |    pointer   |
|betas2_out_full_n       |  in |    1|   ap_fifo  |   betas2_out   |    pointer   |
|betas2_out_write        | out |    1|   ap_fifo  |   betas2_out   |    pointer   |
|outputs2_out_din        | out |   32|   ap_fifo  |  outputs2_out  |    pointer   |
|outputs2_out_full_n     |  in |    1|   ap_fifo  |  outputs2_out  |    pointer   |
|outputs2_out_write      | out |    1|   ap_fifo  |  outputs2_out  |    pointer   |
|inputs3_out_din         | out |   32|   ap_fifo  |   inputs3_out  |    pointer   |
|inputs3_out_full_n      |  in |    1|   ap_fifo  |   inputs3_out  |    pointer   |
|inputs3_out_write       | out |    1|   ap_fifo  |   inputs3_out  |    pointer   |
|weights3_out_din        | out |   32|   ap_fifo  |  weights3_out  |    pointer   |
|weights3_out_full_n     |  in |    1|   ap_fifo  |  weights3_out  |    pointer   |
|weights3_out_write      | out |    1|   ap_fifo  |  weights3_out  |    pointer   |
|betas3_out_din          | out |   32|   ap_fifo  |   betas3_out   |    pointer   |
|betas3_out_full_n       |  in |    1|   ap_fifo  |   betas3_out   |    pointer   |
|betas3_out_write        | out |    1|   ap_fifo  |   betas3_out   |    pointer   |
|outputs3_out_din        | out |   32|   ap_fifo  |  outputs3_out  |    pointer   |
|outputs3_out_full_n     |  in |    1|   ap_fifo  |  outputs3_out  |    pointer   |
|outputs3_out_write      | out |    1|   ap_fifo  |  outputs3_out  |    pointer   |
|inputs4_out_din         | out |   32|   ap_fifo  |   inputs4_out  |    pointer   |
|inputs4_out_full_n      |  in |    1|   ap_fifo  |   inputs4_out  |    pointer   |
|inputs4_out_write       | out |    1|   ap_fifo  |   inputs4_out  |    pointer   |
|weights4_out_din        | out |   32|   ap_fifo  |  weights4_out  |    pointer   |
|weights4_out_full_n     |  in |    1|   ap_fifo  |  weights4_out  |    pointer   |
|weights4_out_write      | out |    1|   ap_fifo  |  weights4_out  |    pointer   |
|betas4_out_din          | out |   32|   ap_fifo  |   betas4_out   |    pointer   |
|betas4_out_full_n       |  in |    1|   ap_fifo  |   betas4_out   |    pointer   |
|betas4_out_write        | out |    1|   ap_fifo  |   betas4_out   |    pointer   |
|outputs4_out_din        | out |   32|   ap_fifo  |  outputs4_out  |    pointer   |
|outputs4_out_full_n     |  in |    1|   ap_fifo  |  outputs4_out  |    pointer   |
|outputs4_out_write      | out |    1|   ap_fifo  |  outputs4_out  |    pointer   |
|inputs5_out_din         | out |   32|   ap_fifo  |   inputs5_out  |    pointer   |
|inputs5_out_full_n      |  in |    1|   ap_fifo  |   inputs5_out  |    pointer   |
|inputs5_out_write       | out |    1|   ap_fifo  |   inputs5_out  |    pointer   |
|weights5_out_din        | out |   32|   ap_fifo  |  weights5_out  |    pointer   |
|weights5_out_full_n     |  in |    1|   ap_fifo  |  weights5_out  |    pointer   |
|weights5_out_write      | out |    1|   ap_fifo  |  weights5_out  |    pointer   |
|betas5_out_din          | out |   32|   ap_fifo  |   betas5_out   |    pointer   |
|betas5_out_full_n       |  in |    1|   ap_fifo  |   betas5_out   |    pointer   |
|betas5_out_write        | out |    1|   ap_fifo  |   betas5_out   |    pointer   |
|outputs5_out_din        | out |   32|   ap_fifo  |  outputs5_out  |    pointer   |
|outputs5_out_full_n     |  in |    1|   ap_fifo  |  outputs5_out  |    pointer   |
|outputs5_out_write      | out |    1|   ap_fifo  |  outputs5_out  |    pointer   |
|inputs6_out_din         | out |   32|   ap_fifo  |   inputs6_out  |    pointer   |
|inputs6_out_full_n      |  in |    1|   ap_fifo  |   inputs6_out  |    pointer   |
|inputs6_out_write       | out |    1|   ap_fifo  |   inputs6_out  |    pointer   |
|weights6_out_din        | out |   32|   ap_fifo  |  weights6_out  |    pointer   |
|weights6_out_full_n     |  in |    1|   ap_fifo  |  weights6_out  |    pointer   |
|weights6_out_write      | out |    1|   ap_fifo  |  weights6_out  |    pointer   |
|betas6_out_din          | out |   32|   ap_fifo  |   betas6_out   |    pointer   |
|betas6_out_full_n       |  in |    1|   ap_fifo  |   betas6_out   |    pointer   |
|betas6_out_write        | out |    1|   ap_fifo  |   betas6_out   |    pointer   |
|outputs6_out_din        | out |   32|   ap_fifo  |  outputs6_out  |    pointer   |
|outputs6_out_full_n     |  in |    1|   ap_fifo  |  outputs6_out  |    pointer   |
|outputs6_out_write      | out |    1|   ap_fifo  |  outputs6_out  |    pointer   |
|inputs7_out_din         | out |   32|   ap_fifo  |   inputs7_out  |    pointer   |
|inputs7_out_full_n      |  in |    1|   ap_fifo  |   inputs7_out  |    pointer   |
|inputs7_out_write       | out |    1|   ap_fifo  |   inputs7_out  |    pointer   |
|weights7_out_din        | out |   32|   ap_fifo  |  weights7_out  |    pointer   |
|weights7_out_full_n     |  in |    1|   ap_fifo  |  weights7_out  |    pointer   |
|weights7_out_write      | out |    1|   ap_fifo  |  weights7_out  |    pointer   |
|betas7_out_din          | out |   32|   ap_fifo  |   betas7_out   |    pointer   |
|betas7_out_full_n       |  in |    1|   ap_fifo  |   betas7_out   |    pointer   |
|betas7_out_write        | out |    1|   ap_fifo  |   betas7_out   |    pointer   |
|outputs7_out_din        | out |   32|   ap_fifo  |  outputs7_out  |    pointer   |
|outputs7_out_full_n     |  in |    1|   ap_fifo  |  outputs7_out  |    pointer   |
|outputs7_out_write      | out |    1|   ap_fifo  |  outputs7_out  |    pointer   |
|inputs8_out_din         | out |   32|   ap_fifo  |   inputs8_out  |    pointer   |
|inputs8_out_full_n      |  in |    1|   ap_fifo  |   inputs8_out  |    pointer   |
|inputs8_out_write       | out |    1|   ap_fifo  |   inputs8_out  |    pointer   |
|weights8_out_din        | out |   32|   ap_fifo  |  weights8_out  |    pointer   |
|weights8_out_full_n     |  in |    1|   ap_fifo  |  weights8_out  |    pointer   |
|weights8_out_write      | out |    1|   ap_fifo  |  weights8_out  |    pointer   |
|betas8_out_din          | out |   32|   ap_fifo  |   betas8_out   |    pointer   |
|betas8_out_full_n       |  in |    1|   ap_fifo  |   betas8_out   |    pointer   |
|betas8_out_write        | out |    1|   ap_fifo  |   betas8_out   |    pointer   |
|outputs8_out_din        | out |   32|   ap_fifo  |  outputs8_out  |    pointer   |
|outputs8_out_full_n     |  in |    1|   ap_fifo  |  outputs8_out  |    pointer   |
|outputs8_out_write      | out |    1|   ap_fifo  |  outputs8_out  |    pointer   |
|inputs9_out_din         | out |   32|   ap_fifo  |   inputs9_out  |    pointer   |
|inputs9_out_full_n      |  in |    1|   ap_fifo  |   inputs9_out  |    pointer   |
|inputs9_out_write       | out |    1|   ap_fifo  |   inputs9_out  |    pointer   |
|weights9_out_din        | out |   32|   ap_fifo  |  weights9_out  |    pointer   |
|weights9_out_full_n     |  in |    1|   ap_fifo  |  weights9_out  |    pointer   |
|weights9_out_write      | out |    1|   ap_fifo  |  weights9_out  |    pointer   |
|betas9_out_din          | out |   32|   ap_fifo  |   betas9_out   |    pointer   |
|betas9_out_full_n       |  in |    1|   ap_fifo  |   betas9_out   |    pointer   |
|betas9_out_write        | out |    1|   ap_fifo  |   betas9_out   |    pointer   |
|outputs9_out_din        | out |   32|   ap_fifo  |  outputs9_out  |    pointer   |
|outputs9_out_full_n     |  in |    1|   ap_fifo  |  outputs9_out  |    pointer   |
|outputs9_out_write      | out |    1|   ap_fifo  |  outputs9_out  |    pointer   |
|inputs10_out_din        | out |   32|   ap_fifo  |  inputs10_out  |    pointer   |
|inputs10_out_full_n     |  in |    1|   ap_fifo  |  inputs10_out  |    pointer   |
|inputs10_out_write      | out |    1|   ap_fifo  |  inputs10_out  |    pointer   |
|weights10_out_din       | out |   32|   ap_fifo  |  weights10_out |    pointer   |
|weights10_out_full_n    |  in |    1|   ap_fifo  |  weights10_out |    pointer   |
|weights10_out_write     | out |    1|   ap_fifo  |  weights10_out |    pointer   |
|betas10_out_din         | out |   32|   ap_fifo  |   betas10_out  |    pointer   |
|betas10_out_full_n      |  in |    1|   ap_fifo  |   betas10_out  |    pointer   |
|betas10_out_write       | out |    1|   ap_fifo  |   betas10_out  |    pointer   |
|outputs10_out_din       | out |   32|   ap_fifo  |  outputs10_out |    pointer   |
|outputs10_out_full_n    |  in |    1|   ap_fifo  |  outputs10_out |    pointer   |
|outputs10_out_write     | out |    1|   ap_fifo  |  outputs10_out |    pointer   |
|inputs11_out_din        | out |   32|   ap_fifo  |  inputs11_out  |    pointer   |
|inputs11_out_full_n     |  in |    1|   ap_fifo  |  inputs11_out  |    pointer   |
|inputs11_out_write      | out |    1|   ap_fifo  |  inputs11_out  |    pointer   |
|weights11_out_din       | out |   32|   ap_fifo  |  weights11_out |    pointer   |
|weights11_out_full_n    |  in |    1|   ap_fifo  |  weights11_out |    pointer   |
|weights11_out_write     | out |    1|   ap_fifo  |  weights11_out |    pointer   |
|betas11_out_din         | out |   32|   ap_fifo  |   betas11_out  |    pointer   |
|betas11_out_full_n      |  in |    1|   ap_fifo  |   betas11_out  |    pointer   |
|betas11_out_write       | out |    1|   ap_fifo  |   betas11_out  |    pointer   |
|outputs11_out_din       | out |   32|   ap_fifo  |  outputs11_out |    pointer   |
|outputs11_out_full_n    |  in |    1|   ap_fifo  |  outputs11_out |    pointer   |
|outputs11_out_write     | out |    1|   ap_fifo  |  outputs11_out |    pointer   |
|inputs12_out_din        | out |   32|   ap_fifo  |  inputs12_out  |    pointer   |
|inputs12_out_full_n     |  in |    1|   ap_fifo  |  inputs12_out  |    pointer   |
|inputs12_out_write      | out |    1|   ap_fifo  |  inputs12_out  |    pointer   |
|weights12_out_din       | out |   32|   ap_fifo  |  weights12_out |    pointer   |
|weights12_out_full_n    |  in |    1|   ap_fifo  |  weights12_out |    pointer   |
|weights12_out_write     | out |    1|   ap_fifo  |  weights12_out |    pointer   |
|betas12_out_din         | out |   32|   ap_fifo  |   betas12_out  |    pointer   |
|betas12_out_full_n      |  in |    1|   ap_fifo  |   betas12_out  |    pointer   |
|betas12_out_write       | out |    1|   ap_fifo  |   betas12_out  |    pointer   |
|outputs12_out_din       | out |   32|   ap_fifo  |  outputs12_out |    pointer   |
|outputs12_out_full_n    |  in |    1|   ap_fifo  |  outputs12_out |    pointer   |
|outputs12_out_write     | out |    1|   ap_fifo  |  outputs12_out |    pointer   |
|inputs13_out_din        | out |   32|   ap_fifo  |  inputs13_out  |    pointer   |
|inputs13_out_full_n     |  in |    1|   ap_fifo  |  inputs13_out  |    pointer   |
|inputs13_out_write      | out |    1|   ap_fifo  |  inputs13_out  |    pointer   |
|weights13_out_din       | out |   32|   ap_fifo  |  weights13_out |    pointer   |
|weights13_out_full_n    |  in |    1|   ap_fifo  |  weights13_out |    pointer   |
|weights13_out_write     | out |    1|   ap_fifo  |  weights13_out |    pointer   |
|betas13_out_din         | out |   32|   ap_fifo  |   betas13_out  |    pointer   |
|betas13_out_full_n      |  in |    1|   ap_fifo  |   betas13_out  |    pointer   |
|betas13_out_write       | out |    1|   ap_fifo  |   betas13_out  |    pointer   |
|outputs13_out_din       | out |   32|   ap_fifo  |  outputs13_out |    pointer   |
|outputs13_out_full_n    |  in |    1|   ap_fifo  |  outputs13_out |    pointer   |
|outputs13_out_write     | out |    1|   ap_fifo  |  outputs13_out |    pointer   |
|inputs14_out_din        | out |   32|   ap_fifo  |  inputs14_out  |    pointer   |
|inputs14_out_full_n     |  in |    1|   ap_fifo  |  inputs14_out  |    pointer   |
|inputs14_out_write      | out |    1|   ap_fifo  |  inputs14_out  |    pointer   |
|outputs14_out_din       | out |   32|   ap_fifo  |  outputs14_out |    pointer   |
|outputs14_out_full_n    |  in |    1|   ap_fifo  |  outputs14_out |    pointer   |
|outputs14_out_write     | out |    1|   ap_fifo  |  outputs14_out |    pointer   |
|inputs15_out_din        | out |   32|   ap_fifo  |  inputs15_out  |    pointer   |
|inputs15_out_full_n     |  in |    1|   ap_fifo  |  inputs15_out  |    pointer   |
|inputs15_out_write      | out |    1|   ap_fifo  |  inputs15_out  |    pointer   |
|weights15_out_din       | out |   32|   ap_fifo  |  weights15_out |    pointer   |
|weights15_out_full_n    |  in |    1|   ap_fifo  |  weights15_out |    pointer   |
|weights15_out_write     | out |    1|   ap_fifo  |  weights15_out |    pointer   |
|betas15_out_din         | out |   32|   ap_fifo  |   betas15_out  |    pointer   |
|betas15_out_full_n      |  in |    1|   ap_fifo  |   betas15_out  |    pointer   |
|betas15_out_write       | out |    1|   ap_fifo  |   betas15_out  |    pointer   |
|outputs15_out_din       | out |   32|   ap_fifo  |  outputs15_out |    pointer   |
|outputs15_out_full_n    |  in |    1|   ap_fifo  |  outputs15_out |    pointer   |
|outputs15_out_write     | out |    1|   ap_fifo  |  outputs15_out |    pointer   |
+------------------------+-----+-----+------------+----------------+--------------+

