

================================================================
== Vivado HLS Report for 'inter_layer_9'
================================================================
* Date:           Sun Apr 28 16:06:53 2019

* Version:        2018.3 (Build 2405991 on Thu Dec 06 23:56:15 MST 2018)
* Project:        mobile_net_hls_v1
* Solution:       solution1
* Product family: zynquplus
* Target device:  xczu9eg-ffvb1156-2-i


================================================================
== Performance Estimates
================================================================
+ Timing (ns): 
    * Summary: 
    +--------+-------+----------+------------+
    |  Clock | Target| Estimated| Uncertainty|
    +--------+-------+----------+------------+
    |ap_clk  |   4.20|     3.675|        0.52|
    +--------+-------+----------+------------+

+ Latency (clock cycles): 
    * Summary: 
    +-----+-----+-----+-----+---------+
    |  Latency  |  Interval | Pipeline|
    | min | max | min | max |   Type  |
    +-----+-----+-----+-----+---------+
    |    ?|    ?|    ?|    ?|   none  |
    +-----+-----+-----+-----+---------+

    + Detail: 
        * Instance: 
        +--------------------+---------+-----+-----+-----+-----+---------+
        |                    |         |  Latency  |  Interval | Pipeline|
        |      Instance      |  Module | min | max | min | max |   Type  |
        +--------------------+---------+-----+-----+-----+-----+---------+
        |grp_conv_10_fu_169  |conv_10  |    ?|    ?|    ?|    ?|   none  |
        +--------------------+---------+-----+-----+-----+-----+---------+

        * Loop: 
        +-------------+-----+-----+----------+-----------+-----------+------+----------+
        |             |  Latency  | Iteration|  Initiation Interval  | Trip |          |
        |  Loop Name  | min | max |  Latency |  achieved |   target  | Count| Pipelined|
        +-------------+-----+-----+----------+-----------+-----------+------+----------+
        |- Loop 1     |    ?|    ?|         ?|          -|          -|     ?|    no    |
        | + Loop 1.1  |    ?|    ?|         1|          -|          -|     ?|    no    |
        +-------------+-----+-----+----------+-----------+-----------+------+----------+



================================================================
== Utilization Estimates
================================================================
* Summary: 
+-----------------+---------+-------+--------+--------+-----+
|       Name      | BRAM_18K| DSP48E|   FF   |   LUT  | URAM|
+-----------------+---------+-------+--------+--------+-----+
|DSP              |        -|      -|       -|       -|    -|
|Expression       |        -|      -|       0|      23|    -|
|FIFO             |        0|      -|       5|      16|    -|
|Instance         |       15|     36|    8119|    7175|    -|
|Memory           |        -|      -|       -|       -|    -|
|Multiplexer      |        -|      -|       -|     182|    -|
|Register         |        -|      -|     136|       -|    -|
+-----------------+---------+-------+--------+--------+-----+
|Total            |       15|     36|    8260|    7396|    0|
+-----------------+---------+-------+--------+--------+-----+
|Available        |     1824|   2520|  548160|  274080|    0|
+-----------------+---------+-------+--------+--------+-----+
|Utilization (%)  |    ~0   |      1|       1|       2|    0|
+-----------------+---------+-------+--------+--------+-----+

+ Detail: 
    * Instance: 
    +--------------------+---------+---------+-------+------+------+
    |      Instance      |  Module | BRAM_18K| DSP48E|  FF  |  LUT |
    +--------------------+---------+---------+-------+------+------+
    |grp_conv_10_fu_169  |conv_10  |       15|     36|  8119|  7175|
    +--------------------+---------+---------+-------+------+------+
    |Total               |         |       15|     36|  8119|  7175|
    +--------------------+---------+---------+-------+------+------+

    * DSP48: 
    N/A

    * Memory: 
    N/A

    * FIFO: 
    +---------------+---------+---+----+------+-----+---------+
    |      Name     | BRAM_18K| FF| LUT| Depth| Bits| Size:D*B|
    +---------------+---------+---+----+------+-----+---------+
    |cntl_V_fifo_U  |        0|  5|  16|     1|    1|        1|
    +---------------+---------+---+----+------+-----+---------+
    |Total          |        0|  5|  16|     1|    1|        1|
    +---------------+---------+---+----+------+-----+---------+

    * Expression: 
    +-------------------------+----------+-------+---+----+------------+------------+
    |      Variable Name      | Operation| DSP48E| FF| LUT| Bitwidth P0| Bitwidth P1|
    +-------------------------+----------+-------+---+----+------------+------------+
    |ap_block_state1          |    or    |      0|  0|   2|           1|           1|
    |tmp_i_fu_227_p3          |  select  |      0|  0|  19|           1|          18|
    |pingpang_flag_fu_236_p2  |    xor   |      0|  0|   2|           1|           2|
    +-------------------------+----------+-------+---+----+------------+------------+
    |Total                    |          |      0|  0|  23|           3|          21|
    +-------------------------+----------+-------+---+----+------------+------------+

    * Multiplexer: 
    +-------------------------+----+-----------+-----+-----------+
    |           Name          | LUT| Input Size| Bits| Total Bits|
    +-------------------------+----+-----------+-----+-----------+
    |ap_NS_fsm                |  38|          7|    1|          7|
    |ap_done                  |   9|          2|    1|          2|
    |betas_offset_blk_n       |   9|          2|    1|          2|
    |cntl_V_write             |   9|          2|    1|          2|
    |inputs_offset_blk_n      |   9|          2|    1|          2|
    |m_axi_betas_ARVALID      |   9|          2|    1|          2|
    |m_axi_betas_RREADY       |   9|          2|    1|          2|
    |m_axi_inputs_ARVALID     |   9|          2|    1|          2|
    |m_axi_inputs_RREADY      |   9|          2|    1|          2|
    |m_axi_outputs_AWVALID    |   9|          2|    1|          2|
    |m_axi_outputs_BREADY     |   9|          2|    1|          2|
    |m_axi_outputs_WVALID     |   9|          2|    1|          2|
    |m_axi_weights_ARVALID    |   9|          2|    1|          2|
    |m_axi_weights_RREADY     |   9|          2|    1|          2|
    |outputs_offset_blk_n     |   9|          2|    1|          2|
    |pingpang_flag_i_reg_157  |   9|          2|    1|          2|
    |weights_offset_blk_n     |   9|          2|    1|          2|
    +-------------------------+----+-----------+-----+-----------+
    |Total                    | 182|         39|   17|         39|
    +-------------------------+----+-----------+-----+-----------+

    * Register: 
    +---------------------------------+----+----+-----+-----------+
    |               Name              | FF | LUT| Bits| Const Bits|
    +---------------------------------+----+----+-----+-----------+
    |ap_CS_fsm                        |   6|   0|    6|          0|
    |ap_done_reg                      |   1|   0|    1|          0|
    |betas_offset4_i_reg_273          |  31|   0|   31|          0|
    |grp_conv_10_fu_169_ap_start_reg  |   1|   0|    1|          0|
    |inputs_offset1_i_reg_283         |  31|   0|   31|          0|
    |outputs_offset6_i_reg_268        |  31|   0|   31|          0|
    |pingpang_flag_i_reg_157          |   1|   0|    1|          0|
    |pingpang_flag_reg_299            |   1|   0|    1|          0|
    |tmp_fu_84                        |   1|   0|    1|          0|
    |tmp_i_reg_294                    |   1|   0|   17|         16|
    |weights_offset2_i_reg_278        |  31|   0|   31|          0|
    +---------------------------------+----+----+-----+-----------+
    |Total                            | 136|   0|  152|         16|
    +---------------------------------+----+----+-----+-----------+



================================================================
== Interface
================================================================
* Summary: 
+------------------------+-----+-----+------------+----------------+--------------+
|        RTL Ports       | Dir | Bits|  Protocol  |  Source Object |    C Type    |
+------------------------+-----+-----+------------+----------------+--------------+
|ap_clk                  |  in |    1| ap_ctrl_hs |  inter_layer.9 | return value |
|ap_rst                  |  in |    1| ap_ctrl_hs |  inter_layer.9 | return value |
|ap_start                |  in |    1| ap_ctrl_hs |  inter_layer.9 | return value |
|ap_done                 | out |    1| ap_ctrl_hs |  inter_layer.9 | return value |
|ap_continue             |  in |    1| ap_ctrl_hs |  inter_layer.9 | return value |
|ap_idle                 | out |    1| ap_ctrl_hs |  inter_layer.9 | return value |
|ap_ready                | out |    1| ap_ctrl_hs |  inter_layer.9 | return value |
|m_axi_inputs_AWVALID    | out |    1|    m_axi   |     inputs     |    pointer   |
|m_axi_inputs_AWREADY    |  in |    1|    m_axi   |     inputs     |    pointer   |
|m_axi_inputs_AWADDR     | out |   32|    m_axi   |     inputs     |    pointer   |
|m_axi_inputs_AWID       | out |    1|    m_axi   |     inputs     |    pointer   |
|m_axi_inputs_AWLEN      | out |   32|    m_axi   |     inputs     |    pointer   |
|m_axi_inputs_AWSIZE     | out |    3|    m_axi   |     inputs     |    pointer   |
|m_axi_inputs_AWBURST    | out |    2|    m_axi   |     inputs     |    pointer   |
|m_axi_inputs_AWLOCK     | out |    2|    m_axi   |     inputs     |    pointer   |
|m_axi_inputs_AWCACHE    | out |    4|    m_axi   |     inputs     |    pointer   |
|m_axi_inputs_AWPROT     | out |    3|    m_axi   |     inputs     |    pointer   |
|m_axi_inputs_AWQOS      | out |    4|    m_axi   |     inputs     |    pointer   |
|m_axi_inputs_AWREGION   | out |    4|    m_axi   |     inputs     |    pointer   |
|m_axi_inputs_AWUSER     | out |    1|    m_axi   |     inputs     |    pointer   |
|m_axi_inputs_WVALID     | out |    1|    m_axi   |     inputs     |    pointer   |
|m_axi_inputs_WREADY     |  in |    1|    m_axi   |     inputs     |    pointer   |
|m_axi_inputs_WDATA      | out |   16|    m_axi   |     inputs     |    pointer   |
|m_axi_inputs_WSTRB      | out |    2|    m_axi   |     inputs     |    pointer   |
|m_axi_inputs_WLAST      | out |    1|    m_axi   |     inputs     |    pointer   |
|m_axi_inputs_WID        | out |    1|    m_axi   |     inputs     |    pointer   |
|m_axi_inputs_WUSER      | out |    1|    m_axi   |     inputs     |    pointer   |
|m_axi_inputs_ARVALID    | out |    1|    m_axi   |     inputs     |    pointer   |
|m_axi_inputs_ARREADY    |  in |    1|    m_axi   |     inputs     |    pointer   |
|m_axi_inputs_ARADDR     | out |   32|    m_axi   |     inputs     |    pointer   |
|m_axi_inputs_ARID       | out |    1|    m_axi   |     inputs     |    pointer   |
|m_axi_inputs_ARLEN      | out |   32|    m_axi   |     inputs     |    pointer   |
|m_axi_inputs_ARSIZE     | out |    3|    m_axi   |     inputs     |    pointer   |
|m_axi_inputs_ARBURST    | out |    2|    m_axi   |     inputs     |    pointer   |
|m_axi_inputs_ARLOCK     | out |    2|    m_axi   |     inputs     |    pointer   |
|m_axi_inputs_ARCACHE    | out |    4|    m_axi   |     inputs     |    pointer   |
|m_axi_inputs_ARPROT     | out |    3|    m_axi   |     inputs     |    pointer   |
|m_axi_inputs_ARQOS      | out |    4|    m_axi   |     inputs     |    pointer   |
|m_axi_inputs_ARREGION   | out |    4|    m_axi   |     inputs     |    pointer   |
|m_axi_inputs_ARUSER     | out |    1|    m_axi   |     inputs     |    pointer   |
|m_axi_inputs_RVALID     |  in |    1|    m_axi   |     inputs     |    pointer   |
|m_axi_inputs_RREADY     | out |    1|    m_axi   |     inputs     |    pointer   |
|m_axi_inputs_RDATA      |  in |   16|    m_axi   |     inputs     |    pointer   |
|m_axi_inputs_RLAST      |  in |    1|    m_axi   |     inputs     |    pointer   |
|m_axi_inputs_RID        |  in |    1|    m_axi   |     inputs     |    pointer   |
|m_axi_inputs_RUSER      |  in |    1|    m_axi   |     inputs     |    pointer   |
|m_axi_inputs_RRESP      |  in |    2|    m_axi   |     inputs     |    pointer   |
|m_axi_inputs_BVALID     |  in |    1|    m_axi   |     inputs     |    pointer   |
|m_axi_inputs_BREADY     | out |    1|    m_axi   |     inputs     |    pointer   |
|m_axi_inputs_BRESP      |  in |    2|    m_axi   |     inputs     |    pointer   |
|m_axi_inputs_BID        |  in |    1|    m_axi   |     inputs     |    pointer   |
|m_axi_inputs_BUSER      |  in |    1|    m_axi   |     inputs     |    pointer   |
|inputs_offset_dout      |  in |   32|   ap_fifo  |  inputs_offset |    pointer   |
|inputs_offset_empty_n   |  in |    1|   ap_fifo  |  inputs_offset |    pointer   |
|inputs_offset_read      | out |    1|   ap_fifo  |  inputs_offset |    pointer   |
|m_axi_weights_AWVALID   | out |    1|    m_axi   |     weights    |    pointer   |
|m_axi_weights_AWREADY   |  in |    1|    m_axi   |     weights    |    pointer   |
|m_axi_weights_AWADDR    | out |   32|    m_axi   |     weights    |    pointer   |
|m_axi_weights_AWID      | out |    1|    m_axi   |     weights    |    pointer   |
|m_axi_weights_AWLEN     | out |   32|    m_axi   |     weights    |    pointer   |
|m_axi_weights_AWSIZE    | out |    3|    m_axi   |     weights    |    pointer   |
|m_axi_weights_AWBURST   | out |    2|    m_axi   |     weights    |    pointer   |
|m_axi_weights_AWLOCK    | out |    2|    m_axi   |     weights    |    pointer   |
|m_axi_weights_AWCACHE   | out |    4|    m_axi   |     weights    |    pointer   |
|m_axi_weights_AWPROT    | out |    3|    m_axi   |     weights    |    pointer   |
|m_axi_weights_AWQOS     | out |    4|    m_axi   |     weights    |    pointer   |
|m_axi_weights_AWREGION  | out |    4|    m_axi   |     weights    |    pointer   |
|m_axi_weights_AWUSER    | out |    1|    m_axi   |     weights    |    pointer   |
|m_axi_weights_WVALID    | out |    1|    m_axi   |     weights    |    pointer   |
|m_axi_weights_WREADY    |  in |    1|    m_axi   |     weights    |    pointer   |
|m_axi_weights_WDATA     | out |   16|    m_axi   |     weights    |    pointer   |
|m_axi_weights_WSTRB     | out |    2|    m_axi   |     weights    |    pointer   |
|m_axi_weights_WLAST     | out |    1|    m_axi   |     weights    |    pointer   |
|m_axi_weights_WID       | out |    1|    m_axi   |     weights    |    pointer   |
|m_axi_weights_WUSER     | out |    1|    m_axi   |     weights    |    pointer   |
|m_axi_weights_ARVALID   | out |    1|    m_axi   |     weights    |    pointer   |
|m_axi_weights_ARREADY   |  in |    1|    m_axi   |     weights    |    pointer   |
|m_axi_weights_ARADDR    | out |   32|    m_axi   |     weights    |    pointer   |
|m_axi_weights_ARID      | out |    1|    m_axi   |     weights    |    pointer   |
|m_axi_weights_ARLEN     | out |   32|    m_axi   |     weights    |    pointer   |
|m_axi_weights_ARSIZE    | out |    3|    m_axi   |     weights    |    pointer   |
|m_axi_weights_ARBURST   | out |    2|    m_axi   |     weights    |    pointer   |
|m_axi_weights_ARLOCK    | out |    2|    m_axi   |     weights    |    pointer   |
|m_axi_weights_ARCACHE   | out |    4|    m_axi   |     weights    |    pointer   |
|m_axi_weights_ARPROT    | out |    3|    m_axi   |     weights    |    pointer   |
|m_axi_weights_ARQOS     | out |    4|    m_axi   |     weights    |    pointer   |
|m_axi_weights_ARREGION  | out |    4|    m_axi   |     weights    |    pointer   |
|m_axi_weights_ARUSER    | out |    1|    m_axi   |     weights    |    pointer   |
|m_axi_weights_RVALID    |  in |    1|    m_axi   |     weights    |    pointer   |
|m_axi_weights_RREADY    | out |    1|    m_axi   |     weights    |    pointer   |
|m_axi_weights_RDATA     |  in |   16|    m_axi   |     weights    |    pointer   |
|m_axi_weights_RLAST     |  in |    1|    m_axi   |     weights    |    pointer   |
|m_axi_weights_RID       |  in |    1|    m_axi   |     weights    |    pointer   |
|m_axi_weights_RUSER     |  in |    1|    m_axi   |     weights    |    pointer   |
|m_axi_weights_RRESP     |  in |    2|    m_axi   |     weights    |    pointer   |
|m_axi_weights_BVALID    |  in |    1|    m_axi   |     weights    |    pointer   |
|m_axi_weights_BREADY    | out |    1|    m_axi   |     weights    |    pointer   |
|m_axi_weights_BRESP     |  in |    2|    m_axi   |     weights    |    pointer   |
|m_axi_weights_BID       |  in |    1|    m_axi   |     weights    |    pointer   |
|m_axi_weights_BUSER     |  in |    1|    m_axi   |     weights    |    pointer   |
|weights_offset_dout     |  in |   32|   ap_fifo  | weights_offset |    pointer   |
|weights_offset_empty_n  |  in |    1|   ap_fifo  | weights_offset |    pointer   |
|weights_offset_read     | out |    1|   ap_fifo  | weights_offset |    pointer   |
|m_axi_betas_AWVALID     | out |    1|    m_axi   |      betas     |    pointer   |
|m_axi_betas_AWREADY     |  in |    1|    m_axi   |      betas     |    pointer   |
|m_axi_betas_AWADDR      | out |   32|    m_axi   |      betas     |    pointer   |
|m_axi_betas_AWID        | out |    1|    m_axi   |      betas     |    pointer   |
|m_axi_betas_AWLEN       | out |   32|    m_axi   |      betas     |    pointer   |
|m_axi_betas_AWSIZE      | out |    3|    m_axi   |      betas     |    pointer   |
|m_axi_betas_AWBURST     | out |    2|    m_axi   |      betas     |    pointer   |
|m_axi_betas_AWLOCK      | out |    2|    m_axi   |      betas     |    pointer   |
|m_axi_betas_AWCACHE     | out |    4|    m_axi   |      betas     |    pointer   |
|m_axi_betas_AWPROT      | out |    3|    m_axi   |      betas     |    pointer   |
|m_axi_betas_AWQOS       | out |    4|    m_axi   |      betas     |    pointer   |
|m_axi_betas_AWREGION    | out |    4|    m_axi   |      betas     |    pointer   |
|m_axi_betas_AWUSER      | out |    1|    m_axi   |      betas     |    pointer   |
|m_axi_betas_WVALID      | out |    1|    m_axi   |      betas     |    pointer   |
|m_axi_betas_WREADY      |  in |    1|    m_axi   |      betas     |    pointer   |
|m_axi_betas_WDATA       | out |   16|    m_axi   |      betas     |    pointer   |
|m_axi_betas_WSTRB       | out |    2|    m_axi   |      betas     |    pointer   |
|m_axi_betas_WLAST       | out |    1|    m_axi   |      betas     |    pointer   |
|m_axi_betas_WID         | out |    1|    m_axi   |      betas     |    pointer   |
|m_axi_betas_WUSER       | out |    1|    m_axi   |      betas     |    pointer   |
|m_axi_betas_ARVALID     | out |    1|    m_axi   |      betas     |    pointer   |
|m_axi_betas_ARREADY     |  in |    1|    m_axi   |      betas     |    pointer   |
|m_axi_betas_ARADDR      | out |   32|    m_axi   |      betas     |    pointer   |
|m_axi_betas_ARID        | out |    1|    m_axi   |      betas     |    pointer   |
|m_axi_betas_ARLEN       | out |   32|    m_axi   |      betas     |    pointer   |
|m_axi_betas_ARSIZE      | out |    3|    m_axi   |      betas     |    pointer   |
|m_axi_betas_ARBURST     | out |    2|    m_axi   |      betas     |    pointer   |
|m_axi_betas_ARLOCK      | out |    2|    m_axi   |      betas     |    pointer   |
|m_axi_betas_ARCACHE     | out |    4|    m_axi   |      betas     |    pointer   |
|m_axi_betas_ARPROT      | out |    3|    m_axi   |      betas     |    pointer   |
|m_axi_betas_ARQOS       | out |    4|    m_axi   |      betas     |    pointer   |
|m_axi_betas_ARREGION    | out |    4|    m_axi   |      betas     |    pointer   |
|m_axi_betas_ARUSER      | out |    1|    m_axi   |      betas     |    pointer   |
|m_axi_betas_RVALID      |  in |    1|    m_axi   |      betas     |    pointer   |
|m_axi_betas_RREADY      | out |    1|    m_axi   |      betas     |    pointer   |
|m_axi_betas_RDATA       |  in |   16|    m_axi   |      betas     |    pointer   |
|m_axi_betas_RLAST       |  in |    1|    m_axi   |      betas     |    pointer   |
|m_axi_betas_RID         |  in |    1|    m_axi   |      betas     |    pointer   |
|m_axi_betas_RUSER       |  in |    1|    m_axi   |      betas     |    pointer   |
|m_axi_betas_RRESP       |  in |    2|    m_axi   |      betas     |    pointer   |
|m_axi_betas_BVALID      |  in |    1|    m_axi   |      betas     |    pointer   |
|m_axi_betas_BREADY      | out |    1|    m_axi   |      betas     |    pointer   |
|m_axi_betas_BRESP       |  in |    2|    m_axi   |      betas     |    pointer   |
|m_axi_betas_BID         |  in |    1|    m_axi   |      betas     |    pointer   |
|m_axi_betas_BUSER       |  in |    1|    m_axi   |      betas     |    pointer   |
|betas_offset_dout       |  in |   32|   ap_fifo  |  betas_offset  |    pointer   |
|betas_offset_empty_n    |  in |    1|   ap_fifo  |  betas_offset  |    pointer   |
|betas_offset_read       | out |    1|   ap_fifo  |  betas_offset  |    pointer   |
|m_axi_outputs_AWVALID   | out |    1|    m_axi   |     outputs    |    pointer   |
|m_axi_outputs_AWREADY   |  in |    1|    m_axi   |     outputs    |    pointer   |
|m_axi_outputs_AWADDR    | out |   32|    m_axi   |     outputs    |    pointer   |
|m_axi_outputs_AWID      | out |    1|    m_axi   |     outputs    |    pointer   |
|m_axi_outputs_AWLEN     | out |   32|    m_axi   |     outputs    |    pointer   |
|m_axi_outputs_AWSIZE    | out |    3|    m_axi   |     outputs    |    pointer   |
|m_axi_outputs_AWBURST   | out |    2|    m_axi   |     outputs    |    pointer   |
|m_axi_outputs_AWLOCK    | out |    2|    m_axi   |     outputs    |    pointer   |
|m_axi_outputs_AWCACHE   | out |    4|    m_axi   |     outputs    |    pointer   |
|m_axi_outputs_AWPROT    | out |    3|    m_axi   |     outputs    |    pointer   |
|m_axi_outputs_AWQOS     | out |    4|    m_axi   |     outputs    |    pointer   |
|m_axi_outputs_AWREGION  | out |    4|    m_axi   |     outputs    |    pointer   |
|m_axi_outputs_AWUSER    | out |    1|    m_axi   |     outputs    |    pointer   |
|m_axi_outputs_WVALID    | out |    1|    m_axi   |     outputs    |    pointer   |
|m_axi_outputs_WREADY    |  in |    1|    m_axi   |     outputs    |    pointer   |
|m_axi_outputs_WDATA     | out |   16|    m_axi   |     outputs    |    pointer   |
|m_axi_outputs_WSTRB     | out |    2|    m_axi   |     outputs    |    pointer   |
|m_axi_outputs_WLAST     | out |    1|    m_axi   |     outputs    |    pointer   |
|m_axi_outputs_WID       | out |    1|    m_axi   |     outputs    |    pointer   |
|m_axi_outputs_WUSER     | out |    1|    m_axi   |     outputs    |    pointer   |
|m_axi_outputs_ARVALID   | out |    1|    m_axi   |     outputs    |    pointer   |
|m_axi_outputs_ARREADY   |  in |    1|    m_axi   |     outputs    |    pointer   |
|m_axi_outputs_ARADDR    | out |   32|    m_axi   |     outputs    |    pointer   |
|m_axi_outputs_ARID      | out |    1|    m_axi   |     outputs    |    pointer   |
|m_axi_outputs_ARLEN     | out |   32|    m_axi   |     outputs    |    pointer   |
|m_axi_outputs_ARSIZE    | out |    3|    m_axi   |     outputs    |    pointer   |
|m_axi_outputs_ARBURST   | out |    2|    m_axi   |     outputs    |    pointer   |
|m_axi_outputs_ARLOCK    | out |    2|    m_axi   |     outputs    |    pointer   |
|m_axi_outputs_ARCACHE   | out |    4|    m_axi   |     outputs    |    pointer   |
|m_axi_outputs_ARPROT    | out |    3|    m_axi   |     outputs    |    pointer   |
|m_axi_outputs_ARQOS     | out |    4|    m_axi   |     outputs    |    pointer   |
|m_axi_outputs_ARREGION  | out |    4|    m_axi   |     outputs    |    pointer   |
|m_axi_outputs_ARUSER    | out |    1|    m_axi   |     outputs    |    pointer   |
|m_axi_outputs_RVALID    |  in |    1|    m_axi   |     outputs    |    pointer   |
|m_axi_outputs_RREADY    | out |    1|    m_axi   |     outputs    |    pointer   |
|m_axi_outputs_RDATA     |  in |   16|    m_axi   |     outputs    |    pointer   |
|m_axi_outputs_RLAST     |  in |    1|    m_axi   |     outputs    |    pointer   |
|m_axi_outputs_RID       |  in |    1|    m_axi   |     outputs    |    pointer   |
|m_axi_outputs_RUSER     |  in |    1|    m_axi   |     outputs    |    pointer   |
|m_axi_outputs_RRESP     |  in |    2|    m_axi   |     outputs    |    pointer   |
|m_axi_outputs_BVALID    |  in |    1|    m_axi   |     outputs    |    pointer   |
|m_axi_outputs_BREADY    | out |    1|    m_axi   |     outputs    |    pointer   |
|m_axi_outputs_BRESP     |  in |    2|    m_axi   |     outputs    |    pointer   |
|m_axi_outputs_BID       |  in |    1|    m_axi   |     outputs    |    pointer   |
|m_axi_outputs_BUSER     |  in |    1|    m_axi   |     outputs    |    pointer   |
|outputs_offset_dout     |  in |   32|   ap_fifo  | outputs_offset |    pointer   |
|outputs_offset_empty_n  |  in |    1|   ap_fifo  | outputs_offset |    pointer   |
|outputs_offset_read     | out |    1|   ap_fifo  | outputs_offset |    pointer   |
|pre_ready_V_dout        |  in |    1|   ap_fifo  |   pre_ready_V  |    pointer   |
|pre_ready_V_empty_n     |  in |    1|   ap_fifo  |   pre_ready_V  |    pointer   |
|pre_ready_V_read        | out |    1|   ap_fifo  |   pre_ready_V  |    pointer   |
|nxt_ready_V_din         | out |    1|   ap_fifo  |   nxt_ready_V  |    pointer   |
|nxt_ready_V_full_n      |  in |    1|   ap_fifo  |   nxt_ready_V  |    pointer   |
|nxt_ready_V_write       | out |    1|   ap_fifo  |   nxt_ready_V  |    pointer   |
+------------------------+-----+-----+------------+----------------+--------------+

