

================================================================
== Vivado HLS Report for 'load_data356170'
================================================================
* Date:           Sun Apr 28 16:07:32 2019

* Version:        2018.3 (Build 2405991 on Thu Dec 06 23:56:15 MST 2018)
* Project:        mobile_net_hls_v1
* Solution:       solution1
* Product family: zynquplus
* Target device:  xczu9eg-ffvb1156-2-i


================================================================
== Performance Estimates
================================================================
+ Timing (ns): 
    * Summary: 
    +--------+-------+----------+------------+
    |  Clock | Target| Estimated| Uncertainty|
    +--------+-------+----------+------------+
    |ap_clk  |   4.20|     3.675|        0.52|
    +--------+-------+----------+------------+

+ Latency (clock cycles): 
    * Summary: 
    +-----+-----+-----+-----+---------+
    |  Latency  |  Interval | Pipeline|
    | min | max | min | max |   Type  |
    +-----+-----+-----+-----+---------+
    |    ?|    ?|    ?|    ?|   none  |
    +-----+-----+-----+-----+---------+

    + Detail: 
        * Instance: 
        +---------------------------------+----------------------+-----+-----+-----+-----+---------+
        |                                 |                      |  Latency  |  Interval | Pipeline|
        |             Instance            |        Module        | min | max | min | max |   Type  |
        +---------------------------------+----------------------+-----+-----+-----+-----+---------+
        |grp_copy_weight_fmem2buf_fu_268  |copy_weight_fmem2buf  |   41|  297|   41|  297|   none  |
        |grp_copy_input_fmem2buff_fu_281  |copy_input_fmem2buff  |    9|   73|    9|   73|   none  |
        |grp_copy_beta_fmem2buffe_fu_295  |copy_beta_fmem2buffe  |    1|   13|    1|   13|   none  |
        +---------------------------------+----------------------+-----+-----+-----+-----+---------+

        * Loop: 
        +-------------+-----+-----+----------+-----------+-----------+------+----------+
        |             |  Latency  | Iteration|  Initiation Interval  | Trip |          |
        |  Loop Name  | min | max |  Latency |  achieved |   target  | Count| Pipelined|
        +-------------+-----+-----+----------+-----------+-----------+------+----------+
        |- Loop 1     |    ?|    ?|         ?|          -|          -|    16|    no    |
        | + Loop 1.1  |    ?|    ?|         1|          -|          -|     ?|    no    |
        +-------------+-----+-----+----------+-----------+-----------+------+----------+



================================================================
== Utilization Estimates
================================================================
* Summary: 
+-----------------+---------+-------+--------+--------+-----+
|       Name      | BRAM_18K| DSP48E|   FF   |   LUT  | URAM|
+-----------------+---------+-------+--------+--------+-----+
|DSP              |        -|      -|       -|       -|    -|
|Expression       |        -|      -|       0|      61|    -|
|FIFO             |        0|      -|      15|      48|    -|
|Instance         |        -|      -|     230|     576|    -|
|Memory           |        -|      -|       -|       -|    -|
|Multiplexer      |        -|      -|       -|     191|    -|
|Register         |        -|      -|      48|       -|    -|
+-----------------+---------+-------+--------+--------+-----+
|Total            |        0|      0|     293|     876|    0|
+-----------------+---------+-------+--------+--------+-----+
|Available        |     1824|   2520|  548160|  274080|    0|
+-----------------+---------+-------+--------+--------+-----+
|Utilization (%)  |        0|      0|   ~0   |   ~0   |    0|
+-----------------+---------+-------+--------+--------+-----+

+ Detail: 
    * Instance: 
    +---------------------------------+----------------------+---------+-------+-----+-----+
    |             Instance            |        Module        | BRAM_18K| DSP48E|  FF | LUT |
    +---------------------------------+----------------------+---------+-------+-----+-----+
    |grp_copy_beta_fmem2buffe_fu_295  |copy_beta_fmem2buffe  |        0|      0|   34|  144|
    |grp_copy_input_fmem2buff_fu_281  |copy_input_fmem2buff  |        0|      0|   70|  195|
    |grp_copy_weight_fmem2buf_fu_268  |copy_weight_fmem2buf  |        0|      0|  126|  237|
    +---------------------------------+----------------------+---------+-------+-----+-----+
    |Total                            |                      |        0|      0|  230|  576|
    +---------------------------------+----------------------+---------+-------+-----+-----+

    * DSP48: 
    N/A

    * Memory: 
    N/A

    * FIFO: 
    +----------------------+---------+---+----+------+-----+---------+
    |         Name         | BRAM_18K| FF| LUT| Depth| Bits| Size:D*B|
    +----------------------+---------+---+----+------+-----+---------+
    |beta_cntl_V_fifo_U    |        0|  5|  16|     1|    1|        1|
    |input_cntl_V_fifo_U   |        0|  5|  16|     1|    1|        1|
    |weight_cntl_V_fifo_U  |        0|  5|  16|     1|    1|        1|
    +----------------------+---------+---+----+------+-----+---------+
    |Total                 |        0| 15|  48|     3|    3|        3|
    +----------------------+---------+---+----+------+-----+---------+

    * Expression: 
    +---------------------------------+----------+-------+---+----+------------+------------+
    |          Variable Name          | Operation| DSP48E| FF| LUT| Bitwidth P0| Bitwidth P1|
    +---------------------------------+----------+-------+---+----+------------+------------+
    |tmp_110_i_i_i_i_i_fu_343_p2      |     +    |      0|  0|  17|           6|          10|
    |tmp_108_i_i_i_i_i_fu_319_p2      |     -    |      0|  0|  18|          11|          10|
    |tmp_109_i_i_i_i_i_fu_329_p2      |   icmp   |      0|  0|  13|          10|           6|
    |ap_block_state1                  |    or    |      0|  0|   2|           1|           1|
    |ap_block_state5_on_subcall_done  |    or    |      0|  0|   2|           1|           1|
    |nLoops_i_i_i_i_i_fu_335_p3       |  select  |      0|  0|   7|           1|           7|
    |data_buffer_V_din                |    xor   |      0|  0|   2|           1|           2|
    +---------------------------------+----------+-------+---+----+------------+------------+
    |Total                            |          |      0|  0|  61|          31|          37|
    +---------------------------------+----------+-------+---+----+------------+------------+

    * Multiplexer: 
    +--------------------------+----+-----------+-----+-----------+
    |           Name           | LUT| Input Size| Bits| Total Bits|
    +--------------------------+----+-----------+-----+-----------+
    |ap_NS_fsm                 |  38|          7|    1|          7|
    |ap_done                   |   9|          2|    1|          2|
    |beta_buffer_V_write       |   9|          2|    1|          2|
    |beta_cntl_V_write         |   9|          2|    1|          2|
    |input_buffer_V_write      |   9|          2|    1|          2|
    |input_cntl_V_write        |   9|          2|    1|          2|
    |m_axi_betas_ARVALID       |   9|          2|    1|          2|
    |m_axi_betas_RREADY        |   9|          2|    1|          2|
    |m_axi_inputs_ARVALID      |   9|          2|    1|          2|
    |m_axi_inputs_RREADY       |   9|          2|    1|          2|
    |m_axi_weights_ARVALID     |   9|          2|    1|          2|
    |m_axi_weights_RREADY      |   9|          2|    1|          2|
    |outputs_offset_c_blk_n    |   9|          2|    1|          2|
    |outputs_offset_out_blk_n  |   9|          2|    1|          2|
    |real_start                |   9|          2|    1|          2|
    |tmp_291_reg_256           |   9|          2|   10|         20|
    |weight_buffer_V_write     |   9|          2|    1|          2|
    |weight_cntl_V_write       |   9|          2|    1|          2|
    +--------------------------+----+-----------+-----+-----------+
    |Total                     | 191|         41|   27|         59|
    +--------------------------+----+-----------+-----+-----------+

    * Register: 
    +----------------------------------------------+----+----+-----+-----------+
    |                     Name                     | FF | LUT| Bits| Const Bits|
    +----------------------------------------------+----+----+-----+-----------+
    |ap_CS_fsm                                     |   6|   0|    6|          0|
    |ap_done_reg                                   |   1|   0|    1|          0|
    |grp_copy_beta_fmem2buffe_fu_295_ap_start_reg  |   1|   0|    1|          0|
    |grp_copy_input_fmem2buff_fu_281_ap_start_reg  |   1|   0|    1|          0|
    |grp_copy_weight_fmem2buf_fu_268_ap_start_reg  |   1|   0|    1|          0|
    |nLoops_i_i_i_i_i_reg_415                      |   6|   0|    6|          0|
    |start_once_reg                                |   1|   0|    1|          0|
    |tmp_110_i_i_i_i_i_reg_421                     |  10|   0|   10|          0|
    |tmp_290_reg_426                               |   1|   0|    1|          0|
    |tmp_291_reg_256                               |  10|   0|   10|          0|
    |tmp_292_reg_404                               |  10|   0|   32|         22|
    +----------------------------------------------+----+----+-----+-----------+
    |Total                                         |  48|   0|   70|         22|
    +----------------------------------------------+----+----+-----+-----------+



================================================================
== Interface
================================================================
* Summary: 
+---------------------------+-----+-----+------------+--------------------+--------------+
|         RTL Ports         | Dir | Bits|  Protocol  |    Source Object   |    C Type    |
+---------------------------+-----+-----+------------+--------------------+--------------+
|ap_clk                     |  in |    1| ap_ctrl_hs |   load_data356170  | return value |
|ap_rst                     |  in |    1| ap_ctrl_hs |   load_data356170  | return value |
|ap_start                   |  in |    1| ap_ctrl_hs |   load_data356170  | return value |
|start_full_n               |  in |    1| ap_ctrl_hs |   load_data356170  | return value |
|ap_done                    | out |    1| ap_ctrl_hs |   load_data356170  | return value |
|ap_continue                |  in |    1| ap_ctrl_hs |   load_data356170  | return value |
|ap_idle                    | out |    1| ap_ctrl_hs |   load_data356170  | return value |
|ap_ready                   | out |    1| ap_ctrl_hs |   load_data356170  | return value |
|start_out                  | out |    1| ap_ctrl_hs |   load_data356170  | return value |
|start_write                | out |    1| ap_ctrl_hs |   load_data356170  | return value |
|m_axi_inputs_AWVALID       | out |    1|    m_axi   |       inputs       |    pointer   |
|m_axi_inputs_AWREADY       |  in |    1|    m_axi   |       inputs       |    pointer   |
|m_axi_inputs_AWADDR        | out |   32|    m_axi   |       inputs       |    pointer   |
|m_axi_inputs_AWID          | out |    1|    m_axi   |       inputs       |    pointer   |
|m_axi_inputs_AWLEN         | out |   32|    m_axi   |       inputs       |    pointer   |
|m_axi_inputs_AWSIZE        | out |    3|    m_axi   |       inputs       |    pointer   |
|m_axi_inputs_AWBURST       | out |    2|    m_axi   |       inputs       |    pointer   |
|m_axi_inputs_AWLOCK        | out |    2|    m_axi   |       inputs       |    pointer   |
|m_axi_inputs_AWCACHE       | out |    4|    m_axi   |       inputs       |    pointer   |
|m_axi_inputs_AWPROT        | out |    3|    m_axi   |       inputs       |    pointer   |
|m_axi_inputs_AWQOS         | out |    4|    m_axi   |       inputs       |    pointer   |
|m_axi_inputs_AWREGION      | out |    4|    m_axi   |       inputs       |    pointer   |
|m_axi_inputs_AWUSER        | out |    1|    m_axi   |       inputs       |    pointer   |
|m_axi_inputs_WVALID        | out |    1|    m_axi   |       inputs       |    pointer   |
|m_axi_inputs_WREADY        |  in |    1|    m_axi   |       inputs       |    pointer   |
|m_axi_inputs_WDATA         | out |   16|    m_axi   |       inputs       |    pointer   |
|m_axi_inputs_WSTRB         | out |    2|    m_axi   |       inputs       |    pointer   |
|m_axi_inputs_WLAST         | out |    1|    m_axi   |       inputs       |    pointer   |
|m_axi_inputs_WID           | out |    1|    m_axi   |       inputs       |    pointer   |
|m_axi_inputs_WUSER         | out |    1|    m_axi   |       inputs       |    pointer   |
|m_axi_inputs_ARVALID       | out |    1|    m_axi   |       inputs       |    pointer   |
|m_axi_inputs_ARREADY       |  in |    1|    m_axi   |       inputs       |    pointer   |
|m_axi_inputs_ARADDR        | out |   32|    m_axi   |       inputs       |    pointer   |
|m_axi_inputs_ARID          | out |    1|    m_axi   |       inputs       |    pointer   |
|m_axi_inputs_ARLEN         | out |   32|    m_axi   |       inputs       |    pointer   |
|m_axi_inputs_ARSIZE        | out |    3|    m_axi   |       inputs       |    pointer   |
|m_axi_inputs_ARBURST       | out |    2|    m_axi   |       inputs       |    pointer   |
|m_axi_inputs_ARLOCK        | out |    2|    m_axi   |       inputs       |    pointer   |
|m_axi_inputs_ARCACHE       | out |    4|    m_axi   |       inputs       |    pointer   |
|m_axi_inputs_ARPROT        | out |    3|    m_axi   |       inputs       |    pointer   |
|m_axi_inputs_ARQOS         | out |    4|    m_axi   |       inputs       |    pointer   |
|m_axi_inputs_ARREGION      | out |    4|    m_axi   |       inputs       |    pointer   |
|m_axi_inputs_ARUSER        | out |    1|    m_axi   |       inputs       |    pointer   |
|m_axi_inputs_RVALID        |  in |    1|    m_axi   |       inputs       |    pointer   |
|m_axi_inputs_RREADY        | out |    1|    m_axi   |       inputs       |    pointer   |
|m_axi_inputs_RDATA         |  in |   16|    m_axi   |       inputs       |    pointer   |
|m_axi_inputs_RLAST         |  in |    1|    m_axi   |       inputs       |    pointer   |
|m_axi_inputs_RID           |  in |    1|    m_axi   |       inputs       |    pointer   |
|m_axi_inputs_RUSER         |  in |    1|    m_axi   |       inputs       |    pointer   |
|m_axi_inputs_RRESP         |  in |    2|    m_axi   |       inputs       |    pointer   |
|m_axi_inputs_BVALID        |  in |    1|    m_axi   |       inputs       |    pointer   |
|m_axi_inputs_BREADY        | out |    1|    m_axi   |       inputs       |    pointer   |
|m_axi_inputs_BRESP         |  in |    2|    m_axi   |       inputs       |    pointer   |
|m_axi_inputs_BID           |  in |    1|    m_axi   |       inputs       |    pointer   |
|m_axi_inputs_BUSER         |  in |    1|    m_axi   |       inputs       |    pointer   |
|inputs_offset              |  in |   31|   ap_none  |    inputs_offset   |    scalar    |
|inputs_offset1             |  in |   10|   ap_none  |   inputs_offset1   |    scalar    |
|m_axi_weights_AWVALID      | out |    1|    m_axi   |       weights      |    pointer   |
|m_axi_weights_AWREADY      |  in |    1|    m_axi   |       weights      |    pointer   |
|m_axi_weights_AWADDR       | out |   32|    m_axi   |       weights      |    pointer   |
|m_axi_weights_AWID         | out |    1|    m_axi   |       weights      |    pointer   |
|m_axi_weights_AWLEN        | out |   32|    m_axi   |       weights      |    pointer   |
|m_axi_weights_AWSIZE       | out |    3|    m_axi   |       weights      |    pointer   |
|m_axi_weights_AWBURST      | out |    2|    m_axi   |       weights      |    pointer   |
|m_axi_weights_AWLOCK       | out |    2|    m_axi   |       weights      |    pointer   |
|m_axi_weights_AWCACHE      | out |    4|    m_axi   |       weights      |    pointer   |
|m_axi_weights_AWPROT       | out |    3|    m_axi   |       weights      |    pointer   |
|m_axi_weights_AWQOS        | out |    4|    m_axi   |       weights      |    pointer   |
|m_axi_weights_AWREGION     | out |    4|    m_axi   |       weights      |    pointer   |
|m_axi_weights_AWUSER       | out |    1|    m_axi   |       weights      |    pointer   |
|m_axi_weights_WVALID       | out |    1|    m_axi   |       weights      |    pointer   |
|m_axi_weights_WREADY       |  in |    1|    m_axi   |       weights      |    pointer   |
|m_axi_weights_WDATA        | out |   16|    m_axi   |       weights      |    pointer   |
|m_axi_weights_WSTRB        | out |    2|    m_axi   |       weights      |    pointer   |
|m_axi_weights_WLAST        | out |    1|    m_axi   |       weights      |    pointer   |
|m_axi_weights_WID          | out |    1|    m_axi   |       weights      |    pointer   |
|m_axi_weights_WUSER        | out |    1|    m_axi   |       weights      |    pointer   |
|m_axi_weights_ARVALID      | out |    1|    m_axi   |       weights      |    pointer   |
|m_axi_weights_ARREADY      |  in |    1|    m_axi   |       weights      |    pointer   |
|m_axi_weights_ARADDR       | out |   32|    m_axi   |       weights      |    pointer   |
|m_axi_weights_ARID         | out |    1|    m_axi   |       weights      |    pointer   |
|m_axi_weights_ARLEN        | out |   32|    m_axi   |       weights      |    pointer   |
|m_axi_weights_ARSIZE       | out |    3|    m_axi   |       weights      |    pointer   |
|m_axi_weights_ARBURST      | out |    2|    m_axi   |       weights      |    pointer   |
|m_axi_weights_ARLOCK       | out |    2|    m_axi   |       weights      |    pointer   |
|m_axi_weights_ARCACHE      | out |    4|    m_axi   |       weights      |    pointer   |
|m_axi_weights_ARPROT       | out |    3|    m_axi   |       weights      |    pointer   |
|m_axi_weights_ARQOS        | out |    4|    m_axi   |       weights      |    pointer   |
|m_axi_weights_ARREGION     | out |    4|    m_axi   |       weights      |    pointer   |
|m_axi_weights_ARUSER       | out |    1|    m_axi   |       weights      |    pointer   |
|m_axi_weights_RVALID       |  in |    1|    m_axi   |       weights      |    pointer   |
|m_axi_weights_RREADY       | out |    1|    m_axi   |       weights      |    pointer   |
|m_axi_weights_RDATA        |  in |   16|    m_axi   |       weights      |    pointer   |
|m_axi_weights_RLAST        |  in |    1|    m_axi   |       weights      |    pointer   |
|m_axi_weights_RID          |  in |    1|    m_axi   |       weights      |    pointer   |
|m_axi_weights_RUSER        |  in |    1|    m_axi   |       weights      |    pointer   |
|m_axi_weights_RRESP        |  in |    2|    m_axi   |       weights      |    pointer   |
|m_axi_weights_BVALID       |  in |    1|    m_axi   |       weights      |    pointer   |
|m_axi_weights_BREADY       | out |    1|    m_axi   |       weights      |    pointer   |
|m_axi_weights_BRESP        |  in |    2|    m_axi   |       weights      |    pointer   |
|m_axi_weights_BID          |  in |    1|    m_axi   |       weights      |    pointer   |
|m_axi_weights_BUSER        |  in |    1|    m_axi   |       weights      |    pointer   |
|weights_offset             |  in |   31|   ap_none  |   weights_offset   |    scalar    |
|m_axi_betas_AWVALID        | out |    1|    m_axi   |        betas       |    pointer   |
|m_axi_betas_AWREADY        |  in |    1|    m_axi   |        betas       |    pointer   |
|m_axi_betas_AWADDR         | out |   32|    m_axi   |        betas       |    pointer   |
|m_axi_betas_AWID           | out |    1|    m_axi   |        betas       |    pointer   |
|m_axi_betas_AWLEN          | out |   32|    m_axi   |        betas       |    pointer   |
|m_axi_betas_AWSIZE         | out |    3|    m_axi   |        betas       |    pointer   |
|m_axi_betas_AWBURST        | out |    2|    m_axi   |        betas       |    pointer   |
|m_axi_betas_AWLOCK         | out |    2|    m_axi   |        betas       |    pointer   |
|m_axi_betas_AWCACHE        | out |    4|    m_axi   |        betas       |    pointer   |
|m_axi_betas_AWPROT         | out |    3|    m_axi   |        betas       |    pointer   |
|m_axi_betas_AWQOS          | out |    4|    m_axi   |        betas       |    pointer   |
|m_axi_betas_AWREGION       | out |    4|    m_axi   |        betas       |    pointer   |
|m_axi_betas_AWUSER         | out |    1|    m_axi   |        betas       |    pointer   |
|m_axi_betas_WVALID         | out |    1|    m_axi   |        betas       |    pointer   |
|m_axi_betas_WREADY         |  in |    1|    m_axi   |        betas       |    pointer   |
|m_axi_betas_WDATA          | out |   16|    m_axi   |        betas       |    pointer   |
|m_axi_betas_WSTRB          | out |    2|    m_axi   |        betas       |    pointer   |
|m_axi_betas_WLAST          | out |    1|    m_axi   |        betas       |    pointer   |
|m_axi_betas_WID            | out |    1|    m_axi   |        betas       |    pointer   |
|m_axi_betas_WUSER          | out |    1|    m_axi   |        betas       |    pointer   |
|m_axi_betas_ARVALID        | out |    1|    m_axi   |        betas       |    pointer   |
|m_axi_betas_ARREADY        |  in |    1|    m_axi   |        betas       |    pointer   |
|m_axi_betas_ARADDR         | out |   32|    m_axi   |        betas       |    pointer   |
|m_axi_betas_ARID           | out |    1|    m_axi   |        betas       |    pointer   |
|m_axi_betas_ARLEN          | out |   32|    m_axi   |        betas       |    pointer   |
|m_axi_betas_ARSIZE         | out |    3|    m_axi   |        betas       |    pointer   |
|m_axi_betas_ARBURST        | out |    2|    m_axi   |        betas       |    pointer   |
|m_axi_betas_ARLOCK         | out |    2|    m_axi   |        betas       |    pointer   |
|m_axi_betas_ARCACHE        | out |    4|    m_axi   |        betas       |    pointer   |
|m_axi_betas_ARPROT         | out |    3|    m_axi   |        betas       |    pointer   |
|m_axi_betas_ARQOS          | out |    4|    m_axi   |        betas       |    pointer   |
|m_axi_betas_ARREGION       | out |    4|    m_axi   |        betas       |    pointer   |
|m_axi_betas_ARUSER         | out |    1|    m_axi   |        betas       |    pointer   |
|m_axi_betas_RVALID         |  in |    1|    m_axi   |        betas       |    pointer   |
|m_axi_betas_RREADY         | out |    1|    m_axi   |        betas       |    pointer   |
|m_axi_betas_RDATA          |  in |   16|    m_axi   |        betas       |    pointer   |
|m_axi_betas_RLAST          |  in |    1|    m_axi   |        betas       |    pointer   |
|m_axi_betas_RID            |  in |    1|    m_axi   |        betas       |    pointer   |
|m_axi_betas_RUSER          |  in |    1|    m_axi   |        betas       |    pointer   |
|m_axi_betas_RRESP          |  in |    2|    m_axi   |        betas       |    pointer   |
|m_axi_betas_BVALID         |  in |    1|    m_axi   |        betas       |    pointer   |
|m_axi_betas_BREADY         | out |    1|    m_axi   |        betas       |    pointer   |
|m_axi_betas_BRESP          |  in |    2|    m_axi   |        betas       |    pointer   |
|m_axi_betas_BID            |  in |    1|    m_axi   |        betas       |    pointer   |
|m_axi_betas_BUSER          |  in |    1|    m_axi   |        betas       |    pointer   |
|betas_offset               |  in |   31|   ap_none  |    betas_offset    |    scalar    |
|input_buffer_V_din         | out |   16|   ap_fifo  |   input_buffer_V   |    pointer   |
|input_buffer_V_full_n      |  in |    1|   ap_fifo  |   input_buffer_V   |    pointer   |
|input_buffer_V_write       | out |    1|   ap_fifo  |   input_buffer_V   |    pointer   |
|weight_buffer_V_din        | out |   16|   ap_fifo  |   weight_buffer_V  |    pointer   |
|weight_buffer_V_full_n     |  in |    1|   ap_fifo  |   weight_buffer_V  |    pointer   |
|weight_buffer_V_write      | out |    1|   ap_fifo  |   weight_buffer_V  |    pointer   |
|beta_buffer_V_din          | out |   16|   ap_fifo  |    beta_buffer_V   |    pointer   |
|beta_buffer_V_full_n       |  in |    1|   ap_fifo  |    beta_buffer_V   |    pointer   |
|beta_buffer_V_write        | out |    1|   ap_fifo  |    beta_buffer_V   |    pointer   |
|data_buffer_V_din          | out |    1|   ap_fifo  |    data_buffer_V   |    pointer   |
|data_buffer_V_full_n       |  in |    1|   ap_fifo  |    data_buffer_V   |    pointer   |
|data_buffer_V_write        | out |    1|   ap_fifo  |    data_buffer_V   |    pointer   |
|data_m_V_din               | out |   32|   ap_fifo  |      data_m_V      |    pointer   |
|data_m_V_full_n            |  in |    1|   ap_fifo  |      data_m_V      |    pointer   |
|data_m_V_write             | out |    1|   ap_fifo  |      data_m_V      |    pointer   |
|data_n_V_din               | out |   32|   ap_fifo  |      data_n_V      |    pointer   |
|data_n_V_full_n            |  in |    1|   ap_fifo  |      data_n_V      |    pointer   |
|data_n_V_write             | out |    1|   ap_fifo  |      data_n_V      |    pointer   |
|outputs_offset2            |  in |    3|   ap_none  |   outputs_offset2  |    scalar    |
|outputs_offset_c_din       | out |    3|   ap_fifo  |  outputs_offset_c  |    pointer   |
|outputs_offset_c_full_n    |  in |    1|   ap_fifo  |  outputs_offset_c  |    pointer   |
|outputs_offset_c_write     | out |    1|   ap_fifo  |  outputs_offset_c  |    pointer   |
|outputs_offset             |  in |   31|   ap_none  |   outputs_offset   |    scalar    |
|outputs_offset_out_din     | out |   31|   ap_fifo  | outputs_offset_out |    pointer   |
|outputs_offset_out_full_n  |  in |    1|   ap_fifo  | outputs_offset_out |    pointer   |
|outputs_offset_out_write   | out |    1|   ap_fifo  | outputs_offset_out |    pointer   |
+---------------------------+-----+-----+------------+--------------------+--------------+

