

================================================================
== Vivado HLS Report for 'output_result_5'
================================================================
* Date:           Sun Apr 28 15:59:36 2019

* Version:        2018.3 (Build 2405991 on Thu Dec 06 23:56:15 MST 2018)
* Project:        mobile_net_hls_v1
* Solution:       solution1
* Product family: zynquplus
* Target device:  xczu9eg-ffvb1156-2-i


================================================================
== Performance Estimates
================================================================
+ Timing (ns): 
    * Summary: 
    +--------+-------+----------+------------+
    |  Clock | Target| Estimated| Uncertainty|
    +--------+-------+----------+------------+
    |ap_clk  |   4.20|     3.675|        0.52|
    +--------+-------+----------+------------+

+ Latency (clock cycles): 
    * Summary: 
    +-----+-----+-----+-----+---------+
    |  Latency  |  Interval | Pipeline|
    | min | max | min | max |   Type  |
    +-----+-----+-----+-----+---------+
    |    ?|    ?|    ?|    ?|   none  |
    +-----+-----+-----+-----+---------+

    + Detail: 
        * Instance: 
        N/A

        * Loop: 
        +---------------------+-----+-----+----------+-----------+-----------+--------+----------+
        |                     |  Latency  | Iteration|  Initiation Interval  |  Trip  |          |
        |      Loop Name      | min | max |  Latency |  achieved |   target  |  Count | Pipelined|
        +---------------------+-----+-----+----------+-----------+-----------+--------+----------+
        |- Loop 1             |    ?|    ?|         ?|          -|          -|       2|    no    |
        | + Loop 1.1          |    ?|    ?|         1|          -|          -|       ?|    no    |
        | + Loop 1.2          |    ?|    ?|         ?|          -|          -| 2 ~ 32 |    no    |
        |  ++ Loop 1.2.1      |    ?|    ?|         ?|          -|          -|  1 ~ 8 |    no    |
        |   +++ Loop 1.2.1.1  |    ?|    ?|         2|          1|          1|       ?|    yes   |
        +---------------------+-----+-----+----------+-----------+-----------+--------+----------+



================================================================
== Utilization Estimates
================================================================
* Summary: 
+-----------------+---------+-------+--------+--------+-----+
|       Name      | BRAM_18K| DSP48E|   FF   |   LUT  | URAM|
+-----------------+---------+-------+--------+--------+-----+
|DSP              |        -|      -|       -|       -|    -|
|Expression       |        -|      -|       0|    1048|    -|
|FIFO             |        -|      -|       -|       -|    -|
|Instance         |        -|      -|       -|       -|    -|
|Memory           |        -|      -|       -|       -|    -|
|Multiplexer      |        -|      -|       -|     276|    -|
|Register         |        -|      -|     581|       -|    -|
+-----------------+---------+-------+--------+--------+-----+
|Total            |        0|      0|     581|    1324|    0|
+-----------------+---------+-------+--------+--------+-----+
|Available        |     1824|   2520|  548160|  274080|    0|
+-----------------+---------+-------+--------+--------+-----+
|Utilization (%)  |        0|      0|   ~0   |   ~0   |    0|
+-----------------+---------+-------+--------+--------+-----+

+ Detail: 
    * Instance: 
    N/A

    * DSP48: 
    N/A

    * Memory: 
    N/A

    * FIFO: 
    N/A

    * Expression: 
    +---------------------------------+----------+-------+---+----+------------+------------+
    |          Variable Name          | Operation| DSP48E| FF| LUT| Bitwidth P0| Bitwidth P1|
    +---------------------------------+----------+-------+---+----+------------+------------+
    |base_addr_d1_5_fu_802_p2         |     +    |      0|  0|  39|          32|          17|
    |base_addr_d2_5_fu_887_p2         |     +    |      0|  0|  39|          32|           9|
    |base_addr_fu_611_p2              |     +    |      0|  0|  32|          32|          32|
    |i_fu_817_p2                      |     +    |      0|  0|  38|          31|           1|
    |sum1_i_i_fu_787_p2               |     +    |      0|  0|  40|          33|          33|
    |tm_fu_754_p2                     |     +    |      0|  0|  15|           5|           1|
    |tmp1_i_i_fu_605_p2               |     +    |      0|  0|  32|          32|          32|
    |tr_divS_fu_777_p2                |     +    |      0|  0|  38|          31|           1|
    |p_neg1_i_i_fu_551_p2             |     -    |      0|  0|  39|           1|          32|
    |p_neg2_i_i_fu_479_p2             |     -    |      0|  0|  39|           1|          32|
    |p_neg4_i_i_fu_625_p2             |     -    |      0|  0|  39|           1|          32|
    |p_neg_i_i_fu_689_p2              |     -    |      0|  0|  39|           1|          32|
    |p_neg_t1_i_i_fu_589_p2           |     -    |      0|  0|  39|           1|          32|
    |p_neg_t6_i_i_fu_645_p2           |     -    |      0|  0|  39|           1|          32|
    |p_neg_t_i_i_fu_709_p2            |     -    |      0|  0|  39|           1|          32|
    |tmp_11_i_i_fu_527_p2             |     -    |      0|  0|  39|           6|          32|
    |tmp_15_i_i_fu_566_p2             |     -    |      0|  0|  31|           1|          24|
    |tmp_9_i_i_fu_516_p2              |     -    |      0|  0|  39|          10|          32|
    |tmp_i_i_fu_505_p2                |     -    |      0|  0|  39|          10|          32|
    |ap_block_pp0_stage0_11001        |    and   |      0|  0|   2|           1|           1|
    |ap_block_state5                  |    and   |      0|  0|   2|           1|           1|
    |ap_block_state9_io               |    and   |      0|  0|   2|           1|           1|
    |ap_condition_324                 |    and   |      0|  0|   2|           1|           1|
    |ap_condition_956                 |    and   |      0|  0|   2|           1|           1|
    |ap_predicate_op133_write_state5  |    and   |      0|  0|   2|           1|           1|
    |tmp_10_i_i_fu_521_p2             |   icmp   |      0|  0|  20|          32|           5|
    |tmp_12_i_i_fu_532_p2             |   icmp   |      0|  0|  20|          32|           5|
    |tmp_20_i_i_fu_749_p2             |   icmp   |      0|  0|  20|          32|          32|
    |tmp_22_i_i_fu_772_p2             |   icmp   |      0|  0|  20|          32|          32|
    |tmp_25_i_i_fu_812_p2             |   icmp   |      0|  0|  20|          32|          32|
    |tmp_8_i_i_fu_510_p2              |   icmp   |      0|  0|  20|          32|           5|
    |ap_block_state1                  |    or    |      0|  0|   2|           1|           1|
    |mLoops_fu_538_p3                 |  select  |      0|  0|  32|           1|           5|
    |p_op2_i_i_fu_729_p3              |  select  |      0|  0|  32|           1|          32|
    |p_op_i_i_fu_665_p3               |  select  |      0|  0|  32|           1|          32|
    |tmp_17_i_i_fu_598_p3             |  select  |      0|  0|  32|           1|          32|
    |tmp_18_i_i_fu_673_p3             |  select  |      0|  0|  32|           1|           4|
    |tmp_19_i_i_fu_737_p3             |  select  |      0|  0|  32|           1|           4|
    |tmp_76_i_i_fu_572_p3             |  select  |      0|  0|  24|           1|          24|
    |ap_enable_pp0                    |    xor   |      0|  0|   2|           1|           2|
    |ap_enable_reg_pp0_iter1          |    xor   |      0|  0|   2|           2|           1|
    +---------------------------------+----------+-------+---+----+------------+------------+
    |Total                            |          |      0|  0|1048|         471|         724|
    +---------------------------------+----------+-------+---+----+------------+------------+

    * Multiplexer: 
    +----------------------------------------------+----+-----------+-----+-----------+
    |                     Name                     | LUT| Input Size| Bits| Total Bits|
    +----------------------------------------------+----+-----------+-----+-----------+
    |ap_NS_fsm                                     |  59|         14|    1|         14|
    |ap_done                                       |   9|          2|    1|          2|
    |ap_enable_reg_pp0_iter1                       |  15|          3|    1|          3|
    |ap_phi_reg_pp0_iter1_tmp_85_load_i_i_reg_399  |  85|         17|   16|        272|
    |ap_sig_ioackin_m_axi_outputs_AWREADY          |   9|          2|    1|          2|
    |ap_sig_ioackin_m_axi_outputs_WREADY           |   9|          2|    1|          2|
    |base_addr_d2_0_i_i_i_reg_366                  |   9|          2|   32|         64|
    |base_addr_d2_reg_345                          |   9|          2|   32|         64|
    |cntl_V_blk_n                                  |   9|          2|    1|          2|
    |i_0_i_i_i_reg_388                             |   9|          2|   31|         62|
    |outputs_blk_n_AW                              |   9|          2|    1|          2|
    |outputs_blk_n_B                               |   9|          2|    1|          2|
    |outputs_blk_n_W                               |   9|          2|    1|          2|
    |outputs_offset_blk_n                          |   9|          2|    1|          2|
    |tm_0_i_i_i_reg_355                            |   9|          2|    5|         10|
    |tr_divS_0_i_i_i_reg_377                       |   9|          2|   31|         62|
    +----------------------------------------------+----+-----------+-----+-----------+
    |Total                                         | 276|         60|  157|        567|
    +----------------------------------------------+----+-----------+-----+-----------+

    * Register: 
    +----------------------------------------------+----+----+-----+-----------+
    |                     Name                     | FF | LUT| Bits| Const Bits|
    +----------------------------------------------+----+----+-----+-----------+
    |ap_CS_fsm                                     |  13|   0|   13|          0|
    |ap_done_reg                                   |   1|   0|    1|          0|
    |ap_enable_reg_pp0_iter0                       |   1|   0|    1|          0|
    |ap_enable_reg_pp0_iter1                       |   1|   0|    1|          0|
    |ap_phi_reg_pp0_iter1_tmp_85_load_i_i_reg_399  |  16|   0|   16|          0|
    |ap_reg_ioackin_m_axi_outputs_AWREADY          |   1|   0|    1|          0|
    |ap_reg_ioackin_m_axi_outputs_WREADY           |   1|   0|    1|          0|
    |base_addr_d2_0_i_i_i_reg_366                  |  32|   0|   32|          0|
    |base_addr_d2_5_reg_1087                       |  32|   0|   32|          0|
    |base_addr_d2_reg_345                          |  32|   0|   32|          0|
    |i_0_i_i_i_reg_388                             |  31|   0|   31|          0|
    |mLoops_reg_943                                |  32|   0|   32|          0|
    |outputs_addr_reg_987                          |  32|   0|   32|          0|
    |p_lshr2_i_i_reg_933                           |  31|   0|   31|          0|
    |p_lshr_f2_i_i_reg_938                         |  31|   0|   31|          0|
    |sext_cast_i_i_reg_893                         |  31|   0|   33|          2|
    |tm_0_i_i_i_reg_355                            |   5|   0|    5|          0|
    |tm_reg_967                                    |   5|   0|    5|          0|
    |tmp_101_reg_972                               |   4|   0|    4|          0|
    |tmp_119_reg_901                               |  32|   0|   32|          0|
    |tmp_120_reg_906                               |  32|   0|   32|          0|
    |tmp_121_reg_912                               |  32|   0|   32|          0|
    |tmp_18_i_i_reg_953                            |  32|   0|   32|          0|
    |tmp_19_i_i_reg_958                            |  32|   0|   32|          0|
    |tmp_25_i_i_reg_998                            |   1|   0|    1|          0|
    |tmp_75_i_i_reg_923                            |  24|   0|   24|          0|
    |tmp_97_reg_918                                |   1|   0|    1|          0|
    |tmp_98_reg_928                                |   1|   0|    1|          0|
    |tr_divS_0_i_i_i_reg_377                       |  31|   0|   31|          0|
    |tr_divS_reg_982                               |  31|   0|   31|          0|
    +----------------------------------------------+----+----+-----+-----------+
    |Total                                         | 581|   0|  583|          2|
    +----------------------------------------------+----+----+-----+-----------+



================================================================
== Interface
================================================================
* Summary: 
+--------------------------+-----+-----+------------+------------------+--------------+
|         RTL Ports        | Dir | Bits|  Protocol  |   Source Object  |    C Type    |
+--------------------------+-----+-----+------------+------------------+--------------+
|ap_clk                    |  in |    1| ap_ctrl_hs |  output_result.5 | return value |
|ap_rst                    |  in |    1| ap_ctrl_hs |  output_result.5 | return value |
|ap_start                  |  in |    1| ap_ctrl_hs |  output_result.5 | return value |
|ap_done                   | out |    1| ap_ctrl_hs |  output_result.5 | return value |
|ap_continue               |  in |    1| ap_ctrl_hs |  output_result.5 | return value |
|ap_idle                   | out |    1| ap_ctrl_hs |  output_result.5 | return value |
|ap_ready                  | out |    1| ap_ctrl_hs |  output_result.5 | return value |
|m_axi_outputs_AWVALID     | out |    1|    m_axi   |      outputs     |    pointer   |
|m_axi_outputs_AWREADY     |  in |    1|    m_axi   |      outputs     |    pointer   |
|m_axi_outputs_AWADDR      | out |   32|    m_axi   |      outputs     |    pointer   |
|m_axi_outputs_AWID        | out |    1|    m_axi   |      outputs     |    pointer   |
|m_axi_outputs_AWLEN       | out |   32|    m_axi   |      outputs     |    pointer   |
|m_axi_outputs_AWSIZE      | out |    3|    m_axi   |      outputs     |    pointer   |
|m_axi_outputs_AWBURST     | out |    2|    m_axi   |      outputs     |    pointer   |
|m_axi_outputs_AWLOCK      | out |    2|    m_axi   |      outputs     |    pointer   |
|m_axi_outputs_AWCACHE     | out |    4|    m_axi   |      outputs     |    pointer   |
|m_axi_outputs_AWPROT      | out |    3|    m_axi   |      outputs     |    pointer   |
|m_axi_outputs_AWQOS       | out |    4|    m_axi   |      outputs     |    pointer   |
|m_axi_outputs_AWREGION    | out |    4|    m_axi   |      outputs     |    pointer   |
|m_axi_outputs_AWUSER      | out |    1|    m_axi   |      outputs     |    pointer   |
|m_axi_outputs_WVALID      | out |    1|    m_axi   |      outputs     |    pointer   |
|m_axi_outputs_WREADY      |  in |    1|    m_axi   |      outputs     |    pointer   |
|m_axi_outputs_WDATA       | out |   16|    m_axi   |      outputs     |    pointer   |
|m_axi_outputs_WSTRB       | out |    2|    m_axi   |      outputs     |    pointer   |
|m_axi_outputs_WLAST       | out |    1|    m_axi   |      outputs     |    pointer   |
|m_axi_outputs_WID         | out |    1|    m_axi   |      outputs     |    pointer   |
|m_axi_outputs_WUSER       | out |    1|    m_axi   |      outputs     |    pointer   |
|m_axi_outputs_ARVALID     | out |    1|    m_axi   |      outputs     |    pointer   |
|m_axi_outputs_ARREADY     |  in |    1|    m_axi   |      outputs     |    pointer   |
|m_axi_outputs_ARADDR      | out |   32|    m_axi   |      outputs     |    pointer   |
|m_axi_outputs_ARID        | out |    1|    m_axi   |      outputs     |    pointer   |
|m_axi_outputs_ARLEN       | out |   32|    m_axi   |      outputs     |    pointer   |
|m_axi_outputs_ARSIZE      | out |    3|    m_axi   |      outputs     |    pointer   |
|m_axi_outputs_ARBURST     | out |    2|    m_axi   |      outputs     |    pointer   |
|m_axi_outputs_ARLOCK      | out |    2|    m_axi   |      outputs     |    pointer   |
|m_axi_outputs_ARCACHE     | out |    4|    m_axi   |      outputs     |    pointer   |
|m_axi_outputs_ARPROT      | out |    3|    m_axi   |      outputs     |    pointer   |
|m_axi_outputs_ARQOS       | out |    4|    m_axi   |      outputs     |    pointer   |
|m_axi_outputs_ARREGION    | out |    4|    m_axi   |      outputs     |    pointer   |
|m_axi_outputs_ARUSER      | out |    1|    m_axi   |      outputs     |    pointer   |
|m_axi_outputs_RVALID      |  in |    1|    m_axi   |      outputs     |    pointer   |
|m_axi_outputs_RREADY      | out |    1|    m_axi   |      outputs     |    pointer   |
|m_axi_outputs_RDATA       |  in |   16|    m_axi   |      outputs     |    pointer   |
|m_axi_outputs_RLAST       |  in |    1|    m_axi   |      outputs     |    pointer   |
|m_axi_outputs_RID         |  in |    1|    m_axi   |      outputs     |    pointer   |
|m_axi_outputs_RUSER       |  in |    1|    m_axi   |      outputs     |    pointer   |
|m_axi_outputs_RRESP       |  in |    2|    m_axi   |      outputs     |    pointer   |
|m_axi_outputs_BVALID      |  in |    1|    m_axi   |      outputs     |    pointer   |
|m_axi_outputs_BREADY      | out |    1|    m_axi   |      outputs     |    pointer   |
|m_axi_outputs_BRESP       |  in |    2|    m_axi   |      outputs     |    pointer   |
|m_axi_outputs_BID         |  in |    1|    m_axi   |      outputs     |    pointer   |
|m_axi_outputs_BUSER       |  in |    1|    m_axi   |      outputs     |    pointer   |
|outputs_offset_dout       |  in |   31|   ap_fifo  |  outputs_offset  |    pointer   |
|outputs_offset_empty_n    |  in |    1|   ap_fifo  |  outputs_offset  |    pointer   |
|outputs_offset_read       | out |    1|   ap_fifo  |  outputs_offset  |    pointer   |
|output_buffer_0_dout      |  in |   16|   ap_fifo  |  output_buffer_0 |    pointer   |
|output_buffer_0_empty_n   |  in |    1|   ap_fifo  |  output_buffer_0 |    pointer   |
|output_buffer_0_read      | out |    1|   ap_fifo  |  output_buffer_0 |    pointer   |
|output_buffer_1_dout      |  in |   16|   ap_fifo  |  output_buffer_1 |    pointer   |
|output_buffer_1_empty_n   |  in |    1|   ap_fifo  |  output_buffer_1 |    pointer   |
|output_buffer_1_read      | out |    1|   ap_fifo  |  output_buffer_1 |    pointer   |
|output_buffer_2_dout      |  in |   16|   ap_fifo  |  output_buffer_2 |    pointer   |
|output_buffer_2_empty_n   |  in |    1|   ap_fifo  |  output_buffer_2 |    pointer   |
|output_buffer_2_read      | out |    1|   ap_fifo  |  output_buffer_2 |    pointer   |
|output_buffer_3_dout      |  in |   16|   ap_fifo  |  output_buffer_3 |    pointer   |
|output_buffer_3_empty_n   |  in |    1|   ap_fifo  |  output_buffer_3 |    pointer   |
|output_buffer_3_read      | out |    1|   ap_fifo  |  output_buffer_3 |    pointer   |
|output_buffer_4_dout      |  in |   16|   ap_fifo  |  output_buffer_4 |    pointer   |
|output_buffer_4_empty_n   |  in |    1|   ap_fifo  |  output_buffer_4 |    pointer   |
|output_buffer_4_read      | out |    1|   ap_fifo  |  output_buffer_4 |    pointer   |
|output_buffer_5_dout      |  in |   16|   ap_fifo  |  output_buffer_5 |    pointer   |
|output_buffer_5_empty_n   |  in |    1|   ap_fifo  |  output_buffer_5 |    pointer   |
|output_buffer_5_read      | out |    1|   ap_fifo  |  output_buffer_5 |    pointer   |
|output_buffer_6_dout      |  in |   16|   ap_fifo  |  output_buffer_6 |    pointer   |
|output_buffer_6_empty_n   |  in |    1|   ap_fifo  |  output_buffer_6 |    pointer   |
|output_buffer_6_read      | out |    1|   ap_fifo  |  output_buffer_6 |    pointer   |
|output_buffer_7_dout      |  in |   16|   ap_fifo  |  output_buffer_7 |    pointer   |
|output_buffer_7_empty_n   |  in |    1|   ap_fifo  |  output_buffer_7 |    pointer   |
|output_buffer_7_read      | out |    1|   ap_fifo  |  output_buffer_7 |    pointer   |
|output_buffer_8_dout      |  in |   16|   ap_fifo  |  output_buffer_8 |    pointer   |
|output_buffer_8_empty_n   |  in |    1|   ap_fifo  |  output_buffer_8 |    pointer   |
|output_buffer_8_read      | out |    1|   ap_fifo  |  output_buffer_8 |    pointer   |
|output_buffer_9_dout      |  in |   16|   ap_fifo  |  output_buffer_9 |    pointer   |
|output_buffer_9_empty_n   |  in |    1|   ap_fifo  |  output_buffer_9 |    pointer   |
|output_buffer_9_read      | out |    1|   ap_fifo  |  output_buffer_9 |    pointer   |
|output_buffer_10_dout     |  in |   16|   ap_fifo  | output_buffer_10 |    pointer   |
|output_buffer_10_empty_n  |  in |    1|   ap_fifo  | output_buffer_10 |    pointer   |
|output_buffer_10_read     | out |    1|   ap_fifo  | output_buffer_10 |    pointer   |
|output_buffer_11_dout     |  in |   16|   ap_fifo  | output_buffer_11 |    pointer   |
|output_buffer_11_empty_n  |  in |    1|   ap_fifo  | output_buffer_11 |    pointer   |
|output_buffer_11_read     | out |    1|   ap_fifo  | output_buffer_11 |    pointer   |
|output_buffer_12_dout     |  in |   16|   ap_fifo  | output_buffer_12 |    pointer   |
|output_buffer_12_empty_n  |  in |    1|   ap_fifo  | output_buffer_12 |    pointer   |
|output_buffer_12_read     | out |    1|   ap_fifo  | output_buffer_12 |    pointer   |
|output_buffer_13_dout     |  in |   16|   ap_fifo  | output_buffer_13 |    pointer   |
|output_buffer_13_empty_n  |  in |    1|   ap_fifo  | output_buffer_13 |    pointer   |
|output_buffer_13_read     | out |    1|   ap_fifo  | output_buffer_13 |    pointer   |
|output_buffer_14_dout     |  in |   16|   ap_fifo  | output_buffer_14 |    pointer   |
|output_buffer_14_empty_n  |  in |    1|   ap_fifo  | output_buffer_14 |    pointer   |
|output_buffer_14_read     | out |    1|   ap_fifo  | output_buffer_14 |    pointer   |
|output_buffer_15_dout     |  in |   16|   ap_fifo  | output_buffer_15 |    pointer   |
|output_buffer_15_empty_n  |  in |    1|   ap_fifo  | output_buffer_15 |    pointer   |
|output_buffer_15_read     | out |    1|   ap_fifo  | output_buffer_15 |    pointer   |
|result_buffer_V_dout      |  in |    1|   ap_fifo  |  result_buffer_V |    pointer   |
|result_buffer_V_empty_n   |  in |    1|   ap_fifo  |  result_buffer_V |    pointer   |
|result_buffer_V_read      | out |    1|   ap_fifo  |  result_buffer_V |    pointer   |
|result_c_V_dout           |  in |   32|   ap_fifo  |    result_c_V    |    pointer   |
|result_c_V_empty_n        |  in |    1|   ap_fifo  |    result_c_V    |    pointer   |
|result_c_V_read           | out |    1|   ap_fifo  |    result_c_V    |    pointer   |
|result_r_V_dout           |  in |   32|   ap_fifo  |    result_r_V    |    pointer   |
|result_r_V_empty_n        |  in |    1|   ap_fifo  |    result_r_V    |    pointer   |
|result_r_V_read           | out |    1|   ap_fifo  |    result_r_V    |    pointer   |
|result_m_V_dout           |  in |   32|   ap_fifo  |    result_m_V    |    pointer   |
|result_m_V_empty_n        |  in |    1|   ap_fifo  |    result_m_V    |    pointer   |
|result_m_V_read           | out |    1|   ap_fifo  |    result_m_V    |    pointer   |
|result_n_V_dout           |  in |   32|   ap_fifo  |    result_n_V    |    pointer   |
|result_n_V_empty_n        |  in |    1|   ap_fifo  |    result_n_V    |    pointer   |
|result_n_V_read           | out |    1|   ap_fifo  |    result_n_V    |    pointer   |
|cntl_V_din                | out |    1|   ap_fifo  |      cntl_V      |    pointer   |
|cntl_V_full_n             |  in |    1|   ap_fifo  |      cntl_V      |    pointer   |
|cntl_V_write              | out |    1|   ap_fifo  |      cntl_V      |    pointer   |
+--------------------------+-----+-----+------------+------------------+--------------+

