

================================================================
== Vivado HLS Report for 'output_result_11'
================================================================
* Date:           Sun Apr 28 16:04:06 2019

* Version:        2018.3 (Build 2405991 on Thu Dec 06 23:56:15 MST 2018)
* Project:        mobile_net_hls_v1
* Solution:       solution1
* Product family: zynquplus
* Target device:  xczu9eg-ffvb1156-2-i


================================================================
== Performance Estimates
================================================================
+ Timing (ns): 
    * Summary: 
    +--------+-------+----------+------------+
    |  Clock | Target| Estimated| Uncertainty|
    +--------+-------+----------+------------+
    |ap_clk  |   4.20|     3.675|        0.52|
    +--------+-------+----------+------------+

+ Latency (clock cycles): 
    * Summary: 
    +-----+-----+-----+-----+---------+
    |  Latency  |  Interval | Pipeline|
    | min | max | min | max |   Type  |
    +-----+-----+-----+-----+---------+
    |    ?|    ?|    ?|    ?|   none  |
    +-----+-----+-----+-----+---------+

    + Detail: 
        * Instance: 
        N/A

        * Loop: 
        +---------------------+-----+-----+----------+-----------+-----------+--------+----------+
        |                     |  Latency  | Iteration|  Initiation Interval  |  Trip  |          |
        |      Loop Name      | min | max |  Latency |  achieved |   target  |  Count | Pipelined|
        +---------------------+-----+-----+----------+-----------+-----------+--------+----------+
        |- Loop 1             |    ?|    ?|         ?|          -|          -|       ?|    no    |
        | + Loop 1.1          |    ?|    ?|         1|          -|          -|       ?|    no    |
        | + Loop 1.2          |    ?|    ?|         ?|          -|          -| 2 ~ 32 |    no    |
        |  ++ Loop 1.2.1      |    ?|    ?|         ?|          -|          -|  1 ~ 8 |    no    |
        |   +++ Loop 1.2.1.1  |    ?|    ?|         2|          1|          1|       ?|    yes   |
        +---------------------+-----+-----+----------+-----------+-----------+--------+----------+



================================================================
== Utilization Estimates
================================================================
* Summary: 
+-----------------+---------+-------+--------+--------+-----+
|       Name      | BRAM_18K| DSP48E|   FF   |   LUT  | URAM|
+-----------------+---------+-------+--------+--------+-----+
|DSP              |        -|      -|       -|       -|    -|
|Expression       |        -|      -|       0|    1091|    -|
|FIFO             |        -|      -|       -|       -|    -|
|Instance         |        -|      -|       -|       -|    -|
|Memory           |        -|      -|       -|       -|    -|
|Multiplexer      |        -|      -|       -|     215|    -|
|Register         |        -|      -|     621|       -|    -|
+-----------------+---------+-------+--------+--------+-----+
|Total            |        0|      0|     621|    1306|    0|
+-----------------+---------+-------+--------+--------+-----+
|Available        |     1824|   2520|  548160|  274080|    0|
+-----------------+---------+-------+--------+--------+-----+
|Utilization (%)  |        0|      0|   ~0   |   ~0   |    0|
+-----------------+---------+-------+--------+--------+-----+

+ Detail: 
    * Instance: 
    N/A

    * DSP48: 
    N/A

    * Memory: 
    N/A

    * FIFO: 
    N/A

    * Expression: 
    +---------------------------------+----------+-------+---+----+------------+------------+
    |          Variable Name          | Operation| DSP48E| FF| LUT| Bitwidth P0| Bitwidth P1|
    +---------------------------------+----------+-------+---+----+------------+------------+
    |base_addr_d1_11_fu_643_p2        |     +    |      0|  0|  39|          32|           9|
    |base_addr_d2_11_fu_672_p2        |     +    |      0|  0|  39|          32|           5|
    |base_addr_fu_443_p2              |     +    |      0|  0|  32|          32|          32|
    |i_fu_658_p2                      |     +    |      0|  0|  38|          31|           1|
    |sum_i_i_fu_628_p2                |     +    |      0|  0|  41|          34|          34|
    |tmp1_i_i_fu_437_p2               |     +    |      0|  0|  32|          32|          32|
    |tmp_35_i_i_fu_619_p2             |     +    |      0|  0|  40|          33|          33|
    |tn_fu_586_p2                     |     +    |      0|  0|   9|           2|           1|
    |tr_divS_fu_609_p2                |     +    |      0|  0|  38|          31|           1|
    |p_neg4_i_i_i_fu_457_p2           |     -    |      0|  0|  39|           1|          32|
    |p_neg8_i_i_i_fu_293_p2           |     -    |      0|  0|  39|           1|          32|
    |p_neg9_i_i_i_fu_327_p2           |     -    |      0|  0|  39|           1|          32|
    |p_neg_i_i_i_fu_521_p2            |     -    |      0|  0|  39|           1|          32|
    |p_neg_t4_i_i_i_fu_421_p2         |     -    |      0|  0|  39|           1|          32|
    |p_neg_t6_i_i_i_fu_477_p2         |     -    |      0|  0|  39|           1|          32|
    |p_neg_t_i_i_i_fu_541_p2          |     -    |      0|  0|  39|           1|          32|
    |tmp_638_i_i_i_fu_364_p2          |     -    |      0|  0|  39|           6|          32|
    |tmp_640_i_i_i_fu_375_p2          |     -    |      0|  0|  39|           9|          32|
    |tmp_974_i_i_i_fu_399_p2          |     -    |      0|  0|  35|           1|          28|
    |tmp_i_i_i_fu_353_p2              |     -    |      0|  0|  39|           6|          32|
    |ap_block_pp0_stage0_11001        |    and   |      0|  0|   2|           1|           1|
    |ap_block_state5                  |    and   |      0|  0|   2|           1|           1|
    |ap_block_state9_io               |    and   |      0|  0|   2|           1|           1|
    |ap_condition_275                 |    and   |      0|  0|   2|           1|           1|
    |ap_condition_696                 |    and   |      0|  0|   2|           1|           1|
    |ap_predicate_op108_write_state5  |    and   |      0|  0|   2|           1|           1|
    |tmp_637_i_i_i_fu_358_p2          |   icmp   |      0|  0|  20|          32|           5|
    |tmp_639_i_i_i_fu_369_p2          |   icmp   |      0|  0|  20|          32|           5|
    |tmp_641_i_i_i_fu_380_p2          |   icmp   |      0|  0|  20|          32|           2|
    |tmp_649_i_i_i_fu_581_p2          |   icmp   |      0|  0|  20|          32|          32|
    |tmp_650_i_i_i_fu_604_p2          |   icmp   |      0|  0|  20|          32|          32|
    |tmp_652_i_i_i_fu_653_p2          |   icmp   |      0|  0|  20|          32|          32|
    |ap_block_state1                  |    or    |      0|  0|   2|           1|           1|
    |nLoops_fu_386_p3                 |  select  |      0|  0|  32|           1|           2|
    |p_op2_i_i_i_fu_561_p3            |  select  |      0|  0|  32|           1|          32|
    |p_op_i_i_i_fu_497_p3             |  select  |      0|  0|  32|           1|          32|
    |tmp_130_i_i_fu_404_p3            |  select  |      0|  0|  28|           1|          28|
    |tmp_645_i_i_i_fu_430_p3          |  select  |      0|  0|  32|           1|          32|
    |tmp_647_i_i_i_fu_505_p3          |  select  |      0|  0|  32|           1|           4|
    |tmp_648_i_i_i_fu_569_p3          |  select  |      0|  0|  32|           1|           4|
    |ap_enable_pp0                    |    xor   |      0|  0|   2|           1|           2|
    |ap_enable_reg_pp0_iter1          |    xor   |      0|  0|   2|           2|           1|
    +---------------------------------+----------+-------+---+----+------------+------------+
    |Total                            |          |      0|  0|1091|         497|         748|
    +---------------------------------+----------+-------+---+----+------------+------------+

    * Multiplexer: 
    +-----------------------------------------------+----+-----------+-----+-----------+
    |                      Name                     | LUT| Input Size| Bits| Total Bits|
    +-----------------------------------------------+----+-----------+-----+-----------+
    |ap_NS_fsm                                      |  59|         14|    1|         14|
    |ap_done                                        |   9|          2|    1|          2|
    |ap_enable_reg_pp0_iter1                        |  15|          3|    1|          3|
    |ap_phi_reg_pp0_iter1_tmp_139_load_i_i_reg_255  |  15|          3|   16|         48|
    |ap_sig_ioackin_m_axi_outputs_AWREADY           |   9|          2|    1|          2|
    |ap_sig_ioackin_m_axi_outputs_WREADY            |   9|          2|    1|          2|
    |base_addr_d2_0_i_i_i_reg_222                   |   9|          2|   32|         64|
    |base_addr_d2_reg_201                           |   9|          2|   32|         64|
    |cntl_V_blk_n                                   |   9|          2|    1|          2|
    |i_0_i_i_i_i_reg_244                            |   9|          2|   31|         62|
    |outputs_blk_n_AW                               |   9|          2|    1|          2|
    |outputs_blk_n_B                                |   9|          2|    1|          2|
    |outputs_blk_n_W                                |   9|          2|    1|          2|
    |outputs_offset_blk_n                           |   9|          2|    1|          2|
    |outputs_offset_c_blk_n                         |   9|          2|    1|          2|
    |tn_0_i_i_i_i_reg_211                           |   9|          2|    2|          4|
    |tr_divS_0_i_i_i_i_reg_233                      |   9|          2|   31|         62|
    +-----------------------------------------------+----+-----------+-----+-----------+
    |Total                                          | 215|         48|  155|        339|
    +-----------------------------------------------+----+-----------+-----+-----------+

    * Register: 
    +-----------------------------------------------+----+----+-----+-----------+
    |                      Name                     | FF | LUT| Bits| Const Bits|
    +-----------------------------------------------+----+----+-----+-----------+
    |ap_CS_fsm                                      |  13|   0|   13|          0|
    |ap_done_reg                                    |   1|   0|    1|          0|
    |ap_enable_reg_pp0_iter0                        |   1|   0|    1|          0|
    |ap_enable_reg_pp0_iter1                        |   1|   0|    1|          0|
    |ap_phi_reg_pp0_iter1_tmp_139_load_i_i_reg_255  |  16|   0|   16|          0|
    |ap_reg_ioackin_m_axi_outputs_AWREADY           |   1|   0|    1|          0|
    |ap_reg_ioackin_m_axi_outputs_WREADY            |   1|   0|    1|          0|
    |base_addr_d2_0_i_i_i_reg_222                   |  32|   0|   32|          0|
    |base_addr_d2_11_reg_811                        |  32|   0|   32|          0|
    |base_addr_d2_reg_201                           |  32|   0|   32|          0|
    |i_0_i_i_i_i_reg_244                            |  31|   0|   31|          0|
    |nLoops_reg_737                                 |  32|   0|   32|          0|
    |outputs_addr_reg_781                           |  32|   0|   32|          0|
    |outputs_offset_cast_s_reg_678                  |  17|   0|   33|         16|
    |p_lshr9_i_i_i_reg_727                          |  31|   0|   31|          0|
    |p_lshr_f9_i_i_i_reg_732                        |  31|   0|   31|          0|
    |sext_cast_i_i_reg_683                          |  31|   0|   34|          3|
    |tmp_129_i_i_reg_717                            |  28|   0|   28|          0|
    |tmp_241_reg_707                                |   1|   0|    1|          0|
    |tmp_242_reg_722                                |   1|   0|    1|          0|
    |tmp_245_reg_766                                |   1|   0|    1|          0|
    |tmp_249_reg_691                                |  32|   0|   32|          0|
    |tmp_250_reg_696                                |  32|   0|   32|          0|
    |tmp_251_reg_701                                |  32|   0|   32|          0|
    |tmp_647_i_i_i_reg_747                          |  32|   0|   32|          0|
    |tmp_648_i_i_i_reg_752                          |  32|   0|   32|          0|
    |tmp_652_i_i_i_reg_792                          |   1|   0|    1|          0|
    |tmp_973_i_i_i_reg_712                          |  28|   0|   28|          0|
    |tn_0_i_i_i_i_reg_211                           |   2|   0|    2|          0|
    |tn_reg_761                                     |   2|   0|    2|          0|
    |tr_divS_0_i_i_i_i_reg_233                      |  31|   0|   31|          0|
    |tr_divS_reg_776                                |  31|   0|   31|          0|
    +-----------------------------------------------+----+----+-----+-----------+
    |Total                                          | 621|   0|  640|         19|
    +-----------------------------------------------+----+----+-----+-----------+



================================================================
== Interface
================================================================
* Summary: 
+---------------------------+-----+-----+------------+-------------------+--------------+
|         RTL Ports         | Dir | Bits|  Protocol  |   Source Object   |    C Type    |
+---------------------------+-----+-----+------------+-------------------+--------------+
|ap_clk                     |  in |    1| ap_ctrl_hs |  output_result.11 | return value |
|ap_rst                     |  in |    1| ap_ctrl_hs |  output_result.11 | return value |
|ap_start                   |  in |    1| ap_ctrl_hs |  output_result.11 | return value |
|ap_done                    | out |    1| ap_ctrl_hs |  output_result.11 | return value |
|ap_continue                |  in |    1| ap_ctrl_hs |  output_result.11 | return value |
|ap_idle                    | out |    1| ap_ctrl_hs |  output_result.11 | return value |
|ap_ready                   | out |    1| ap_ctrl_hs |  output_result.11 | return value |
|m_axi_outputs_AWVALID      | out |    1|    m_axi   |      outputs      |    pointer   |
|m_axi_outputs_AWREADY      |  in |    1|    m_axi   |      outputs      |    pointer   |
|m_axi_outputs_AWADDR       | out |   32|    m_axi   |      outputs      |    pointer   |
|m_axi_outputs_AWID         | out |    1|    m_axi   |      outputs      |    pointer   |
|m_axi_outputs_AWLEN        | out |   32|    m_axi   |      outputs      |    pointer   |
|m_axi_outputs_AWSIZE       | out |    3|    m_axi   |      outputs      |    pointer   |
|m_axi_outputs_AWBURST      | out |    2|    m_axi   |      outputs      |    pointer   |
|m_axi_outputs_AWLOCK       | out |    2|    m_axi   |      outputs      |    pointer   |
|m_axi_outputs_AWCACHE      | out |    4|    m_axi   |      outputs      |    pointer   |
|m_axi_outputs_AWPROT       | out |    3|    m_axi   |      outputs      |    pointer   |
|m_axi_outputs_AWQOS        | out |    4|    m_axi   |      outputs      |    pointer   |
|m_axi_outputs_AWREGION     | out |    4|    m_axi   |      outputs      |    pointer   |
|m_axi_outputs_AWUSER       | out |    1|    m_axi   |      outputs      |    pointer   |
|m_axi_outputs_WVALID       | out |    1|    m_axi   |      outputs      |    pointer   |
|m_axi_outputs_WREADY       |  in |    1|    m_axi   |      outputs      |    pointer   |
|m_axi_outputs_WDATA        | out |   16|    m_axi   |      outputs      |    pointer   |
|m_axi_outputs_WSTRB        | out |    2|    m_axi   |      outputs      |    pointer   |
|m_axi_outputs_WLAST        | out |    1|    m_axi   |      outputs      |    pointer   |
|m_axi_outputs_WID          | out |    1|    m_axi   |      outputs      |    pointer   |
|m_axi_outputs_WUSER        | out |    1|    m_axi   |      outputs      |    pointer   |
|m_axi_outputs_ARVALID      | out |    1|    m_axi   |      outputs      |    pointer   |
|m_axi_outputs_ARREADY      |  in |    1|    m_axi   |      outputs      |    pointer   |
|m_axi_outputs_ARADDR       | out |   32|    m_axi   |      outputs      |    pointer   |
|m_axi_outputs_ARID         | out |    1|    m_axi   |      outputs      |    pointer   |
|m_axi_outputs_ARLEN        | out |   32|    m_axi   |      outputs      |    pointer   |
|m_axi_outputs_ARSIZE       | out |    3|    m_axi   |      outputs      |    pointer   |
|m_axi_outputs_ARBURST      | out |    2|    m_axi   |      outputs      |    pointer   |
|m_axi_outputs_ARLOCK       | out |    2|    m_axi   |      outputs      |    pointer   |
|m_axi_outputs_ARCACHE      | out |    4|    m_axi   |      outputs      |    pointer   |
|m_axi_outputs_ARPROT       | out |    3|    m_axi   |      outputs      |    pointer   |
|m_axi_outputs_ARQOS        | out |    4|    m_axi   |      outputs      |    pointer   |
|m_axi_outputs_ARREGION     | out |    4|    m_axi   |      outputs      |    pointer   |
|m_axi_outputs_ARUSER       | out |    1|    m_axi   |      outputs      |    pointer   |
|m_axi_outputs_RVALID       |  in |    1|    m_axi   |      outputs      |    pointer   |
|m_axi_outputs_RREADY       | out |    1|    m_axi   |      outputs      |    pointer   |
|m_axi_outputs_RDATA        |  in |   16|    m_axi   |      outputs      |    pointer   |
|m_axi_outputs_RLAST        |  in |    1|    m_axi   |      outputs      |    pointer   |
|m_axi_outputs_RID          |  in |    1|    m_axi   |      outputs      |    pointer   |
|m_axi_outputs_RUSER        |  in |    1|    m_axi   |      outputs      |    pointer   |
|m_axi_outputs_RRESP        |  in |    2|    m_axi   |      outputs      |    pointer   |
|m_axi_outputs_BVALID       |  in |    1|    m_axi   |      outputs      |    pointer   |
|m_axi_outputs_BREADY       | out |    1|    m_axi   |      outputs      |    pointer   |
|m_axi_outputs_BRESP        |  in |    2|    m_axi   |      outputs      |    pointer   |
|m_axi_outputs_BID          |  in |    1|    m_axi   |      outputs      |    pointer   |
|m_axi_outputs_BUSER        |  in |    1|    m_axi   |      outputs      |    pointer   |
|outputs_offset_dout        |  in |   31|   ap_fifo  |   outputs_offset  |    pointer   |
|outputs_offset_empty_n     |  in |    1|   ap_fifo  |   outputs_offset  |    pointer   |
|outputs_offset_read        | out |    1|   ap_fifo  |   outputs_offset  |    pointer   |
|outputs_offset_c_dout      |  in |   17|   ap_fifo  |  outputs_offset_c |    pointer   |
|outputs_offset_c_empty_n   |  in |    1|   ap_fifo  |  outputs_offset_c |    pointer   |
|outputs_offset_c_read      | out |    1|   ap_fifo  |  outputs_offset_c |    pointer   |
|output_buffer_0_V_dout     |  in |   16|   ap_fifo  | output_buffer_0_V |    pointer   |
|output_buffer_0_V_empty_n  |  in |    1|   ap_fifo  | output_buffer_0_V |    pointer   |
|output_buffer_0_V_read     | out |    1|   ap_fifo  | output_buffer_0_V |    pointer   |
|output_buffer_1_V_dout     |  in |   16|   ap_fifo  | output_buffer_1_V |    pointer   |
|output_buffer_1_V_empty_n  |  in |    1|   ap_fifo  | output_buffer_1_V |    pointer   |
|output_buffer_1_V_read     | out |    1|   ap_fifo  | output_buffer_1_V |    pointer   |
|result_buffer_V_dout       |  in |    1|   ap_fifo  |  result_buffer_V  |    pointer   |
|result_buffer_V_empty_n    |  in |    1|   ap_fifo  |  result_buffer_V  |    pointer   |
|result_buffer_V_read       | out |    1|   ap_fifo  |  result_buffer_V  |    pointer   |
|result_c_V_dout            |  in |   32|   ap_fifo  |     result_c_V    |    pointer   |
|result_c_V_empty_n         |  in |    1|   ap_fifo  |     result_c_V    |    pointer   |
|result_c_V_read            | out |    1|   ap_fifo  |     result_c_V    |    pointer   |
|result_r_V_dout            |  in |   32|   ap_fifo  |     result_r_V    |    pointer   |
|result_r_V_empty_n         |  in |    1|   ap_fifo  |     result_r_V    |    pointer   |
|result_r_V_read            | out |    1|   ap_fifo  |     result_r_V    |    pointer   |
|result_n_V_dout            |  in |   32|   ap_fifo  |     result_n_V    |    pointer   |
|result_n_V_empty_n         |  in |    1|   ap_fifo  |     result_n_V    |    pointer   |
|result_n_V_read            | out |    1|   ap_fifo  |     result_n_V    |    pointer   |
|cntl_V_din                 | out |    1|   ap_fifo  |       cntl_V      |    pointer   |
|cntl_V_full_n              |  in |    1|   ap_fifo  |       cntl_V      |    pointer   |
|cntl_V_write               | out |    1|   ap_fifo  |       cntl_V      |    pointer   |
+---------------------------+-----+-----+------------+-------------------+--------------+

