

================================================================
== Vivado HLS Report for 'output_result_2'
================================================================
* Date:           Sun Apr 28 16:02:08 2019

* Version:        2018.3 (Build 2405991 on Thu Dec 06 23:56:15 MST 2018)
* Project:        mobile_net_hls_v1
* Solution:       solution1
* Product family: zynquplus
* Target device:  xczu9eg-ffvb1156-2-i


================================================================
== Performance Estimates
================================================================
+ Timing (ns): 
    * Summary: 
    +--------+-------+----------+------------+
    |  Clock | Target| Estimated| Uncertainty|
    +--------+-------+----------+------------+
    |ap_clk  |   4.20|     3.675|        0.52|
    +--------+-------+----------+------------+

+ Latency (clock cycles): 
    * Summary: 
    +-----+-----+-----+-----+---------+
    |  Latency  |  Interval | Pipeline|
    | min | max | min | max |   Type  |
    +-----+-----+-----+-----+---------+
    |    ?|    ?|    ?|    ?|   none  |
    +-----+-----+-----+-----+---------+

    + Detail: 
        * Instance: 
        N/A

        * Loop: 
        +---------------------+-----+-----+----------+-----------+-----------+--------+----------+
        |                     |  Latency  | Iteration|  Initiation Interval  |  Trip  |          |
        |      Loop Name      | min | max |  Latency |  achieved |   target  |  Count | Pipelined|
        +---------------------+-----+-----+----------+-----------+-----------+--------+----------+
        |- Loop 1             |    ?|    ?|         ?|          -|          -|       ?|    no    |
        | + Loop 1.1          |    ?|    ?|         1|          -|          -|       ?|    no    |
        | + Loop 1.2          |    ?|    ?|         ?|          -|          -| 2 ~ 32 |    no    |
        |  ++ Loop 1.2.1      |    ?|    ?|         ?|          -|          -|  1 ~ 8 |    no    |
        |   +++ Loop 1.2.1.1  |    ?|    ?|         2|          1|          1|       ?|    yes   |
        +---------------------+-----+-----+----------+-----------+-----------+--------+----------+



================================================================
== Utilization Estimates
================================================================
* Summary: 
+-----------------+---------+-------+--------+--------+-----+
|       Name      | BRAM_18K| DSP48E|   FF   |   LUT  | URAM|
+-----------------+---------+-------+--------+--------+-----+
|DSP              |        -|      -|       -|       -|    -|
|Expression       |        -|      -|       0|     619|    -|
|FIFO             |        -|      -|       -|       -|    -|
|Instance         |        -|      -|       -|       -|    -|
|Memory           |        -|      -|       -|       -|    -|
|Multiplexer      |        -|      -|       -|     285|    -|
|Register         |        -|      -|     435|       -|    -|
+-----------------+---------+-------+--------+--------+-----+
|Total            |        0|      0|     435|     904|    0|
+-----------------+---------+-------+--------+--------+-----+
|Available        |     1824|   2520|  548160|  274080|    0|
+-----------------+---------+-------+--------+--------+-----+
|Utilization (%)  |        0|      0|   ~0   |   ~0   |    0|
+-----------------+---------+-------+--------+--------+-----+

+ Detail: 
    * Instance: 
    N/A

    * DSP48: 
    N/A

    * Memory: 
    N/A

    * FIFO: 
    N/A

    * Expression: 
    +---------------------------------+----------+-------+---+----+------------+------------+
    |          Variable Name          | Operation| DSP48E| FF| LUT| Bitwidth P0| Bitwidth P1|
    +---------------------------------+----------+-------+---+----+------------+------------+
    |base_addr_d1_8_fu_595_p2         |     +    |      0|  0|  39|          32|          13|
    |base_addr_d2_8_fu_680_p2         |     +    |      0|  0|  39|          32|           7|
    |base_addr_fu_524_p2              |     +    |      0|  0|  32|          32|          32|
    |i_fu_610_p2                      |     +    |      0|  0|  15|           5|           1|
    |sum_i_i_fu_580_p2                |     +    |      0|  0|  41|          34|          34|
    |tm_fu_538_p2                     |     +    |      0|  0|  15|           5|           1|
    |tmp1_i_i_fu_518_p2               |     +    |      0|  0|  32|          32|          32|
    |tmp_i_i_fu_571_p2                |     +    |      0|  0|  40|          33|          33|
    |tr_divS_fu_561_p2                |     +    |      0|  0|  15|           5|           1|
    |tmp_136_i_i_i_fu_470_p2          |     -    |      0|  0|  39|           7|          32|
    |tmp_138_i_i_i_fu_489_p2          |     -    |      0|  0|  39|           8|          32|
    |tmp_i_i_i_fu_451_p2              |     -    |      0|  0|  39|           7|          32|
    |ap_block_pp0_stage0_11001        |    and   |      0|  0|   2|           1|           1|
    |ap_block_state5                  |    and   |      0|  0|   2|           1|           1|
    |ap_block_state9_io               |    and   |      0|  0|   2|           1|           1|
    |ap_condition_323                 |    and   |      0|  0|   2|           1|           1|
    |ap_condition_837                 |    and   |      0|  0|   2|           1|           1|
    |ap_predicate_op109_write_state5  |    and   |      0|  0|   2|           1|           1|
    |tmp_135_i_i_i_fu_456_p2          |   icmp   |      0|  0|  20|          32|           5|
    |tmp_137_i_i_i_fu_475_p2          |   icmp   |      0|  0|  20|          32|           5|
    |tmp_139_i_i_i_fu_494_p2          |   icmp   |      0|  0|  20|          32|           5|
    |tmp_143_i_i_i_fu_533_p2          |   icmp   |      0|  0|  20|          32|          32|
    |tmp_146_i_i_i_fu_556_p2          |   icmp   |      0|  0|  20|          32|          32|
    |tmp_150_i_i_i_fu_605_p2          |   icmp   |      0|  0|  20|          32|          32|
    |ap_block_state1                  |    or    |      0|  0|   2|           1|           1|
    |cLoops_fu_462_p3                 |  select  |      0|  0|  32|           1|           5|
    |mLoops_fu_500_p3                 |  select  |      0|  0|  32|           1|           5|
    |rLoops_fu_481_p3                 |  select  |      0|  0|  32|           1|           5|
    |ap_enable_pp0                    |    xor   |      0|  0|   2|           1|           2|
    |ap_enable_reg_pp0_iter1          |    xor   |      0|  0|   2|           2|           1|
    +---------------------------------+----------+-------+---+----+------------+------------+
    |Total                            |          |      0|  0| 619|         437|         386|
    +---------------------------------+----------+-------+---+----+------------+------------+

    * Multiplexer: 
    +----------------------------------------------+----+-----------+-----+-----------+
    |                     Name                     | LUT| Input Size| Bits| Total Bits|
    +----------------------------------------------+----+-----------+-----+-----------+
    |ap_NS_fsm                                     |  59|         14|    1|         14|
    |ap_done                                       |   9|          2|    1|          2|
    |ap_enable_reg_pp0_iter1                       |  15|          3|    1|          3|
    |ap_phi_reg_pp0_iter1_tmp_90_load_i_i_reg_393  |  85|         17|   16|        272|
    |ap_sig_ioackin_m_axi_outputs_AWREADY          |   9|          2|    1|          2|
    |ap_sig_ioackin_m_axi_outputs_WREADY           |   9|          2|    1|          2|
    |base_addr_d2_0_i_i_i_reg_360                  |   9|          2|   32|         64|
    |base_addr_d2_reg_339                          |   9|          2|   32|         64|
    |cntl_V_blk_n                                  |   9|          2|    1|          2|
    |i_0_i_i_i_i_reg_382                           |   9|          2|    5|         10|
    |outputs_blk_n_AW                              |   9|          2|    1|          2|
    |outputs_blk_n_B                               |   9|          2|    1|          2|
    |outputs_blk_n_W                               |   9|          2|    1|          2|
    |outputs_offset_blk_n                          |   9|          2|    1|          2|
    |outputs_offset_c_blk_n                        |   9|          2|    1|          2|
    |tm_0_i_i_i_i_reg_349                          |   9|          2|    5|         10|
    |tr_divS_0_i_i_i_i_reg_371                     |   9|          2|    5|         10|
    +----------------------------------------------+----+-----------+-----+-----------+
    |Total                                         | 285|         62|  106|        465|
    +----------------------------------------------+----+-----------+-----+-----------+

    * Register: 
    +----------------------------------------------+----+----+-----+-----------+
    |                     Name                     | FF | LUT| Bits| Const Bits|
    +----------------------------------------------+----+----+-----+-----------+
    |ap_CS_fsm                                     |  13|   0|   13|          0|
    |ap_done_reg                                   |   1|   0|    1|          0|
    |ap_enable_reg_pp0_iter0                       |   1|   0|    1|          0|
    |ap_enable_reg_pp0_iter1                       |   1|   0|    1|          0|
    |ap_phi_reg_pp0_iter1_tmp_90_load_i_i_reg_393  |  16|   0|   16|          0|
    |ap_reg_ioackin_m_axi_outputs_AWREADY          |   1|   0|    1|          0|
    |ap_reg_ioackin_m_axi_outputs_WREADY           |   1|   0|    1|          0|
    |base_addr_d2_0_i_i_i_reg_360                  |  32|   0|   32|          0|
    |base_addr_d2_8_reg_861                        |  32|   0|   32|          0|
    |base_addr_d2_reg_339                          |  32|   0|   32|          0|
    |cLoops_reg_717                                |  32|   0|   32|          0|
    |i_0_i_i_i_i_reg_382                           |   5|   0|    5|          0|
    |mLoops_reg_728                                |  32|   0|   32|          0|
    |outputs_addr_reg_761                          |  32|   0|   32|          0|
    |outputs_offset_cast_s_reg_686                 |  20|   0|   33|         13|
    |rLoops_reg_723                                |  32|   0|   32|          0|
    |sext_cast_i_i_reg_691                         |  31|   0|   34|          3|
    |tm_0_i_i_i_i_reg_349                          |   5|   0|    5|          0|
    |tm_reg_741                                    |   5|   0|    5|          0|
    |tmp_150_i_i_i_reg_772                         |   1|   0|    1|          0|
    |tmp_184_reg_746                               |   4|   0|    4|          0|
    |tmp_202_reg_699                               |  32|   0|   32|          0|
    |tmp_203_reg_705                               |  32|   0|   32|          0|
    |tmp_204_reg_711                               |  32|   0|   32|          0|
    |tr_divS_0_i_i_i_i_reg_371                     |   5|   0|    5|          0|
    |tr_divS_reg_756                               |   5|   0|    5|          0|
    +----------------------------------------------+----+----+-----+-----------+
    |Total                                         | 435|   0|  451|         16|
    +----------------------------------------------+----+----+-----+-----------+



================================================================
== Interface
================================================================
* Summary: 
+--------------------------+-----+-----+------------+------------------+--------------+
|         RTL Ports        | Dir | Bits|  Protocol  |   Source Object  |    C Type    |
+--------------------------+-----+-----+------------+------------------+--------------+
|ap_clk                    |  in |    1| ap_ctrl_hs |  output_result.2 | return value |
|ap_rst                    |  in |    1| ap_ctrl_hs |  output_result.2 | return value |
|ap_start                  |  in |    1| ap_ctrl_hs |  output_result.2 | return value |
|ap_done                   | out |    1| ap_ctrl_hs |  output_result.2 | return value |
|ap_continue               |  in |    1| ap_ctrl_hs |  output_result.2 | return value |
|ap_idle                   | out |    1| ap_ctrl_hs |  output_result.2 | return value |
|ap_ready                  | out |    1| ap_ctrl_hs |  output_result.2 | return value |
|m_axi_outputs_AWVALID     | out |    1|    m_axi   |      outputs     |    pointer   |
|m_axi_outputs_AWREADY     |  in |    1|    m_axi   |      outputs     |    pointer   |
|m_axi_outputs_AWADDR      | out |   32|    m_axi   |      outputs     |    pointer   |
|m_axi_outputs_AWID        | out |    1|    m_axi   |      outputs     |    pointer   |
|m_axi_outputs_AWLEN       | out |   32|    m_axi   |      outputs     |    pointer   |
|m_axi_outputs_AWSIZE      | out |    3|    m_axi   |      outputs     |    pointer   |
|m_axi_outputs_AWBURST     | out |    2|    m_axi   |      outputs     |    pointer   |
|m_axi_outputs_AWLOCK      | out |    2|    m_axi   |      outputs     |    pointer   |
|m_axi_outputs_AWCACHE     | out |    4|    m_axi   |      outputs     |    pointer   |
|m_axi_outputs_AWPROT      | out |    3|    m_axi   |      outputs     |    pointer   |
|m_axi_outputs_AWQOS       | out |    4|    m_axi   |      outputs     |    pointer   |
|m_axi_outputs_AWREGION    | out |    4|    m_axi   |      outputs     |    pointer   |
|m_axi_outputs_AWUSER      | out |    1|    m_axi   |      outputs     |    pointer   |
|m_axi_outputs_WVALID      | out |    1|    m_axi   |      outputs     |    pointer   |
|m_axi_outputs_WREADY      |  in |    1|    m_axi   |      outputs     |    pointer   |
|m_axi_outputs_WDATA       | out |   16|    m_axi   |      outputs     |    pointer   |
|m_axi_outputs_WSTRB       | out |    2|    m_axi   |      outputs     |    pointer   |
|m_axi_outputs_WLAST       | out |    1|    m_axi   |      outputs     |    pointer   |
|m_axi_outputs_WID         | out |    1|    m_axi   |      outputs     |    pointer   |
|m_axi_outputs_WUSER       | out |    1|    m_axi   |      outputs     |    pointer   |
|m_axi_outputs_ARVALID     | out |    1|    m_axi   |      outputs     |    pointer   |
|m_axi_outputs_ARREADY     |  in |    1|    m_axi   |      outputs     |    pointer   |
|m_axi_outputs_ARADDR      | out |   32|    m_axi   |      outputs     |    pointer   |
|m_axi_outputs_ARID        | out |    1|    m_axi   |      outputs     |    pointer   |
|m_axi_outputs_ARLEN       | out |   32|    m_axi   |      outputs     |    pointer   |
|m_axi_outputs_ARSIZE      | out |    3|    m_axi   |      outputs     |    pointer   |
|m_axi_outputs_ARBURST     | out |    2|    m_axi   |      outputs     |    pointer   |
|m_axi_outputs_ARLOCK      | out |    2|    m_axi   |      outputs     |    pointer   |
|m_axi_outputs_ARCACHE     | out |    4|    m_axi   |      outputs     |    pointer   |
|m_axi_outputs_ARPROT      | out |    3|    m_axi   |      outputs     |    pointer   |
|m_axi_outputs_ARQOS       | out |    4|    m_axi   |      outputs     |    pointer   |
|m_axi_outputs_ARREGION    | out |    4|    m_axi   |      outputs     |    pointer   |
|m_axi_outputs_ARUSER      | out |    1|    m_axi   |      outputs     |    pointer   |
|m_axi_outputs_RVALID      |  in |    1|    m_axi   |      outputs     |    pointer   |
|m_axi_outputs_RREADY      | out |    1|    m_axi   |      outputs     |    pointer   |
|m_axi_outputs_RDATA       |  in |   16|    m_axi   |      outputs     |    pointer   |
|m_axi_outputs_RLAST       |  in |    1|    m_axi   |      outputs     |    pointer   |
|m_axi_outputs_RID         |  in |    1|    m_axi   |      outputs     |    pointer   |
|m_axi_outputs_RUSER       |  in |    1|    m_axi   |      outputs     |    pointer   |
|m_axi_outputs_RRESP       |  in |    2|    m_axi   |      outputs     |    pointer   |
|m_axi_outputs_BVALID      |  in |    1|    m_axi   |      outputs     |    pointer   |
|m_axi_outputs_BREADY      | out |    1|    m_axi   |      outputs     |    pointer   |
|m_axi_outputs_BRESP       |  in |    2|    m_axi   |      outputs     |    pointer   |
|m_axi_outputs_BID         |  in |    1|    m_axi   |      outputs     |    pointer   |
|m_axi_outputs_BUSER       |  in |    1|    m_axi   |      outputs     |    pointer   |
|outputs_offset_dout       |  in |   31|   ap_fifo  |  outputs_offset  |    pointer   |
|outputs_offset_empty_n    |  in |    1|   ap_fifo  |  outputs_offset  |    pointer   |
|outputs_offset_read       | out |    1|   ap_fifo  |  outputs_offset  |    pointer   |
|outputs_offset_c_dout     |  in |   20|   ap_fifo  | outputs_offset_c |    pointer   |
|outputs_offset_c_empty_n  |  in |    1|   ap_fifo  | outputs_offset_c |    pointer   |
|outputs_offset_c_read     | out |    1|   ap_fifo  | outputs_offset_c |    pointer   |
|output_buffer_0_dout      |  in |   16|   ap_fifo  |  output_buffer_0 |    pointer   |
|output_buffer_0_empty_n   |  in |    1|   ap_fifo  |  output_buffer_0 |    pointer   |
|output_buffer_0_read      | out |    1|   ap_fifo  |  output_buffer_0 |    pointer   |
|output_buffer_1_dout      |  in |   16|   ap_fifo  |  output_buffer_1 |    pointer   |
|output_buffer_1_empty_n   |  in |    1|   ap_fifo  |  output_buffer_1 |    pointer   |
|output_buffer_1_read      | out |    1|   ap_fifo  |  output_buffer_1 |    pointer   |
|output_buffer_2_dout      |  in |   16|   ap_fifo  |  output_buffer_2 |    pointer   |
|output_buffer_2_empty_n   |  in |    1|   ap_fifo  |  output_buffer_2 |    pointer   |
|output_buffer_2_read      | out |    1|   ap_fifo  |  output_buffer_2 |    pointer   |
|output_buffer_3_dout      |  in |   16|   ap_fifo  |  output_buffer_3 |    pointer   |
|output_buffer_3_empty_n   |  in |    1|   ap_fifo  |  output_buffer_3 |    pointer   |
|output_buffer_3_read      | out |    1|   ap_fifo  |  output_buffer_3 |    pointer   |
|output_buffer_4_dout      |  in |   16|   ap_fifo  |  output_buffer_4 |    pointer   |
|output_buffer_4_empty_n   |  in |    1|   ap_fifo  |  output_buffer_4 |    pointer   |
|output_buffer_4_read      | out |    1|   ap_fifo  |  output_buffer_4 |    pointer   |
|output_buffer_5_dout      |  in |   16|   ap_fifo  |  output_buffer_5 |    pointer   |
|output_buffer_5_empty_n   |  in |    1|   ap_fifo  |  output_buffer_5 |    pointer   |
|output_buffer_5_read      | out |    1|   ap_fifo  |  output_buffer_5 |    pointer   |
|output_buffer_6_dout      |  in |   16|   ap_fifo  |  output_buffer_6 |    pointer   |
|output_buffer_6_empty_n   |  in |    1|   ap_fifo  |  output_buffer_6 |    pointer   |
|output_buffer_6_read      | out |    1|   ap_fifo  |  output_buffer_6 |    pointer   |
|output_buffer_7_dout      |  in |   16|   ap_fifo  |  output_buffer_7 |    pointer   |
|output_buffer_7_empty_n   |  in |    1|   ap_fifo  |  output_buffer_7 |    pointer   |
|output_buffer_7_read      | out |    1|   ap_fifo  |  output_buffer_7 |    pointer   |
|output_buffer_8_dout      |  in |   16|   ap_fifo  |  output_buffer_8 |    pointer   |
|output_buffer_8_empty_n   |  in |    1|   ap_fifo  |  output_buffer_8 |    pointer   |
|output_buffer_8_read      | out |    1|   ap_fifo  |  output_buffer_8 |    pointer   |
|output_buffer_9_dout      |  in |   16|   ap_fifo  |  output_buffer_9 |    pointer   |
|output_buffer_9_empty_n   |  in |    1|   ap_fifo  |  output_buffer_9 |    pointer   |
|output_buffer_9_read      | out |    1|   ap_fifo  |  output_buffer_9 |    pointer   |
|output_buffer_10_dout     |  in |   16|   ap_fifo  | output_buffer_10 |    pointer   |
|output_buffer_10_empty_n  |  in |    1|   ap_fifo  | output_buffer_10 |    pointer   |
|output_buffer_10_read     | out |    1|   ap_fifo  | output_buffer_10 |    pointer   |
|output_buffer_11_dout     |  in |   16|   ap_fifo  | output_buffer_11 |    pointer   |
|output_buffer_11_empty_n  |  in |    1|   ap_fifo  | output_buffer_11 |    pointer   |
|output_buffer_11_read     | out |    1|   ap_fifo  | output_buffer_11 |    pointer   |
|output_buffer_12_dout     |  in |   16|   ap_fifo  | output_buffer_12 |    pointer   |
|output_buffer_12_empty_n  |  in |    1|   ap_fifo  | output_buffer_12 |    pointer   |
|output_buffer_12_read     | out |    1|   ap_fifo  | output_buffer_12 |    pointer   |
|output_buffer_13_dout     |  in |   16|   ap_fifo  | output_buffer_13 |    pointer   |
|output_buffer_13_empty_n  |  in |    1|   ap_fifo  | output_buffer_13 |    pointer   |
|output_buffer_13_read     | out |    1|   ap_fifo  | output_buffer_13 |    pointer   |
|output_buffer_14_dout     |  in |   16|   ap_fifo  | output_buffer_14 |    pointer   |
|output_buffer_14_empty_n  |  in |    1|   ap_fifo  | output_buffer_14 |    pointer   |
|output_buffer_14_read     | out |    1|   ap_fifo  | output_buffer_14 |    pointer   |
|output_buffer_15_dout     |  in |   16|   ap_fifo  | output_buffer_15 |    pointer   |
|output_buffer_15_empty_n  |  in |    1|   ap_fifo  | output_buffer_15 |    pointer   |
|output_buffer_15_read     | out |    1|   ap_fifo  | output_buffer_15 |    pointer   |
|result_buffer_V_dout      |  in |    1|   ap_fifo  |  result_buffer_V |    pointer   |
|result_buffer_V_empty_n   |  in |    1|   ap_fifo  |  result_buffer_V |    pointer   |
|result_buffer_V_read      | out |    1|   ap_fifo  |  result_buffer_V |    pointer   |
|result_c_V_dout           |  in |   32|   ap_fifo  |    result_c_V    |    pointer   |
|result_c_V_empty_n        |  in |    1|   ap_fifo  |    result_c_V    |    pointer   |
|result_c_V_read           | out |    1|   ap_fifo  |    result_c_V    |    pointer   |
|result_r_V_dout           |  in |   32|   ap_fifo  |    result_r_V    |    pointer   |
|result_r_V_empty_n        |  in |    1|   ap_fifo  |    result_r_V    |    pointer   |
|result_r_V_read           | out |    1|   ap_fifo  |    result_r_V    |    pointer   |
|result_m_V_dout           |  in |   32|   ap_fifo  |    result_m_V    |    pointer   |
|result_m_V_empty_n        |  in |    1|   ap_fifo  |    result_m_V    |    pointer   |
|result_m_V_read           | out |    1|   ap_fifo  |    result_m_V    |    pointer   |
|result_n_V_dout           |  in |   32|   ap_fifo  |    result_n_V    |    pointer   |
|result_n_V_empty_n        |  in |    1|   ap_fifo  |    result_n_V    |    pointer   |
|result_n_V_read           | out |    1|   ap_fifo  |    result_n_V    |    pointer   |
|cntl_V_din                | out |    1|   ap_fifo  |      cntl_V      |    pointer   |
|cntl_V_full_n             |  in |    1|   ap_fifo  |      cntl_V      |    pointer   |
|cntl_V_write              | out |    1|   ap_fifo  |      cntl_V      |    pointer   |
+--------------------------+-----+-----+------------+------------------+--------------+

