

================================================================
== Vivado HLS Report for 'apply_4'
================================================================
* Date:           Sun Apr 28 15:49:15 2019

* Version:        2018.3 (Build 2405991 on Thu Dec 06 23:56:15 MST 2018)
* Project:        mobile_net_hls_v1
* Solution:       solution1
* Product family: zynquplus
* Target device:  xczu9eg-ffvb1156-2-i


================================================================
== Performance Estimates
================================================================
+ Timing (ns): 
    * Summary: 
    +--------+-------+----------+------------+
    |  Clock | Target| Estimated| Uncertainty|
    +--------+-------+----------+------------+
    |ap_clk  |   4.20|     3.675|        0.52|
    +--------+-------+----------+------------+

+ Latency (clock cycles): 
    * Summary: 
    +-----+-----+-----+-----+----------+
    |  Latency  |  Interval | Pipeline |
    | min | max | min | max |   Type   |
    +-----+-----+-----+-----+----------+
    |    ?|    ?|    ?|    ?| dataflow |
    +-----+-----+-----+-----+----------+

    + Detail: 
        * Instance: 
        N/A

        * Loop: 
        N/A

============================================================
+ Verbose Summary: Synthesis Manager
============================================================
InlineROM: 1
ExposeGlobal: 0
============================================================
+ Verbose Summary: CDFG Model
============================================================
IsTopModel: 0
ResetActiveHigh: 1
IsCombinational: 2
IsDatapathOnly: 0
HasWiredReturn: 1
HasMFsm: 0
HasVarLatency: 1
IsPipeline: 0
IsRtlPipelined: 0
IsInstanceOverlapped: 0
IsDontTouch: 0
HasImplIP: 0
IsGatedGlobalClock: 0


============================================================
+ Verbose Summary: Schedule
============================================================
* Number of FSM states : 6
* Pipeline : 0
* Dataflow Pipeline: 1
  DF-Pipeline-0: Size = 6, States = { 1 2 3 4 5 6 }

* FSM state transitions: 
1 --> 
	2  / true
2 --> 
	3  / true
3 --> 
	4  / true
4 --> 
	5  / true
5 --> 
	6  / true
6 --> 

* FSM state operations: 

State 1 <SV = 0> <Delay = 1.83>
ST_1 : Operation 7 [1/1] (0.00ns)   --->   "%outputs_offset_read = call i31 @_ssdm_op_Read.ap_auto.i31(i31 %outputs_offset)"   --->   Operation 7 'read' 'outputs_offset_read' <Predicate = true> <Delay = 0.00>
ST_1 : Operation 8 [1/1] (0.00ns)   --->   "%betas_offset_read = call i31 @_ssdm_op_Read.ap_auto.i31(i31 %betas_offset)"   --->   Operation 8 'read' 'betas_offset_read' <Predicate = true> <Delay = 0.00>
ST_1 : Operation 9 [1/1] (0.00ns)   --->   "%weights_offset_read = call i31 @_ssdm_op_Read.ap_auto.i31(i31 %weights_offset)"   --->   Operation 9 'read' 'weights_offset_read' <Predicate = true> <Delay = 0.00>
ST_1 : Operation 10 [1/1] (0.00ns)   --->   "%inputs_offset_read = call i31 @_ssdm_op_Read.ap_auto.i31(i31 %inputs_offset)"   --->   Operation 10 'read' 'inputs_offset_read' <Predicate = true> <Delay = 0.00>
ST_1 : Operation 11 [1/1] (0.00ns)   --->   "%outputs_offset_c = alloca i31, align 4"   --->   Operation 11 'alloca' 'outputs_offset_c' <Predicate = true> <Delay = 0.00> <Core = "FIFO">   --->   Core 32 'FIFO' <Latency = 0> <II = 1> <Delay = 2.02> <Storage> <Opcode : 'read' 'write' 'nbread' 'nbwrite'> <Ports = 0> <Width = 31> <Depth = 15> <FIFO>
ST_1 : Operation 12 [1/1] (0.00ns)   --->   "%input_buffer_V = alloca half, align 2" [mobile_net_hls_v1/conv.hpp:586]   --->   Operation 12 'alloca' 'input_buffer_V' <Predicate = true> <Delay = 0.00> <Core = "FIFO_BRAM">   --->   Core 34 'FIFO_BRAM' <Latency = 0> <II = 1> <Delay = 1.63> <Storage> <Opcode : 'read' 'write' 'nbread' 'nbwrite'> <Ports = 0> <Width = 16> <Depth = 0> <FIFO>
ST_1 : Operation 13 [1/1] (0.00ns)   --->   "%weight_buffer_0 = alloca half, align 2"   --->   Operation 13 'alloca' 'weight_buffer_0' <Predicate = true> <Delay = 0.00> <Core = "FIFO_BRAM">   --->   Core 34 'FIFO_BRAM' <Latency = 0> <II = 1> <Delay = 1.63> <Storage> <Opcode : 'read' 'write' 'nbread' 'nbwrite'> <Ports = 0> <Width = 16> <Depth = 0> <FIFO>
ST_1 : Operation 14 [1/1] (0.00ns)   --->   "%weight_buffer_1 = alloca half, align 2"   --->   Operation 14 'alloca' 'weight_buffer_1' <Predicate = true> <Delay = 0.00> <Core = "FIFO_BRAM">   --->   Core 34 'FIFO_BRAM' <Latency = 0> <II = 1> <Delay = 1.63> <Storage> <Opcode : 'read' 'write' 'nbread' 'nbwrite'> <Ports = 0> <Width = 16> <Depth = 0> <FIFO>
ST_1 : Operation 15 [1/1] (0.00ns)   --->   "%weight_buffer_2 = alloca half, align 2"   --->   Operation 15 'alloca' 'weight_buffer_2' <Predicate = true> <Delay = 0.00> <Core = "FIFO_BRAM">   --->   Core 34 'FIFO_BRAM' <Latency = 0> <II = 1> <Delay = 1.63> <Storage> <Opcode : 'read' 'write' 'nbread' 'nbwrite'> <Ports = 0> <Width = 16> <Depth = 0> <FIFO>
ST_1 : Operation 16 [1/1] (0.00ns)   --->   "%weight_buffer_3 = alloca half, align 2"   --->   Operation 16 'alloca' 'weight_buffer_3' <Predicate = true> <Delay = 0.00> <Core = "FIFO_BRAM">   --->   Core 34 'FIFO_BRAM' <Latency = 0> <II = 1> <Delay = 1.63> <Storage> <Opcode : 'read' 'write' 'nbread' 'nbwrite'> <Ports = 0> <Width = 16> <Depth = 0> <FIFO>
ST_1 : Operation 17 [1/1] (0.00ns)   --->   "%weight_buffer_4 = alloca half, align 2"   --->   Operation 17 'alloca' 'weight_buffer_4' <Predicate = true> <Delay = 0.00> <Core = "FIFO_BRAM">   --->   Core 34 'FIFO_BRAM' <Latency = 0> <II = 1> <Delay = 1.63> <Storage> <Opcode : 'read' 'write' 'nbread' 'nbwrite'> <Ports = 0> <Width = 16> <Depth = 0> <FIFO>
ST_1 : Operation 18 [1/1] (0.00ns)   --->   "%weight_buffer_5 = alloca half, align 2"   --->   Operation 18 'alloca' 'weight_buffer_5' <Predicate = true> <Delay = 0.00> <Core = "FIFO_BRAM">   --->   Core 34 'FIFO_BRAM' <Latency = 0> <II = 1> <Delay = 1.63> <Storage> <Opcode : 'read' 'write' 'nbread' 'nbwrite'> <Ports = 0> <Width = 16> <Depth = 0> <FIFO>
ST_1 : Operation 19 [1/1] (0.00ns)   --->   "%weight_buffer_6 = alloca half, align 2"   --->   Operation 19 'alloca' 'weight_buffer_6' <Predicate = true> <Delay = 0.00> <Core = "FIFO_BRAM">   --->   Core 34 'FIFO_BRAM' <Latency = 0> <II = 1> <Delay = 1.63> <Storage> <Opcode : 'read' 'write' 'nbread' 'nbwrite'> <Ports = 0> <Width = 16> <Depth = 0> <FIFO>
ST_1 : Operation 20 [1/1] (0.00ns)   --->   "%weight_buffer_7 = alloca half, align 2"   --->   Operation 20 'alloca' 'weight_buffer_7' <Predicate = true> <Delay = 0.00> <Core = "FIFO_BRAM">   --->   Core 34 'FIFO_BRAM' <Latency = 0> <II = 1> <Delay = 1.63> <Storage> <Opcode : 'read' 'write' 'nbread' 'nbwrite'> <Ports = 0> <Width = 16> <Depth = 0> <FIFO>
ST_1 : Operation 21 [1/1] (0.00ns)   --->   "%weight_buffer_8 = alloca half, align 2"   --->   Operation 21 'alloca' 'weight_buffer_8' <Predicate = true> <Delay = 0.00> <Core = "FIFO_BRAM">   --->   Core 34 'FIFO_BRAM' <Latency = 0> <II = 1> <Delay = 1.63> <Storage> <Opcode : 'read' 'write' 'nbread' 'nbwrite'> <Ports = 0> <Width = 16> <Depth = 0> <FIFO>
ST_1 : Operation 22 [1/1] (0.00ns)   --->   "%weight_buffer_9 = alloca half, align 2"   --->   Operation 22 'alloca' 'weight_buffer_9' <Predicate = true> <Delay = 0.00> <Core = "FIFO_BRAM">   --->   Core 34 'FIFO_BRAM' <Latency = 0> <II = 1> <Delay = 1.63> <Storage> <Opcode : 'read' 'write' 'nbread' 'nbwrite'> <Ports = 0> <Width = 16> <Depth = 0> <FIFO>
ST_1 : Operation 23 [1/1] (0.00ns)   --->   "%weight_buffer_10 = alloca half, align 2"   --->   Operation 23 'alloca' 'weight_buffer_10' <Predicate = true> <Delay = 0.00> <Core = "FIFO_BRAM">   --->   Core 34 'FIFO_BRAM' <Latency = 0> <II = 1> <Delay = 1.63> <Storage> <Opcode : 'read' 'write' 'nbread' 'nbwrite'> <Ports = 0> <Width = 16> <Depth = 0> <FIFO>
ST_1 : Operation 24 [1/1] (0.00ns)   --->   "%weight_buffer_11 = alloca half, align 2"   --->   Operation 24 'alloca' 'weight_buffer_11' <Predicate = true> <Delay = 0.00> <Core = "FIFO_BRAM">   --->   Core 34 'FIFO_BRAM' <Latency = 0> <II = 1> <Delay = 1.63> <Storage> <Opcode : 'read' 'write' 'nbread' 'nbwrite'> <Ports = 0> <Width = 16> <Depth = 0> <FIFO>
ST_1 : Operation 25 [1/1] (0.00ns)   --->   "%weight_buffer_12 = alloca half, align 2"   --->   Operation 25 'alloca' 'weight_buffer_12' <Predicate = true> <Delay = 0.00> <Core = "FIFO_BRAM">   --->   Core 34 'FIFO_BRAM' <Latency = 0> <II = 1> <Delay = 1.63> <Storage> <Opcode : 'read' 'write' 'nbread' 'nbwrite'> <Ports = 0> <Width = 16> <Depth = 0> <FIFO>
ST_1 : Operation 26 [1/1] (0.00ns)   --->   "%weight_buffer_13 = alloca half, align 2"   --->   Operation 26 'alloca' 'weight_buffer_13' <Predicate = true> <Delay = 0.00> <Core = "FIFO_BRAM">   --->   Core 34 'FIFO_BRAM' <Latency = 0> <II = 1> <Delay = 1.63> <Storage> <Opcode : 'read' 'write' 'nbread' 'nbwrite'> <Ports = 0> <Width = 16> <Depth = 0> <FIFO>
ST_1 : Operation 27 [1/1] (0.00ns)   --->   "%weight_buffer_14 = alloca half, align 2"   --->   Operation 27 'alloca' 'weight_buffer_14' <Predicate = true> <Delay = 0.00> <Core = "FIFO_BRAM">   --->   Core 34 'FIFO_BRAM' <Latency = 0> <II = 1> <Delay = 1.63> <Storage> <Opcode : 'read' 'write' 'nbread' 'nbwrite'> <Ports = 0> <Width = 16> <Depth = 0> <FIFO>
ST_1 : Operation 28 [1/1] (0.00ns)   --->   "%weight_buffer_15 = alloca half, align 2"   --->   Operation 28 'alloca' 'weight_buffer_15' <Predicate = true> <Delay = 0.00> <Core = "FIFO_BRAM">   --->   Core 34 'FIFO_BRAM' <Latency = 0> <II = 1> <Delay = 1.63> <Storage> <Opcode : 'read' 'write' 'nbread' 'nbwrite'> <Ports = 0> <Width = 16> <Depth = 0> <FIFO>
ST_1 : Operation 29 [1/1] (0.00ns)   --->   "%beta_buffer_0 = alloca half, align 2"   --->   Operation 29 'alloca' 'beta_buffer_0' <Predicate = true> <Delay = 0.00> <Core = "FIFO">   --->   Core 32 'FIFO' <Latency = 0> <II = 1> <Delay = 2.02> <Storage> <Opcode : 'read' 'write' 'nbread' 'nbwrite'> <Ports = 0> <Width = 31> <Depth = 15> <FIFO>
ST_1 : Operation 30 [1/1] (0.00ns)   --->   "%beta_buffer_1 = alloca half, align 2"   --->   Operation 30 'alloca' 'beta_buffer_1' <Predicate = true> <Delay = 0.00> <Core = "FIFO">   --->   Core 32 'FIFO' <Latency = 0> <II = 1> <Delay = 2.02> <Storage> <Opcode : 'read' 'write' 'nbread' 'nbwrite'> <Ports = 0> <Width = 31> <Depth = 15> <FIFO>
ST_1 : Operation 31 [1/1] (0.00ns)   --->   "%beta_buffer_2 = alloca half, align 2"   --->   Operation 31 'alloca' 'beta_buffer_2' <Predicate = true> <Delay = 0.00> <Core = "FIFO">   --->   Core 32 'FIFO' <Latency = 0> <II = 1> <Delay = 2.02> <Storage> <Opcode : 'read' 'write' 'nbread' 'nbwrite'> <Ports = 0> <Width = 31> <Depth = 15> <FIFO>
ST_1 : Operation 32 [1/1] (0.00ns)   --->   "%beta_buffer_3 = alloca half, align 2"   --->   Operation 32 'alloca' 'beta_buffer_3' <Predicate = true> <Delay = 0.00> <Core = "FIFO">   --->   Core 32 'FIFO' <Latency = 0> <II = 1> <Delay = 2.02> <Storage> <Opcode : 'read' 'write' 'nbread' 'nbwrite'> <Ports = 0> <Width = 31> <Depth = 15> <FIFO>
ST_1 : Operation 33 [1/1] (0.00ns)   --->   "%beta_buffer_4 = alloca half, align 2"   --->   Operation 33 'alloca' 'beta_buffer_4' <Predicate = true> <Delay = 0.00> <Core = "FIFO">   --->   Core 32 'FIFO' <Latency = 0> <II = 1> <Delay = 2.02> <Storage> <Opcode : 'read' 'write' 'nbread' 'nbwrite'> <Ports = 0> <Width = 31> <Depth = 15> <FIFO>
ST_1 : Operation 34 [1/1] (0.00ns)   --->   "%beta_buffer_5 = alloca half, align 2"   --->   Operation 34 'alloca' 'beta_buffer_5' <Predicate = true> <Delay = 0.00> <Core = "FIFO">   --->   Core 32 'FIFO' <Latency = 0> <II = 1> <Delay = 2.02> <Storage> <Opcode : 'read' 'write' 'nbread' 'nbwrite'> <Ports = 0> <Width = 31> <Depth = 15> <FIFO>
ST_1 : Operation 35 [1/1] (0.00ns)   --->   "%beta_buffer_6 = alloca half, align 2"   --->   Operation 35 'alloca' 'beta_buffer_6' <Predicate = true> <Delay = 0.00> <Core = "FIFO">   --->   Core 32 'FIFO' <Latency = 0> <II = 1> <Delay = 2.02> <Storage> <Opcode : 'read' 'write' 'nbread' 'nbwrite'> <Ports = 0> <Width = 31> <Depth = 15> <FIFO>
ST_1 : Operation 36 [1/1] (0.00ns)   --->   "%beta_buffer_7 = alloca half, align 2"   --->   Operation 36 'alloca' 'beta_buffer_7' <Predicate = true> <Delay = 0.00> <Core = "FIFO">   --->   Core 32 'FIFO' <Latency = 0> <II = 1> <Delay = 2.02> <Storage> <Opcode : 'read' 'write' 'nbread' 'nbwrite'> <Ports = 0> <Width = 31> <Depth = 15> <FIFO>
ST_1 : Operation 37 [1/1] (0.00ns)   --->   "%beta_buffer_8 = alloca half, align 2"   --->   Operation 37 'alloca' 'beta_buffer_8' <Predicate = true> <Delay = 0.00> <Core = "FIFO">   --->   Core 32 'FIFO' <Latency = 0> <II = 1> <Delay = 2.02> <Storage> <Opcode : 'read' 'write' 'nbread' 'nbwrite'> <Ports = 0> <Width = 31> <Depth = 15> <FIFO>
ST_1 : Operation 38 [1/1] (0.00ns)   --->   "%beta_buffer_9 = alloca half, align 2"   --->   Operation 38 'alloca' 'beta_buffer_9' <Predicate = true> <Delay = 0.00> <Core = "FIFO">   --->   Core 32 'FIFO' <Latency = 0> <II = 1> <Delay = 2.02> <Storage> <Opcode : 'read' 'write' 'nbread' 'nbwrite'> <Ports = 0> <Width = 31> <Depth = 15> <FIFO>
ST_1 : Operation 39 [1/1] (0.00ns)   --->   "%beta_buffer_10 = alloca half, align 2"   --->   Operation 39 'alloca' 'beta_buffer_10' <Predicate = true> <Delay = 0.00> <Core = "FIFO">   --->   Core 32 'FIFO' <Latency = 0> <II = 1> <Delay = 2.02> <Storage> <Opcode : 'read' 'write' 'nbread' 'nbwrite'> <Ports = 0> <Width = 31> <Depth = 15> <FIFO>
ST_1 : Operation 40 [1/1] (0.00ns)   --->   "%beta_buffer_11 = alloca half, align 2"   --->   Operation 40 'alloca' 'beta_buffer_11' <Predicate = true> <Delay = 0.00> <Core = "FIFO">   --->   Core 32 'FIFO' <Latency = 0> <II = 1> <Delay = 2.02> <Storage> <Opcode : 'read' 'write' 'nbread' 'nbwrite'> <Ports = 0> <Width = 31> <Depth = 15> <FIFO>
ST_1 : Operation 41 [1/1] (0.00ns)   --->   "%beta_buffer_12 = alloca half, align 2"   --->   Operation 41 'alloca' 'beta_buffer_12' <Predicate = true> <Delay = 0.00> <Core = "FIFO">   --->   Core 32 'FIFO' <Latency = 0> <II = 1> <Delay = 2.02> <Storage> <Opcode : 'read' 'write' 'nbread' 'nbwrite'> <Ports = 0> <Width = 31> <Depth = 15> <FIFO>
ST_1 : Operation 42 [1/1] (0.00ns)   --->   "%beta_buffer_13 = alloca half, align 2"   --->   Operation 42 'alloca' 'beta_buffer_13' <Predicate = true> <Delay = 0.00> <Core = "FIFO">   --->   Core 32 'FIFO' <Latency = 0> <II = 1> <Delay = 2.02> <Storage> <Opcode : 'read' 'write' 'nbread' 'nbwrite'> <Ports = 0> <Width = 31> <Depth = 15> <FIFO>
ST_1 : Operation 43 [1/1] (0.00ns)   --->   "%beta_buffer_14 = alloca half, align 2"   --->   Operation 43 'alloca' 'beta_buffer_14' <Predicate = true> <Delay = 0.00> <Core = "FIFO">   --->   Core 32 'FIFO' <Latency = 0> <II = 1> <Delay = 2.02> <Storage> <Opcode : 'read' 'write' 'nbread' 'nbwrite'> <Ports = 0> <Width = 31> <Depth = 15> <FIFO>
ST_1 : Operation 44 [1/1] (0.00ns)   --->   "%beta_buffer_15 = alloca half, align 2"   --->   Operation 44 'alloca' 'beta_buffer_15' <Predicate = true> <Delay = 0.00> <Core = "FIFO">   --->   Core 32 'FIFO' <Latency = 0> <II = 1> <Delay = 2.02> <Storage> <Opcode : 'read' 'write' 'nbread' 'nbwrite'> <Ports = 0> <Width = 31> <Depth = 15> <FIFO>
ST_1 : Operation 45 [1/1] (0.00ns)   --->   "%output_buffer_0 = alloca half, align 2"   --->   Operation 45 'alloca' 'output_buffer_0' <Predicate = true> <Delay = 0.00> <Core = "FIFO_BRAM">   --->   Core 34 'FIFO_BRAM' <Latency = 0> <II = 1> <Delay = 1.63> <Storage> <Opcode : 'read' 'write' 'nbread' 'nbwrite'> <Ports = 0> <Width = 16> <Depth = 0> <FIFO>
ST_1 : Operation 46 [1/1] (0.00ns)   --->   "%output_buffer_1 = alloca half, align 2"   --->   Operation 46 'alloca' 'output_buffer_1' <Predicate = true> <Delay = 0.00> <Core = "FIFO_BRAM">   --->   Core 34 'FIFO_BRAM' <Latency = 0> <II = 1> <Delay = 1.63> <Storage> <Opcode : 'read' 'write' 'nbread' 'nbwrite'> <Ports = 0> <Width = 16> <Depth = 0> <FIFO>
ST_1 : Operation 47 [1/1] (0.00ns)   --->   "%output_buffer_2 = alloca half, align 2"   --->   Operation 47 'alloca' 'output_buffer_2' <Predicate = true> <Delay = 0.00> <Core = "FIFO_BRAM">   --->   Core 34 'FIFO_BRAM' <Latency = 0> <II = 1> <Delay = 1.63> <Storage> <Opcode : 'read' 'write' 'nbread' 'nbwrite'> <Ports = 0> <Width = 16> <Depth = 0> <FIFO>
ST_1 : Operation 48 [1/1] (0.00ns)   --->   "%output_buffer_3 = alloca half, align 2"   --->   Operation 48 'alloca' 'output_buffer_3' <Predicate = true> <Delay = 0.00> <Core = "FIFO_BRAM">   --->   Core 34 'FIFO_BRAM' <Latency = 0> <II = 1> <Delay = 1.63> <Storage> <Opcode : 'read' 'write' 'nbread' 'nbwrite'> <Ports = 0> <Width = 16> <Depth = 0> <FIFO>
ST_1 : Operation 49 [1/1] (0.00ns)   --->   "%output_buffer_4 = alloca half, align 2"   --->   Operation 49 'alloca' 'output_buffer_4' <Predicate = true> <Delay = 0.00> <Core = "FIFO_BRAM">   --->   Core 34 'FIFO_BRAM' <Latency = 0> <II = 1> <Delay = 1.63> <Storage> <Opcode : 'read' 'write' 'nbread' 'nbwrite'> <Ports = 0> <Width = 16> <Depth = 0> <FIFO>
ST_1 : Operation 50 [1/1] (0.00ns)   --->   "%output_buffer_5 = alloca half, align 2"   --->   Operation 50 'alloca' 'output_buffer_5' <Predicate = true> <Delay = 0.00> <Core = "FIFO_BRAM">   --->   Core 34 'FIFO_BRAM' <Latency = 0> <II = 1> <Delay = 1.63> <Storage> <Opcode : 'read' 'write' 'nbread' 'nbwrite'> <Ports = 0> <Width = 16> <Depth = 0> <FIFO>
ST_1 : Operation 51 [1/1] (0.00ns)   --->   "%output_buffer_6 = alloca half, align 2"   --->   Operation 51 'alloca' 'output_buffer_6' <Predicate = true> <Delay = 0.00> <Core = "FIFO_BRAM">   --->   Core 34 'FIFO_BRAM' <Latency = 0> <II = 1> <Delay = 1.63> <Storage> <Opcode : 'read' 'write' 'nbread' 'nbwrite'> <Ports = 0> <Width = 16> <Depth = 0> <FIFO>
ST_1 : Operation 52 [1/1] (0.00ns)   --->   "%output_buffer_7 = alloca half, align 2"   --->   Operation 52 'alloca' 'output_buffer_7' <Predicate = true> <Delay = 0.00> <Core = "FIFO_BRAM">   --->   Core 34 'FIFO_BRAM' <Latency = 0> <II = 1> <Delay = 1.63> <Storage> <Opcode : 'read' 'write' 'nbread' 'nbwrite'> <Ports = 0> <Width = 16> <Depth = 0> <FIFO>
ST_1 : Operation 53 [1/1] (0.00ns)   --->   "%output_buffer_8 = alloca half, align 2"   --->   Operation 53 'alloca' 'output_buffer_8' <Predicate = true> <Delay = 0.00> <Core = "FIFO_BRAM">   --->   Core 34 'FIFO_BRAM' <Latency = 0> <II = 1> <Delay = 1.63> <Storage> <Opcode : 'read' 'write' 'nbread' 'nbwrite'> <Ports = 0> <Width = 16> <Depth = 0> <FIFO>
ST_1 : Operation 54 [1/1] (0.00ns)   --->   "%output_buffer_9 = alloca half, align 2"   --->   Operation 54 'alloca' 'output_buffer_9' <Predicate = true> <Delay = 0.00> <Core = "FIFO_BRAM">   --->   Core 34 'FIFO_BRAM' <Latency = 0> <II = 1> <Delay = 1.63> <Storage> <Opcode : 'read' 'write' 'nbread' 'nbwrite'> <Ports = 0> <Width = 16> <Depth = 0> <FIFO>
ST_1 : Operation 55 [1/1] (0.00ns)   --->   "%output_buffer_10 = alloca half, align 2"   --->   Operation 55 'alloca' 'output_buffer_10' <Predicate = true> <Delay = 0.00> <Core = "FIFO_BRAM">   --->   Core 34 'FIFO_BRAM' <Latency = 0> <II = 1> <Delay = 1.63> <Storage> <Opcode : 'read' 'write' 'nbread' 'nbwrite'> <Ports = 0> <Width = 16> <Depth = 0> <FIFO>
ST_1 : Operation 56 [1/1] (0.00ns)   --->   "%output_buffer_11 = alloca half, align 2"   --->   Operation 56 'alloca' 'output_buffer_11' <Predicate = true> <Delay = 0.00> <Core = "FIFO_BRAM">   --->   Core 34 'FIFO_BRAM' <Latency = 0> <II = 1> <Delay = 1.63> <Storage> <Opcode : 'read' 'write' 'nbread' 'nbwrite'> <Ports = 0> <Width = 16> <Depth = 0> <FIFO>
ST_1 : Operation 57 [1/1] (0.00ns)   --->   "%output_buffer_12 = alloca half, align 2"   --->   Operation 57 'alloca' 'output_buffer_12' <Predicate = true> <Delay = 0.00> <Core = "FIFO_BRAM">   --->   Core 34 'FIFO_BRAM' <Latency = 0> <II = 1> <Delay = 1.63> <Storage> <Opcode : 'read' 'write' 'nbread' 'nbwrite'> <Ports = 0> <Width = 16> <Depth = 0> <FIFO>
ST_1 : Operation 58 [1/1] (0.00ns)   --->   "%output_buffer_13 = alloca half, align 2"   --->   Operation 58 'alloca' 'output_buffer_13' <Predicate = true> <Delay = 0.00> <Core = "FIFO_BRAM">   --->   Core 34 'FIFO_BRAM' <Latency = 0> <II = 1> <Delay = 1.63> <Storage> <Opcode : 'read' 'write' 'nbread' 'nbwrite'> <Ports = 0> <Width = 16> <Depth = 0> <FIFO>
ST_1 : Operation 59 [1/1] (0.00ns)   --->   "%output_buffer_14 = alloca half, align 2"   --->   Operation 59 'alloca' 'output_buffer_14' <Predicate = true> <Delay = 0.00> <Core = "FIFO_BRAM">   --->   Core 34 'FIFO_BRAM' <Latency = 0> <II = 1> <Delay = 1.63> <Storage> <Opcode : 'read' 'write' 'nbread' 'nbwrite'> <Ports = 0> <Width = 16> <Depth = 0> <FIFO>
ST_1 : Operation 60 [1/1] (0.00ns)   --->   "%output_buffer_15 = alloca half, align 2"   --->   Operation 60 'alloca' 'output_buffer_15' <Predicate = true> <Delay = 0.00> <Core = "FIFO_BRAM">   --->   Core 34 'FIFO_BRAM' <Latency = 0> <II = 1> <Delay = 1.63> <Storage> <Opcode : 'read' 'write' 'nbread' 'nbwrite'> <Ports = 0> <Width = 16> <Depth = 0> <FIFO>
ST_1 : Operation 61 [1/1] (0.00ns)   --->   "%data_buffer_V = alloca i1, align 1" [mobile_net_hls_v1/conv.hpp:598]   --->   Operation 61 'alloca' 'data_buffer_V' <Predicate = true> <Delay = 0.00> <Core = "FIFO">   --->   Core 32 'FIFO' <Latency = 0> <II = 1> <Delay = 2.02> <Storage> <Opcode : 'read' 'write' 'nbread' 'nbwrite'> <Ports = 0> <Width = 31> <Depth = 15> <FIFO>
ST_1 : Operation 62 [1/1] (0.00ns)   --->   "%result_buffer_V = alloca i1, align 1" [mobile_net_hls_v1/conv.hpp:600]   --->   Operation 62 'alloca' 'result_buffer_V' <Predicate = true> <Delay = 0.00> <Core = "FIFO">   --->   Core 32 'FIFO' <Latency = 0> <II = 1> <Delay = 2.02> <Storage> <Opcode : 'read' 'write' 'nbread' 'nbwrite'> <Ports = 0> <Width = 31> <Depth = 15> <FIFO>
ST_1 : Operation 63 [1/1] (0.00ns)   --->   "%data_c_V = alloca i32, align 4" [mobile_net_hls_v1/conv.hpp:603]   --->   Operation 63 'alloca' 'data_c_V' <Predicate = true> <Delay = 0.00> <Core = "FIFO">   --->   Core 32 'FIFO' <Latency = 0> <II = 1> <Delay = 2.02> <Storage> <Opcode : 'read' 'write' 'nbread' 'nbwrite'> <Ports = 0> <Width = 31> <Depth = 15> <FIFO>
ST_1 : Operation 64 [1/1] (0.00ns)   --->   "%data_r_V = alloca i32, align 4" [mobile_net_hls_v1/conv.hpp:605]   --->   Operation 64 'alloca' 'data_r_V' <Predicate = true> <Delay = 0.00> <Core = "FIFO">   --->   Core 32 'FIFO' <Latency = 0> <II = 1> <Delay = 2.02> <Storage> <Opcode : 'read' 'write' 'nbread' 'nbwrite'> <Ports = 0> <Width = 31> <Depth = 15> <FIFO>
ST_1 : Operation 65 [1/1] (0.00ns)   --->   "%data_m_V = alloca i32, align 4" [mobile_net_hls_v1/conv.hpp:607]   --->   Operation 65 'alloca' 'data_m_V' <Predicate = true> <Delay = 0.00> <Core = "FIFO">   --->   Core 32 'FIFO' <Latency = 0> <II = 1> <Delay = 2.02> <Storage> <Opcode : 'read' 'write' 'nbread' 'nbwrite'> <Ports = 0> <Width = 31> <Depth = 15> <FIFO>
ST_1 : Operation 66 [1/1] (0.00ns)   --->   "%data_n_V = alloca i32, align 4" [mobile_net_hls_v1/conv.hpp:609]   --->   Operation 66 'alloca' 'data_n_V' <Predicate = true> <Delay = 0.00> <Core = "FIFO">   --->   Core 32 'FIFO' <Latency = 0> <II = 1> <Delay = 2.02> <Storage> <Opcode : 'read' 'write' 'nbread' 'nbwrite'> <Ports = 0> <Width = 31> <Depth = 15> <FIFO>
ST_1 : Operation 67 [1/1] (0.00ns)   --->   "%result_c_V = alloca i32, align 4" [mobile_net_hls_v1/conv.hpp:612]   --->   Operation 67 'alloca' 'result_c_V' <Predicate = true> <Delay = 0.00> <Core = "FIFO">   --->   Core 32 'FIFO' <Latency = 0> <II = 1> <Delay = 2.02> <Storage> <Opcode : 'read' 'write' 'nbread' 'nbwrite'> <Ports = 0> <Width = 31> <Depth = 15> <FIFO>
ST_1 : Operation 68 [1/1] (0.00ns)   --->   "%result_r_V = alloca i32, align 4" [mobile_net_hls_v1/conv.hpp:614]   --->   Operation 68 'alloca' 'result_r_V' <Predicate = true> <Delay = 0.00> <Core = "FIFO">   --->   Core 32 'FIFO' <Latency = 0> <II = 1> <Delay = 2.02> <Storage> <Opcode : 'read' 'write' 'nbread' 'nbwrite'> <Ports = 0> <Width = 31> <Depth = 15> <FIFO>
ST_1 : Operation 69 [1/1] (0.00ns)   --->   "%result_m_V = alloca i32, align 4" [mobile_net_hls_v1/conv.hpp:616]   --->   Operation 69 'alloca' 'result_m_V' <Predicate = true> <Delay = 0.00> <Core = "FIFO">   --->   Core 32 'FIFO' <Latency = 0> <II = 1> <Delay = 2.02> <Storage> <Opcode : 'read' 'write' 'nbread' 'nbwrite'> <Ports = 0> <Width = 31> <Depth = 15> <FIFO>
ST_1 : Operation 70 [1/1] (0.00ns)   --->   "%result_n_V = alloca i32, align 4" [mobile_net_hls_v1/conv.hpp:618]   --->   Operation 70 'alloca' 'result_n_V' <Predicate = true> <Delay = 0.00> <Core = "FIFO">   --->   Core 32 'FIFO' <Latency = 0> <II = 1> <Delay = 2.02> <Storage> <Opcode : 'read' 'write' 'nbread' 'nbwrite'> <Ports = 0> <Width = 31> <Depth = 15> <FIFO>
ST_1 : Operation 71 [2/2] (1.83ns)   --->   "call void @load_data131(half* %inputs, i31 %inputs_offset_read, half* %weights, i31 %weights_offset_read, half* %betas, i31 %betas_offset_read, half* %input_buffer_V, half* %weight_buffer_0, half* %weight_buffer_1, half* %weight_buffer_2, half* %weight_buffer_3, half* %weight_buffer_4, half* %weight_buffer_5, half* %weight_buffer_6, half* %weight_buffer_7, half* %weight_buffer_8, half* %weight_buffer_9, half* %weight_buffer_10, half* %weight_buffer_11, half* %weight_buffer_12, half* %weight_buffer_13, half* %weight_buffer_14, half* %weight_buffer_15, half* %beta_buffer_0, half* %beta_buffer_1, half* %beta_buffer_2, half* %beta_buffer_3, half* %beta_buffer_4, half* %beta_buffer_5, half* %beta_buffer_6, half* %beta_buffer_7, half* %beta_buffer_8, half* %beta_buffer_9, half* %beta_buffer_10, half* %beta_buffer_11, half* %beta_buffer_12, half* %beta_buffer_13, half* %beta_buffer_14, half* %beta_buffer_15, i1* %data_buffer_V, i32* %data_c_V, i32* %data_r_V, i32* %data_m_V, i32* %data_n_V, i31 %outputs_offset_read, i31* %outputs_offset_c)"   --->   Operation 71 'call' <Predicate = true> <Delay = 1.83> <CoreType = "Generic">   --->   Core 0 '' <Latency = 0> <II = 1> <Delay = 1.00> <Generic> <Opcode : >

State 2 <SV = 1> <Delay = 0.00>
ST_2 : Operation 72 [1/2] (0.00ns)   --->   "call void @load_data131(half* %inputs, i31 %inputs_offset_read, half* %weights, i31 %weights_offset_read, half* %betas, i31 %betas_offset_read, half* %input_buffer_V, half* %weight_buffer_0, half* %weight_buffer_1, half* %weight_buffer_2, half* %weight_buffer_3, half* %weight_buffer_4, half* %weight_buffer_5, half* %weight_buffer_6, half* %weight_buffer_7, half* %weight_buffer_8, half* %weight_buffer_9, half* %weight_buffer_10, half* %weight_buffer_11, half* %weight_buffer_12, half* %weight_buffer_13, half* %weight_buffer_14, half* %weight_buffer_15, half* %beta_buffer_0, half* %beta_buffer_1, half* %beta_buffer_2, half* %beta_buffer_3, half* %beta_buffer_4, half* %beta_buffer_5, half* %beta_buffer_6, half* %beta_buffer_7, half* %beta_buffer_8, half* %beta_buffer_9, half* %beta_buffer_10, half* %beta_buffer_11, half* %beta_buffer_12, half* %beta_buffer_13, half* %beta_buffer_14, half* %beta_buffer_15, i1* %data_buffer_V, i32* %data_c_V, i32* %data_r_V, i32* %data_m_V, i32* %data_n_V, i31 %outputs_offset_read, i31* %outputs_offset_c)"   --->   Operation 72 'call' <Predicate = true> <Delay = 0.00> <CoreType = "Generic">   --->   Core 0 '' <Latency = 0> <II = 1> <Delay = 1.00> <Generic> <Opcode : >

State 3 <SV = 2> <Delay = 0.00>
ST_3 : Operation 73 [2/2] (0.00ns)   --->   "call fastcc void @compute_pro.5(half* %input_buffer_V, half* %weight_buffer_0, half* %weight_buffer_1, half* %weight_buffer_2, half* %weight_buffer_3, half* %weight_buffer_4, half* %weight_buffer_5, half* %weight_buffer_6, half* %weight_buffer_7, half* %weight_buffer_8, half* %weight_buffer_9, half* %weight_buffer_10, half* %weight_buffer_11, half* %weight_buffer_12, half* %weight_buffer_13, half* %weight_buffer_14, half* %weight_buffer_15, half* %beta_buffer_0, half* %beta_buffer_1, half* %beta_buffer_2, half* %beta_buffer_3, half* %beta_buffer_4, half* %beta_buffer_5, half* %beta_buffer_6, half* %beta_buffer_7, half* %beta_buffer_8, half* %beta_buffer_9, half* %beta_buffer_10, half* %beta_buffer_11, half* %beta_buffer_12, half* %beta_buffer_13, half* %beta_buffer_14, half* %beta_buffer_15, half* %output_buffer_0, half* %output_buffer_1, half* %output_buffer_2, half* %output_buffer_3, half* %output_buffer_4, half* %output_buffer_5, half* %output_buffer_6, half* %output_buffer_7, half* %output_buffer_8, half* %output_buffer_9, half* %output_buffer_10, half* %output_buffer_11, half* %output_buffer_12, half* %output_buffer_13, half* %output_buffer_14, half* %output_buffer_15, i1* %data_buffer_V, i1* %result_buffer_V, i32* %data_c_V, i32* %data_r_V, i32* %data_m_V, i32* %data_n_V, i32* %result_c_V, i32* %result_r_V, i32* %result_m_V, i32* %result_n_V)" [mobile_net_hls_v1/conv.hpp:625]   --->   Operation 73 'call' <Predicate = true> <Delay = 0.00> <CoreType = "Generic">   --->   Core 0 '' <Latency = 0> <II = 1> <Delay = 1.00> <Generic> <Opcode : >

State 4 <SV = 3> <Delay = 0.00>
ST_4 : Operation 74 [1/2] (0.00ns)   --->   "call fastcc void @compute_pro.5(half* %input_buffer_V, half* %weight_buffer_0, half* %weight_buffer_1, half* %weight_buffer_2, half* %weight_buffer_3, half* %weight_buffer_4, half* %weight_buffer_5, half* %weight_buffer_6, half* %weight_buffer_7, half* %weight_buffer_8, half* %weight_buffer_9, half* %weight_buffer_10, half* %weight_buffer_11, half* %weight_buffer_12, half* %weight_buffer_13, half* %weight_buffer_14, half* %weight_buffer_15, half* %beta_buffer_0, half* %beta_buffer_1, half* %beta_buffer_2, half* %beta_buffer_3, half* %beta_buffer_4, half* %beta_buffer_5, half* %beta_buffer_6, half* %beta_buffer_7, half* %beta_buffer_8, half* %beta_buffer_9, half* %beta_buffer_10, half* %beta_buffer_11, half* %beta_buffer_12, half* %beta_buffer_13, half* %beta_buffer_14, half* %beta_buffer_15, half* %output_buffer_0, half* %output_buffer_1, half* %output_buffer_2, half* %output_buffer_3, half* %output_buffer_4, half* %output_buffer_5, half* %output_buffer_6, half* %output_buffer_7, half* %output_buffer_8, half* %output_buffer_9, half* %output_buffer_10, half* %output_buffer_11, half* %output_buffer_12, half* %output_buffer_13, half* %output_buffer_14, half* %output_buffer_15, i1* %data_buffer_V, i1* %result_buffer_V, i32* %data_c_V, i32* %data_r_V, i32* %data_m_V, i32* %data_n_V, i32* %result_c_V, i32* %result_r_V, i32* %result_m_V, i32* %result_n_V)" [mobile_net_hls_v1/conv.hpp:625]   --->   Operation 74 'call' <Predicate = true> <Delay = 0.00> <CoreType = "Generic">   --->   Core 0 '' <Latency = 0> <II = 1> <Delay = 1.00> <Generic> <Opcode : >

State 5 <SV = 4> <Delay = 0.00>
ST_5 : Operation 75 [2/2] (0.00ns)   --->   "call void @output_result.5(half* %outputs, i31* nocapture %outputs_offset_c, half* %output_buffer_0, half* %output_buffer_1, half* %output_buffer_2, half* %output_buffer_3, half* %output_buffer_4, half* %output_buffer_5, half* %output_buffer_6, half* %output_buffer_7, half* %output_buffer_8, half* %output_buffer_9, half* %output_buffer_10, half* %output_buffer_11, half* %output_buffer_12, half* %output_buffer_13, half* %output_buffer_14, half* %output_buffer_15, i1* %result_buffer_V, i32* %result_c_V, i32* %result_r_V, i32* %result_m_V, i32* %result_n_V, i1* %cntl_V)"   --->   Operation 75 'call' <Predicate = true> <Delay = 0.00> <CoreType = "Generic">   --->   Core 0 '' <Latency = 0> <II = 1> <Delay = 1.00> <Generic> <Opcode : >

State 6 <SV = 5> <Delay = 0.00>
ST_6 : Operation 76 [1/1] (0.00ns)   --->   "call void (...)* @_ssdm_op_SpecInterface(i1* %cntl_V, [8 x i8]* @ap_fifo_str, i32 0, i32 0, [1 x i8]* @p_str, i32 0, i32 0, [1 x i8]* @p_str, [1 x i8]* @p_str, [1 x i8]* @p_str, i32 2, i32 2, i32 16, i32 16, [1 x i8]* @p_str, [1 x i8]* @p_str)"   --->   Operation 76 'specinterface' <Predicate = true> <Delay = 0.00>
ST_6 : Operation 77 [1/1] (0.00ns)   --->   "call void (...)* @_ssdm_op_SpecDataflowPipeline(i32 -1, i32 0, [1 x i8]* @p_str) nounwind" [mobile_net_hls_v1/conv.hpp:621]   --->   Operation 77 'specdataflowpipeline' <Predicate = true> <Delay = 0.00>
ST_6 : Operation 78 [1/1] (0.00ns)   --->   "call void (...)* @_ssdm_op_SpecInterface(half* %betas, [6 x i8]* @p_str1, i32 0, i32 0, [1 x i8]* @p_str, i32 0, i32 32, [7 x i8]* @p_str34, [7 x i8]* @p_str3, [1 x i8]* @p_str, i32 16, i32 16, i32 16, i32 16, [1 x i8]* @p_str, [1 x i8]* @p_str)"   --->   Operation 78 'specinterface' <Predicate = true> <Delay = 0.00>
ST_6 : Operation 79 [1/1] (0.00ns)   --->   "call void (...)* @_ssdm_op_SpecInterface(half* %weights, [6 x i8]* @p_str1, i32 0, i32 0, [1 x i8]* @p_str, i32 0, i32 864, [7 x i8]* @p_str33, [7 x i8]* @p_str3, [1 x i8]* @p_str, i32 16, i32 16, i32 16, i32 16, [1 x i8]* @p_str, [1 x i8]* @p_str)"   --->   Operation 79 'specinterface' <Predicate = true> <Delay = 0.00>
ST_6 : Operation 80 [1/1] (0.00ns)   --->   "call void (...)* @_ssdm_op_SpecInterface(half* %outputs, [6 x i8]* @p_str1, i32 0, i32 0, [1 x i8]* @p_str, i32 0, i32 4194304, [7 x i8]* @p_str18, [7 x i8]* @p_str3, [1 x i8]* @p_str, i32 16, i32 16, i32 16, i32 16, [1 x i8]* @p_str, [1 x i8]* @p_str)"   --->   Operation 80 'specinterface' <Predicate = true> <Delay = 0.00>
ST_6 : Operation 81 [1/1] (0.00ns)   --->   "call void (...)* @_ssdm_op_SpecInterface(half* %inputs, [6 x i8]* @p_str1, i32 0, i32 0, [1 x i8]* @p_str, i32 0, i32 1572864, [6 x i8]* @p_str2, [7 x i8]* @p_str3, [1 x i8]* @p_str, i32 16, i32 16, i32 16, i32 16, [1 x i8]* @p_str, [1 x i8]* @p_str)"   --->   Operation 81 'specinterface' <Predicate = true> <Delay = 0.00>
ST_6 : Operation 82 [1/1] (0.00ns)   --->   "%empty = call i32 (...)* @_ssdm_op_SpecChannel([15 x i8]* @input_buffer_OC_V_st, i32 1, [1 x i8]* @p_str, [1 x i8]* @p_str, i32 1296, i32 1296, half* %input_buffer_V, half* %input_buffer_V)"   --->   Operation 82 'specchannel' 'empty' <Predicate = true> <Delay = 0.00>
ST_6 : Operation 83 [1/1] (0.00ns)   --->   "call void (...)* @_ssdm_op_SpecInterface(half* %input_buffer_V, [8 x i8]* @ap_fifo_str, i32 0, i32 0, [1 x i8]* @p_str, i32 0, i32 0, [1 x i8]* @p_str, [1 x i8]* @p_str, [1 x i8]* @p_str, i32 2, i32 2, i32 16, i32 16, [1 x i8]* @p_str, [1 x i8]* @p_str)"   --->   Operation 83 'specinterface' <Predicate = true> <Delay = 0.00>
ST_6 : Operation 84 [1/1] (0.00ns)   --->   "call void (...)* @_ssdm_op_SpecMemCore(half* %input_buffer_V, [1 x i8]* @p_str, [10 x i8]* @p_str71, [1 x i8]* @p_str, i32 -1, [1 x i8]* @p_str, [1 x i8]* @p_str, [1 x i8]* @p_str, [1 x i8]* @p_str, [1 x i8]* @p_str)" [mobile_net_hls_v1/conv.hpp:587]   --->   Operation 84 'specmemcore' <Predicate = true> <Delay = 0.00>
ST_6 : Operation 85 [1/1] (0.00ns)   --->   "%empty_632 = call i32 (...)* @_ssdm_op_SpecChannel([16 x i8]* @weight_buffer_OC_0_s, i32 1, [1 x i8]* @p_str, [1 x i8]* @p_str, i32 36, i32 36, half* %weight_buffer_0, half* %weight_buffer_0)"   --->   Operation 85 'specchannel' 'empty_632' <Predicate = true> <Delay = 0.00>
ST_6 : Operation 86 [1/1] (0.00ns)   --->   "call void (...)* @_ssdm_op_SpecInterface(half* %weight_buffer_0, [8 x i8]* @ap_fifo_str, i32 0, i32 0, [1 x i8]* @p_str, i32 0, i32 0, [1 x i8]* @p_str, [1 x i8]* @p_str, [1 x i8]* @p_str, i32 2, i32 2, i32 16, i32 16, [1 x i8]* @p_str, [1 x i8]* @p_str)"   --->   Operation 86 'specinterface' <Predicate = true> <Delay = 0.00>
ST_6 : Operation 87 [1/1] (0.00ns)   --->   "%empty_633 = call i32 (...)* @_ssdm_op_SpecChannel([16 x i8]* @weight_buffer_OC_1_s, i32 1, [1 x i8]* @p_str, [1 x i8]* @p_str, i32 36, i32 36, half* %weight_buffer_1, half* %weight_buffer_1)"   --->   Operation 87 'specchannel' 'empty_633' <Predicate = true> <Delay = 0.00>
ST_6 : Operation 88 [1/1] (0.00ns)   --->   "call void (...)* @_ssdm_op_SpecInterface(half* %weight_buffer_1, [8 x i8]* @ap_fifo_str, i32 0, i32 0, [1 x i8]* @p_str, i32 0, i32 0, [1 x i8]* @p_str, [1 x i8]* @p_str, [1 x i8]* @p_str, i32 2, i32 2, i32 16, i32 16, [1 x i8]* @p_str, [1 x i8]* @p_str)"   --->   Operation 88 'specinterface' <Predicate = true> <Delay = 0.00>
ST_6 : Operation 89 [1/1] (0.00ns)   --->   "%empty_634 = call i32 (...)* @_ssdm_op_SpecChannel([16 x i8]* @weight_buffer_OC_2_s, i32 1, [1 x i8]* @p_str, [1 x i8]* @p_str, i32 36, i32 36, half* %weight_buffer_2, half* %weight_buffer_2)"   --->   Operation 89 'specchannel' 'empty_634' <Predicate = true> <Delay = 0.00>
ST_6 : Operation 90 [1/1] (0.00ns)   --->   "call void (...)* @_ssdm_op_SpecInterface(half* %weight_buffer_2, [8 x i8]* @ap_fifo_str, i32 0, i32 0, [1 x i8]* @p_str, i32 0, i32 0, [1 x i8]* @p_str, [1 x i8]* @p_str, [1 x i8]* @p_str, i32 2, i32 2, i32 16, i32 16, [1 x i8]* @p_str, [1 x i8]* @p_str)"   --->   Operation 90 'specinterface' <Predicate = true> <Delay = 0.00>
ST_6 : Operation 91 [1/1] (0.00ns)   --->   "%empty_635 = call i32 (...)* @_ssdm_op_SpecChannel([16 x i8]* @weight_buffer_OC_3_s, i32 1, [1 x i8]* @p_str, [1 x i8]* @p_str, i32 36, i32 36, half* %weight_buffer_3, half* %weight_buffer_3)"   --->   Operation 91 'specchannel' 'empty_635' <Predicate = true> <Delay = 0.00>
ST_6 : Operation 92 [1/1] (0.00ns)   --->   "call void (...)* @_ssdm_op_SpecInterface(half* %weight_buffer_3, [8 x i8]* @ap_fifo_str, i32 0, i32 0, [1 x i8]* @p_str, i32 0, i32 0, [1 x i8]* @p_str, [1 x i8]* @p_str, [1 x i8]* @p_str, i32 2, i32 2, i32 16, i32 16, [1 x i8]* @p_str, [1 x i8]* @p_str)"   --->   Operation 92 'specinterface' <Predicate = true> <Delay = 0.00>
ST_6 : Operation 93 [1/1] (0.00ns)   --->   "%empty_636 = call i32 (...)* @_ssdm_op_SpecChannel([16 x i8]* @weight_buffer_OC_4_s, i32 1, [1 x i8]* @p_str, [1 x i8]* @p_str, i32 36, i32 36, half* %weight_buffer_4, half* %weight_buffer_4)"   --->   Operation 93 'specchannel' 'empty_636' <Predicate = true> <Delay = 0.00>
ST_6 : Operation 94 [1/1] (0.00ns)   --->   "call void (...)* @_ssdm_op_SpecInterface(half* %weight_buffer_4, [8 x i8]* @ap_fifo_str, i32 0, i32 0, [1 x i8]* @p_str, i32 0, i32 0, [1 x i8]* @p_str, [1 x i8]* @p_str, [1 x i8]* @p_str, i32 2, i32 2, i32 16, i32 16, [1 x i8]* @p_str, [1 x i8]* @p_str)"   --->   Operation 94 'specinterface' <Predicate = true> <Delay = 0.00>
ST_6 : Operation 95 [1/1] (0.00ns)   --->   "%empty_637 = call i32 (...)* @_ssdm_op_SpecChannel([16 x i8]* @weight_buffer_OC_5_s, i32 1, [1 x i8]* @p_str, [1 x i8]* @p_str, i32 36, i32 36, half* %weight_buffer_5, half* %weight_buffer_5)"   --->   Operation 95 'specchannel' 'empty_637' <Predicate = true> <Delay = 0.00>
ST_6 : Operation 96 [1/1] (0.00ns)   --->   "call void (...)* @_ssdm_op_SpecInterface(half* %weight_buffer_5, [8 x i8]* @ap_fifo_str, i32 0, i32 0, [1 x i8]* @p_str, i32 0, i32 0, [1 x i8]* @p_str, [1 x i8]* @p_str, [1 x i8]* @p_str, i32 2, i32 2, i32 16, i32 16, [1 x i8]* @p_str, [1 x i8]* @p_str)"   --->   Operation 96 'specinterface' <Predicate = true> <Delay = 0.00>
ST_6 : Operation 97 [1/1] (0.00ns)   --->   "%empty_638 = call i32 (...)* @_ssdm_op_SpecChannel([16 x i8]* @weight_buffer_OC_6_s, i32 1, [1 x i8]* @p_str, [1 x i8]* @p_str, i32 36, i32 36, half* %weight_buffer_6, half* %weight_buffer_6)"   --->   Operation 97 'specchannel' 'empty_638' <Predicate = true> <Delay = 0.00>
ST_6 : Operation 98 [1/1] (0.00ns)   --->   "call void (...)* @_ssdm_op_SpecInterface(half* %weight_buffer_6, [8 x i8]* @ap_fifo_str, i32 0, i32 0, [1 x i8]* @p_str, i32 0, i32 0, [1 x i8]* @p_str, [1 x i8]* @p_str, [1 x i8]* @p_str, i32 2, i32 2, i32 16, i32 16, [1 x i8]* @p_str, [1 x i8]* @p_str)"   --->   Operation 98 'specinterface' <Predicate = true> <Delay = 0.00>
ST_6 : Operation 99 [1/1] (0.00ns)   --->   "%empty_639 = call i32 (...)* @_ssdm_op_SpecChannel([16 x i8]* @weight_buffer_OC_7_s, i32 1, [1 x i8]* @p_str, [1 x i8]* @p_str, i32 36, i32 36, half* %weight_buffer_7, half* %weight_buffer_7)"   --->   Operation 99 'specchannel' 'empty_639' <Predicate = true> <Delay = 0.00>
ST_6 : Operation 100 [1/1] (0.00ns)   --->   "call void (...)* @_ssdm_op_SpecInterface(half* %weight_buffer_7, [8 x i8]* @ap_fifo_str, i32 0, i32 0, [1 x i8]* @p_str, i32 0, i32 0, [1 x i8]* @p_str, [1 x i8]* @p_str, [1 x i8]* @p_str, i32 2, i32 2, i32 16, i32 16, [1 x i8]* @p_str, [1 x i8]* @p_str)"   --->   Operation 100 'specinterface' <Predicate = true> <Delay = 0.00>
ST_6 : Operation 101 [1/1] (0.00ns)   --->   "%empty_640 = call i32 (...)* @_ssdm_op_SpecChannel([16 x i8]* @weight_buffer_OC_8_s, i32 1, [1 x i8]* @p_str, [1 x i8]* @p_str, i32 36, i32 36, half* %weight_buffer_8, half* %weight_buffer_8)"   --->   Operation 101 'specchannel' 'empty_640' <Predicate = true> <Delay = 0.00>
ST_6 : Operation 102 [1/1] (0.00ns)   --->   "call void (...)* @_ssdm_op_SpecInterface(half* %weight_buffer_8, [8 x i8]* @ap_fifo_str, i32 0, i32 0, [1 x i8]* @p_str, i32 0, i32 0, [1 x i8]* @p_str, [1 x i8]* @p_str, [1 x i8]* @p_str, i32 2, i32 2, i32 16, i32 16, [1 x i8]* @p_str, [1 x i8]* @p_str)"   --->   Operation 102 'specinterface' <Predicate = true> <Delay = 0.00>
ST_6 : Operation 103 [1/1] (0.00ns)   --->   "%empty_641 = call i32 (...)* @_ssdm_op_SpecChannel([16 x i8]* @weight_buffer_OC_9_s, i32 1, [1 x i8]* @p_str, [1 x i8]* @p_str, i32 36, i32 36, half* %weight_buffer_9, half* %weight_buffer_9)"   --->   Operation 103 'specchannel' 'empty_641' <Predicate = true> <Delay = 0.00>
ST_6 : Operation 104 [1/1] (0.00ns)   --->   "call void (...)* @_ssdm_op_SpecInterface(half* %weight_buffer_9, [8 x i8]* @ap_fifo_str, i32 0, i32 0, [1 x i8]* @p_str, i32 0, i32 0, [1 x i8]* @p_str, [1 x i8]* @p_str, [1 x i8]* @p_str, i32 2, i32 2, i32 16, i32 16, [1 x i8]* @p_str, [1 x i8]* @p_str)"   --->   Operation 104 'specinterface' <Predicate = true> <Delay = 0.00>
ST_6 : Operation 105 [1/1] (0.00ns)   --->   "%empty_642 = call i32 (...)* @_ssdm_op_SpecChannel([17 x i8]* @weight_buffer_OC_10_s, i32 1, [1 x i8]* @p_str, [1 x i8]* @p_str, i32 36, i32 36, half* %weight_buffer_10, half* %weight_buffer_10)"   --->   Operation 105 'specchannel' 'empty_642' <Predicate = true> <Delay = 0.00>
ST_6 : Operation 106 [1/1] (0.00ns)   --->   "call void (...)* @_ssdm_op_SpecInterface(half* %weight_buffer_10, [8 x i8]* @ap_fifo_str, i32 0, i32 0, [1 x i8]* @p_str, i32 0, i32 0, [1 x i8]* @p_str, [1 x i8]* @p_str, [1 x i8]* @p_str, i32 2, i32 2, i32 16, i32 16, [1 x i8]* @p_str, [1 x i8]* @p_str)"   --->   Operation 106 'specinterface' <Predicate = true> <Delay = 0.00>
ST_6 : Operation 107 [1/1] (0.00ns)   --->   "%empty_643 = call i32 (...)* @_ssdm_op_SpecChannel([17 x i8]* @weight_buffer_OC_11_s, i32 1, [1 x i8]* @p_str, [1 x i8]* @p_str, i32 36, i32 36, half* %weight_buffer_11, half* %weight_buffer_11)"   --->   Operation 107 'specchannel' 'empty_643' <Predicate = true> <Delay = 0.00>
ST_6 : Operation 108 [1/1] (0.00ns)   --->   "call void (...)* @_ssdm_op_SpecInterface(half* %weight_buffer_11, [8 x i8]* @ap_fifo_str, i32 0, i32 0, [1 x i8]* @p_str, i32 0, i32 0, [1 x i8]* @p_str, [1 x i8]* @p_str, [1 x i8]* @p_str, i32 2, i32 2, i32 16, i32 16, [1 x i8]* @p_str, [1 x i8]* @p_str)"   --->   Operation 108 'specinterface' <Predicate = true> <Delay = 0.00>
ST_6 : Operation 109 [1/1] (0.00ns)   --->   "%empty_644 = call i32 (...)* @_ssdm_op_SpecChannel([17 x i8]* @weight_buffer_OC_12_s, i32 1, [1 x i8]* @p_str, [1 x i8]* @p_str, i32 36, i32 36, half* %weight_buffer_12, half* %weight_buffer_12)"   --->   Operation 109 'specchannel' 'empty_644' <Predicate = true> <Delay = 0.00>
ST_6 : Operation 110 [1/1] (0.00ns)   --->   "call void (...)* @_ssdm_op_SpecInterface(half* %weight_buffer_12, [8 x i8]* @ap_fifo_str, i32 0, i32 0, [1 x i8]* @p_str, i32 0, i32 0, [1 x i8]* @p_str, [1 x i8]* @p_str, [1 x i8]* @p_str, i32 2, i32 2, i32 16, i32 16, [1 x i8]* @p_str, [1 x i8]* @p_str)"   --->   Operation 110 'specinterface' <Predicate = true> <Delay = 0.00>
ST_6 : Operation 111 [1/1] (0.00ns)   --->   "%empty_645 = call i32 (...)* @_ssdm_op_SpecChannel([17 x i8]* @weight_buffer_OC_13_s, i32 1, [1 x i8]* @p_str, [1 x i8]* @p_str, i32 36, i32 36, half* %weight_buffer_13, half* %weight_buffer_13)"   --->   Operation 111 'specchannel' 'empty_645' <Predicate = true> <Delay = 0.00>
ST_6 : Operation 112 [1/1] (0.00ns)   --->   "call void (...)* @_ssdm_op_SpecInterface(half* %weight_buffer_13, [8 x i8]* @ap_fifo_str, i32 0, i32 0, [1 x i8]* @p_str, i32 0, i32 0, [1 x i8]* @p_str, [1 x i8]* @p_str, [1 x i8]* @p_str, i32 2, i32 2, i32 16, i32 16, [1 x i8]* @p_str, [1 x i8]* @p_str)"   --->   Operation 112 'specinterface' <Predicate = true> <Delay = 0.00>
ST_6 : Operation 113 [1/1] (0.00ns)   --->   "%empty_646 = call i32 (...)* @_ssdm_op_SpecChannel([17 x i8]* @weight_buffer_OC_14_s, i32 1, [1 x i8]* @p_str, [1 x i8]* @p_str, i32 36, i32 36, half* %weight_buffer_14, half* %weight_buffer_14)"   --->   Operation 113 'specchannel' 'empty_646' <Predicate = true> <Delay = 0.00>
ST_6 : Operation 114 [1/1] (0.00ns)   --->   "call void (...)* @_ssdm_op_SpecInterface(half* %weight_buffer_14, [8 x i8]* @ap_fifo_str, i32 0, i32 0, [1 x i8]* @p_str, i32 0, i32 0, [1 x i8]* @p_str, [1 x i8]* @p_str, [1 x i8]* @p_str, i32 2, i32 2, i32 16, i32 16, [1 x i8]* @p_str, [1 x i8]* @p_str)"   --->   Operation 114 'specinterface' <Predicate = true> <Delay = 0.00>
ST_6 : Operation 115 [1/1] (0.00ns)   --->   "%empty_647 = call i32 (...)* @_ssdm_op_SpecChannel([17 x i8]* @weight_buffer_OC_15_s, i32 1, [1 x i8]* @p_str, [1 x i8]* @p_str, i32 36, i32 36, half* %weight_buffer_15, half* %weight_buffer_15)"   --->   Operation 115 'specchannel' 'empty_647' <Predicate = true> <Delay = 0.00>
ST_6 : Operation 116 [1/1] (0.00ns)   --->   "call void (...)* @_ssdm_op_SpecInterface(half* %weight_buffer_15, [8 x i8]* @ap_fifo_str, i32 0, i32 0, [1 x i8]* @p_str, i32 0, i32 0, [1 x i8]* @p_str, [1 x i8]* @p_str, [1 x i8]* @p_str, i32 2, i32 2, i32 16, i32 16, [1 x i8]* @p_str, [1 x i8]* @p_str)"   --->   Operation 116 'specinterface' <Predicate = true> <Delay = 0.00>
ST_6 : Operation 117 [1/1] (0.00ns)   --->   "call void (...)* @_ssdm_op_SpecMemCore(half* %weight_buffer_0, half* %weight_buffer_1, half* %weight_buffer_2, half* %weight_buffer_3, half* %weight_buffer_4, half* %weight_buffer_5, half* %weight_buffer_6, half* %weight_buffer_7, half* %weight_buffer_8, half* %weight_buffer_9, half* %weight_buffer_10, half* %weight_buffer_11, half* %weight_buffer_12, half* %weight_buffer_13, half* %weight_buffer_14, half* %weight_buffer_15, [1 x i8]* @p_str, [10 x i8]* @p_str71, [1 x i8]* @p_str, i32 -1, [1 x i8]* @p_str, [1 x i8]* @p_str, [1 x i8]* @p_str, [1 x i8]* @p_str, [1 x i8]* @p_str)" [mobile_net_hls_v1/conv.hpp:590]   --->   Operation 117 'specmemcore' <Predicate = true> <Delay = 0.00>
ST_6 : Operation 118 [1/1] (0.00ns)   --->   "%empty_648 = call i32 (...)* @_ssdm_op_SpecChannel([14 x i8]* @beta_buffer_OC_0_str, i32 1, [1 x i8]* @p_str, [1 x i8]* @p_str, i32 2, i32 2, half* %beta_buffer_0, half* %beta_buffer_0)"   --->   Operation 118 'specchannel' 'empty_648' <Predicate = true> <Delay = 0.00>
ST_6 : Operation 119 [1/1] (0.00ns)   --->   "call void (...)* @_ssdm_op_SpecInterface(half* %beta_buffer_0, [8 x i8]* @ap_fifo_str, i32 0, i32 0, [1 x i8]* @p_str, i32 0, i32 0, [1 x i8]* @p_str, [1 x i8]* @p_str, [1 x i8]* @p_str, i32 2, i32 2, i32 16, i32 16, [1 x i8]* @p_str, [1 x i8]* @p_str)"   --->   Operation 119 'specinterface' <Predicate = true> <Delay = 0.00>
ST_6 : Operation 120 [1/1] (0.00ns)   --->   "%empty_649 = call i32 (...)* @_ssdm_op_SpecChannel([14 x i8]* @beta_buffer_OC_1_str, i32 1, [1 x i8]* @p_str, [1 x i8]* @p_str, i32 2, i32 2, half* %beta_buffer_1, half* %beta_buffer_1)"   --->   Operation 120 'specchannel' 'empty_649' <Predicate = true> <Delay = 0.00>
ST_6 : Operation 121 [1/1] (0.00ns)   --->   "call void (...)* @_ssdm_op_SpecInterface(half* %beta_buffer_1, [8 x i8]* @ap_fifo_str, i32 0, i32 0, [1 x i8]* @p_str, i32 0, i32 0, [1 x i8]* @p_str, [1 x i8]* @p_str, [1 x i8]* @p_str, i32 2, i32 2, i32 16, i32 16, [1 x i8]* @p_str, [1 x i8]* @p_str)"   --->   Operation 121 'specinterface' <Predicate = true> <Delay = 0.00>
ST_6 : Operation 122 [1/1] (0.00ns)   --->   "%empty_650 = call i32 (...)* @_ssdm_op_SpecChannel([14 x i8]* @beta_buffer_OC_2_str, i32 1, [1 x i8]* @p_str, [1 x i8]* @p_str, i32 2, i32 2, half* %beta_buffer_2, half* %beta_buffer_2)"   --->   Operation 122 'specchannel' 'empty_650' <Predicate = true> <Delay = 0.00>
ST_6 : Operation 123 [1/1] (0.00ns)   --->   "call void (...)* @_ssdm_op_SpecInterface(half* %beta_buffer_2, [8 x i8]* @ap_fifo_str, i32 0, i32 0, [1 x i8]* @p_str, i32 0, i32 0, [1 x i8]* @p_str, [1 x i8]* @p_str, [1 x i8]* @p_str, i32 2, i32 2, i32 16, i32 16, [1 x i8]* @p_str, [1 x i8]* @p_str)"   --->   Operation 123 'specinterface' <Predicate = true> <Delay = 0.00>
ST_6 : Operation 124 [1/1] (0.00ns)   --->   "%empty_651 = call i32 (...)* @_ssdm_op_SpecChannel([14 x i8]* @beta_buffer_OC_3_str, i32 1, [1 x i8]* @p_str, [1 x i8]* @p_str, i32 2, i32 2, half* %beta_buffer_3, half* %beta_buffer_3)"   --->   Operation 124 'specchannel' 'empty_651' <Predicate = true> <Delay = 0.00>
ST_6 : Operation 125 [1/1] (0.00ns)   --->   "call void (...)* @_ssdm_op_SpecInterface(half* %beta_buffer_3, [8 x i8]* @ap_fifo_str, i32 0, i32 0, [1 x i8]* @p_str, i32 0, i32 0, [1 x i8]* @p_str, [1 x i8]* @p_str, [1 x i8]* @p_str, i32 2, i32 2, i32 16, i32 16, [1 x i8]* @p_str, [1 x i8]* @p_str)"   --->   Operation 125 'specinterface' <Predicate = true> <Delay = 0.00>
ST_6 : Operation 126 [1/1] (0.00ns)   --->   "%empty_652 = call i32 (...)* @_ssdm_op_SpecChannel([14 x i8]* @beta_buffer_OC_4_str, i32 1, [1 x i8]* @p_str, [1 x i8]* @p_str, i32 2, i32 2, half* %beta_buffer_4, half* %beta_buffer_4)"   --->   Operation 126 'specchannel' 'empty_652' <Predicate = true> <Delay = 0.00>
ST_6 : Operation 127 [1/1] (0.00ns)   --->   "call void (...)* @_ssdm_op_SpecInterface(half* %beta_buffer_4, [8 x i8]* @ap_fifo_str, i32 0, i32 0, [1 x i8]* @p_str, i32 0, i32 0, [1 x i8]* @p_str, [1 x i8]* @p_str, [1 x i8]* @p_str, i32 2, i32 2, i32 16, i32 16, [1 x i8]* @p_str, [1 x i8]* @p_str)"   --->   Operation 127 'specinterface' <Predicate = true> <Delay = 0.00>
ST_6 : Operation 128 [1/1] (0.00ns)   --->   "%empty_653 = call i32 (...)* @_ssdm_op_SpecChannel([14 x i8]* @beta_buffer_OC_5_str, i32 1, [1 x i8]* @p_str, [1 x i8]* @p_str, i32 2, i32 2, half* %beta_buffer_5, half* %beta_buffer_5)"   --->   Operation 128 'specchannel' 'empty_653' <Predicate = true> <Delay = 0.00>
ST_6 : Operation 129 [1/1] (0.00ns)   --->   "call void (...)* @_ssdm_op_SpecInterface(half* %beta_buffer_5, [8 x i8]* @ap_fifo_str, i32 0, i32 0, [1 x i8]* @p_str, i32 0, i32 0, [1 x i8]* @p_str, [1 x i8]* @p_str, [1 x i8]* @p_str, i32 2, i32 2, i32 16, i32 16, [1 x i8]* @p_str, [1 x i8]* @p_str)"   --->   Operation 129 'specinterface' <Predicate = true> <Delay = 0.00>
ST_6 : Operation 130 [1/1] (0.00ns)   --->   "%empty_654 = call i32 (...)* @_ssdm_op_SpecChannel([14 x i8]* @beta_buffer_OC_6_str, i32 1, [1 x i8]* @p_str, [1 x i8]* @p_str, i32 2, i32 2, half* %beta_buffer_6, half* %beta_buffer_6)"   --->   Operation 130 'specchannel' 'empty_654' <Predicate = true> <Delay = 0.00>
ST_6 : Operation 131 [1/1] (0.00ns)   --->   "call void (...)* @_ssdm_op_SpecInterface(half* %beta_buffer_6, [8 x i8]* @ap_fifo_str, i32 0, i32 0, [1 x i8]* @p_str, i32 0, i32 0, [1 x i8]* @p_str, [1 x i8]* @p_str, [1 x i8]* @p_str, i32 2, i32 2, i32 16, i32 16, [1 x i8]* @p_str, [1 x i8]* @p_str)"   --->   Operation 131 'specinterface' <Predicate = true> <Delay = 0.00>
ST_6 : Operation 132 [1/1] (0.00ns)   --->   "%empty_655 = call i32 (...)* @_ssdm_op_SpecChannel([14 x i8]* @beta_buffer_OC_7_str, i32 1, [1 x i8]* @p_str, [1 x i8]* @p_str, i32 2, i32 2, half* %beta_buffer_7, half* %beta_buffer_7)"   --->   Operation 132 'specchannel' 'empty_655' <Predicate = true> <Delay = 0.00>
ST_6 : Operation 133 [1/1] (0.00ns)   --->   "call void (...)* @_ssdm_op_SpecInterface(half* %beta_buffer_7, [8 x i8]* @ap_fifo_str, i32 0, i32 0, [1 x i8]* @p_str, i32 0, i32 0, [1 x i8]* @p_str, [1 x i8]* @p_str, [1 x i8]* @p_str, i32 2, i32 2, i32 16, i32 16, [1 x i8]* @p_str, [1 x i8]* @p_str)"   --->   Operation 133 'specinterface' <Predicate = true> <Delay = 0.00>
ST_6 : Operation 134 [1/1] (0.00ns)   --->   "%empty_656 = call i32 (...)* @_ssdm_op_SpecChannel([14 x i8]* @beta_buffer_OC_8_str, i32 1, [1 x i8]* @p_str, [1 x i8]* @p_str, i32 2, i32 2, half* %beta_buffer_8, half* %beta_buffer_8)"   --->   Operation 134 'specchannel' 'empty_656' <Predicate = true> <Delay = 0.00>
ST_6 : Operation 135 [1/1] (0.00ns)   --->   "call void (...)* @_ssdm_op_SpecInterface(half* %beta_buffer_8, [8 x i8]* @ap_fifo_str, i32 0, i32 0, [1 x i8]* @p_str, i32 0, i32 0, [1 x i8]* @p_str, [1 x i8]* @p_str, [1 x i8]* @p_str, i32 2, i32 2, i32 16, i32 16, [1 x i8]* @p_str, [1 x i8]* @p_str)"   --->   Operation 135 'specinterface' <Predicate = true> <Delay = 0.00>
ST_6 : Operation 136 [1/1] (0.00ns)   --->   "%empty_657 = call i32 (...)* @_ssdm_op_SpecChannel([14 x i8]* @beta_buffer_OC_9_str, i32 1, [1 x i8]* @p_str, [1 x i8]* @p_str, i32 2, i32 2, half* %beta_buffer_9, half* %beta_buffer_9)"   --->   Operation 136 'specchannel' 'empty_657' <Predicate = true> <Delay = 0.00>
ST_6 : Operation 137 [1/1] (0.00ns)   --->   "call void (...)* @_ssdm_op_SpecInterface(half* %beta_buffer_9, [8 x i8]* @ap_fifo_str, i32 0, i32 0, [1 x i8]* @p_str, i32 0, i32 0, [1 x i8]* @p_str, [1 x i8]* @p_str, [1 x i8]* @p_str, i32 2, i32 2, i32 16, i32 16, [1 x i8]* @p_str, [1 x i8]* @p_str)"   --->   Operation 137 'specinterface' <Predicate = true> <Delay = 0.00>
ST_6 : Operation 138 [1/1] (0.00ns)   --->   "%empty_658 = call i32 (...)* @_ssdm_op_SpecChannel([15 x i8]* @beta_buffer_OC_10_st, i32 1, [1 x i8]* @p_str, [1 x i8]* @p_str, i32 2, i32 2, half* %beta_buffer_10, half* %beta_buffer_10)"   --->   Operation 138 'specchannel' 'empty_658' <Predicate = true> <Delay = 0.00>
ST_6 : Operation 139 [1/1] (0.00ns)   --->   "call void (...)* @_ssdm_op_SpecInterface(half* %beta_buffer_10, [8 x i8]* @ap_fifo_str, i32 0, i32 0, [1 x i8]* @p_str, i32 0, i32 0, [1 x i8]* @p_str, [1 x i8]* @p_str, [1 x i8]* @p_str, i32 2, i32 2, i32 16, i32 16, [1 x i8]* @p_str, [1 x i8]* @p_str)"   --->   Operation 139 'specinterface' <Predicate = true> <Delay = 0.00>
ST_6 : Operation 140 [1/1] (0.00ns)   --->   "%empty_659 = call i32 (...)* @_ssdm_op_SpecChannel([15 x i8]* @beta_buffer_OC_11_st, i32 1, [1 x i8]* @p_str, [1 x i8]* @p_str, i32 2, i32 2, half* %beta_buffer_11, half* %beta_buffer_11)"   --->   Operation 140 'specchannel' 'empty_659' <Predicate = true> <Delay = 0.00>
ST_6 : Operation 141 [1/1] (0.00ns)   --->   "call void (...)* @_ssdm_op_SpecInterface(half* %beta_buffer_11, [8 x i8]* @ap_fifo_str, i32 0, i32 0, [1 x i8]* @p_str, i32 0, i32 0, [1 x i8]* @p_str, [1 x i8]* @p_str, [1 x i8]* @p_str, i32 2, i32 2, i32 16, i32 16, [1 x i8]* @p_str, [1 x i8]* @p_str)"   --->   Operation 141 'specinterface' <Predicate = true> <Delay = 0.00>
ST_6 : Operation 142 [1/1] (0.00ns)   --->   "%empty_660 = call i32 (...)* @_ssdm_op_SpecChannel([15 x i8]* @beta_buffer_OC_12_st, i32 1, [1 x i8]* @p_str, [1 x i8]* @p_str, i32 2, i32 2, half* %beta_buffer_12, half* %beta_buffer_12)"   --->   Operation 142 'specchannel' 'empty_660' <Predicate = true> <Delay = 0.00>
ST_6 : Operation 143 [1/1] (0.00ns)   --->   "call void (...)* @_ssdm_op_SpecInterface(half* %beta_buffer_12, [8 x i8]* @ap_fifo_str, i32 0, i32 0, [1 x i8]* @p_str, i32 0, i32 0, [1 x i8]* @p_str, [1 x i8]* @p_str, [1 x i8]* @p_str, i32 2, i32 2, i32 16, i32 16, [1 x i8]* @p_str, [1 x i8]* @p_str)"   --->   Operation 143 'specinterface' <Predicate = true> <Delay = 0.00>
ST_6 : Operation 144 [1/1] (0.00ns)   --->   "%empty_661 = call i32 (...)* @_ssdm_op_SpecChannel([15 x i8]* @beta_buffer_OC_13_st, i32 1, [1 x i8]* @p_str, [1 x i8]* @p_str, i32 2, i32 2, half* %beta_buffer_13, half* %beta_buffer_13)"   --->   Operation 144 'specchannel' 'empty_661' <Predicate = true> <Delay = 0.00>
ST_6 : Operation 145 [1/1] (0.00ns)   --->   "call void (...)* @_ssdm_op_SpecInterface(half* %beta_buffer_13, [8 x i8]* @ap_fifo_str, i32 0, i32 0, [1 x i8]* @p_str, i32 0, i32 0, [1 x i8]* @p_str, [1 x i8]* @p_str, [1 x i8]* @p_str, i32 2, i32 2, i32 16, i32 16, [1 x i8]* @p_str, [1 x i8]* @p_str)"   --->   Operation 145 'specinterface' <Predicate = true> <Delay = 0.00>
ST_6 : Operation 146 [1/1] (0.00ns)   --->   "%empty_662 = call i32 (...)* @_ssdm_op_SpecChannel([15 x i8]* @beta_buffer_OC_14_st, i32 1, [1 x i8]* @p_str, [1 x i8]* @p_str, i32 2, i32 2, half* %beta_buffer_14, half* %beta_buffer_14)"   --->   Operation 146 'specchannel' 'empty_662' <Predicate = true> <Delay = 0.00>
ST_6 : Operation 147 [1/1] (0.00ns)   --->   "call void (...)* @_ssdm_op_SpecInterface(half* %beta_buffer_14, [8 x i8]* @ap_fifo_str, i32 0, i32 0, [1 x i8]* @p_str, i32 0, i32 0, [1 x i8]* @p_str, [1 x i8]* @p_str, [1 x i8]* @p_str, i32 2, i32 2, i32 16, i32 16, [1 x i8]* @p_str, [1 x i8]* @p_str)"   --->   Operation 147 'specinterface' <Predicate = true> <Delay = 0.00>
ST_6 : Operation 148 [1/1] (0.00ns)   --->   "%empty_663 = call i32 (...)* @_ssdm_op_SpecChannel([15 x i8]* @beta_buffer_OC_15_st, i32 1, [1 x i8]* @p_str, [1 x i8]* @p_str, i32 2, i32 2, half* %beta_buffer_15, half* %beta_buffer_15)"   --->   Operation 148 'specchannel' 'empty_663' <Predicate = true> <Delay = 0.00>
ST_6 : Operation 149 [1/1] (0.00ns)   --->   "call void (...)* @_ssdm_op_SpecInterface(half* %beta_buffer_15, [8 x i8]* @ap_fifo_str, i32 0, i32 0, [1 x i8]* @p_str, i32 0, i32 0, [1 x i8]* @p_str, [1 x i8]* @p_str, [1 x i8]* @p_str, i32 2, i32 2, i32 16, i32 16, [1 x i8]* @p_str, [1 x i8]* @p_str)"   --->   Operation 149 'specinterface' <Predicate = true> <Delay = 0.00>
ST_6 : Operation 150 [1/1] (0.00ns)   --->   "%empty_664 = call i32 (...)* @_ssdm_op_SpecChannel([16 x i8]* @output_buffer_OC_0_s, i32 1, [1 x i8]* @p_str, [1 x i8]* @p_str, i32 512, i32 512, half* %output_buffer_0, half* %output_buffer_0)"   --->   Operation 150 'specchannel' 'empty_664' <Predicate = true> <Delay = 0.00>
ST_6 : Operation 151 [1/1] (0.00ns)   --->   "call void (...)* @_ssdm_op_SpecInterface(half* %output_buffer_0, [8 x i8]* @ap_fifo_str, i32 0, i32 0, [1 x i8]* @p_str, i32 0, i32 0, [1 x i8]* @p_str, [1 x i8]* @p_str, [1 x i8]* @p_str, i32 2, i32 2, i32 16, i32 16, [1 x i8]* @p_str, [1 x i8]* @p_str)"   --->   Operation 151 'specinterface' <Predicate = true> <Delay = 0.00>
ST_6 : Operation 152 [1/1] (0.00ns)   --->   "%empty_665 = call i32 (...)* @_ssdm_op_SpecChannel([16 x i8]* @output_buffer_OC_1_s, i32 1, [1 x i8]* @p_str, [1 x i8]* @p_str, i32 512, i32 512, half* %output_buffer_1, half* %output_buffer_1)"   --->   Operation 152 'specchannel' 'empty_665' <Predicate = true> <Delay = 0.00>
ST_6 : Operation 153 [1/1] (0.00ns)   --->   "call void (...)* @_ssdm_op_SpecInterface(half* %output_buffer_1, [8 x i8]* @ap_fifo_str, i32 0, i32 0, [1 x i8]* @p_str, i32 0, i32 0, [1 x i8]* @p_str, [1 x i8]* @p_str, [1 x i8]* @p_str, i32 2, i32 2, i32 16, i32 16, [1 x i8]* @p_str, [1 x i8]* @p_str)"   --->   Operation 153 'specinterface' <Predicate = true> <Delay = 0.00>
ST_6 : Operation 154 [1/1] (0.00ns)   --->   "%empty_666 = call i32 (...)* @_ssdm_op_SpecChannel([16 x i8]* @output_buffer_OC_2_s, i32 1, [1 x i8]* @p_str, [1 x i8]* @p_str, i32 512, i32 512, half* %output_buffer_2, half* %output_buffer_2)"   --->   Operation 154 'specchannel' 'empty_666' <Predicate = true> <Delay = 0.00>
ST_6 : Operation 155 [1/1] (0.00ns)   --->   "call void (...)* @_ssdm_op_SpecInterface(half* %output_buffer_2, [8 x i8]* @ap_fifo_str, i32 0, i32 0, [1 x i8]* @p_str, i32 0, i32 0, [1 x i8]* @p_str, [1 x i8]* @p_str, [1 x i8]* @p_str, i32 2, i32 2, i32 16, i32 16, [1 x i8]* @p_str, [1 x i8]* @p_str)"   --->   Operation 155 'specinterface' <Predicate = true> <Delay = 0.00>
ST_6 : Operation 156 [1/1] (0.00ns)   --->   "%empty_667 = call i32 (...)* @_ssdm_op_SpecChannel([16 x i8]* @output_buffer_OC_3_s, i32 1, [1 x i8]* @p_str, [1 x i8]* @p_str, i32 512, i32 512, half* %output_buffer_3, half* %output_buffer_3)"   --->   Operation 156 'specchannel' 'empty_667' <Predicate = true> <Delay = 0.00>
ST_6 : Operation 157 [1/1] (0.00ns)   --->   "call void (...)* @_ssdm_op_SpecInterface(half* %output_buffer_3, [8 x i8]* @ap_fifo_str, i32 0, i32 0, [1 x i8]* @p_str, i32 0, i32 0, [1 x i8]* @p_str, [1 x i8]* @p_str, [1 x i8]* @p_str, i32 2, i32 2, i32 16, i32 16, [1 x i8]* @p_str, [1 x i8]* @p_str)"   --->   Operation 157 'specinterface' <Predicate = true> <Delay = 0.00>
ST_6 : Operation 158 [1/1] (0.00ns)   --->   "%empty_668 = call i32 (...)* @_ssdm_op_SpecChannel([16 x i8]* @output_buffer_OC_4_s, i32 1, [1 x i8]* @p_str, [1 x i8]* @p_str, i32 512, i32 512, half* %output_buffer_4, half* %output_buffer_4)"   --->   Operation 158 'specchannel' 'empty_668' <Predicate = true> <Delay = 0.00>
ST_6 : Operation 159 [1/1] (0.00ns)   --->   "call void (...)* @_ssdm_op_SpecInterface(half* %output_buffer_4, [8 x i8]* @ap_fifo_str, i32 0, i32 0, [1 x i8]* @p_str, i32 0, i32 0, [1 x i8]* @p_str, [1 x i8]* @p_str, [1 x i8]* @p_str, i32 2, i32 2, i32 16, i32 16, [1 x i8]* @p_str, [1 x i8]* @p_str)"   --->   Operation 159 'specinterface' <Predicate = true> <Delay = 0.00>
ST_6 : Operation 160 [1/1] (0.00ns)   --->   "%empty_669 = call i32 (...)* @_ssdm_op_SpecChannel([16 x i8]* @output_buffer_OC_5_s, i32 1, [1 x i8]* @p_str, [1 x i8]* @p_str, i32 512, i32 512, half* %output_buffer_5, half* %output_buffer_5)"   --->   Operation 160 'specchannel' 'empty_669' <Predicate = true> <Delay = 0.00>
ST_6 : Operation 161 [1/1] (0.00ns)   --->   "call void (...)* @_ssdm_op_SpecInterface(half* %output_buffer_5, [8 x i8]* @ap_fifo_str, i32 0, i32 0, [1 x i8]* @p_str, i32 0, i32 0, [1 x i8]* @p_str, [1 x i8]* @p_str, [1 x i8]* @p_str, i32 2, i32 2, i32 16, i32 16, [1 x i8]* @p_str, [1 x i8]* @p_str)"   --->   Operation 161 'specinterface' <Predicate = true> <Delay = 0.00>
ST_6 : Operation 162 [1/1] (0.00ns)   --->   "%empty_670 = call i32 (...)* @_ssdm_op_SpecChannel([16 x i8]* @output_buffer_OC_6_s, i32 1, [1 x i8]* @p_str, [1 x i8]* @p_str, i32 512, i32 512, half* %output_buffer_6, half* %output_buffer_6)"   --->   Operation 162 'specchannel' 'empty_670' <Predicate = true> <Delay = 0.00>
ST_6 : Operation 163 [1/1] (0.00ns)   --->   "call void (...)* @_ssdm_op_SpecInterface(half* %output_buffer_6, [8 x i8]* @ap_fifo_str, i32 0, i32 0, [1 x i8]* @p_str, i32 0, i32 0, [1 x i8]* @p_str, [1 x i8]* @p_str, [1 x i8]* @p_str, i32 2, i32 2, i32 16, i32 16, [1 x i8]* @p_str, [1 x i8]* @p_str)"   --->   Operation 163 'specinterface' <Predicate = true> <Delay = 0.00>
ST_6 : Operation 164 [1/1] (0.00ns)   --->   "%empty_671 = call i32 (...)* @_ssdm_op_SpecChannel([16 x i8]* @output_buffer_OC_7_s, i32 1, [1 x i8]* @p_str, [1 x i8]* @p_str, i32 512, i32 512, half* %output_buffer_7, half* %output_buffer_7)"   --->   Operation 164 'specchannel' 'empty_671' <Predicate = true> <Delay = 0.00>
ST_6 : Operation 165 [1/1] (0.00ns)   --->   "call void (...)* @_ssdm_op_SpecInterface(half* %output_buffer_7, [8 x i8]* @ap_fifo_str, i32 0, i32 0, [1 x i8]* @p_str, i32 0, i32 0, [1 x i8]* @p_str, [1 x i8]* @p_str, [1 x i8]* @p_str, i32 2, i32 2, i32 16, i32 16, [1 x i8]* @p_str, [1 x i8]* @p_str)"   --->   Operation 165 'specinterface' <Predicate = true> <Delay = 0.00>
ST_6 : Operation 166 [1/1] (0.00ns)   --->   "%empty_672 = call i32 (...)* @_ssdm_op_SpecChannel([16 x i8]* @output_buffer_OC_8_s, i32 1, [1 x i8]* @p_str, [1 x i8]* @p_str, i32 512, i32 512, half* %output_buffer_8, half* %output_buffer_8)"   --->   Operation 166 'specchannel' 'empty_672' <Predicate = true> <Delay = 0.00>
ST_6 : Operation 167 [1/1] (0.00ns)   --->   "call void (...)* @_ssdm_op_SpecInterface(half* %output_buffer_8, [8 x i8]* @ap_fifo_str, i32 0, i32 0, [1 x i8]* @p_str, i32 0, i32 0, [1 x i8]* @p_str, [1 x i8]* @p_str, [1 x i8]* @p_str, i32 2, i32 2, i32 16, i32 16, [1 x i8]* @p_str, [1 x i8]* @p_str)"   --->   Operation 167 'specinterface' <Predicate = true> <Delay = 0.00>
ST_6 : Operation 168 [1/1] (0.00ns)   --->   "%empty_673 = call i32 (...)* @_ssdm_op_SpecChannel([16 x i8]* @output_buffer_OC_9_s, i32 1, [1 x i8]* @p_str, [1 x i8]* @p_str, i32 512, i32 512, half* %output_buffer_9, half* %output_buffer_9)"   --->   Operation 168 'specchannel' 'empty_673' <Predicate = true> <Delay = 0.00>
ST_6 : Operation 169 [1/1] (0.00ns)   --->   "call void (...)* @_ssdm_op_SpecInterface(half* %output_buffer_9, [8 x i8]* @ap_fifo_str, i32 0, i32 0, [1 x i8]* @p_str, i32 0, i32 0, [1 x i8]* @p_str, [1 x i8]* @p_str, [1 x i8]* @p_str, i32 2, i32 2, i32 16, i32 16, [1 x i8]* @p_str, [1 x i8]* @p_str)"   --->   Operation 169 'specinterface' <Predicate = true> <Delay = 0.00>
ST_6 : Operation 170 [1/1] (0.00ns)   --->   "%empty_674 = call i32 (...)* @_ssdm_op_SpecChannel([17 x i8]* @output_buffer_OC_10_s, i32 1, [1 x i8]* @p_str, [1 x i8]* @p_str, i32 512, i32 512, half* %output_buffer_10, half* %output_buffer_10)"   --->   Operation 170 'specchannel' 'empty_674' <Predicate = true> <Delay = 0.00>
ST_6 : Operation 171 [1/1] (0.00ns)   --->   "call void (...)* @_ssdm_op_SpecInterface(half* %output_buffer_10, [8 x i8]* @ap_fifo_str, i32 0, i32 0, [1 x i8]* @p_str, i32 0, i32 0, [1 x i8]* @p_str, [1 x i8]* @p_str, [1 x i8]* @p_str, i32 2, i32 2, i32 16, i32 16, [1 x i8]* @p_str, [1 x i8]* @p_str)"   --->   Operation 171 'specinterface' <Predicate = true> <Delay = 0.00>
ST_6 : Operation 172 [1/1] (0.00ns)   --->   "%empty_675 = call i32 (...)* @_ssdm_op_SpecChannel([17 x i8]* @output_buffer_OC_11_s, i32 1, [1 x i8]* @p_str, [1 x i8]* @p_str, i32 512, i32 512, half* %output_buffer_11, half* %output_buffer_11)"   --->   Operation 172 'specchannel' 'empty_675' <Predicate = true> <Delay = 0.00>
ST_6 : Operation 173 [1/1] (0.00ns)   --->   "call void (...)* @_ssdm_op_SpecInterface(half* %output_buffer_11, [8 x i8]* @ap_fifo_str, i32 0, i32 0, [1 x i8]* @p_str, i32 0, i32 0, [1 x i8]* @p_str, [1 x i8]* @p_str, [1 x i8]* @p_str, i32 2, i32 2, i32 16, i32 16, [1 x i8]* @p_str, [1 x i8]* @p_str)"   --->   Operation 173 'specinterface' <Predicate = true> <Delay = 0.00>
ST_6 : Operation 174 [1/1] (0.00ns)   --->   "%empty_676 = call i32 (...)* @_ssdm_op_SpecChannel([17 x i8]* @output_buffer_OC_12_s, i32 1, [1 x i8]* @p_str, [1 x i8]* @p_str, i32 512, i32 512, half* %output_buffer_12, half* %output_buffer_12)"   --->   Operation 174 'specchannel' 'empty_676' <Predicate = true> <Delay = 0.00>
ST_6 : Operation 175 [1/1] (0.00ns)   --->   "call void (...)* @_ssdm_op_SpecInterface(half* %output_buffer_12, [8 x i8]* @ap_fifo_str, i32 0, i32 0, [1 x i8]* @p_str, i32 0, i32 0, [1 x i8]* @p_str, [1 x i8]* @p_str, [1 x i8]* @p_str, i32 2, i32 2, i32 16, i32 16, [1 x i8]* @p_str, [1 x i8]* @p_str)"   --->   Operation 175 'specinterface' <Predicate = true> <Delay = 0.00>
ST_6 : Operation 176 [1/1] (0.00ns)   --->   "%empty_677 = call i32 (...)* @_ssdm_op_SpecChannel([17 x i8]* @output_buffer_OC_13_s, i32 1, [1 x i8]* @p_str, [1 x i8]* @p_str, i32 512, i32 512, half* %output_buffer_13, half* %output_buffer_13)"   --->   Operation 176 'specchannel' 'empty_677' <Predicate = true> <Delay = 0.00>
ST_6 : Operation 177 [1/1] (0.00ns)   --->   "call void (...)* @_ssdm_op_SpecInterface(half* %output_buffer_13, [8 x i8]* @ap_fifo_str, i32 0, i32 0, [1 x i8]* @p_str, i32 0, i32 0, [1 x i8]* @p_str, [1 x i8]* @p_str, [1 x i8]* @p_str, i32 2, i32 2, i32 16, i32 16, [1 x i8]* @p_str, [1 x i8]* @p_str)"   --->   Operation 177 'specinterface' <Predicate = true> <Delay = 0.00>
ST_6 : Operation 178 [1/1] (0.00ns)   --->   "%empty_678 = call i32 (...)* @_ssdm_op_SpecChannel([17 x i8]* @output_buffer_OC_14_s, i32 1, [1 x i8]* @p_str, [1 x i8]* @p_str, i32 512, i32 512, half* %output_buffer_14, half* %output_buffer_14)"   --->   Operation 178 'specchannel' 'empty_678' <Predicate = true> <Delay = 0.00>
ST_6 : Operation 179 [1/1] (0.00ns)   --->   "call void (...)* @_ssdm_op_SpecInterface(half* %output_buffer_14, [8 x i8]* @ap_fifo_str, i32 0, i32 0, [1 x i8]* @p_str, i32 0, i32 0, [1 x i8]* @p_str, [1 x i8]* @p_str, [1 x i8]* @p_str, i32 2, i32 2, i32 16, i32 16, [1 x i8]* @p_str, [1 x i8]* @p_str)"   --->   Operation 179 'specinterface' <Predicate = true> <Delay = 0.00>
ST_6 : Operation 180 [1/1] (0.00ns)   --->   "%empty_679 = call i32 (...)* @_ssdm_op_SpecChannel([17 x i8]* @output_buffer_OC_15_s, i32 1, [1 x i8]* @p_str, [1 x i8]* @p_str, i32 512, i32 512, half* %output_buffer_15, half* %output_buffer_15)"   --->   Operation 180 'specchannel' 'empty_679' <Predicate = true> <Delay = 0.00>
ST_6 : Operation 181 [1/1] (0.00ns)   --->   "call void (...)* @_ssdm_op_SpecInterface(half* %output_buffer_15, [8 x i8]* @ap_fifo_str, i32 0, i32 0, [1 x i8]* @p_str, i32 0, i32 0, [1 x i8]* @p_str, [1 x i8]* @p_str, [1 x i8]* @p_str, i32 2, i32 2, i32 16, i32 16, [1 x i8]* @p_str, [1 x i8]* @p_str)"   --->   Operation 181 'specinterface' <Predicate = true> <Delay = 0.00>
ST_6 : Operation 182 [1/1] (0.00ns)   --->   "call void (...)* @_ssdm_op_SpecMemCore(half* %output_buffer_0, half* %output_buffer_1, half* %output_buffer_2, half* %output_buffer_3, half* %output_buffer_4, half* %output_buffer_5, half* %output_buffer_6, half* %output_buffer_7, half* %output_buffer_8, half* %output_buffer_9, half* %output_buffer_10, half* %output_buffer_11, half* %output_buffer_12, half* %output_buffer_13, half* %output_buffer_14, half* %output_buffer_15, [1 x i8]* @p_str, [10 x i8]* @p_str71, [1 x i8]* @p_str, i32 -1, [1 x i8]* @p_str, [1 x i8]* @p_str, [1 x i8]* @p_str, [1 x i8]* @p_str, [1 x i8]* @p_str)" [mobile_net_hls_v1/conv.hpp:595]   --->   Operation 182 'specmemcore' <Predicate = true> <Delay = 0.00>
ST_6 : Operation 183 [1/1] (0.00ns)   --->   "%empty_680 = call i32 (...)* @_ssdm_op_SpecChannel([14 x i8]* @data_buffer_OC_V_str, i32 1, [1 x i8]* @p_str, [1 x i8]* @p_str, i32 2, i32 2, i1* %data_buffer_V, i1* %data_buffer_V)"   --->   Operation 183 'specchannel' 'empty_680' <Predicate = true> <Delay = 0.00>
ST_6 : Operation 184 [1/1] (0.00ns)   --->   "call void (...)* @_ssdm_op_SpecInterface(i1* %data_buffer_V, [8 x i8]* @ap_fifo_str, i32 0, i32 0, [1 x i8]* @p_str, i32 0, i32 0, [1 x i8]* @p_str, [1 x i8]* @p_str, [1 x i8]* @p_str, i32 2, i32 2, i32 16, i32 16, [1 x i8]* @p_str, [1 x i8]* @p_str)"   --->   Operation 184 'specinterface' <Predicate = true> <Delay = 0.00>
ST_6 : Operation 185 [1/1] (0.00ns)   --->   "%empty_681 = call i32 (...)* @_ssdm_op_SpecChannel([16 x i8]* @result_buffer_OC_V_s, i32 1, [1 x i8]* @p_str, [1 x i8]* @p_str, i32 2, i32 2, i1* %result_buffer_V, i1* %result_buffer_V)"   --->   Operation 185 'specchannel' 'empty_681' <Predicate = true> <Delay = 0.00>
ST_6 : Operation 186 [1/1] (0.00ns)   --->   "call void (...)* @_ssdm_op_SpecInterface(i1* %result_buffer_V, [8 x i8]* @ap_fifo_str, i32 0, i32 0, [1 x i8]* @p_str, i32 0, i32 0, [1 x i8]* @p_str, [1 x i8]* @p_str, [1 x i8]* @p_str, i32 2, i32 2, i32 16, i32 16, [1 x i8]* @p_str, [1 x i8]* @p_str)"   --->   Operation 186 'specinterface' <Predicate = true> <Delay = 0.00>
ST_6 : Operation 187 [1/1] (0.00ns)   --->   "%empty_682 = call i32 (...)* @_ssdm_op_SpecChannel([9 x i8]* @data_c_OC_V_str, i32 1, [1 x i8]* @p_str, [1 x i8]* @p_str, i32 2, i32 2, i32* %data_c_V, i32* %data_c_V)"   --->   Operation 187 'specchannel' 'empty_682' <Predicate = true> <Delay = 0.00>
ST_6 : Operation 188 [1/1] (0.00ns)   --->   "call void (...)* @_ssdm_op_SpecInterface(i32* %data_c_V, [8 x i8]* @ap_fifo_str, i32 0, i32 0, [1 x i8]* @p_str, i32 0, i32 0, [1 x i8]* @p_str, [1 x i8]* @p_str, [1 x i8]* @p_str, i32 2, i32 2, i32 16, i32 16, [1 x i8]* @p_str, [1 x i8]* @p_str)"   --->   Operation 188 'specinterface' <Predicate = true> <Delay = 0.00>
ST_6 : Operation 189 [1/1] (0.00ns)   --->   "%empty_683 = call i32 (...)* @_ssdm_op_SpecChannel([9 x i8]* @data_r_OC_V_str, i32 1, [1 x i8]* @p_str, [1 x i8]* @p_str, i32 2, i32 2, i32* %data_r_V, i32* %data_r_V)"   --->   Operation 189 'specchannel' 'empty_683' <Predicate = true> <Delay = 0.00>
ST_6 : Operation 190 [1/1] (0.00ns)   --->   "call void (...)* @_ssdm_op_SpecInterface(i32* %data_r_V, [8 x i8]* @ap_fifo_str, i32 0, i32 0, [1 x i8]* @p_str, i32 0, i32 0, [1 x i8]* @p_str, [1 x i8]* @p_str, [1 x i8]* @p_str, i32 2, i32 2, i32 16, i32 16, [1 x i8]* @p_str, [1 x i8]* @p_str)"   --->   Operation 190 'specinterface' <Predicate = true> <Delay = 0.00>
ST_6 : Operation 191 [1/1] (0.00ns)   --->   "%empty_684 = call i32 (...)* @_ssdm_op_SpecChannel([9 x i8]* @data_m_OC_V_str, i32 1, [1 x i8]* @p_str, [1 x i8]* @p_str, i32 2, i32 2, i32* %data_m_V, i32* %data_m_V)"   --->   Operation 191 'specchannel' 'empty_684' <Predicate = true> <Delay = 0.00>
ST_6 : Operation 192 [1/1] (0.00ns)   --->   "call void (...)* @_ssdm_op_SpecInterface(i32* %data_m_V, [8 x i8]* @ap_fifo_str, i32 0, i32 0, [1 x i8]* @p_str, i32 0, i32 0, [1 x i8]* @p_str, [1 x i8]* @p_str, [1 x i8]* @p_str, i32 2, i32 2, i32 16, i32 16, [1 x i8]* @p_str, [1 x i8]* @p_str)"   --->   Operation 192 'specinterface' <Predicate = true> <Delay = 0.00>
ST_6 : Operation 193 [1/1] (0.00ns)   --->   "%empty_685 = call i32 (...)* @_ssdm_op_SpecChannel([9 x i8]* @data_n_OC_V_str, i32 1, [1 x i8]* @p_str, [1 x i8]* @p_str, i32 2, i32 2, i32* %data_n_V, i32* %data_n_V)"   --->   Operation 193 'specchannel' 'empty_685' <Predicate = true> <Delay = 0.00>
ST_6 : Operation 194 [1/1] (0.00ns)   --->   "call void (...)* @_ssdm_op_SpecInterface(i32* %data_n_V, [8 x i8]* @ap_fifo_str, i32 0, i32 0, [1 x i8]* @p_str, i32 0, i32 0, [1 x i8]* @p_str, [1 x i8]* @p_str, [1 x i8]* @p_str, i32 2, i32 2, i32 16, i32 16, [1 x i8]* @p_str, [1 x i8]* @p_str)"   --->   Operation 194 'specinterface' <Predicate = true> <Delay = 0.00>
ST_6 : Operation 195 [1/1] (0.00ns)   --->   "%empty_686 = call i32 (...)* @_ssdm_op_SpecChannel([11 x i8]* @result_c_OC_V_str, i32 1, [1 x i8]* @p_str, [1 x i8]* @p_str, i32 2, i32 2, i32* %result_c_V, i32* %result_c_V)"   --->   Operation 195 'specchannel' 'empty_686' <Predicate = true> <Delay = 0.00>
ST_6 : Operation 196 [1/1] (0.00ns)   --->   "call void (...)* @_ssdm_op_SpecInterface(i32* %result_c_V, [8 x i8]* @ap_fifo_str, i32 0, i32 0, [1 x i8]* @p_str, i32 0, i32 0, [1 x i8]* @p_str, [1 x i8]* @p_str, [1 x i8]* @p_str, i32 2, i32 2, i32 16, i32 16, [1 x i8]* @p_str, [1 x i8]* @p_str)"   --->   Operation 196 'specinterface' <Predicate = true> <Delay = 0.00>
ST_6 : Operation 197 [1/1] (0.00ns)   --->   "%empty_687 = call i32 (...)* @_ssdm_op_SpecChannel([11 x i8]* @result_r_OC_V_str, i32 1, [1 x i8]* @p_str, [1 x i8]* @p_str, i32 2, i32 2, i32* %result_r_V, i32* %result_r_V)"   --->   Operation 197 'specchannel' 'empty_687' <Predicate = true> <Delay = 0.00>
ST_6 : Operation 198 [1/1] (0.00ns)   --->   "call void (...)* @_ssdm_op_SpecInterface(i32* %result_r_V, [8 x i8]* @ap_fifo_str, i32 0, i32 0, [1 x i8]* @p_str, i32 0, i32 0, [1 x i8]* @p_str, [1 x i8]* @p_str, [1 x i8]* @p_str, i32 2, i32 2, i32 16, i32 16, [1 x i8]* @p_str, [1 x i8]* @p_str)"   --->   Operation 198 'specinterface' <Predicate = true> <Delay = 0.00>
ST_6 : Operation 199 [1/1] (0.00ns)   --->   "%empty_688 = call i32 (...)* @_ssdm_op_SpecChannel([11 x i8]* @result_m_OC_V_str, i32 1, [1 x i8]* @p_str, [1 x i8]* @p_str, i32 2, i32 2, i32* %result_m_V, i32* %result_m_V)"   --->   Operation 199 'specchannel' 'empty_688' <Predicate = true> <Delay = 0.00>
ST_6 : Operation 200 [1/1] (0.00ns)   --->   "call void (...)* @_ssdm_op_SpecInterface(i32* %result_m_V, [8 x i8]* @ap_fifo_str, i32 0, i32 0, [1 x i8]* @p_str, i32 0, i32 0, [1 x i8]* @p_str, [1 x i8]* @p_str, [1 x i8]* @p_str, i32 2, i32 2, i32 16, i32 16, [1 x i8]* @p_str, [1 x i8]* @p_str)"   --->   Operation 200 'specinterface' <Predicate = true> <Delay = 0.00>
ST_6 : Operation 201 [1/1] (0.00ns)   --->   "%empty_689 = call i32 (...)* @_ssdm_op_SpecChannel([11 x i8]* @result_n_OC_V_str, i32 1, [1 x i8]* @p_str, [1 x i8]* @p_str, i32 2, i32 2, i32* %result_n_V, i32* %result_n_V)"   --->   Operation 201 'specchannel' 'empty_689' <Predicate = true> <Delay = 0.00>
ST_6 : Operation 202 [1/1] (0.00ns)   --->   "call void (...)* @_ssdm_op_SpecInterface(i32* %result_n_V, [8 x i8]* @ap_fifo_str, i32 0, i32 0, [1 x i8]* @p_str, i32 0, i32 0, [1 x i8]* @p_str, [1 x i8]* @p_str, [1 x i8]* @p_str, i32 2, i32 2, i32 16, i32 16, [1 x i8]* @p_str, [1 x i8]* @p_str)"   --->   Operation 202 'specinterface' <Predicate = true> <Delay = 0.00>
ST_6 : Operation 203 [1/1] (0.00ns)   --->   "%empty_690 = call i32 (...)* @_ssdm_op_SpecChannel([17 x i8]* @outputs_OC_offset_c_1, i32 1, [1 x i8]* @p_str, [1 x i8]* @p_str, i32 3, i32 0, i31* %outputs_offset_c, i31* %outputs_offset_c)"   --->   Operation 203 'specchannel' 'empty_690' <Predicate = true> <Delay = 0.00>
ST_6 : Operation 204 [1/1] (0.00ns)   --->   "call void (...)* @_ssdm_op_SpecInterface(i31* %outputs_offset_c, [8 x i8]* @ap_fifo_str, i32 0, i32 0, [1 x i8]* @p_str, i32 0, i32 0, [1 x i8]* @p_str, [1 x i8]* @p_str, [1 x i8]* @p_str, i32 2, i32 2, i32 16, i32 16, [1 x i8]* @p_str, [1 x i8]* @p_str)"   --->   Operation 204 'specinterface' <Predicate = true> <Delay = 0.00>
ST_6 : Operation 205 [1/2] (0.00ns)   --->   "call void @output_result.5(half* %outputs, i31* nocapture %outputs_offset_c, half* %output_buffer_0, half* %output_buffer_1, half* %output_buffer_2, half* %output_buffer_3, half* %output_buffer_4, half* %output_buffer_5, half* %output_buffer_6, half* %output_buffer_7, half* %output_buffer_8, half* %output_buffer_9, half* %output_buffer_10, half* %output_buffer_11, half* %output_buffer_12, half* %output_buffer_13, half* %output_buffer_14, half* %output_buffer_15, i1* %result_buffer_V, i32* %result_c_V, i32* %result_r_V, i32* %result_m_V, i32* %result_n_V, i1* %cntl_V)"   --->   Operation 205 'call' <Predicate = true> <Delay = 0.00> <CoreType = "Generic">   --->   Core 0 '' <Latency = 0> <II = 1> <Delay = 1.00> <Generic> <Opcode : >
ST_6 : Operation 206 [1/1] (0.00ns)   --->   "ret void" [mobile_net_hls_v1/conv.hpp:630]   --->   Operation 206 'ret' <Predicate = true> <Delay = 0.00>


============================================================
+ Verbose Summary: Timing violations
============================================================
Target clock period: 4.2ns, clock uncertainty: 0.525ns.

 <State 1>: 1.84ns
The critical path consists of the following:
	wire read on port 'outputs_offset' [10]  (0 ns)
	'call' operation to 'load_data131' [203]  (1.84 ns)

 <State 2>: 0ns
The critical path consists of the following:

 <State 3>: 0ns
The critical path consists of the following:

 <State 4>: 0ns
The critical path consists of the following:

 <State 5>: 0ns
The critical path consists of the following:

 <State 6>: 0ns
The critical path consists of the following:


============================================================
+ Verbose Summary: Binding
============================================================
N/A
* FSMD analyzer results:
  - Output states:
 - Input state : 
  - Chain level:
	State 1
	State 2
	State 3
	State 4
	State 5
	State 6


============================================================
+ Verbose Summary: Datapath Resource usage 
============================================================
N/A
