

================================================================
== Vivado HLS Report for 'apply_9'
================================================================
* Date:           Sun Apr 28 15:50:09 2019

* Version:        2018.3 (Build 2405991 on Thu Dec 06 23:56:15 MST 2018)
* Project:        mobile_net_hls_v1
* Solution:       solution1
* Product family: zynquplus
* Target device:  xczu9eg-ffvb1156-2-i


================================================================
== Performance Estimates
================================================================
+ Timing (ns): 
    * Summary: 
    +--------+-------+----------+------------+
    |  Clock | Target| Estimated| Uncertainty|
    +--------+-------+----------+------------+
    |ap_clk  |   4.20|     3.675|        0.52|
    +--------+-------+----------+------------+

+ Latency (clock cycles): 
    * Summary: 
    +-----+-----+-----+-----+----------+
    |  Latency  |  Interval | Pipeline |
    | min | max | min | max |   Type   |
    +-----+-----+-----+-----+----------+
    |    ?|    ?|    ?|    ?| dataflow |
    +-----+-----+-----+-----+----------+

    + Detail: 
        * Instance: 
        +-----------------------------+------------------+-----+-----+-----+-----+---------+
        |                             |                  |  Latency  |  Interval | Pipeline|
        |           Instance          |      Module      | min | max | min | max |   Type  |
        +-----------------------------+------------------+-----+-----+-----+-----+---------+
        |grp_compute_pro_10_fu_262    |compute_pro_10    |    ?|    ?|    ?|    ?|   none  |
        |grp_load_data322134_fu_287   |load_data322134   |    ?|    ?|    ?|    ?|   none  |
        |grp_output_result_10_fu_326  |output_result_10  |    ?|    ?|    ?|    ?|   none  |
        +-----------------------------+------------------+-----+-----+-----+-----+---------+

        * Loop: 
        N/A

============================================================
+ Verbose Summary: Synthesis Manager
============================================================
InlineROM: 1
ExposeGlobal: 0
============================================================
+ Verbose Summary: CDFG Model
============================================================
IsTopModel: 0
ResetActiveHigh: 1
IsCombinational: 2
IsDatapathOnly: 0
HasWiredReturn: 1
HasMFsm: 0
HasVarLatency: 1
IsPipeline: 0
IsRtlPipelined: 0
IsInstanceOverlapped: 0
IsDontTouch: 0
HasImplIP: 0
IsGatedGlobalClock: 0


============================================================
+ Verbose Summary: Schedule
============================================================
* Number of FSM states : 6
* Pipeline : 0
* Dataflow Pipeline: 1
  DF-Pipeline-0: Size = 6, States = { 1 2 3 4 5 6 }

* FSM state transitions: 
1 --> 
	2  / true
2 --> 
	3  / true
3 --> 
	4  / true
4 --> 
	5  / true
5 --> 
	6  / true
6 --> 

* FSM state operations: 

State 1 <SV = 0> <Delay = 1.83>
ST_1 : Operation 7 [1/1] (0.00ns)   --->   "%outputs_offset2_read = call i20 @_ssdm_op_Read.ap_auto.i20(i20 %outputs_offset2)"   --->   Operation 7 'read' 'outputs_offset2_read' <Predicate = true> <Delay = 0.00>
ST_1 : Operation 8 [1/1] (0.00ns)   --->   "%outputs_offset_read = call i31 @_ssdm_op_Read.ap_auto.i31(i31 %outputs_offset)"   --->   Operation 8 'read' 'outputs_offset_read' <Predicate = true> <Delay = 0.00>
ST_1 : Operation 9 [1/1] (0.00ns)   --->   "%betas_offset_read = call i31 @_ssdm_op_Read.ap_auto.i31(i31 %betas_offset)"   --->   Operation 9 'read' 'betas_offset_read' <Predicate = true> <Delay = 0.00>
ST_1 : Operation 10 [1/1] (0.00ns)   --->   "%weights_offset_read = call i31 @_ssdm_op_Read.ap_auto.i31(i31 %weights_offset)"   --->   Operation 10 'read' 'weights_offset_read' <Predicate = true> <Delay = 0.00>
ST_1 : Operation 11 [1/1] (0.00ns)   --->   "%inputs_offset1_read = call i22 @_ssdm_op_Read.ap_auto.i22(i22 %inputs_offset1)"   --->   Operation 11 'read' 'inputs_offset1_read' <Predicate = true> <Delay = 0.00>
ST_1 : Operation 12 [1/1] (0.00ns)   --->   "%inputs_offset_read = call i31 @_ssdm_op_Read.ap_auto.i31(i31 %inputs_offset)"   --->   Operation 12 'read' 'inputs_offset_read' <Predicate = true> <Delay = 0.00>
ST_1 : Operation 13 [1/1] (0.00ns)   --->   "%outputs_offset_c5 = alloca i31, align 4"   --->   Operation 13 'alloca' 'outputs_offset_c5' <Predicate = true> <Delay = 0.00> <Core = "FIFO">   --->   Core 32 'FIFO' <Latency = 0> <II = 1> <Delay = 2.02> <Storage> <Opcode : 'read' 'write' 'nbread' 'nbwrite'> <Ports = 0> <Width = 31> <Depth = 15> <FIFO>
ST_1 : Operation 14 [1/1] (0.00ns)   --->   "%outputs_offset_c = alloca i20, align 4" [mobile_net_hls_v1/conv.hpp:1056]   --->   Operation 14 'alloca' 'outputs_offset_c' <Predicate = true> <Delay = 0.00> <Core = "FIFO">   --->   Core 32 'FIFO' <Latency = 0> <II = 1> <Delay = 2.02> <Storage> <Opcode : 'read' 'write' 'nbread' 'nbwrite'> <Ports = 0> <Width = 31> <Depth = 15> <FIFO>
ST_1 : Operation 15 [1/1] (0.00ns)   --->   "%input_buffer_V = alloca half, align 2" [mobile_net_hls_v1/conv.hpp:1017]   --->   Operation 15 'alloca' 'input_buffer_V' <Predicate = true> <Delay = 0.00> <Core = "FIFO_BRAM">   --->   Core 34 'FIFO_BRAM' <Latency = 0> <II = 1> <Delay = 1.63> <Storage> <Opcode : 'read' 'write' 'nbread' 'nbwrite'> <Ports = 0> <Width = 16> <Depth = 0> <FIFO>
ST_1 : Operation 16 [1/1] (0.00ns)   --->   "%weight_buffer_0_V = alloca half, align 2" [mobile_net_hls_v1/conv.hpp:1020]   --->   Operation 16 'alloca' 'weight_buffer_0_V' <Predicate = true> <Delay = 0.00> <Core = "FIFO_BRAM">   --->   Core 34 'FIFO_BRAM' <Latency = 0> <II = 1> <Delay = 1.63> <Storage> <Opcode : 'read' 'write' 'nbread' 'nbwrite'> <Ports = 0> <Width = 16> <Depth = 0> <FIFO>
ST_1 : Operation 17 [1/1] (0.00ns)   --->   "%weight_buffer_1_V = alloca half, align 2" [mobile_net_hls_v1/conv.hpp:1020]   --->   Operation 17 'alloca' 'weight_buffer_1_V' <Predicate = true> <Delay = 0.00> <Core = "FIFO_BRAM">   --->   Core 34 'FIFO_BRAM' <Latency = 0> <II = 1> <Delay = 1.63> <Storage> <Opcode : 'read' 'write' 'nbread' 'nbwrite'> <Ports = 0> <Width = 16> <Depth = 0> <FIFO>
ST_1 : Operation 18 [1/1] (0.00ns)   --->   "%weight_buffer_2_V = alloca half, align 2" [mobile_net_hls_v1/conv.hpp:1020]   --->   Operation 18 'alloca' 'weight_buffer_2_V' <Predicate = true> <Delay = 0.00> <Core = "FIFO_BRAM">   --->   Core 34 'FIFO_BRAM' <Latency = 0> <II = 1> <Delay = 1.63> <Storage> <Opcode : 'read' 'write' 'nbread' 'nbwrite'> <Ports = 0> <Width = 16> <Depth = 0> <FIFO>
ST_1 : Operation 19 [1/1] (0.00ns)   --->   "%weight_buffer_3_V = alloca half, align 2" [mobile_net_hls_v1/conv.hpp:1020]   --->   Operation 19 'alloca' 'weight_buffer_3_V' <Predicate = true> <Delay = 0.00> <Core = "FIFO_BRAM">   --->   Core 34 'FIFO_BRAM' <Latency = 0> <II = 1> <Delay = 1.63> <Storage> <Opcode : 'read' 'write' 'nbread' 'nbwrite'> <Ports = 0> <Width = 16> <Depth = 0> <FIFO>
ST_1 : Operation 20 [1/1] (0.00ns)   --->   "%weight_buffer_4_V = alloca half, align 2" [mobile_net_hls_v1/conv.hpp:1020]   --->   Operation 20 'alloca' 'weight_buffer_4_V' <Predicate = true> <Delay = 0.00> <Core = "FIFO_BRAM">   --->   Core 34 'FIFO_BRAM' <Latency = 0> <II = 1> <Delay = 1.63> <Storage> <Opcode : 'read' 'write' 'nbread' 'nbwrite'> <Ports = 0> <Width = 16> <Depth = 0> <FIFO>
ST_1 : Operation 21 [1/1] (0.00ns)   --->   "%weight_buffer_5_V = alloca half, align 2" [mobile_net_hls_v1/conv.hpp:1020]   --->   Operation 21 'alloca' 'weight_buffer_5_V' <Predicate = true> <Delay = 0.00> <Core = "FIFO_BRAM">   --->   Core 34 'FIFO_BRAM' <Latency = 0> <II = 1> <Delay = 1.63> <Storage> <Opcode : 'read' 'write' 'nbread' 'nbwrite'> <Ports = 0> <Width = 16> <Depth = 0> <FIFO>
ST_1 : Operation 22 [1/1] (0.00ns)   --->   "%weight_buffer_6_V = alloca half, align 2" [mobile_net_hls_v1/conv.hpp:1020]   --->   Operation 22 'alloca' 'weight_buffer_6_V' <Predicate = true> <Delay = 0.00> <Core = "FIFO_BRAM">   --->   Core 34 'FIFO_BRAM' <Latency = 0> <II = 1> <Delay = 1.63> <Storage> <Opcode : 'read' 'write' 'nbread' 'nbwrite'> <Ports = 0> <Width = 16> <Depth = 0> <FIFO>
ST_1 : Operation 23 [1/1] (0.00ns)   --->   "%weight_buffer_7_V = alloca half, align 2" [mobile_net_hls_v1/conv.hpp:1020]   --->   Operation 23 'alloca' 'weight_buffer_7_V' <Predicate = true> <Delay = 0.00> <Core = "FIFO_BRAM">   --->   Core 34 'FIFO_BRAM' <Latency = 0> <II = 1> <Delay = 1.63> <Storage> <Opcode : 'read' 'write' 'nbread' 'nbwrite'> <Ports = 0> <Width = 16> <Depth = 0> <FIFO>
ST_1 : Operation 24 [1/1] (0.00ns)   --->   "%weight_buffer_8_V = alloca half, align 2" [mobile_net_hls_v1/conv.hpp:1020]   --->   Operation 24 'alloca' 'weight_buffer_8_V' <Predicate = true> <Delay = 0.00> <Core = "FIFO_BRAM">   --->   Core 34 'FIFO_BRAM' <Latency = 0> <II = 1> <Delay = 1.63> <Storage> <Opcode : 'read' 'write' 'nbread' 'nbwrite'> <Ports = 0> <Width = 16> <Depth = 0> <FIFO>
ST_1 : Operation 25 [1/1] (0.00ns)   --->   "%beta_buffer_V = alloca half, align 2" [mobile_net_hls_v1/conv.hpp:1023]   --->   Operation 25 'alloca' 'beta_buffer_V' <Predicate = true> <Delay = 0.00> <Core = "FIFO_BRAM">   --->   Core 34 'FIFO_BRAM' <Latency = 0> <II = 1> <Delay = 1.63> <Storage> <Opcode : 'read' 'write' 'nbread' 'nbwrite'> <Ports = 0> <Width = 16> <Depth = 0> <FIFO>
ST_1 : Operation 26 [1/1] (0.00ns)   --->   "%output_buffer_0_V = alloca half, align 2" [mobile_net_hls_v1/conv.hpp:1026]   --->   Operation 26 'alloca' 'output_buffer_0_V' <Predicate = true> <Delay = 0.00> <Core = "FIFO_BRAM">   --->   Core 34 'FIFO_BRAM' <Latency = 0> <II = 1> <Delay = 1.63> <Storage> <Opcode : 'read' 'write' 'nbread' 'nbwrite'> <Ports = 0> <Width = 16> <Depth = 0> <FIFO>
ST_1 : Operation 27 [1/1] (0.00ns)   --->   "%output_buffer_1_V = alloca half, align 2" [mobile_net_hls_v1/conv.hpp:1026]   --->   Operation 27 'alloca' 'output_buffer_1_V' <Predicate = true> <Delay = 0.00> <Core = "FIFO_BRAM">   --->   Core 34 'FIFO_BRAM' <Latency = 0> <II = 1> <Delay = 1.63> <Storage> <Opcode : 'read' 'write' 'nbread' 'nbwrite'> <Ports = 0> <Width = 16> <Depth = 0> <FIFO>
ST_1 : Operation 28 [1/1] (0.00ns)   --->   "%data_buffer_V = alloca i1, align 1" [mobile_net_hls_v1/conv.hpp:1030]   --->   Operation 28 'alloca' 'data_buffer_V' <Predicate = true> <Delay = 0.00> <Core = "FIFO">   --->   Core 32 'FIFO' <Latency = 0> <II = 1> <Delay = 2.02> <Storage> <Opcode : 'read' 'write' 'nbread' 'nbwrite'> <Ports = 0> <Width = 31> <Depth = 15> <FIFO>
ST_1 : Operation 29 [1/1] (0.00ns)   --->   "%result_buffer_V = alloca i1, align 1" [mobile_net_hls_v1/conv.hpp:1032]   --->   Operation 29 'alloca' 'result_buffer_V' <Predicate = true> <Delay = 0.00> <Core = "FIFO">   --->   Core 32 'FIFO' <Latency = 0> <II = 1> <Delay = 2.02> <Storage> <Opcode : 'read' 'write' 'nbread' 'nbwrite'> <Ports = 0> <Width = 31> <Depth = 15> <FIFO>
ST_1 : Operation 30 [1/1] (0.00ns)   --->   "%data_c_V = alloca i32, align 4" [mobile_net_hls_v1/conv.hpp:1035]   --->   Operation 30 'alloca' 'data_c_V' <Predicate = true> <Delay = 0.00> <Core = "FIFO">   --->   Core 32 'FIFO' <Latency = 0> <II = 1> <Delay = 2.02> <Storage> <Opcode : 'read' 'write' 'nbread' 'nbwrite'> <Ports = 0> <Width = 31> <Depth = 15> <FIFO>
ST_1 : Operation 31 [1/1] (0.00ns)   --->   "%data_r_V = alloca i32, align 4" [mobile_net_hls_v1/conv.hpp:1037]   --->   Operation 31 'alloca' 'data_r_V' <Predicate = true> <Delay = 0.00> <Core = "FIFO">   --->   Core 32 'FIFO' <Latency = 0> <II = 1> <Delay = 2.02> <Storage> <Opcode : 'read' 'write' 'nbread' 'nbwrite'> <Ports = 0> <Width = 31> <Depth = 15> <FIFO>
ST_1 : Operation 32 [1/1] (0.00ns)   --->   "%data_n_V = alloca i32, align 4" [mobile_net_hls_v1/conv.hpp:1039]   --->   Operation 32 'alloca' 'data_n_V' <Predicate = true> <Delay = 0.00> <Core = "FIFO">   --->   Core 32 'FIFO' <Latency = 0> <II = 1> <Delay = 2.02> <Storage> <Opcode : 'read' 'write' 'nbread' 'nbwrite'> <Ports = 0> <Width = 31> <Depth = 15> <FIFO>
ST_1 : Operation 33 [1/1] (0.00ns)   --->   "%result_c_V = alloca i32, align 4" [mobile_net_hls_v1/conv.hpp:1042]   --->   Operation 33 'alloca' 'result_c_V' <Predicate = true> <Delay = 0.00> <Core = "FIFO">   --->   Core 32 'FIFO' <Latency = 0> <II = 1> <Delay = 2.02> <Storage> <Opcode : 'read' 'write' 'nbread' 'nbwrite'> <Ports = 0> <Width = 31> <Depth = 15> <FIFO>
ST_1 : Operation 34 [1/1] (0.00ns)   --->   "%result_r_V = alloca i32, align 4" [mobile_net_hls_v1/conv.hpp:1044]   --->   Operation 34 'alloca' 'result_r_V' <Predicate = true> <Delay = 0.00> <Core = "FIFO">   --->   Core 32 'FIFO' <Latency = 0> <II = 1> <Delay = 2.02> <Storage> <Opcode : 'read' 'write' 'nbread' 'nbwrite'> <Ports = 0> <Width = 31> <Depth = 15> <FIFO>
ST_1 : Operation 35 [1/1] (0.00ns)   --->   "%result_n_V = alloca i32, align 4" [mobile_net_hls_v1/conv.hpp:1046]   --->   Operation 35 'alloca' 'result_n_V' <Predicate = true> <Delay = 0.00> <Core = "FIFO">   --->   Core 32 'FIFO' <Latency = 0> <II = 1> <Delay = 2.02> <Storage> <Opcode : 'read' 'write' 'nbread' 'nbwrite'> <Ports = 0> <Width = 31> <Depth = 15> <FIFO>
ST_1 : Operation 36 [2/2] (1.83ns)   --->   "call void @load_data322134(half* %inputs, i31 %inputs_offset_read, i22 %inputs_offset1_read, half* %weights, i31 %weights_offset_read, half* %betas, i31 %betas_offset_read, half* %input_buffer_V, half* %weight_buffer_0_V, half* %weight_buffer_1_V, half* %weight_buffer_2_V, half* %weight_buffer_3_V, half* %weight_buffer_4_V, half* %weight_buffer_5_V, half* %weight_buffer_6_V, half* %weight_buffer_7_V, half* %weight_buffer_8_V, half* %beta_buffer_V, i1* %data_buffer_V, i32* %data_c_V, i32* %data_r_V, i32* %data_n_V, i20 %outputs_offset2_read, i20* %outputs_offset_c, i31 %outputs_offset_read, i31* %outputs_offset_c5)" [mobile_net_hls_v1/conv.hpp:1056]   --->   Operation 36 'call' <Predicate = true> <Delay = 1.83> <CoreType = "Generic">   --->   Core 0 '' <Latency = 0> <II = 1> <Delay = 1.00> <Generic> <Opcode : >

State 2 <SV = 1> <Delay = 0.00>
ST_2 : Operation 37 [1/2] (0.00ns)   --->   "call void @load_data322134(half* %inputs, i31 %inputs_offset_read, i22 %inputs_offset1_read, half* %weights, i31 %weights_offset_read, half* %betas, i31 %betas_offset_read, half* %input_buffer_V, half* %weight_buffer_0_V, half* %weight_buffer_1_V, half* %weight_buffer_2_V, half* %weight_buffer_3_V, half* %weight_buffer_4_V, half* %weight_buffer_5_V, half* %weight_buffer_6_V, half* %weight_buffer_7_V, half* %weight_buffer_8_V, half* %beta_buffer_V, i1* %data_buffer_V, i32* %data_c_V, i32* %data_r_V, i32* %data_n_V, i20 %outputs_offset2_read, i20* %outputs_offset_c, i31 %outputs_offset_read, i31* %outputs_offset_c5)" [mobile_net_hls_v1/conv.hpp:1056]   --->   Operation 37 'call' <Predicate = true> <Delay = 0.00> <CoreType = "Generic">   --->   Core 0 '' <Latency = 0> <II = 1> <Delay = 1.00> <Generic> <Opcode : >

State 3 <SV = 2> <Delay = 0.00>
ST_3 : Operation 38 [2/2] (0.00ns)   --->   "call fastcc void @compute_pro.10(half* %input_buffer_V, half* %weight_buffer_0_V, half* %weight_buffer_1_V, half* %weight_buffer_2_V, half* %weight_buffer_3_V, half* %weight_buffer_4_V, half* %weight_buffer_5_V, half* %weight_buffer_6_V, half* %weight_buffer_7_V, half* %weight_buffer_8_V, half* %beta_buffer_V, half* %output_buffer_0_V, half* %output_buffer_1_V, i1* %data_buffer_V, i1* %result_buffer_V, i32* %data_c_V, i32* %data_r_V, i32* %data_n_V, i32* %result_c_V, i32* %result_r_V, i32* %result_n_V)" [mobile_net_hls_v1/conv.hpp:1053]   --->   Operation 38 'call' <Predicate = true> <Delay = 0.00> <CoreType = "Generic">   --->   Core 0 '' <Latency = 0> <II = 1> <Delay = 1.00> <Generic> <Opcode : >

State 4 <SV = 3> <Delay = 0.00>
ST_4 : Operation 39 [1/2] (0.00ns)   --->   "call fastcc void @compute_pro.10(half* %input_buffer_V, half* %weight_buffer_0_V, half* %weight_buffer_1_V, half* %weight_buffer_2_V, half* %weight_buffer_3_V, half* %weight_buffer_4_V, half* %weight_buffer_5_V, half* %weight_buffer_6_V, half* %weight_buffer_7_V, half* %weight_buffer_8_V, half* %beta_buffer_V, half* %output_buffer_0_V, half* %output_buffer_1_V, i1* %data_buffer_V, i1* %result_buffer_V, i32* %data_c_V, i32* %data_r_V, i32* %data_n_V, i32* %result_c_V, i32* %result_r_V, i32* %result_n_V)" [mobile_net_hls_v1/conv.hpp:1053]   --->   Operation 39 'call' <Predicate = true> <Delay = 0.00> <CoreType = "Generic">   --->   Core 0 '' <Latency = 0> <II = 1> <Delay = 1.00> <Generic> <Opcode : >

State 5 <SV = 4> <Delay = 0.00>
ST_5 : Operation 40 [2/2] (0.00ns)   --->   "call void @output_result.10(half* %outputs, i31* nocapture %outputs_offset_c5, i20* %outputs_offset_c, half* %output_buffer_0_V, half* %output_buffer_1_V, i1* %result_buffer_V, i32* %result_c_V, i32* %result_r_V, i32* %result_n_V, i1* %cntl_V)" [mobile_net_hls_v1/conv.hpp:1056]   --->   Operation 40 'call' <Predicate = true> <Delay = 0.00> <CoreType = "Generic">   --->   Core 0 '' <Latency = 0> <II = 1> <Delay = 1.00> <Generic> <Opcode : >

State 6 <SV = 5> <Delay = 0.00>
ST_6 : Operation 41 [1/1] (0.00ns)   --->   "call void (...)* @_ssdm_op_SpecInterface(i1* %cntl_V, [8 x i8]* @ap_fifo_str, i32 0, i32 0, [1 x i8]* @p_str, i32 0, i32 0, [1 x i8]* @p_str, [1 x i8]* @p_str, [1 x i8]* @p_str, i32 2, i32 2, i32 16, i32 16, [1 x i8]* @p_str, [1 x i8]* @p_str)"   --->   Operation 41 'specinterface' <Predicate = true> <Delay = 0.00>
ST_6 : Operation 42 [1/1] (0.00ns)   --->   "call void (...)* @_ssdm_op_SpecDataflowPipeline(i32 -1, i32 0, [1 x i8]* @p_str) nounwind" [mobile_net_hls_v1/conv.hpp:1049]   --->   Operation 42 'specdataflowpipeline' <Predicate = true> <Delay = 0.00>
ST_6 : Operation 43 [1/1] (0.00ns)   --->   "call void (...)* @_ssdm_op_SpecInterface(half* %betas, [6 x i8]* @p_str1, i32 0, i32 0, [1 x i8]* @p_str, i32 0, i32 32, [7 x i8]* @p_str36, [7 x i8]* @p_str3, [1 x i8]* @p_str, i32 16, i32 16, i32 16, i32 16, [1 x i8]* @p_str, [1 x i8]* @p_str)"   --->   Operation 43 'specinterface' <Predicate = true> <Delay = 0.00>
ST_6 : Operation 44 [1/1] (0.00ns)   --->   "call void (...)* @_ssdm_op_SpecInterface(half* %weights, [6 x i8]* @p_str1, i32 0, i32 0, [1 x i8]* @p_str, i32 0, i32 288, [7 x i8]* @p_str35, [7 x i8]* @p_str3, [1 x i8]* @p_str, i32 16, i32 16, i32 16, i32 16, [1 x i8]* @p_str, [1 x i8]* @p_str)"   --->   Operation 44 'specinterface' <Predicate = true> <Delay = 0.00>
ST_6 : Operation 45 [1/1] (0.00ns)   --->   "call void (...)* @_ssdm_op_SpecInterface(half* %outputs, [6 x i8]* @p_str1, i32 0, i32 0, [1 x i8]* @p_str, i32 0, i32 1048576, [7 x i8]* @p_str19, [7 x i8]* @p_str3, [1 x i8]* @p_str, i32 16, i32 16, i32 16, i32 16, [1 x i8]* @p_str, [1 x i8]* @p_str)"   --->   Operation 45 'specinterface' <Predicate = true> <Delay = 0.00>
ST_6 : Operation 46 [1/1] (0.00ns)   --->   "call void (...)* @_ssdm_op_SpecInterface(half* %inputs, [6 x i8]* @p_str1, i32 0, i32 0, [1 x i8]* @p_str, i32 0, i32 4194304, [6 x i8]* @p_str4, [7 x i8]* @p_str3, [1 x i8]* @p_str, i32 16, i32 16, i32 16, i32 16, [1 x i8]* @p_str, [1 x i8]* @p_str)"   --->   Operation 46 'specinterface' <Predicate = true> <Delay = 0.00>
ST_6 : Operation 47 [1/1] (0.00ns)   --->   "%empty = call i32 (...)* @_ssdm_op_SpecChannel([15 x i8]* @input_buffer_OC_V_st, i32 1, [1 x i8]* @p_str, [1 x i8]* @p_str, i32 1296, i32 1296, half* %input_buffer_V, half* %input_buffer_V)"   --->   Operation 47 'specchannel' 'empty' <Predicate = true> <Delay = 0.00>
ST_6 : Operation 48 [1/1] (0.00ns)   --->   "call void (...)* @_ssdm_op_SpecInterface(half* %input_buffer_V, [8 x i8]* @ap_fifo_str, i32 0, i32 0, [1 x i8]* @p_str, i32 0, i32 0, [1 x i8]* @p_str, [1 x i8]* @p_str, [1 x i8]* @p_str, i32 2, i32 2, i32 16, i32 16, [1 x i8]* @p_str, [1 x i8]* @p_str)"   --->   Operation 48 'specinterface' <Predicate = true> <Delay = 0.00>
ST_6 : Operation 49 [1/1] (0.00ns)   --->   "call void (...)* @_ssdm_op_SpecMemCore(half* %input_buffer_V, [1 x i8]* @p_str, [10 x i8]* @p_str71, [1 x i8]* @p_str, i32 -1, [1 x i8]* @p_str, [1 x i8]* @p_str, [1 x i8]* @p_str, [1 x i8]* @p_str, [1 x i8]* @p_str)" [mobile_net_hls_v1/conv.hpp:1018]   --->   Operation 49 'specmemcore' <Predicate = true> <Delay = 0.00>
ST_6 : Operation 50 [1/1] (0.00ns)   --->   "%empty_446 = call i32 (...)* @_ssdm_op_SpecChannel([19 x i8]* @weight_buffer_LF_0_N, i32 1, [1 x i8]* @p_str, [1 x i8]* @p_str, i32 4, i32 4, half* %weight_buffer_0_V, half* %weight_buffer_0_V)"   --->   Operation 50 'specchannel' 'empty_446' <Predicate = true> <Delay = 0.00>
ST_6 : Operation 51 [1/1] (0.00ns)   --->   "call void (...)* @_ssdm_op_SpecInterface(half* %weight_buffer_0_V, [8 x i8]* @ap_fifo_str, i32 0, i32 0, [1 x i8]* @p_str, i32 0, i32 0, [1 x i8]* @p_str, [1 x i8]* @p_str, [1 x i8]* @p_str, i32 2, i32 2, i32 16, i32 16, [1 x i8]* @p_str, [1 x i8]* @p_str)"   --->   Operation 51 'specinterface' <Predicate = true> <Delay = 0.00>
ST_6 : Operation 52 [1/1] (0.00ns)   --->   "%empty_447 = call i32 (...)* @_ssdm_op_SpecChannel([19 x i8]* @weight_buffer_LF_1_N, i32 1, [1 x i8]* @p_str, [1 x i8]* @p_str, i32 4, i32 4, half* %weight_buffer_1_V, half* %weight_buffer_1_V)"   --->   Operation 52 'specchannel' 'empty_447' <Predicate = true> <Delay = 0.00>
ST_6 : Operation 53 [1/1] (0.00ns)   --->   "call void (...)* @_ssdm_op_SpecInterface(half* %weight_buffer_1_V, [8 x i8]* @ap_fifo_str, i32 0, i32 0, [1 x i8]* @p_str, i32 0, i32 0, [1 x i8]* @p_str, [1 x i8]* @p_str, [1 x i8]* @p_str, i32 2, i32 2, i32 16, i32 16, [1 x i8]* @p_str, [1 x i8]* @p_str)"   --->   Operation 53 'specinterface' <Predicate = true> <Delay = 0.00>
ST_6 : Operation 54 [1/1] (0.00ns)   --->   "%empty_448 = call i32 (...)* @_ssdm_op_SpecChannel([19 x i8]* @weight_buffer_LF_2_N, i32 1, [1 x i8]* @p_str, [1 x i8]* @p_str, i32 4, i32 4, half* %weight_buffer_2_V, half* %weight_buffer_2_V)"   --->   Operation 54 'specchannel' 'empty_448' <Predicate = true> <Delay = 0.00>
ST_6 : Operation 55 [1/1] (0.00ns)   --->   "call void (...)* @_ssdm_op_SpecInterface(half* %weight_buffer_2_V, [8 x i8]* @ap_fifo_str, i32 0, i32 0, [1 x i8]* @p_str, i32 0, i32 0, [1 x i8]* @p_str, [1 x i8]* @p_str, [1 x i8]* @p_str, i32 2, i32 2, i32 16, i32 16, [1 x i8]* @p_str, [1 x i8]* @p_str)"   --->   Operation 55 'specinterface' <Predicate = true> <Delay = 0.00>
ST_6 : Operation 56 [1/1] (0.00ns)   --->   "%empty_449 = call i32 (...)* @_ssdm_op_SpecChannel([19 x i8]* @weight_buffer_LF_3_N, i32 1, [1 x i8]* @p_str, [1 x i8]* @p_str, i32 4, i32 4, half* %weight_buffer_3_V, half* %weight_buffer_3_V)"   --->   Operation 56 'specchannel' 'empty_449' <Predicate = true> <Delay = 0.00>
ST_6 : Operation 57 [1/1] (0.00ns)   --->   "call void (...)* @_ssdm_op_SpecInterface(half* %weight_buffer_3_V, [8 x i8]* @ap_fifo_str, i32 0, i32 0, [1 x i8]* @p_str, i32 0, i32 0, [1 x i8]* @p_str, [1 x i8]* @p_str, [1 x i8]* @p_str, i32 2, i32 2, i32 16, i32 16, [1 x i8]* @p_str, [1 x i8]* @p_str)"   --->   Operation 57 'specinterface' <Predicate = true> <Delay = 0.00>
ST_6 : Operation 58 [1/1] (0.00ns)   --->   "%empty_450 = call i32 (...)* @_ssdm_op_SpecChannel([19 x i8]* @weight_buffer_LF_4_N, i32 1, [1 x i8]* @p_str, [1 x i8]* @p_str, i32 4, i32 4, half* %weight_buffer_4_V, half* %weight_buffer_4_V)"   --->   Operation 58 'specchannel' 'empty_450' <Predicate = true> <Delay = 0.00>
ST_6 : Operation 59 [1/1] (0.00ns)   --->   "call void (...)* @_ssdm_op_SpecInterface(half* %weight_buffer_4_V, [8 x i8]* @ap_fifo_str, i32 0, i32 0, [1 x i8]* @p_str, i32 0, i32 0, [1 x i8]* @p_str, [1 x i8]* @p_str, [1 x i8]* @p_str, i32 2, i32 2, i32 16, i32 16, [1 x i8]* @p_str, [1 x i8]* @p_str)"   --->   Operation 59 'specinterface' <Predicate = true> <Delay = 0.00>
ST_6 : Operation 60 [1/1] (0.00ns)   --->   "%empty_451 = call i32 (...)* @_ssdm_op_SpecChannel([19 x i8]* @weight_buffer_LF_5_N, i32 1, [1 x i8]* @p_str, [1 x i8]* @p_str, i32 4, i32 4, half* %weight_buffer_5_V, half* %weight_buffer_5_V)"   --->   Operation 60 'specchannel' 'empty_451' <Predicate = true> <Delay = 0.00>
ST_6 : Operation 61 [1/1] (0.00ns)   --->   "call void (...)* @_ssdm_op_SpecInterface(half* %weight_buffer_5_V, [8 x i8]* @ap_fifo_str, i32 0, i32 0, [1 x i8]* @p_str, i32 0, i32 0, [1 x i8]* @p_str, [1 x i8]* @p_str, [1 x i8]* @p_str, i32 2, i32 2, i32 16, i32 16, [1 x i8]* @p_str, [1 x i8]* @p_str)"   --->   Operation 61 'specinterface' <Predicate = true> <Delay = 0.00>
ST_6 : Operation 62 [1/1] (0.00ns)   --->   "%empty_452 = call i32 (...)* @_ssdm_op_SpecChannel([19 x i8]* @weight_buffer_LF_6_N, i32 1, [1 x i8]* @p_str, [1 x i8]* @p_str, i32 4, i32 4, half* %weight_buffer_6_V, half* %weight_buffer_6_V)"   --->   Operation 62 'specchannel' 'empty_452' <Predicate = true> <Delay = 0.00>
ST_6 : Operation 63 [1/1] (0.00ns)   --->   "call void (...)* @_ssdm_op_SpecInterface(half* %weight_buffer_6_V, [8 x i8]* @ap_fifo_str, i32 0, i32 0, [1 x i8]* @p_str, i32 0, i32 0, [1 x i8]* @p_str, [1 x i8]* @p_str, [1 x i8]* @p_str, i32 2, i32 2, i32 16, i32 16, [1 x i8]* @p_str, [1 x i8]* @p_str)"   --->   Operation 63 'specinterface' <Predicate = true> <Delay = 0.00>
ST_6 : Operation 64 [1/1] (0.00ns)   --->   "%empty_453 = call i32 (...)* @_ssdm_op_SpecChannel([19 x i8]* @weight_buffer_LF_7_N, i32 1, [1 x i8]* @p_str, [1 x i8]* @p_str, i32 4, i32 4, half* %weight_buffer_7_V, half* %weight_buffer_7_V)"   --->   Operation 64 'specchannel' 'empty_453' <Predicate = true> <Delay = 0.00>
ST_6 : Operation 65 [1/1] (0.00ns)   --->   "call void (...)* @_ssdm_op_SpecInterface(half* %weight_buffer_7_V, [8 x i8]* @ap_fifo_str, i32 0, i32 0, [1 x i8]* @p_str, i32 0, i32 0, [1 x i8]* @p_str, [1 x i8]* @p_str, [1 x i8]* @p_str, i32 2, i32 2, i32 16, i32 16, [1 x i8]* @p_str, [1 x i8]* @p_str)"   --->   Operation 65 'specinterface' <Predicate = true> <Delay = 0.00>
ST_6 : Operation 66 [1/1] (0.00ns)   --->   "%empty_454 = call i32 (...)* @_ssdm_op_SpecChannel([19 x i8]* @weight_buffer_LF_8_N, i32 1, [1 x i8]* @p_str, [1 x i8]* @p_str, i32 4, i32 4, half* %weight_buffer_8_V, half* %weight_buffer_8_V)"   --->   Operation 66 'specchannel' 'empty_454' <Predicate = true> <Delay = 0.00>
ST_6 : Operation 67 [1/1] (0.00ns)   --->   "call void (...)* @_ssdm_op_SpecInterface(half* %weight_buffer_8_V, [8 x i8]* @ap_fifo_str, i32 0, i32 0, [1 x i8]* @p_str, i32 0, i32 0, [1 x i8]* @p_str, [1 x i8]* @p_str, [1 x i8]* @p_str, i32 2, i32 2, i32 16, i32 16, [1 x i8]* @p_str, [1 x i8]* @p_str)"   --->   Operation 67 'specinterface' <Predicate = true> <Delay = 0.00>
ST_6 : Operation 68 [1/1] (0.00ns)   --->   "call void (...)* @_ssdm_op_SpecMemCore(half* %weight_buffer_0_V, half* %weight_buffer_1_V, half* %weight_buffer_2_V, half* %weight_buffer_3_V, half* %weight_buffer_4_V, half* %weight_buffer_5_V, half* %weight_buffer_6_V, half* %weight_buffer_7_V, half* %weight_buffer_8_V, [1 x i8]* @p_str, [10 x i8]* @p_str71, [1 x i8]* @p_str, i32 -1, [1 x i8]* @p_str, [1 x i8]* @p_str, [1 x i8]* @p_str, [1 x i8]* @p_str, [1 x i8]* @p_str)" [mobile_net_hls_v1/conv.hpp:1021]   --->   Operation 68 'specmemcore' <Predicate = true> <Delay = 0.00>
ST_6 : Operation 69 [1/1] (0.00ns)   --->   "%empty_455 = call i32 (...)* @_ssdm_op_SpecChannel([14 x i8]* @beta_buffer_OC_V_str, i32 1, [1 x i8]* @p_str, [1 x i8]* @p_str, i32 4, i32 4, half* %beta_buffer_V, half* %beta_buffer_V)"   --->   Operation 69 'specchannel' 'empty_455' <Predicate = true> <Delay = 0.00>
ST_6 : Operation 70 [1/1] (0.00ns)   --->   "call void (...)* @_ssdm_op_SpecInterface(half* %beta_buffer_V, [8 x i8]* @ap_fifo_str, i32 0, i32 0, [1 x i8]* @p_str, i32 0, i32 0, [1 x i8]* @p_str, [1 x i8]* @p_str, [1 x i8]* @p_str, i32 2, i32 2, i32 16, i32 16, [1 x i8]* @p_str, [1 x i8]* @p_str)"   --->   Operation 70 'specinterface' <Predicate = true> <Delay = 0.00>
ST_6 : Operation 71 [1/1] (0.00ns)   --->   "call void (...)* @_ssdm_op_SpecMemCore(half* %beta_buffer_V, [1 x i8]* @p_str, [10 x i8]* @p_str71, [1 x i8]* @p_str, i32 -1, [1 x i8]* @p_str, [1 x i8]* @p_str, [1 x i8]* @p_str, [1 x i8]* @p_str, [1 x i8]* @p_str)" [mobile_net_hls_v1/conv.hpp:1024]   --->   Operation 71 'specmemcore' <Predicate = true> <Delay = 0.00>
ST_6 : Operation 72 [1/1] (0.00ns)   --->   "%empty_456 = call i32 (...)* @_ssdm_op_SpecChannel([19 x i8]* @output_buffer_LF_0_N, i32 1, [1 x i8]* @p_str, [1 x i8]* @p_str, i32 512, i32 512, half* %output_buffer_0_V, half* %output_buffer_0_V)"   --->   Operation 72 'specchannel' 'empty_456' <Predicate = true> <Delay = 0.00>
ST_6 : Operation 73 [1/1] (0.00ns)   --->   "call void (...)* @_ssdm_op_SpecInterface(half* %output_buffer_0_V, [8 x i8]* @ap_fifo_str, i32 0, i32 0, [1 x i8]* @p_str, i32 0, i32 0, [1 x i8]* @p_str, [1 x i8]* @p_str, [1 x i8]* @p_str, i32 2, i32 2, i32 16, i32 16, [1 x i8]* @p_str, [1 x i8]* @p_str)"   --->   Operation 73 'specinterface' <Predicate = true> <Delay = 0.00>
ST_6 : Operation 74 [1/1] (0.00ns)   --->   "%empty_457 = call i32 (...)* @_ssdm_op_SpecChannel([19 x i8]* @output_buffer_LF_1_N, i32 1, [1 x i8]* @p_str, [1 x i8]* @p_str, i32 512, i32 512, half* %output_buffer_1_V, half* %output_buffer_1_V)"   --->   Operation 74 'specchannel' 'empty_457' <Predicate = true> <Delay = 0.00>
ST_6 : Operation 75 [1/1] (0.00ns)   --->   "call void (...)* @_ssdm_op_SpecInterface(half* %output_buffer_1_V, [8 x i8]* @ap_fifo_str, i32 0, i32 0, [1 x i8]* @p_str, i32 0, i32 0, [1 x i8]* @p_str, [1 x i8]* @p_str, [1 x i8]* @p_str, i32 2, i32 2, i32 16, i32 16, [1 x i8]* @p_str, [1 x i8]* @p_str)"   --->   Operation 75 'specinterface' <Predicate = true> <Delay = 0.00>
ST_6 : Operation 76 [1/1] (0.00ns)   --->   "call void (...)* @_ssdm_op_SpecMemCore(half* %output_buffer_0_V, half* %output_buffer_1_V, [1 x i8]* @p_str, [10 x i8]* @p_str71, [1 x i8]* @p_str, i32 -1, [1 x i8]* @p_str, [1 x i8]* @p_str, [1 x i8]* @p_str, [1 x i8]* @p_str, [1 x i8]* @p_str)" [mobile_net_hls_v1/conv.hpp:1027]   --->   Operation 76 'specmemcore' <Predicate = true> <Delay = 0.00>
ST_6 : Operation 77 [1/1] (0.00ns)   --->   "%empty_458 = call i32 (...)* @_ssdm_op_SpecChannel([14 x i8]* @data_buffer_OC_V_str, i32 1, [1 x i8]* @p_str, [1 x i8]* @p_str, i32 2, i32 2, i1* %data_buffer_V, i1* %data_buffer_V)"   --->   Operation 77 'specchannel' 'empty_458' <Predicate = true> <Delay = 0.00>
ST_6 : Operation 78 [1/1] (0.00ns)   --->   "call void (...)* @_ssdm_op_SpecInterface(i1* %data_buffer_V, [8 x i8]* @ap_fifo_str, i32 0, i32 0, [1 x i8]* @p_str, i32 0, i32 0, [1 x i8]* @p_str, [1 x i8]* @p_str, [1 x i8]* @p_str, i32 2, i32 2, i32 16, i32 16, [1 x i8]* @p_str, [1 x i8]* @p_str)"   --->   Operation 78 'specinterface' <Predicate = true> <Delay = 0.00>
ST_6 : Operation 79 [1/1] (0.00ns)   --->   "%empty_459 = call i32 (...)* @_ssdm_op_SpecChannel([16 x i8]* @result_buffer_OC_V_s, i32 1, [1 x i8]* @p_str, [1 x i8]* @p_str, i32 2, i32 2, i1* %result_buffer_V, i1* %result_buffer_V)"   --->   Operation 79 'specchannel' 'empty_459' <Predicate = true> <Delay = 0.00>
ST_6 : Operation 80 [1/1] (0.00ns)   --->   "call void (...)* @_ssdm_op_SpecInterface(i1* %result_buffer_V, [8 x i8]* @ap_fifo_str, i32 0, i32 0, [1 x i8]* @p_str, i32 0, i32 0, [1 x i8]* @p_str, [1 x i8]* @p_str, [1 x i8]* @p_str, i32 2, i32 2, i32 16, i32 16, [1 x i8]* @p_str, [1 x i8]* @p_str)"   --->   Operation 80 'specinterface' <Predicate = true> <Delay = 0.00>
ST_6 : Operation 81 [1/1] (0.00ns)   --->   "%empty_460 = call i32 (...)* @_ssdm_op_SpecChannel([9 x i8]* @data_c_OC_V_str, i32 1, [1 x i8]* @p_str, [1 x i8]* @p_str, i32 2, i32 2, i32* %data_c_V, i32* %data_c_V)"   --->   Operation 81 'specchannel' 'empty_460' <Predicate = true> <Delay = 0.00>
ST_6 : Operation 82 [1/1] (0.00ns)   --->   "call void (...)* @_ssdm_op_SpecInterface(i32* %data_c_V, [8 x i8]* @ap_fifo_str, i32 0, i32 0, [1 x i8]* @p_str, i32 0, i32 0, [1 x i8]* @p_str, [1 x i8]* @p_str, [1 x i8]* @p_str, i32 2, i32 2, i32 16, i32 16, [1 x i8]* @p_str, [1 x i8]* @p_str)"   --->   Operation 82 'specinterface' <Predicate = true> <Delay = 0.00>
ST_6 : Operation 83 [1/1] (0.00ns)   --->   "%empty_461 = call i32 (...)* @_ssdm_op_SpecChannel([9 x i8]* @data_r_OC_V_str, i32 1, [1 x i8]* @p_str, [1 x i8]* @p_str, i32 2, i32 2, i32* %data_r_V, i32* %data_r_V)"   --->   Operation 83 'specchannel' 'empty_461' <Predicate = true> <Delay = 0.00>
ST_6 : Operation 84 [1/1] (0.00ns)   --->   "call void (...)* @_ssdm_op_SpecInterface(i32* %data_r_V, [8 x i8]* @ap_fifo_str, i32 0, i32 0, [1 x i8]* @p_str, i32 0, i32 0, [1 x i8]* @p_str, [1 x i8]* @p_str, [1 x i8]* @p_str, i32 2, i32 2, i32 16, i32 16, [1 x i8]* @p_str, [1 x i8]* @p_str)"   --->   Operation 84 'specinterface' <Predicate = true> <Delay = 0.00>
ST_6 : Operation 85 [1/1] (0.00ns)   --->   "%empty_462 = call i32 (...)* @_ssdm_op_SpecChannel([9 x i8]* @data_n_OC_V_str, i32 1, [1 x i8]* @p_str, [1 x i8]* @p_str, i32 2, i32 2, i32* %data_n_V, i32* %data_n_V)"   --->   Operation 85 'specchannel' 'empty_462' <Predicate = true> <Delay = 0.00>
ST_6 : Operation 86 [1/1] (0.00ns)   --->   "call void (...)* @_ssdm_op_SpecInterface(i32* %data_n_V, [8 x i8]* @ap_fifo_str, i32 0, i32 0, [1 x i8]* @p_str, i32 0, i32 0, [1 x i8]* @p_str, [1 x i8]* @p_str, [1 x i8]* @p_str, i32 2, i32 2, i32 16, i32 16, [1 x i8]* @p_str, [1 x i8]* @p_str)"   --->   Operation 86 'specinterface' <Predicate = true> <Delay = 0.00>
ST_6 : Operation 87 [1/1] (0.00ns)   --->   "%empty_463 = call i32 (...)* @_ssdm_op_SpecChannel([11 x i8]* @result_c_OC_V_str, i32 1, [1 x i8]* @p_str, [1 x i8]* @p_str, i32 2, i32 2, i32* %result_c_V, i32* %result_c_V)"   --->   Operation 87 'specchannel' 'empty_463' <Predicate = true> <Delay = 0.00>
ST_6 : Operation 88 [1/1] (0.00ns)   --->   "call void (...)* @_ssdm_op_SpecInterface(i32* %result_c_V, [8 x i8]* @ap_fifo_str, i32 0, i32 0, [1 x i8]* @p_str, i32 0, i32 0, [1 x i8]* @p_str, [1 x i8]* @p_str, [1 x i8]* @p_str, i32 2, i32 2, i32 16, i32 16, [1 x i8]* @p_str, [1 x i8]* @p_str)"   --->   Operation 88 'specinterface' <Predicate = true> <Delay = 0.00>
ST_6 : Operation 89 [1/1] (0.00ns)   --->   "%empty_464 = call i32 (...)* @_ssdm_op_SpecChannel([11 x i8]* @result_r_OC_V_str, i32 1, [1 x i8]* @p_str, [1 x i8]* @p_str, i32 2, i32 2, i32* %result_r_V, i32* %result_r_V)"   --->   Operation 89 'specchannel' 'empty_464' <Predicate = true> <Delay = 0.00>
ST_6 : Operation 90 [1/1] (0.00ns)   --->   "call void (...)* @_ssdm_op_SpecInterface(i32* %result_r_V, [8 x i8]* @ap_fifo_str, i32 0, i32 0, [1 x i8]* @p_str, i32 0, i32 0, [1 x i8]* @p_str, [1 x i8]* @p_str, [1 x i8]* @p_str, i32 2, i32 2, i32 16, i32 16, [1 x i8]* @p_str, [1 x i8]* @p_str)"   --->   Operation 90 'specinterface' <Predicate = true> <Delay = 0.00>
ST_6 : Operation 91 [1/1] (0.00ns)   --->   "%empty_465 = call i32 (...)* @_ssdm_op_SpecChannel([11 x i8]* @result_n_OC_V_str, i32 1, [1 x i8]* @p_str, [1 x i8]* @p_str, i32 2, i32 2, i32* %result_n_V, i32* %result_n_V)"   --->   Operation 91 'specchannel' 'empty_465' <Predicate = true> <Delay = 0.00>
ST_6 : Operation 92 [1/1] (0.00ns)   --->   "call void (...)* @_ssdm_op_SpecInterface(i32* %result_n_V, [8 x i8]* @ap_fifo_str, i32 0, i32 0, [1 x i8]* @p_str, i32 0, i32 0, [1 x i8]* @p_str, [1 x i8]* @p_str, [1 x i8]* @p_str, i32 2, i32 2, i32 16, i32 16, [1 x i8]* @p_str, [1 x i8]* @p_str)"   --->   Operation 92 'specinterface' <Predicate = true> <Delay = 0.00>
ST_6 : Operation 93 [1/1] (0.00ns)   --->   "%empty_466 = call i32 (...)* @_ssdm_op_SpecChannel([17 x i8]* @outputs_OC_offset_c_s, i32 1, [1 x i8]* @p_str, [1 x i8]* @p_str, i32 3, i32 0, i20* %outputs_offset_c, i20* %outputs_offset_c)" [mobile_net_hls_v1/conv.hpp:1056]   --->   Operation 93 'specchannel' 'empty_466' <Predicate = true> <Delay = 0.00>
ST_6 : Operation 94 [1/1] (0.00ns)   --->   "call void (...)* @_ssdm_op_SpecInterface(i20* %outputs_offset_c, [8 x i8]* @ap_fifo_str, i32 0, i32 0, [1 x i8]* @p_str, i32 0, i32 0, [1 x i8]* @p_str, [1 x i8]* @p_str, [1 x i8]* @p_str, i32 2, i32 2, i32 16, i32 16, [1 x i8]* @p_str, [1 x i8]* @p_str)" [mobile_net_hls_v1/conv.hpp:1056]   --->   Operation 94 'specinterface' <Predicate = true> <Delay = 0.00>
ST_6 : Operation 95 [1/1] (0.00ns)   --->   "%empty_467 = call i32 (...)* @_ssdm_op_SpecChannel([18 x i8]* @outputs_OC_offset_c5, i32 1, [1 x i8]* @p_str, [1 x i8]* @p_str, i32 3, i32 0, i31* %outputs_offset_c5, i31* %outputs_offset_c5)"   --->   Operation 95 'specchannel' 'empty_467' <Predicate = true> <Delay = 0.00>
ST_6 : Operation 96 [1/1] (0.00ns)   --->   "call void (...)* @_ssdm_op_SpecInterface(i31* %outputs_offset_c5, [8 x i8]* @ap_fifo_str, i32 0, i32 0, [1 x i8]* @p_str, i32 0, i32 0, [1 x i8]* @p_str, [1 x i8]* @p_str, [1 x i8]* @p_str, i32 2, i32 2, i32 16, i32 16, [1 x i8]* @p_str, [1 x i8]* @p_str)"   --->   Operation 96 'specinterface' <Predicate = true> <Delay = 0.00>
ST_6 : Operation 97 [1/2] (0.00ns)   --->   "call void @output_result.10(half* %outputs, i31* nocapture %outputs_offset_c5, i20* %outputs_offset_c, half* %output_buffer_0_V, half* %output_buffer_1_V, i1* %result_buffer_V, i32* %result_c_V, i32* %result_r_V, i32* %result_n_V, i1* %cntl_V)" [mobile_net_hls_v1/conv.hpp:1056]   --->   Operation 97 'call' <Predicate = true> <Delay = 0.00> <CoreType = "Generic">   --->   Core 0 '' <Latency = 0> <II = 1> <Delay = 1.00> <Generic> <Opcode : >
ST_6 : Operation 98 [1/1] (0.00ns)   --->   "ret void" [mobile_net_hls_v1/conv.hpp:1058]   --->   Operation 98 'ret' <Predicate = true> <Delay = 0.00>


============================================================
+ Verbose Summary: Binding
============================================================
STG Binding: 
---------------- STG Properties BEGIN ----------------
- Is combinational: 0
- Is one-state seq: 0
- Is datapath-only: 0
- Is pipelined: 0
- Is top level: 0
Port [ Return ] is wired: 1; IO mode=ap_ctrl_hs:ce=0
Port [ inputs]:  wired=1; compound=1; hidden=0; nouse=0; global=0; static=0; extern=0; dir=0; type=4; pingpong=0; private_global=0; IO mode=m_axi:ce=0
Port [ inputs_offset]:  wired=1; compound=0; hidden=0; nouse=0; global=0; static=0; extern=0; dir=0; type=0; pingpong=0; private_global=0; IO mode=ap_none:ce=0
Port [ inputs_offset1]:  wired=1; compound=0; hidden=0; nouse=0; global=0; static=0; extern=0; dir=0; type=0; pingpong=0; private_global=0; IO mode=ap_none:ce=0
Port [ weights]:  wired=1; compound=1; hidden=0; nouse=0; global=0; static=0; extern=0; dir=0; type=4; pingpong=0; private_global=0; IO mode=m_axi:ce=0
Port [ weights_offset]:  wired=1; compound=0; hidden=0; nouse=0; global=0; static=0; extern=0; dir=0; type=0; pingpong=0; private_global=0; IO mode=ap_none:ce=0
Port [ betas]:  wired=1; compound=1; hidden=0; nouse=0; global=0; static=0; extern=0; dir=0; type=4; pingpong=0; private_global=0; IO mode=m_axi:ce=0
Port [ betas_offset]:  wired=1; compound=0; hidden=0; nouse=0; global=0; static=0; extern=0; dir=0; type=0; pingpong=0; private_global=0; IO mode=ap_none:ce=0
Port [ outputs]:  wired=1; compound=1; hidden=0; nouse=0; global=0; static=0; extern=0; dir=1; type=4; pingpong=0; private_global=0; IO mode=m_axi:ce=0
Port [ outputs_offset]:  wired=1; compound=0; hidden=0; nouse=0; global=0; static=0; extern=0; dir=0; type=0; pingpong=0; private_global=0; IO mode=ap_none:ce=0
Port [ outputs_offset2]:  wired=1; compound=0; hidden=0; nouse=0; global=0; static=0; extern=0; dir=0; type=0; pingpong=0; private_global=0; IO mode=ap_none:ce=0
Port [ cntl_V]:  wired=1; compound=1; hidden=0; nouse=0; global=0; static=0; extern=0; dir=1; type=3; pingpong=0; private_global=0; IO mode=ap_fifo:ce=0
---------------- STG Properties END ------------------

---------------- Datapath Model BEGIN ----------------

<LifeTime>
<method=bitvector/>
outputs_offset2_read (read                ) [ 0010000]
outputs_offset_read  (read                ) [ 0010000]
betas_offset_read    (read                ) [ 0010000]
weights_offset_read  (read                ) [ 0010000]
inputs_offset1_read  (read                ) [ 0010000]
inputs_offset_read   (read                ) [ 0010000]
outputs_offset_c5    (alloca              ) [ 0111111]
outputs_offset_c     (alloca              ) [ 0111111]
input_buffer_V       (alloca              ) [ 0111111]
weight_buffer_0_V    (alloca              ) [ 0111111]
weight_buffer_1_V    (alloca              ) [ 0111111]
weight_buffer_2_V    (alloca              ) [ 0111111]
weight_buffer_3_V    (alloca              ) [ 0111111]
weight_buffer_4_V    (alloca              ) [ 0111111]
weight_buffer_5_V    (alloca              ) [ 0111111]
weight_buffer_6_V    (alloca              ) [ 0111111]
weight_buffer_7_V    (alloca              ) [ 0111111]
weight_buffer_8_V    (alloca              ) [ 0111111]
beta_buffer_V        (alloca              ) [ 0111111]
output_buffer_0_V    (alloca              ) [ 0011111]
output_buffer_1_V    (alloca              ) [ 0011111]
data_buffer_V        (alloca              ) [ 0111111]
result_buffer_V      (alloca              ) [ 0011111]
data_c_V             (alloca              ) [ 0111111]
data_r_V             (alloca              ) [ 0111111]
data_n_V             (alloca              ) [ 0111111]
result_c_V           (alloca              ) [ 0011111]
result_r_V           (alloca              ) [ 0011111]
result_n_V           (alloca              ) [ 0011111]
StgValue_37          (call                ) [ 0000000]
StgValue_39          (call                ) [ 0000000]
StgValue_41          (specinterface       ) [ 0000000]
StgValue_42          (specdataflowpipeline) [ 0000000]
StgValue_43          (specinterface       ) [ 0000000]
StgValue_44          (specinterface       ) [ 0000000]
StgValue_45          (specinterface       ) [ 0000000]
StgValue_46          (specinterface       ) [ 0000000]
empty                (specchannel         ) [ 0000000]
StgValue_48          (specinterface       ) [ 0000000]
StgValue_49          (specmemcore         ) [ 0000000]
empty_446            (specchannel         ) [ 0000000]
StgValue_51          (specinterface       ) [ 0000000]
empty_447            (specchannel         ) [ 0000000]
StgValue_53          (specinterface       ) [ 0000000]
empty_448            (specchannel         ) [ 0000000]
StgValue_55          (specinterface       ) [ 0000000]
empty_449            (specchannel         ) [ 0000000]
StgValue_57          (specinterface       ) [ 0000000]
empty_450            (specchannel         ) [ 0000000]
StgValue_59          (specinterface       ) [ 0000000]
empty_451            (specchannel         ) [ 0000000]
StgValue_61          (specinterface       ) [ 0000000]
empty_452            (specchannel         ) [ 0000000]
StgValue_63          (specinterface       ) [ 0000000]
empty_453            (specchannel         ) [ 0000000]
StgValue_65          (specinterface       ) [ 0000000]
empty_454            (specchannel         ) [ 0000000]
StgValue_67          (specinterface       ) [ 0000000]
StgValue_68          (specmemcore         ) [ 0000000]
empty_455            (specchannel         ) [ 0000000]
StgValue_70          (specinterface       ) [ 0000000]
StgValue_71          (specmemcore         ) [ 0000000]
empty_456            (specchannel         ) [ 0000000]
StgValue_73          (specinterface       ) [ 0000000]
empty_457            (specchannel         ) [ 0000000]
StgValue_75          (specinterface       ) [ 0000000]
StgValue_76          (specmemcore         ) [ 0000000]
empty_458            (specchannel         ) [ 0000000]
StgValue_78          (specinterface       ) [ 0000000]
empty_459            (specchannel         ) [ 0000000]
StgValue_80          (specinterface       ) [ 0000000]
empty_460            (specchannel         ) [ 0000000]
StgValue_82          (specinterface       ) [ 0000000]
empty_461            (specchannel         ) [ 0000000]
StgValue_84          (specinterface       ) [ 0000000]
empty_462            (specchannel         ) [ 0000000]
StgValue_86          (specinterface       ) [ 0000000]
empty_463            (specchannel         ) [ 0000000]
StgValue_88          (specinterface       ) [ 0000000]
empty_464            (specchannel         ) [ 0000000]
StgValue_90          (specinterface       ) [ 0000000]
empty_465            (specchannel         ) [ 0000000]
StgValue_92          (specinterface       ) [ 0000000]
empty_466            (specchannel         ) [ 0000000]
StgValue_94          (specinterface       ) [ 0000000]
empty_467            (specchannel         ) [ 0000000]
StgValue_96          (specinterface       ) [ 0000000]
StgValue_97          (call                ) [ 0000000]
StgValue_98          (ret                 ) [ 0000000]
</LifeTime>

<model>

<comp_list>
<comp id="0" class="1000" name="inputs">
<pin_list>
<pin id="1" dir="1" index="0" bw="1" slack="0"/>
</pin_list>
<bind>
<StgValue><ssdm name="inputs"/></StgValue>
</bind>
</comp>

<comp id="2" class="1000" name="inputs_offset">
<pin_list>
<pin id="3" dir="1" index="0" bw="1" slack="0"/>
</pin_list>
<bind>
<StgValue><ssdm name="inputs_offset"/></StgValue>
</bind>
</comp>

<comp id="4" class="1000" name="inputs_offset1">
<pin_list>
<pin id="5" dir="1" index="0" bw="1" slack="0"/>
</pin_list>
<bind>
<StgValue><ssdm name="inputs_offset1"/></StgValue>
</bind>
</comp>

<comp id="6" class="1000" name="weights">
<pin_list>
<pin id="7" dir="1" index="0" bw="1" slack="0"/>
</pin_list>
<bind>
<StgValue><ssdm name="weights"/></StgValue>
</bind>
</comp>

<comp id="8" class="1000" name="weights_offset">
<pin_list>
<pin id="9" dir="1" index="0" bw="1" slack="0"/>
</pin_list>
<bind>
<StgValue><ssdm name="weights_offset"/></StgValue>
</bind>
</comp>

<comp id="10" class="1000" name="betas">
<pin_list>
<pin id="11" dir="1" index="0" bw="1" slack="0"/>
</pin_list>
<bind>
<StgValue><ssdm name="betas"/></StgValue>
</bind>
</comp>

<comp id="12" class="1000" name="betas_offset">
<pin_list>
<pin id="13" dir="1" index="0" bw="1" slack="0"/>
</pin_list>
<bind>
<StgValue><ssdm name="betas_offset"/></StgValue>
</bind>
</comp>

<comp id="14" class="1000" name="outputs">
<pin_list>
<pin id="15" dir="1" index="0" bw="1" slack="0"/>
</pin_list>
<bind>
<StgValue><ssdm name="outputs"/></StgValue>
</bind>
</comp>

<comp id="16" class="1000" name="outputs_offset">
<pin_list>
<pin id="17" dir="1" index="0" bw="1" slack="0"/>
</pin_list>
<bind>
<StgValue><ssdm name="outputs_offset"/></StgValue>
</bind>
</comp>

<comp id="18" class="1000" name="outputs_offset2">
<pin_list>
<pin id="19" dir="1" index="0" bw="1" slack="0"/>
</pin_list>
<bind>
<StgValue><ssdm name="outputs_offset2"/></StgValue>
</bind>
</comp>

<comp id="20" class="1000" name="cntl_V">
<pin_list>
<pin id="21" dir="1" index="0" bw="1" slack="0"/>
</pin_list>
<bind>
<StgValue><ssdm name="cntl_V"/></StgValue>
</bind>
</comp>

<comp id="22" class="1001" name="const_22">
<pin_list>
<pin id="23" dir="1" index="0" bw="1" slack="0"/>
</pin_list>
<bind>
<StgValue><ssdm name="_ssdm_op_Read.ap_auto.i20"/></StgValue>
</bind>
</comp>

<comp id="24" class="1001" name="const_24">
<pin_list>
<pin id="25" dir="1" index="0" bw="1" slack="0"/>
</pin_list>
<bind>
<StgValue><ssdm name="_ssdm_op_Read.ap_auto.i31"/></StgValue>
</bind>
</comp>

<comp id="26" class="1001" name="const_26">
<pin_list>
<pin id="27" dir="1" index="0" bw="1" slack="0"/>
</pin_list>
<bind>
<StgValue><ssdm name="_ssdm_op_Read.ap_auto.i22"/></StgValue>
</bind>
</comp>

<comp id="28" class="1001" name="const_28">
<pin_list>
<pin id="29" dir="1" index="0" bw="1" slack="0"/>
</pin_list>
<bind>
<StgValue><ssdm name=""/></StgValue>
</bind>
</comp>

<comp id="30" class="1001" name="const_30">
<pin_list>
<pin id="31" dir="1" index="0" bw="1" slack="0"/>
</pin_list>
<bind>
<StgValue><ssdm name="load_data322134"/></StgValue>
</bind>
</comp>

<comp id="32" class="1001" name="const_32">
<pin_list>
<pin id="33" dir="1" index="0" bw="1" slack="0"/>
</pin_list>
<bind>
<StgValue><ssdm name="compute_pro.10"/></StgValue>
</bind>
</comp>

<comp id="34" class="1001" name="const_34">
<pin_list>
<pin id="35" dir="1" index="0" bw="1" slack="0"/>
</pin_list>
<bind>
<StgValue><ssdm name="output_result.10"/></StgValue>
</bind>
</comp>

<comp id="36" class="1001" name="const_36">
<pin_list>
<pin id="37" dir="1" index="0" bw="1" slack="2147483647"/>
</pin_list>
<bind>
<StgValue><ssdm name="_ssdm_op_SpecInterface"/></StgValue>
</bind>
</comp>

<comp id="38" class="1001" name="const_38">
<pin_list>
<pin id="39" dir="1" index="0" bw="1" slack="2147483647"/>
</pin_list>
<bind>
<StgValue><ssdm name="ap_fifo_str"/></StgValue>
</bind>
</comp>

<comp id="40" class="1001" name="const_40">
<pin_list>
<pin id="41" dir="1" index="0" bw="1" slack="2147483647"/>
</pin_list>
<bind>
<StgValue><ssdm name=""/></StgValue>
</bind>
</comp>

<comp id="42" class="1001" name="const_42">
<pin_list>
<pin id="43" dir="1" index="0" bw="1" slack="2147483647"/>
</pin_list>
<bind>
<StgValue><ssdm name="p_str"/></StgValue>
</bind>
</comp>

<comp id="44" class="1001" name="const_44">
<pin_list>
<pin id="45" dir="1" index="0" bw="1" slack="2147483647"/>
</pin_list>
<bind>
<StgValue><ssdm name=""/></StgValue>
</bind>
</comp>

<comp id="46" class="1001" name="const_46">
<pin_list>
<pin id="47" dir="1" index="0" bw="1" slack="2147483647"/>
</pin_list>
<bind>
<StgValue><ssdm name=""/></StgValue>
</bind>
</comp>

<comp id="48" class="1001" name="const_48">
<pin_list>
<pin id="49" dir="1" index="0" bw="1" slack="2147483647"/>
</pin_list>
<bind>
<StgValue><ssdm name="_ssdm_op_SpecDataflowPipeline"/></StgValue>
</bind>
</comp>

<comp id="50" class="1001" name="const_50">
<pin_list>
<pin id="51" dir="1" index="0" bw="1" slack="2147483647"/>
</pin_list>
<bind>
<StgValue><ssdm name=""/></StgValue>
</bind>
</comp>

<comp id="52" class="1001" name="const_52">
<pin_list>
<pin id="53" dir="1" index="0" bw="1" slack="2147483647"/>
</pin_list>
<bind>
<StgValue><ssdm name="p_str1"/></StgValue>
</bind>
</comp>

<comp id="54" class="1001" name="const_54">
<pin_list>
<pin id="55" dir="1" index="0" bw="1" slack="2147483647"/>
</pin_list>
<bind>
<StgValue><ssdm name=""/></StgValue>
</bind>
</comp>

<comp id="56" class="1001" name="const_56">
<pin_list>
<pin id="57" dir="1" index="0" bw="1" slack="2147483647"/>
</pin_list>
<bind>
<StgValue><ssdm name="p_str36"/></StgValue>
</bind>
</comp>

<comp id="58" class="1001" name="const_58">
<pin_list>
<pin id="59" dir="1" index="0" bw="1" slack="2147483647"/>
</pin_list>
<bind>
<StgValue><ssdm name="p_str3"/></StgValue>
</bind>
</comp>

<comp id="60" class="1001" name="const_60">
<pin_list>
<pin id="61" dir="1" index="0" bw="1" slack="2147483647"/>
</pin_list>
<bind>
<StgValue><ssdm name=""/></StgValue>
</bind>
</comp>

<comp id="62" class="1001" name="const_62">
<pin_list>
<pin id="63" dir="1" index="0" bw="1" slack="2147483647"/>
</pin_list>
<bind>
<StgValue><ssdm name="p_str35"/></StgValue>
</bind>
</comp>

<comp id="64" class="1001" name="const_64">
<pin_list>
<pin id="65" dir="1" index="0" bw="1" slack="2147483647"/>
</pin_list>
<bind>
<StgValue><ssdm name=""/></StgValue>
</bind>
</comp>

<comp id="66" class="1001" name="const_66">
<pin_list>
<pin id="67" dir="1" index="0" bw="1" slack="2147483647"/>
</pin_list>
<bind>
<StgValue><ssdm name="p_str19"/></StgValue>
</bind>
</comp>

<comp id="68" class="1001" name="const_68">
<pin_list>
<pin id="69" dir="1" index="0" bw="1" slack="2147483647"/>
</pin_list>
<bind>
<StgValue><ssdm name=""/></StgValue>
</bind>
</comp>

<comp id="70" class="1001" name="const_70">
<pin_list>
<pin id="71" dir="1" index="0" bw="1" slack="2147483647"/>
</pin_list>
<bind>
<StgValue><ssdm name="p_str4"/></StgValue>
</bind>
</comp>

<comp id="72" class="1001" name="const_72">
<pin_list>
<pin id="73" dir="1" index="0" bw="1" slack="2147483647"/>
</pin_list>
<bind>
<StgValue><ssdm name="_ssdm_op_SpecChannel"/></StgValue>
</bind>
</comp>

<comp id="74" class="1001" name="const_74">
<pin_list>
<pin id="75" dir="1" index="0" bw="1" slack="2147483647"/>
</pin_list>
<bind>
<StgValue><ssdm name="input_buffer_OC_V_st"/></StgValue>
</bind>
</comp>

<comp id="76" class="1001" name="const_76">
<pin_list>
<pin id="77" dir="1" index="0" bw="1" slack="2147483647"/>
</pin_list>
<bind>
<StgValue><ssdm name=""/></StgValue>
</bind>
</comp>

<comp id="78" class="1001" name="const_78">
<pin_list>
<pin id="79" dir="1" index="0" bw="1" slack="2147483647"/>
</pin_list>
<bind>
<StgValue><ssdm name=""/></StgValue>
</bind>
</comp>

<comp id="80" class="1001" name="const_80">
<pin_list>
<pin id="81" dir="1" index="0" bw="1" slack="2147483647"/>
</pin_list>
<bind>
<StgValue><ssdm name="_ssdm_op_SpecMemCore"/></StgValue>
</bind>
</comp>

<comp id="82" class="1001" name="const_82">
<pin_list>
<pin id="83" dir="1" index="0" bw="1" slack="2147483647"/>
</pin_list>
<bind>
<StgValue><ssdm name="p_str71"/></StgValue>
</bind>
</comp>

<comp id="84" class="1001" name="const_84">
<pin_list>
<pin id="85" dir="1" index="0" bw="1" slack="2147483647"/>
</pin_list>
<bind>
<StgValue><ssdm name="weight_buffer_LF_0_N"/></StgValue>
</bind>
</comp>

<comp id="86" class="1001" name="const_86">
<pin_list>
<pin id="87" dir="1" index="0" bw="1" slack="2147483647"/>
</pin_list>
<bind>
<StgValue><ssdm name=""/></StgValue>
</bind>
</comp>

<comp id="88" class="1001" name="const_88">
<pin_list>
<pin id="89" dir="1" index="0" bw="1" slack="2147483647"/>
</pin_list>
<bind>
<StgValue><ssdm name="weight_buffer_LF_1_N"/></StgValue>
</bind>
</comp>

<comp id="90" class="1001" name="const_90">
<pin_list>
<pin id="91" dir="1" index="0" bw="1" slack="2147483647"/>
</pin_list>
<bind>
<StgValue><ssdm name="weight_buffer_LF_2_N"/></StgValue>
</bind>
</comp>

<comp id="92" class="1001" name="const_92">
<pin_list>
<pin id="93" dir="1" index="0" bw="1" slack="2147483647"/>
</pin_list>
<bind>
<StgValue><ssdm name="weight_buffer_LF_3_N"/></StgValue>
</bind>
</comp>

<comp id="94" class="1001" name="const_94">
<pin_list>
<pin id="95" dir="1" index="0" bw="1" slack="2147483647"/>
</pin_list>
<bind>
<StgValue><ssdm name="weight_buffer_LF_4_N"/></StgValue>
</bind>
</comp>

<comp id="96" class="1001" name="const_96">
<pin_list>
<pin id="97" dir="1" index="0" bw="1" slack="2147483647"/>
</pin_list>
<bind>
<StgValue><ssdm name="weight_buffer_LF_5_N"/></StgValue>
</bind>
</comp>

<comp id="98" class="1001" name="const_98">
<pin_list>
<pin id="99" dir="1" index="0" bw="1" slack="2147483647"/>
</pin_list>
<bind>
<StgValue><ssdm name="weight_buffer_LF_6_N"/></StgValue>
</bind>
</comp>

<comp id="100" class="1001" name="const_100">
<pin_list>
<pin id="101" dir="1" index="0" bw="1" slack="2147483647"/>
</pin_list>
<bind>
<StgValue><ssdm name="weight_buffer_LF_7_N"/></StgValue>
</bind>
</comp>

<comp id="102" class="1001" name="const_102">
<pin_list>
<pin id="103" dir="1" index="0" bw="1" slack="2147483647"/>
</pin_list>
<bind>
<StgValue><ssdm name="weight_buffer_LF_8_N"/></StgValue>
</bind>
</comp>

<comp id="104" class="1001" name="const_104">
<pin_list>
<pin id="105" dir="1" index="0" bw="1" slack="2147483647"/>
</pin_list>
<bind>
<StgValue><ssdm name="beta_buffer_OC_V_str"/></StgValue>
</bind>
</comp>

<comp id="106" class="1001" name="const_106">
<pin_list>
<pin id="107" dir="1" index="0" bw="1" slack="2147483647"/>
</pin_list>
<bind>
<StgValue><ssdm name="output_buffer_LF_0_N"/></StgValue>
</bind>
</comp>

<comp id="108" class="1001" name="const_108">
<pin_list>
<pin id="109" dir="1" index="0" bw="1" slack="2147483647"/>
</pin_list>
<bind>
<StgValue><ssdm name=""/></StgValue>
</bind>
</comp>

<comp id="110" class="1001" name="const_110">
<pin_list>
<pin id="111" dir="1" index="0" bw="1" slack="2147483647"/>
</pin_list>
<bind>
<StgValue><ssdm name="output_buffer_LF_1_N"/></StgValue>
</bind>
</comp>

<comp id="112" class="1001" name="const_112">
<pin_list>
<pin id="113" dir="1" index="0" bw="1" slack="2147483647"/>
</pin_list>
<bind>
<StgValue><ssdm name="data_buffer_OC_V_str"/></StgValue>
</bind>
</comp>

<comp id="114" class="1001" name="const_114">
<pin_list>
<pin id="115" dir="1" index="0" bw="1" slack="2147483647"/>
</pin_list>
<bind>
<StgValue><ssdm name="result_buffer_OC_V_s"/></StgValue>
</bind>
</comp>

<comp id="116" class="1001" name="const_116">
<pin_list>
<pin id="117" dir="1" index="0" bw="1" slack="2147483647"/>
</pin_list>
<bind>
<StgValue><ssdm name="data_c_OC_V_str"/></StgValue>
</bind>
</comp>

<comp id="118" class="1001" name="const_118">
<pin_list>
<pin id="119" dir="1" index="0" bw="1" slack="2147483647"/>
</pin_list>
<bind>
<StgValue><ssdm name="data_r_OC_V_str"/></StgValue>
</bind>
</comp>

<comp id="120" class="1001" name="const_120">
<pin_list>
<pin id="121" dir="1" index="0" bw="1" slack="2147483647"/>
</pin_list>
<bind>
<StgValue><ssdm name="data_n_OC_V_str"/></StgValue>
</bind>
</comp>

<comp id="122" class="1001" name="const_122">
<pin_list>
<pin id="123" dir="1" index="0" bw="1" slack="2147483647"/>
</pin_list>
<bind>
<StgValue><ssdm name="result_c_OC_V_str"/></StgValue>
</bind>
</comp>

<comp id="124" class="1001" name="const_124">
<pin_list>
<pin id="125" dir="1" index="0" bw="1" slack="2147483647"/>
</pin_list>
<bind>
<StgValue><ssdm name="result_r_OC_V_str"/></StgValue>
</bind>
</comp>

<comp id="126" class="1001" name="const_126">
<pin_list>
<pin id="127" dir="1" index="0" bw="1" slack="2147483647"/>
</pin_list>
<bind>
<StgValue><ssdm name="result_n_OC_V_str"/></StgValue>
</bind>
</comp>

<comp id="128" class="1001" name="const_128">
<pin_list>
<pin id="129" dir="1" index="0" bw="1" slack="2147483647"/>
</pin_list>
<bind>
<StgValue><ssdm name="outputs_OC_offset_c_s"/></StgValue>
</bind>
</comp>

<comp id="130" class="1001" name="const_130">
<pin_list>
<pin id="131" dir="1" index="0" bw="1" slack="2147483647"/>
</pin_list>
<bind>
<StgValue><ssdm name=""/></StgValue>
</bind>
</comp>

<comp id="132" class="1001" name="const_132">
<pin_list>
<pin id="133" dir="1" index="0" bw="1" slack="2147483647"/>
</pin_list>
<bind>
<StgValue><ssdm name="outputs_OC_offset_c5"/></StgValue>
</bind>
</comp>

<comp id="134" class="1004" name="outputs_offset_c5_fu_134">
<pin_list>
<pin id="135" dir="0" index="0" bw="1" slack="0"/>
<pin id="136" dir="1" index="1" bw="31" slack="0"/>
</pin_list>
<bind>
<opcode="alloca(26) " fcode="alloca"/>
<opset="outputs_offset_c5/1 "/>
</bind>
</comp>

<comp id="138" class="1004" name="outputs_offset_c_fu_138">
<pin_list>
<pin id="139" dir="0" index="0" bw="1" slack="0"/>
<pin id="140" dir="1" index="1" bw="20" slack="0"/>
</pin_list>
<bind>
<opcode="alloca(26) " fcode="alloca"/>
<opset="outputs_offset_c/1 "/>
</bind>
</comp>

<comp id="142" class="1004" name="input_buffer_V_fu_142">
<pin_list>
<pin id="143" dir="0" index="0" bw="1" slack="0"/>
<pin id="144" dir="1" index="1" bw="16" slack="0"/>
</pin_list>
<bind>
<opcode="alloca(26) " fcode="alloca"/>
<opset="input_buffer_V/1 "/>
</bind>
</comp>

<comp id="146" class="1004" name="weight_buffer_0_V_fu_146">
<pin_list>
<pin id="147" dir="0" index="0" bw="1" slack="0"/>
<pin id="148" dir="1" index="1" bw="16" slack="0"/>
</pin_list>
<bind>
<opcode="alloca(26) " fcode="alloca"/>
<opset="weight_buffer_0_V/1 "/>
</bind>
</comp>

<comp id="150" class="1004" name="weight_buffer_1_V_fu_150">
<pin_list>
<pin id="151" dir="0" index="0" bw="1" slack="0"/>
<pin id="152" dir="1" index="1" bw="16" slack="0"/>
</pin_list>
<bind>
<opcode="alloca(26) " fcode="alloca"/>
<opset="weight_buffer_1_V/1 "/>
</bind>
</comp>

<comp id="154" class="1004" name="weight_buffer_2_V_fu_154">
<pin_list>
<pin id="155" dir="0" index="0" bw="1" slack="0"/>
<pin id="156" dir="1" index="1" bw="16" slack="0"/>
</pin_list>
<bind>
<opcode="alloca(26) " fcode="alloca"/>
<opset="weight_buffer_2_V/1 "/>
</bind>
</comp>

<comp id="158" class="1004" name="weight_buffer_3_V_fu_158">
<pin_list>
<pin id="159" dir="0" index="0" bw="1" slack="0"/>
<pin id="160" dir="1" index="1" bw="16" slack="0"/>
</pin_list>
<bind>
<opcode="alloca(26) " fcode="alloca"/>
<opset="weight_buffer_3_V/1 "/>
</bind>
</comp>

<comp id="162" class="1004" name="weight_buffer_4_V_fu_162">
<pin_list>
<pin id="163" dir="0" index="0" bw="1" slack="0"/>
<pin id="164" dir="1" index="1" bw="16" slack="0"/>
</pin_list>
<bind>
<opcode="alloca(26) " fcode="alloca"/>
<opset="weight_buffer_4_V/1 "/>
</bind>
</comp>

<comp id="166" class="1004" name="weight_buffer_5_V_fu_166">
<pin_list>
<pin id="167" dir="0" index="0" bw="1" slack="0"/>
<pin id="168" dir="1" index="1" bw="16" slack="0"/>
</pin_list>
<bind>
<opcode="alloca(26) " fcode="alloca"/>
<opset="weight_buffer_5_V/1 "/>
</bind>
</comp>

<comp id="170" class="1004" name="weight_buffer_6_V_fu_170">
<pin_list>
<pin id="171" dir="0" index="0" bw="1" slack="0"/>
<pin id="172" dir="1" index="1" bw="16" slack="0"/>
</pin_list>
<bind>
<opcode="alloca(26) " fcode="alloca"/>
<opset="weight_buffer_6_V/1 "/>
</bind>
</comp>

<comp id="174" class="1004" name="weight_buffer_7_V_fu_174">
<pin_list>
<pin id="175" dir="0" index="0" bw="1" slack="0"/>
<pin id="176" dir="1" index="1" bw="16" slack="0"/>
</pin_list>
<bind>
<opcode="alloca(26) " fcode="alloca"/>
<opset="weight_buffer_7_V/1 "/>
</bind>
</comp>

<comp id="178" class="1004" name="weight_buffer_8_V_fu_178">
<pin_list>
<pin id="179" dir="0" index="0" bw="1" slack="0"/>
<pin id="180" dir="1" index="1" bw="16" slack="0"/>
</pin_list>
<bind>
<opcode="alloca(26) " fcode="alloca"/>
<opset="weight_buffer_8_V/1 "/>
</bind>
</comp>

<comp id="182" class="1004" name="beta_buffer_V_fu_182">
<pin_list>
<pin id="183" dir="0" index="0" bw="1" slack="0"/>
<pin id="184" dir="1" index="1" bw="16" slack="0"/>
</pin_list>
<bind>
<opcode="alloca(26) " fcode="alloca"/>
<opset="beta_buffer_V/1 "/>
</bind>
</comp>

<comp id="186" class="1004" name="output_buffer_0_V_fu_186">
<pin_list>
<pin id="187" dir="0" index="0" bw="1" slack="0"/>
<pin id="188" dir="1" index="1" bw="16" slack="2"/>
</pin_list>
<bind>
<opcode="alloca(26) " fcode="alloca"/>
<opset="output_buffer_0_V/1 "/>
</bind>
</comp>

<comp id="190" class="1004" name="output_buffer_1_V_fu_190">
<pin_list>
<pin id="191" dir="0" index="0" bw="1" slack="0"/>
<pin id="192" dir="1" index="1" bw="16" slack="2"/>
</pin_list>
<bind>
<opcode="alloca(26) " fcode="alloca"/>
<opset="output_buffer_1_V/1 "/>
</bind>
</comp>

<comp id="194" class="1004" name="data_buffer_V_fu_194">
<pin_list>
<pin id="195" dir="0" index="0" bw="1" slack="0"/>
<pin id="196" dir="1" index="1" bw="1" slack="0"/>
</pin_list>
<bind>
<opcode="alloca(26) " fcode="alloca"/>
<opset="data_buffer_V/1 "/>
</bind>
</comp>

<comp id="198" class="1004" name="result_buffer_V_fu_198">
<pin_list>
<pin id="199" dir="0" index="0" bw="1" slack="0"/>
<pin id="200" dir="1" index="1" bw="1" slack="2"/>
</pin_list>
<bind>
<opcode="alloca(26) " fcode="alloca"/>
<opset="result_buffer_V/1 "/>
</bind>
</comp>

<comp id="202" class="1004" name="data_c_V_fu_202">
<pin_list>
<pin id="203" dir="0" index="0" bw="1" slack="0"/>
<pin id="204" dir="1" index="1" bw="32" slack="0"/>
</pin_list>
<bind>
<opcode="alloca(26) " fcode="alloca"/>
<opset="data_c_V/1 "/>
</bind>
</comp>

<comp id="206" class="1004" name="data_r_V_fu_206">
<pin_list>
<pin id="207" dir="0" index="0" bw="1" slack="0"/>
<pin id="208" dir="1" index="1" bw="32" slack="0"/>
</pin_list>
<bind>
<opcode="alloca(26) " fcode="alloca"/>
<opset="data_r_V/1 "/>
</bind>
</comp>

<comp id="210" class="1004" name="data_n_V_fu_210">
<pin_list>
<pin id="211" dir="0" index="0" bw="1" slack="0"/>
<pin id="212" dir="1" index="1" bw="32" slack="0"/>
</pin_list>
<bind>
<opcode="alloca(26) " fcode="alloca"/>
<opset="data_n_V/1 "/>
</bind>
</comp>

<comp id="214" class="1004" name="result_c_V_fu_214">
<pin_list>
<pin id="215" dir="0" index="0" bw="1" slack="0"/>
<pin id="216" dir="1" index="1" bw="32" slack="2"/>
</pin_list>
<bind>
<opcode="alloca(26) " fcode="alloca"/>
<opset="result_c_V/1 "/>
</bind>
</comp>

<comp id="218" class="1004" name="result_r_V_fu_218">
<pin_list>
<pin id="219" dir="0" index="0" bw="1" slack="0"/>
<pin id="220" dir="1" index="1" bw="32" slack="2"/>
</pin_list>
<bind>
<opcode="alloca(26) " fcode="alloca"/>
<opset="result_r_V/1 "/>
</bind>
</comp>

<comp id="222" class="1004" name="result_n_V_fu_222">
<pin_list>
<pin id="223" dir="0" index="0" bw="1" slack="0"/>
<pin id="224" dir="1" index="1" bw="32" slack="2"/>
</pin_list>
<bind>
<opcode="alloca(26) " fcode="alloca"/>
<opset="result_n_V/1 "/>
</bind>
</comp>

<comp id="226" class="1004" name="outputs_offset2_read_read_fu_226">
<pin_list>
<pin id="227" dir="0" index="0" bw="20" slack="0"/>
<pin id="228" dir="0" index="1" bw="20" slack="0"/>
<pin id="229" dir="1" index="2" bw="20" slack="0"/>
</pin_list>
<bind>
<opcode="read(1150) " fcode="read"/>
<opset="outputs_offset2_read/1 "/>
</bind>
</comp>

<comp id="232" class="1004" name="outputs_offset_read_read_fu_232">
<pin_list>
<pin id="233" dir="0" index="0" bw="31" slack="0"/>
<pin id="234" dir="0" index="1" bw="31" slack="0"/>
<pin id="235" dir="1" index="2" bw="31" slack="0"/>
</pin_list>
<bind>
<opcode="read(1150) " fcode="read"/>
<opset="outputs_offset_read/1 "/>
</bind>
</comp>

<comp id="238" class="1004" name="betas_offset_read_read_fu_238">
<pin_list>
<pin id="239" dir="0" index="0" bw="31" slack="0"/>
<pin id="240" dir="0" index="1" bw="31" slack="0"/>
<pin id="241" dir="1" index="2" bw="31" slack="0"/>
</pin_list>
<bind>
<opcode="read(1150) " fcode="read"/>
<opset="betas_offset_read/1 "/>
</bind>
</comp>

<comp id="244" class="1004" name="weights_offset_read_read_fu_244">
<pin_list>
<pin id="245" dir="0" index="0" bw="31" slack="0"/>
<pin id="246" dir="0" index="1" bw="31" slack="0"/>
<pin id="247" dir="1" index="2" bw="31" slack="0"/>
</pin_list>
<bind>
<opcode="read(1150) " fcode="read"/>
<opset="weights_offset_read/1 "/>
</bind>
</comp>

<comp id="250" class="1004" name="inputs_offset1_read_read_fu_250">
<pin_list>
<pin id="251" dir="0" index="0" bw="22" slack="0"/>
<pin id="252" dir="0" index="1" bw="22" slack="0"/>
<pin id="253" dir="1" index="2" bw="22" slack="0"/>
</pin_list>
<bind>
<opcode="read(1150) " fcode="read"/>
<opset="inputs_offset1_read/1 "/>
</bind>
</comp>

<comp id="256" class="1004" name="inputs_offset_read_read_fu_256">
<pin_list>
<pin id="257" dir="0" index="0" bw="31" slack="0"/>
<pin id="258" dir="0" index="1" bw="31" slack="0"/>
<pin id="259" dir="1" index="2" bw="31" slack="0"/>
</pin_list>
<bind>
<opcode="read(1150) " fcode="read"/>
<opset="inputs_offset_read/1 "/>
</bind>
</comp>

<comp id="262" class="1004" name="grp_compute_pro_10_fu_262">
<pin_list>
<pin id="263" dir="0" index="0" bw="0" slack="0"/>
<pin id="264" dir="0" index="1" bw="16" slack="2"/>
<pin id="265" dir="0" index="2" bw="16" slack="2"/>
<pin id="266" dir="0" index="3" bw="16" slack="2"/>
<pin id="267" dir="0" index="4" bw="16" slack="2"/>
<pin id="268" dir="0" index="5" bw="16" slack="2"/>
<pin id="269" dir="0" index="6" bw="16" slack="2"/>
<pin id="270" dir="0" index="7" bw="16" slack="2"/>
<pin id="271" dir="0" index="8" bw="16" slack="2"/>
<pin id="272" dir="0" index="9" bw="16" slack="2"/>
<pin id="273" dir="0" index="10" bw="16" slack="2"/>
<pin id="274" dir="0" index="11" bw="16" slack="2"/>
<pin id="275" dir="0" index="12" bw="16" slack="2"/>
<pin id="276" dir="0" index="13" bw="16" slack="2"/>
<pin id="277" dir="0" index="14" bw="1" slack="2"/>
<pin id="278" dir="0" index="15" bw="1" slack="2"/>
<pin id="279" dir="0" index="16" bw="32" slack="2"/>
<pin id="280" dir="0" index="17" bw="32" slack="2"/>
<pin id="281" dir="0" index="18" bw="32" slack="2"/>
<pin id="282" dir="0" index="19" bw="32" slack="2"/>
<pin id="283" dir="0" index="20" bw="32" slack="2"/>
<pin id="284" dir="0" index="21" bw="32" slack="2"/>
<pin id="285" dir="1" index="22" bw="0" slack="2147483647"/>
</pin_list>
<bind>
<opcode="call(48) " fcode="call"/>
<opset="StgValue_38/3 "/>
</bind>
</comp>

<comp id="287" class="1004" name="grp_load_data322134_fu_287">
<pin_list>
<pin id="288" dir="0" index="0" bw="0" slack="0"/>
<pin id="289" dir="0" index="1" bw="16" slack="0"/>
<pin id="290" dir="0" index="2" bw="31" slack="0"/>
<pin id="291" dir="0" index="3" bw="22" slack="0"/>
<pin id="292" dir="0" index="4" bw="16" slack="0"/>
<pin id="293" dir="0" index="5" bw="31" slack="0"/>
<pin id="294" dir="0" index="6" bw="16" slack="0"/>
<pin id="295" dir="0" index="7" bw="31" slack="0"/>
<pin id="296" dir="0" index="8" bw="16" slack="0"/>
<pin id="297" dir="0" index="9" bw="16" slack="0"/>
<pin id="298" dir="0" index="10" bw="16" slack="0"/>
<pin id="299" dir="0" index="11" bw="16" slack="0"/>
<pin id="300" dir="0" index="12" bw="16" slack="0"/>
<pin id="301" dir="0" index="13" bw="16" slack="0"/>
<pin id="302" dir="0" index="14" bw="16" slack="0"/>
<pin id="303" dir="0" index="15" bw="16" slack="0"/>
<pin id="304" dir="0" index="16" bw="16" slack="0"/>
<pin id="305" dir="0" index="17" bw="16" slack="0"/>
<pin id="306" dir="0" index="18" bw="16" slack="0"/>
<pin id="307" dir="0" index="19" bw="1" slack="0"/>
<pin id="308" dir="0" index="20" bw="32" slack="0"/>
<pin id="309" dir="0" index="21" bw="32" slack="0"/>
<pin id="310" dir="0" index="22" bw="32" slack="0"/>
<pin id="311" dir="0" index="23" bw="20" slack="0"/>
<pin id="312" dir="0" index="24" bw="20" slack="0"/>
<pin id="313" dir="0" index="25" bw="31" slack="0"/>
<pin id="314" dir="0" index="26" bw="31" slack="0"/>
<pin id="315" dir="1" index="27" bw="0" slack="2147483647"/>
</pin_list>
<bind>
<opcode="call(48) " fcode="call"/>
<opset="StgValue_36/1 "/>
</bind>
</comp>

<comp id="326" class="1004" name="grp_output_result_10_fu_326">
<pin_list>
<pin id="327" dir="0" index="0" bw="0" slack="0"/>
<pin id="328" dir="0" index="1" bw="16" slack="0"/>
<pin id="329" dir="0" index="2" bw="31" slack="4"/>
<pin id="330" dir="0" index="3" bw="20" slack="4"/>
<pin id="331" dir="0" index="4" bw="16" slack="4"/>
<pin id="332" dir="0" index="5" bw="16" slack="4"/>
<pin id="333" dir="0" index="6" bw="1" slack="4"/>
<pin id="334" dir="0" index="7" bw="32" slack="4"/>
<pin id="335" dir="0" index="8" bw="32" slack="4"/>
<pin id="336" dir="0" index="9" bw="32" slack="4"/>
<pin id="337" dir="0" index="10" bw="1" slack="0"/>
<pin id="338" dir="1" index="11" bw="0" slack="2147483647"/>
</pin_list>
<bind>
<opcode="call(48) " fcode="call"/>
<opset="StgValue_40/5 "/>
</bind>
</comp>

<comp id="342" class="1005" name="outputs_offset2_read_reg_342">
<pin_list>
<pin id="343" dir="0" index="0" bw="20" slack="1"/>
<pin id="344" dir="1" index="1" bw="20" slack="1"/>
</pin_list>
<bind>
<opset="outputs_offset2_read "/>
</bind>
</comp>

<comp id="347" class="1005" name="outputs_offset_read_reg_347">
<pin_list>
<pin id="348" dir="0" index="0" bw="31" slack="1"/>
<pin id="349" dir="1" index="1" bw="31" slack="1"/>
</pin_list>
<bind>
<opset="outputs_offset_read "/>
</bind>
</comp>

<comp id="352" class="1005" name="betas_offset_read_reg_352">
<pin_list>
<pin id="353" dir="0" index="0" bw="31" slack="1"/>
<pin id="354" dir="1" index="1" bw="31" slack="1"/>
</pin_list>
<bind>
<opset="betas_offset_read "/>
</bind>
</comp>

<comp id="357" class="1005" name="weights_offset_read_reg_357">
<pin_list>
<pin id="358" dir="0" index="0" bw="31" slack="1"/>
<pin id="359" dir="1" index="1" bw="31" slack="1"/>
</pin_list>
<bind>
<opset="weights_offset_read "/>
</bind>
</comp>

<comp id="362" class="1005" name="inputs_offset1_read_reg_362">
<pin_list>
<pin id="363" dir="0" index="0" bw="22" slack="1"/>
<pin id="364" dir="1" index="1" bw="22" slack="1"/>
</pin_list>
<bind>
<opset="inputs_offset1_read "/>
</bind>
</comp>

<comp id="367" class="1005" name="inputs_offset_read_reg_367">
<pin_list>
<pin id="368" dir="0" index="0" bw="31" slack="1"/>
<pin id="369" dir="1" index="1" bw="31" slack="1"/>
</pin_list>
<bind>
<opset="inputs_offset_read "/>
</bind>
</comp>

<comp id="372" class="1005" name="outputs_offset_c5_reg_372">
<pin_list>
<pin id="373" dir="0" index="0" bw="31" slack="0"/>
<pin id="374" dir="1" index="1" bw="31" slack="0"/>
</pin_list>
<bind>
<opset="outputs_offset_c5 "/>
</bind>
</comp>

<comp id="378" class="1005" name="outputs_offset_c_reg_378">
<pin_list>
<pin id="379" dir="0" index="0" bw="20" slack="0"/>
<pin id="380" dir="1" index="1" bw="20" slack="0"/>
</pin_list>
<bind>
<opset="outputs_offset_c "/>
</bind>
</comp>

<comp id="384" class="1005" name="input_buffer_V_reg_384">
<pin_list>
<pin id="385" dir="0" index="0" bw="16" slack="0"/>
<pin id="386" dir="1" index="1" bw="16" slack="0"/>
</pin_list>
<bind>
<opset="input_buffer_V "/>
</bind>
</comp>

<comp id="390" class="1005" name="weight_buffer_0_V_reg_390">
<pin_list>
<pin id="391" dir="0" index="0" bw="16" slack="0"/>
<pin id="392" dir="1" index="1" bw="16" slack="0"/>
</pin_list>
<bind>
<opset="weight_buffer_0_V "/>
</bind>
</comp>

<comp id="396" class="1005" name="weight_buffer_1_V_reg_396">
<pin_list>
<pin id="397" dir="0" index="0" bw="16" slack="0"/>
<pin id="398" dir="1" index="1" bw="16" slack="0"/>
</pin_list>
<bind>
<opset="weight_buffer_1_V "/>
</bind>
</comp>

<comp id="402" class="1005" name="weight_buffer_2_V_reg_402">
<pin_list>
<pin id="403" dir="0" index="0" bw="16" slack="0"/>
<pin id="404" dir="1" index="1" bw="16" slack="0"/>
</pin_list>
<bind>
<opset="weight_buffer_2_V "/>
</bind>
</comp>

<comp id="408" class="1005" name="weight_buffer_3_V_reg_408">
<pin_list>
<pin id="409" dir="0" index="0" bw="16" slack="0"/>
<pin id="410" dir="1" index="1" bw="16" slack="0"/>
</pin_list>
<bind>
<opset="weight_buffer_3_V "/>
</bind>
</comp>

<comp id="414" class="1005" name="weight_buffer_4_V_reg_414">
<pin_list>
<pin id="415" dir="0" index="0" bw="16" slack="0"/>
<pin id="416" dir="1" index="1" bw="16" slack="0"/>
</pin_list>
<bind>
<opset="weight_buffer_4_V "/>
</bind>
</comp>

<comp id="420" class="1005" name="weight_buffer_5_V_reg_420">
<pin_list>
<pin id="421" dir="0" index="0" bw="16" slack="0"/>
<pin id="422" dir="1" index="1" bw="16" slack="0"/>
</pin_list>
<bind>
<opset="weight_buffer_5_V "/>
</bind>
</comp>

<comp id="426" class="1005" name="weight_buffer_6_V_reg_426">
<pin_list>
<pin id="427" dir="0" index="0" bw="16" slack="0"/>
<pin id="428" dir="1" index="1" bw="16" slack="0"/>
</pin_list>
<bind>
<opset="weight_buffer_6_V "/>
</bind>
</comp>

<comp id="432" class="1005" name="weight_buffer_7_V_reg_432">
<pin_list>
<pin id="433" dir="0" index="0" bw="16" slack="0"/>
<pin id="434" dir="1" index="1" bw="16" slack="0"/>
</pin_list>
<bind>
<opset="weight_buffer_7_V "/>
</bind>
</comp>

<comp id="438" class="1005" name="weight_buffer_8_V_reg_438">
<pin_list>
<pin id="439" dir="0" index="0" bw="16" slack="0"/>
<pin id="440" dir="1" index="1" bw="16" slack="0"/>
</pin_list>
<bind>
<opset="weight_buffer_8_V "/>
</bind>
</comp>

<comp id="444" class="1005" name="beta_buffer_V_reg_444">
<pin_list>
<pin id="445" dir="0" index="0" bw="16" slack="0"/>
<pin id="446" dir="1" index="1" bw="16" slack="0"/>
</pin_list>
<bind>
<opset="beta_buffer_V "/>
</bind>
</comp>

<comp id="450" class="1005" name="output_buffer_0_V_reg_450">
<pin_list>
<pin id="451" dir="0" index="0" bw="16" slack="2"/>
<pin id="452" dir="1" index="1" bw="16" slack="2"/>
</pin_list>
<bind>
<opset="output_buffer_0_V "/>
</bind>
</comp>

<comp id="456" class="1005" name="output_buffer_1_V_reg_456">
<pin_list>
<pin id="457" dir="0" index="0" bw="16" slack="2"/>
<pin id="458" dir="1" index="1" bw="16" slack="2"/>
</pin_list>
<bind>
<opset="output_buffer_1_V "/>
</bind>
</comp>

<comp id="462" class="1005" name="data_buffer_V_reg_462">
<pin_list>
<pin id="463" dir="0" index="0" bw="1" slack="0"/>
<pin id="464" dir="1" index="1" bw="1" slack="0"/>
</pin_list>
<bind>
<opset="data_buffer_V "/>
</bind>
</comp>

<comp id="468" class="1005" name="result_buffer_V_reg_468">
<pin_list>
<pin id="469" dir="0" index="0" bw="1" slack="2"/>
<pin id="470" dir="1" index="1" bw="1" slack="2"/>
</pin_list>
<bind>
<opset="result_buffer_V "/>
</bind>
</comp>

<comp id="474" class="1005" name="data_c_V_reg_474">
<pin_list>
<pin id="475" dir="0" index="0" bw="32" slack="0"/>
<pin id="476" dir="1" index="1" bw="32" slack="0"/>
</pin_list>
<bind>
<opset="data_c_V "/>
</bind>
</comp>

<comp id="480" class="1005" name="data_r_V_reg_480">
<pin_list>
<pin id="481" dir="0" index="0" bw="32" slack="0"/>
<pin id="482" dir="1" index="1" bw="32" slack="0"/>
</pin_list>
<bind>
<opset="data_r_V "/>
</bind>
</comp>

<comp id="486" class="1005" name="data_n_V_reg_486">
<pin_list>
<pin id="487" dir="0" index="0" bw="32" slack="0"/>
<pin id="488" dir="1" index="1" bw="32" slack="0"/>
</pin_list>
<bind>
<opset="data_n_V "/>
</bind>
</comp>

<comp id="492" class="1005" name="result_c_V_reg_492">
<pin_list>
<pin id="493" dir="0" index="0" bw="32" slack="2"/>
<pin id="494" dir="1" index="1" bw="32" slack="2"/>
</pin_list>
<bind>
<opset="result_c_V "/>
</bind>
</comp>

<comp id="498" class="1005" name="result_r_V_reg_498">
<pin_list>
<pin id="499" dir="0" index="0" bw="32" slack="2"/>
<pin id="500" dir="1" index="1" bw="32" slack="2"/>
</pin_list>
<bind>
<opset="result_r_V "/>
</bind>
</comp>

<comp id="504" class="1005" name="result_n_V_reg_504">
<pin_list>
<pin id="505" dir="0" index="0" bw="32" slack="2"/>
<pin id="506" dir="1" index="1" bw="32" slack="2"/>
</pin_list>
<bind>
<opset="result_n_V "/>
</bind>
</comp>

</comp_list>

<net_list>
<net id="137"><net_src comp="28" pin="0"/><net_sink comp="134" pin=0"/></net>

<net id="141"><net_src comp="28" pin="0"/><net_sink comp="138" pin=0"/></net>

<net id="145"><net_src comp="28" pin="0"/><net_sink comp="142" pin=0"/></net>

<net id="149"><net_src comp="28" pin="0"/><net_sink comp="146" pin=0"/></net>

<net id="153"><net_src comp="28" pin="0"/><net_sink comp="150" pin=0"/></net>

<net id="157"><net_src comp="28" pin="0"/><net_sink comp="154" pin=0"/></net>

<net id="161"><net_src comp="28" pin="0"/><net_sink comp="158" pin=0"/></net>

<net id="165"><net_src comp="28" pin="0"/><net_sink comp="162" pin=0"/></net>

<net id="169"><net_src comp="28" pin="0"/><net_sink comp="166" pin=0"/></net>

<net id="173"><net_src comp="28" pin="0"/><net_sink comp="170" pin=0"/></net>

<net id="177"><net_src comp="28" pin="0"/><net_sink comp="174" pin=0"/></net>

<net id="181"><net_src comp="28" pin="0"/><net_sink comp="178" pin=0"/></net>

<net id="185"><net_src comp="28" pin="0"/><net_sink comp="182" pin=0"/></net>

<net id="189"><net_src comp="28" pin="0"/><net_sink comp="186" pin=0"/></net>

<net id="193"><net_src comp="28" pin="0"/><net_sink comp="190" pin=0"/></net>

<net id="197"><net_src comp="28" pin="0"/><net_sink comp="194" pin=0"/></net>

<net id="201"><net_src comp="28" pin="0"/><net_sink comp="198" pin=0"/></net>

<net id="205"><net_src comp="28" pin="0"/><net_sink comp="202" pin=0"/></net>

<net id="209"><net_src comp="28" pin="0"/><net_sink comp="206" pin=0"/></net>

<net id="213"><net_src comp="28" pin="0"/><net_sink comp="210" pin=0"/></net>

<net id="217"><net_src comp="28" pin="0"/><net_sink comp="214" pin=0"/></net>

<net id="221"><net_src comp="28" pin="0"/><net_sink comp="218" pin=0"/></net>

<net id="225"><net_src comp="28" pin="0"/><net_sink comp="222" pin=0"/></net>

<net id="230"><net_src comp="22" pin="0"/><net_sink comp="226" pin=0"/></net>

<net id="231"><net_src comp="18" pin="0"/><net_sink comp="226" pin=1"/></net>

<net id="236"><net_src comp="24" pin="0"/><net_sink comp="232" pin=0"/></net>

<net id="237"><net_src comp="16" pin="0"/><net_sink comp="232" pin=1"/></net>

<net id="242"><net_src comp="24" pin="0"/><net_sink comp="238" pin=0"/></net>

<net id="243"><net_src comp="12" pin="0"/><net_sink comp="238" pin=1"/></net>

<net id="248"><net_src comp="24" pin="0"/><net_sink comp="244" pin=0"/></net>

<net id="249"><net_src comp="8" pin="0"/><net_sink comp="244" pin=1"/></net>

<net id="254"><net_src comp="26" pin="0"/><net_sink comp="250" pin=0"/></net>

<net id="255"><net_src comp="4" pin="0"/><net_sink comp="250" pin=1"/></net>

<net id="260"><net_src comp="24" pin="0"/><net_sink comp="256" pin=0"/></net>

<net id="261"><net_src comp="2" pin="0"/><net_sink comp="256" pin=1"/></net>

<net id="286"><net_src comp="32" pin="0"/><net_sink comp="262" pin=0"/></net>

<net id="316"><net_src comp="30" pin="0"/><net_sink comp="287" pin=0"/></net>

<net id="317"><net_src comp="0" pin="0"/><net_sink comp="287" pin=1"/></net>

<net id="318"><net_src comp="256" pin="2"/><net_sink comp="287" pin=2"/></net>

<net id="319"><net_src comp="250" pin="2"/><net_sink comp="287" pin=3"/></net>

<net id="320"><net_src comp="6" pin="0"/><net_sink comp="287" pin=4"/></net>

<net id="321"><net_src comp="244" pin="2"/><net_sink comp="287" pin=5"/></net>

<net id="322"><net_src comp="10" pin="0"/><net_sink comp="287" pin=6"/></net>

<net id="323"><net_src comp="238" pin="2"/><net_sink comp="287" pin=7"/></net>

<net id="324"><net_src comp="226" pin="2"/><net_sink comp="287" pin=23"/></net>

<net id="325"><net_src comp="232" pin="2"/><net_sink comp="287" pin=25"/></net>

<net id="339"><net_src comp="34" pin="0"/><net_sink comp="326" pin=0"/></net>

<net id="340"><net_src comp="14" pin="0"/><net_sink comp="326" pin=1"/></net>

<net id="341"><net_src comp="20" pin="0"/><net_sink comp="326" pin=10"/></net>

<net id="345"><net_src comp="226" pin="2"/><net_sink comp="342" pin=0"/></net>

<net id="346"><net_src comp="342" pin="1"/><net_sink comp="287" pin=23"/></net>

<net id="350"><net_src comp="232" pin="2"/><net_sink comp="347" pin=0"/></net>

<net id="351"><net_src comp="347" pin="1"/><net_sink comp="287" pin=25"/></net>

<net id="355"><net_src comp="238" pin="2"/><net_sink comp="352" pin=0"/></net>

<net id="356"><net_src comp="352" pin="1"/><net_sink comp="287" pin=7"/></net>

<net id="360"><net_src comp="244" pin="2"/><net_sink comp="357" pin=0"/></net>

<net id="361"><net_src comp="357" pin="1"/><net_sink comp="287" pin=5"/></net>

<net id="365"><net_src comp="250" pin="2"/><net_sink comp="362" pin=0"/></net>

<net id="366"><net_src comp="362" pin="1"/><net_sink comp="287" pin=3"/></net>

<net id="370"><net_src comp="256" pin="2"/><net_sink comp="367" pin=0"/></net>

<net id="371"><net_src comp="367" pin="1"/><net_sink comp="287" pin=2"/></net>

<net id="375"><net_src comp="134" pin="1"/><net_sink comp="372" pin=0"/></net>

<net id="376"><net_src comp="372" pin="1"/><net_sink comp="287" pin=26"/></net>

<net id="377"><net_src comp="372" pin="1"/><net_sink comp="326" pin=2"/></net>

<net id="381"><net_src comp="138" pin="1"/><net_sink comp="378" pin=0"/></net>

<net id="382"><net_src comp="378" pin="1"/><net_sink comp="287" pin=24"/></net>

<net id="383"><net_src comp="378" pin="1"/><net_sink comp="326" pin=3"/></net>

<net id="387"><net_src comp="142" pin="1"/><net_sink comp="384" pin=0"/></net>

<net id="388"><net_src comp="384" pin="1"/><net_sink comp="287" pin=8"/></net>

<net id="389"><net_src comp="384" pin="1"/><net_sink comp="262" pin=1"/></net>

<net id="393"><net_src comp="146" pin="1"/><net_sink comp="390" pin=0"/></net>

<net id="394"><net_src comp="390" pin="1"/><net_sink comp="287" pin=9"/></net>

<net id="395"><net_src comp="390" pin="1"/><net_sink comp="262" pin=2"/></net>

<net id="399"><net_src comp="150" pin="1"/><net_sink comp="396" pin=0"/></net>

<net id="400"><net_src comp="396" pin="1"/><net_sink comp="287" pin=10"/></net>

<net id="401"><net_src comp="396" pin="1"/><net_sink comp="262" pin=3"/></net>

<net id="405"><net_src comp="154" pin="1"/><net_sink comp="402" pin=0"/></net>

<net id="406"><net_src comp="402" pin="1"/><net_sink comp="287" pin=11"/></net>

<net id="407"><net_src comp="402" pin="1"/><net_sink comp="262" pin=4"/></net>

<net id="411"><net_src comp="158" pin="1"/><net_sink comp="408" pin=0"/></net>

<net id="412"><net_src comp="408" pin="1"/><net_sink comp="287" pin=12"/></net>

<net id="413"><net_src comp="408" pin="1"/><net_sink comp="262" pin=5"/></net>

<net id="417"><net_src comp="162" pin="1"/><net_sink comp="414" pin=0"/></net>

<net id="418"><net_src comp="414" pin="1"/><net_sink comp="287" pin=13"/></net>

<net id="419"><net_src comp="414" pin="1"/><net_sink comp="262" pin=6"/></net>

<net id="423"><net_src comp="166" pin="1"/><net_sink comp="420" pin=0"/></net>

<net id="424"><net_src comp="420" pin="1"/><net_sink comp="287" pin=14"/></net>

<net id="425"><net_src comp="420" pin="1"/><net_sink comp="262" pin=7"/></net>

<net id="429"><net_src comp="170" pin="1"/><net_sink comp="426" pin=0"/></net>

<net id="430"><net_src comp="426" pin="1"/><net_sink comp="287" pin=15"/></net>

<net id="431"><net_src comp="426" pin="1"/><net_sink comp="262" pin=8"/></net>

<net id="435"><net_src comp="174" pin="1"/><net_sink comp="432" pin=0"/></net>

<net id="436"><net_src comp="432" pin="1"/><net_sink comp="287" pin=16"/></net>

<net id="437"><net_src comp="432" pin="1"/><net_sink comp="262" pin=9"/></net>

<net id="441"><net_src comp="178" pin="1"/><net_sink comp="438" pin=0"/></net>

<net id="442"><net_src comp="438" pin="1"/><net_sink comp="287" pin=17"/></net>

<net id="443"><net_src comp="438" pin="1"/><net_sink comp="262" pin=10"/></net>

<net id="447"><net_src comp="182" pin="1"/><net_sink comp="444" pin=0"/></net>

<net id="448"><net_src comp="444" pin="1"/><net_sink comp="287" pin=18"/></net>

<net id="449"><net_src comp="444" pin="1"/><net_sink comp="262" pin=11"/></net>

<net id="453"><net_src comp="186" pin="1"/><net_sink comp="450" pin=0"/></net>

<net id="454"><net_src comp="450" pin="1"/><net_sink comp="262" pin=12"/></net>

<net id="455"><net_src comp="450" pin="1"/><net_sink comp="326" pin=4"/></net>

<net id="459"><net_src comp="190" pin="1"/><net_sink comp="456" pin=0"/></net>

<net id="460"><net_src comp="456" pin="1"/><net_sink comp="262" pin=13"/></net>

<net id="461"><net_src comp="456" pin="1"/><net_sink comp="326" pin=5"/></net>

<net id="465"><net_src comp="194" pin="1"/><net_sink comp="462" pin=0"/></net>

<net id="466"><net_src comp="462" pin="1"/><net_sink comp="287" pin=19"/></net>

<net id="467"><net_src comp="462" pin="1"/><net_sink comp="262" pin=14"/></net>

<net id="471"><net_src comp="198" pin="1"/><net_sink comp="468" pin=0"/></net>

<net id="472"><net_src comp="468" pin="1"/><net_sink comp="262" pin=15"/></net>

<net id="473"><net_src comp="468" pin="1"/><net_sink comp="326" pin=6"/></net>

<net id="477"><net_src comp="202" pin="1"/><net_sink comp="474" pin=0"/></net>

<net id="478"><net_src comp="474" pin="1"/><net_sink comp="287" pin=20"/></net>

<net id="479"><net_src comp="474" pin="1"/><net_sink comp="262" pin=16"/></net>

<net id="483"><net_src comp="206" pin="1"/><net_sink comp="480" pin=0"/></net>

<net id="484"><net_src comp="480" pin="1"/><net_sink comp="287" pin=21"/></net>

<net id="485"><net_src comp="480" pin="1"/><net_sink comp="262" pin=17"/></net>

<net id="489"><net_src comp="210" pin="1"/><net_sink comp="486" pin=0"/></net>

<net id="490"><net_src comp="486" pin="1"/><net_sink comp="287" pin=22"/></net>

<net id="491"><net_src comp="486" pin="1"/><net_sink comp="262" pin=18"/></net>

<net id="495"><net_src comp="214" pin="1"/><net_sink comp="492" pin=0"/></net>

<net id="496"><net_src comp="492" pin="1"/><net_sink comp="262" pin=19"/></net>

<net id="497"><net_src comp="492" pin="1"/><net_sink comp="326" pin=7"/></net>

<net id="501"><net_src comp="218" pin="1"/><net_sink comp="498" pin=0"/></net>

<net id="502"><net_src comp="498" pin="1"/><net_sink comp="262" pin=20"/></net>

<net id="503"><net_src comp="498" pin="1"/><net_sink comp="326" pin=8"/></net>

<net id="507"><net_src comp="222" pin="1"/><net_sink comp="504" pin=0"/></net>

<net id="508"><net_src comp="504" pin="1"/><net_sink comp="262" pin=21"/></net>

<net id="509"><net_src comp="504" pin="1"/><net_sink comp="326" pin=9"/></net>

</net_list>

</model> 
---------------- Datapath Model END ------------------

* FSMD analyzer results:
  - Output states:
	Port: outputs | {5 6 }
	Port: cntl_V | {5 6 }
 - Input state : 
	Port: apply.9 : inputs | {1 2 }
	Port: apply.9 : inputs_offset | {1 }
	Port: apply.9 : inputs_offset1 | {1 }
	Port: apply.9 : weights | {1 2 }
	Port: apply.9 : weights_offset | {1 }
	Port: apply.9 : betas | {1 2 }
	Port: apply.9 : betas_offset | {1 }
	Port: apply.9 : outputs_offset | {1 }
	Port: apply.9 : outputs_offset2 | {1 }
  - Chain level:
	State 1
		StgValue_36 : 1
	State 2
	State 3
	State 4
	State 5
	State 6


============================================================
+ Verbose Summary: Datapath Resource usage 
============================================================

* Functional unit list:
|----------|----------------------------------|---------|---------|---------|---------|---------|
| Operation|          Functional Unit         |   BRAM  |  DSP48E |  Delay  |    FF   |   LUT   |
|----------|----------------------------------|---------|---------|---------|---------|---------|
|          |     grp_compute_pro_10_fu_262    |    1    |    36   |  11.808 |   7079  |   2308  |
|   call   |    grp_load_data322134_fu_287    |    0    |    0    | 4.61075 |   941   |   1092  |
|          |    grp_output_result_10_fu_326   |    0    |    0    |  0.656  |   702   |   1062  |
|----------|----------------------------------|---------|---------|---------|---------|---------|
|          | outputs_offset2_read_read_fu_226 |    0    |    0    |    0    |    0    |    0    |
|          |  outputs_offset_read_read_fu_232 |    0    |    0    |    0    |    0    |    0    |
|   read   |   betas_offset_read_read_fu_238  |    0    |    0    |    0    |    0    |    0    |
|          |  weights_offset_read_read_fu_244 |    0    |    0    |    0    |    0    |    0    |
|          |  inputs_offset1_read_read_fu_250 |    0    |    0    |    0    |    0    |    0    |
|          |  inputs_offset_read_read_fu_256  |    0    |    0    |    0    |    0    |    0    |
|----------|----------------------------------|---------|---------|---------|---------|---------|
|   Total  |                                  |    1    |    36   | 17.0748 |   8722  |   4462  |
|----------|----------------------------------|---------|---------|---------|---------|---------|

Memories:
N/A

* Register list:
+----------------------------+--------+
|                            |   FF   |
+----------------------------+--------+
|    beta_buffer_V_reg_444   |   16   |
|  betas_offset_read_reg_352 |   31   |
|    data_buffer_V_reg_462   |    1   |
|      data_c_V_reg_474      |   32   |
|      data_n_V_reg_486      |   32   |
|      data_r_V_reg_480      |   32   |
|   input_buffer_V_reg_384   |   16   |
| inputs_offset1_read_reg_362|   22   |
| inputs_offset_read_reg_367 |   31   |
|  output_buffer_0_V_reg_450 |   16   |
|  output_buffer_1_V_reg_456 |   16   |
|outputs_offset2_read_reg_342|   20   |
|  outputs_offset_c5_reg_372 |   31   |
|  outputs_offset_c_reg_378  |   20   |
| outputs_offset_read_reg_347|   31   |
|   result_buffer_V_reg_468  |    1   |
|     result_c_V_reg_492     |   32   |
|     result_n_V_reg_504     |   32   |
|     result_r_V_reg_498     |   32   |
|  weight_buffer_0_V_reg_390 |   16   |
|  weight_buffer_1_V_reg_396 |   16   |
|  weight_buffer_2_V_reg_402 |   16   |
|  weight_buffer_3_V_reg_408 |   16   |
|  weight_buffer_4_V_reg_414 |   16   |
|  weight_buffer_5_V_reg_420 |   16   |
|  weight_buffer_6_V_reg_426 |   16   |
|  weight_buffer_7_V_reg_432 |   16   |
|  weight_buffer_8_V_reg_438 |   16   |
| weights_offset_read_reg_357|   31   |
+----------------------------+--------+
|            Total           |   619  |
+----------------------------+--------+

* Multiplexer (MUX) list: 
|----------------------------|------|------|------|--------||---------||---------|
|            Comp            |  Pin | Size |  BW  | S x BW ||  Delay  ||   LUT   |
|----------------------------|------|------|------|--------||---------||---------|
| grp_load_data322134_fu_287 |  p2  |   2  |  31  |   62   ||    9    |
| grp_load_data322134_fu_287 |  p3  |   2  |  22  |   44   ||    9    |
| grp_load_data322134_fu_287 |  p5  |   2  |  31  |   62   ||    9    |
| grp_load_data322134_fu_287 |  p7  |   2  |  31  |   62   ||    9    |
| grp_load_data322134_fu_287 |  p23 |   2  |  20  |   40   ||    9    |
| grp_load_data322134_fu_287 |  p25 |   2  |  31  |   62   ||    9    |
|----------------------------|------|------|------|--------||---------||---------|
|            Total           |      |      |      |   332  ||  3.936  ||    54   |
|----------------------------|------|------|------|--------||---------||---------|



* Summary:
+-----------+--------+--------+--------+--------+--------+
|           |  BRAM  | DSP48E |  Delay |   FF   |   LUT  |
+-----------+--------+--------+--------+--------+--------+
|  Function |    1   |   36   |   17   |  8722  |  4462  |
|   Memory  |    -   |    -   |    -   |    -   |    -   |
|Multiplexer|    -   |    -   |    3   |    -   |   54   |
|  Register |    -   |    -   |    -   |   619  |    -   |
+-----------+--------+--------+--------+--------+--------+
|   Total   |    1   |   36   |   21   |  9341  |  4516  |
+-----------+--------+--------+--------+--------+--------+
