

================================================================
== Vivado HLS Report for 'compute_pro'
================================================================
* Date:           Sun Apr 28 15:57:13 2019

* Version:        2018.3 (Build 2405991 on Thu Dec 06 23:56:15 MST 2018)
* Project:        mobile_net_hls_v1
* Solution:       solution1
* Product family: zynquplus
* Target device:  xczu9eg-ffvb1156-2-i


================================================================
== Performance Estimates
================================================================
+ Timing (ns): 
    * Summary: 
    +--------+-------+----------+------------+
    |  Clock | Target| Estimated| Uncertainty|
    +--------+-------+----------+------------+
    |ap_clk  |   4.20|     3.675|        0.52|
    +--------+-------+----------+------------+

+ Latency (clock cycles): 
    * Summary: 
    +-----+-----+-----+-----+---------+
    |  Latency  |  Interval | Pipeline|
    | min | max | min | max |   Type  |
    +-----+-----+-----+-----+---------+
    |    ?|    ?|    ?|    ?|   none  |
    +-----+-----+-----+-----+---------+

    + Detail: 
        * Instance: 
        N/A

        * Loop: 
        +--------------+-----+------+----------+-----------+-----------+-------+----------+
        |              |   Latency  | Iteration|  Initiation Interval  |  Trip |          |
        |   Loop Name  | min |  max |  Latency |  achieved |   target  | Count | Pipelined|
        +--------------+-----+------+----------+-----------+-----------+-------+----------+
        |- Loop 1      |    ?|     ?|         ?|          -|          -|      ?|    no    |
        | + Loop 1.1   |    ?|     ?|         1|          -|          -|      ?|    no    |
        | + nloop      |   29|  3480| 29 ~ 435 |          -|          -| 1 ~ 8 |    no    |
        |  ++ rloop    |   16|   408|  16 ~ 51 |          -|          -| 1 ~ 8 |    no    |
        |   +++ cloop  |    5|    40|         5|          -|          -| 1 ~ 8 |    no    |
        +--------------+-----+------+----------+-----------+-----------+-------+----------+

============================================================
+ Verbose Summary: Synthesis Manager
============================================================
InlineROM: 1
ExposeGlobal: 0
============================================================
+ Verbose Summary: CDFG Model
============================================================
IsTopModel: 0
ResetActiveHigh: 1
IsCombinational: 2
IsDatapathOnly: 0
HasWiredReturn: 1
HasMFsm: 0
HasVarLatency: 1
IsPipeline: 0
IsRtlPipelined: 0
IsInstanceOverlapped: 0
IsDontTouch: 0
HasImplIP: 0
IsGatedGlobalClock: 0


============================================================
+ Verbose Summary: Schedule
============================================================
* Number of FSM states : 54
* Pipeline : 0
* Dataflow Pipeline: 0

* FSM state transitions: 
1 --> 
	2  / true
2 --> 
	3  / true
3 --> 
	4  / (tmp & tmp_9)
	3  / (!tmp_9) | (!tmp)
4 --> 
	5  / true
5 --> 
	6  / true
6 --> 
	7  / true
7 --> 
	8  / true
8 --> 
	9  / true
9 --> 
	10  / true
10 --> 
	11  / true
11 --> 
	12  / true
12 --> 
	13  / true
13 --> 
	14  / true
14 --> 
	15  / (tmp_17)
	2  / (!tmp_17 & tmp_1352)
15 --> 
	30  / (!tmp_22)
	16  / (tmp_22)
16 --> 
	17  / (tmp_26)
	21  / (!tmp_26)
17 --> 
	18  / true
18 --> 
	19  / true
19 --> 
	20  / true
20 --> 
	16  / true
21 --> 
	22  / true
22 --> 
	23  / true
23 --> 
	24  / true
24 --> 
	25  / true
25 --> 
	26  / true
26 --> 
	27  / true
27 --> 
	28  / true
28 --> 
	29  / true
29 --> 
	15  / true
30 --> 
	31  / true
31 --> 
	32  / true
32 --> 
	33  / true
33 --> 
	34  / true
34 --> 
	35  / true
35 --> 
	36  / true
36 --> 
	37  / true
37 --> 
	38  / true
38 --> 
	39  / true
39 --> 
	40  / (!brmerge)
	54  / (brmerge)
40 --> 
	41  / true
41 --> 
	42  / true
42 --> 
	43  / true
43 --> 
	44  / true
44 --> 
	45  / true
45 --> 
	46  / true
46 --> 
	47  / true
47 --> 
	48  / true
48 --> 
	49  / true
49 --> 
	50  / true
50 --> 
	51  / true
51 --> 
	52  / true
52 --> 
	53  / true
53 --> 
	54  / true
54 --> 
	14  / true

* FSM state operations: 

State 1 <SV = 0> <Delay = 0.00>
ST_1 : Operation 55 [1/1] (0.00ns)   --->   "call void (...)* @_ssdm_op_SpecInterface(i32* %result_c_V, [8 x i8]* @ap_fifo_str, i32 0, i32 0, [1 x i8]* @p_str, i32 0, i32 0, [1 x i8]* @p_str, [1 x i8]* @p_str, [1 x i8]* @p_str, i32 2, i32 2, i32 16, i32 16, [1 x i8]* @p_str, [1 x i8]* @p_str)"   --->   Operation 55 'specinterface' <Predicate = true> <Delay = 0.00>
ST_1 : Operation 56 [1/1] (0.00ns)   --->   "call void (...)* @_ssdm_op_SpecInterface(i32* %result_r_V, [8 x i8]* @ap_fifo_str, i32 0, i32 0, [1 x i8]* @p_str, i32 0, i32 0, [1 x i8]* @p_str, [1 x i8]* @p_str, [1 x i8]* @p_str, i32 2, i32 2, i32 16, i32 16, [1 x i8]* @p_str, [1 x i8]* @p_str)"   --->   Operation 56 'specinterface' <Predicate = true> <Delay = 0.00>
ST_1 : Operation 57 [1/1] (0.00ns)   --->   "call void (...)* @_ssdm_op_SpecInterface(i32* %result_n_V, [8 x i8]* @ap_fifo_str, i32 0, i32 0, [1 x i8]* @p_str, i32 0, i32 0, [1 x i8]* @p_str, [1 x i8]* @p_str, [1 x i8]* @p_str, i32 2, i32 2, i32 16, i32 16, [1 x i8]* @p_str, [1 x i8]* @p_str)"   --->   Operation 57 'specinterface' <Predicate = true> <Delay = 0.00>
ST_1 : Operation 58 [1/1] (0.00ns)   --->   "call void (...)* @_ssdm_op_SpecInterface(i32* %data_c_V, [8 x i8]* @ap_fifo_str, i32 0, i32 0, [1 x i8]* @p_str, i32 0, i32 0, [1 x i8]* @p_str, [1 x i8]* @p_str, [1 x i8]* @p_str, i32 2, i32 2, i32 16, i32 16, [1 x i8]* @p_str, [1 x i8]* @p_str)"   --->   Operation 58 'specinterface' <Predicate = true> <Delay = 0.00>
ST_1 : Operation 59 [1/1] (0.00ns)   --->   "call void (...)* @_ssdm_op_SpecInterface(i32* %data_r_V, [8 x i8]* @ap_fifo_str, i32 0, i32 0, [1 x i8]* @p_str, i32 0, i32 0, [1 x i8]* @p_str, [1 x i8]* @p_str, [1 x i8]* @p_str, i32 2, i32 2, i32 16, i32 16, [1 x i8]* @p_str, [1 x i8]* @p_str)"   --->   Operation 59 'specinterface' <Predicate = true> <Delay = 0.00>
ST_1 : Operation 60 [1/1] (0.00ns)   --->   "call void (...)* @_ssdm_op_SpecInterface(i32* %data_n_V, [8 x i8]* @ap_fifo_str, i32 0, i32 0, [1 x i8]* @p_str, i32 0, i32 0, [1 x i8]* @p_str, [1 x i8]* @p_str, [1 x i8]* @p_str, i32 2, i32 2, i32 16, i32 16, [1 x i8]* @p_str, [1 x i8]* @p_str)"   --->   Operation 60 'specinterface' <Predicate = true> <Delay = 0.00>
ST_1 : Operation 61 [1/1] (0.00ns)   --->   "call void (...)* @_ssdm_op_SpecInterface(i1* %result_buffer_V, [8 x i8]* @ap_fifo_str, i32 0, i32 0, [1 x i8]* @p_str, i32 0, i32 0, [1 x i8]* @p_str, [1 x i8]* @p_str, [1 x i8]* @p_str, i32 2, i32 2, i32 16, i32 16, [1 x i8]* @p_str, [1 x i8]* @p_str)"   --->   Operation 61 'specinterface' <Predicate = true> <Delay = 0.00>
ST_1 : Operation 62 [1/1] (0.00ns)   --->   "call void (...)* @_ssdm_op_SpecInterface(i1* %data_buffer_V, [8 x i8]* @ap_fifo_str, i32 0, i32 0, [1 x i8]* @p_str, i32 0, i32 0, [1 x i8]* @p_str, [1 x i8]* @p_str, [1 x i8]* @p_str, i32 2, i32 2, i32 16, i32 16, [1 x i8]* @p_str, [1 x i8]* @p_str)"   --->   Operation 62 'specinterface' <Predicate = true> <Delay = 0.00>
ST_1 : Operation 63 [1/1] (0.00ns)   --->   "call void (...)* @_ssdm_op_SpecInterface(half* %output_buffer_V, [8 x i8]* @ap_fifo_str, i32 0, i32 0, [1 x i8]* @p_str, i32 0, i32 0, [1 x i8]* @p_str, [1 x i8]* @p_str, [1 x i8]* @p_str, i32 2, i32 2, i32 16, i32 16, [1 x i8]* @p_str, [1 x i8]* @p_str)"   --->   Operation 63 'specinterface' <Predicate = true> <Delay = 0.00>
ST_1 : Operation 64 [1/1] (0.00ns)   --->   "call void (...)* @_ssdm_op_SpecInterface(half* %input_buffer_V, [8 x i8]* @ap_fifo_str, i32 0, i32 0, [1 x i8]* @p_str, i32 0, i32 0, [1 x i8]* @p_str, [1 x i8]* @p_str, [1 x i8]* @p_str, i32 2, i32 2, i32 16, i32 16, [1 x i8]* @p_str, [1 x i8]* @p_str)"   --->   Operation 64 'specinterface' <Predicate = true> <Delay = 0.00>
ST_1 : Operation 65 [1/1] (0.00ns)   --->   "call void (...)* @_ssdm_op_SpecMemCore(half* %output_buffer_V, [1 x i8]* @p_str, [10 x i8]* @p_str71, [1 x i8]* @p_str, i32 -1, [1 x i8]* @p_str, [1 x i8]* @p_str, [1 x i8]* @p_str, [1 x i8]* @p_str, [1 x i8]* @p_str)"   --->   Operation 65 'specmemcore' <Predicate = true> <Delay = 0.00>
ST_1 : Operation 66 [1/1] (0.00ns)   --->   "call void (...)* @_ssdm_op_SpecMemCore(half* %input_buffer_V, [1 x i8]* @p_str, [10 x i8]* @p_str71, [1 x i8]* @p_str, i32 -1, [1 x i8]* @p_str, [1 x i8]* @p_str, [1 x i8]* @p_str, [1 x i8]* @p_str, [1 x i8]* @p_str)"   --->   Operation 66 'specmemcore' <Predicate = true> <Delay = 0.00>
ST_1 : Operation 67 [1/1] (0.00ns)   --->   "%output_temp = alloca [8 x half], align 16" [mobile_net_hls_v1/conv.hpp:1205]   --->   Operation 67 'alloca' 'output_temp' <Predicate = true> <Delay = 0.00> <Core = "RAM_S2P_BRAM">   --->   Core 48 'RAM_S2P_BRAM' <Latency = 1> <II = 1> <Delay = 1.23> <Storage> <Opcode : 'load' 'store'> <Ports = 2> <Width = 16> <Depth = 8> <RAM>
ST_1 : Operation 68 [1/1] (0.00ns)   --->   "call void (...)* @_ssdm_op_SpecMemCore([8 x half]* %output_temp, [1 x i8]* @p_str, [13 x i8]* @p_str73, [1 x i8]* @p_str, i32 -1, [1 x i8]* @p_str, [1 x i8]* @p_str, [1 x i8]* @p_str, [1 x i8]* @p_str, [1 x i8]* @p_str)" [mobile_net_hls_v1/conv.hpp:1206]   --->   Operation 68 'specmemcore' <Predicate = true> <Delay = 0.00>
ST_1 : Operation 69 [1/1] (0.00ns)   --->   "br label %1" [mobile_net_hls_v1/conv.hpp:1209]   --->   Operation 69 'br' <Predicate = true> <Delay = 0.00>

State 2 <SV = 1> <Delay = 0.00>
ST_2 : Operation 70 [1/1] (0.00ns)   --->   "%tmp_8 = call i32 (...)* @_ssdm_op_SpecRegionBegin([14 x i8]* @p_str83)" [mobile_net_hls_v1/conv.hpp:1210]   --->   Operation 70 'specregionbegin' 'tmp_8' <Predicate = true> <Delay = 0.00>
ST_2 : Operation 71 [1/1] (0.00ns)   --->   "br label %2" [mobile_net_hls_v1/conv.hpp:1212]   --->   Operation 71 'br' <Predicate = true> <Delay = 0.00>

State 3 <SV = 2> <Delay = 1.83>
ST_3 : Operation 72 [1/1] (0.00ns)   --->   "%tmp = call i1 @_ssdm_op_NbReadReq.ap_fifo.i1P(i1* %data_buffer_V, i32 1)" [mobile_net_hls_v1/conv.hpp:1213]   --->   Operation 72 'nbreadreq' 'tmp' <Predicate = true> <Delay = 0.00> <Core = "FIFO_SRL">   --->   Core 36 'FIFO_SRL' <Latency = 0> <II = 1> <Delay = 1.83> <Storage> <Opcode : 'read' 'write' 'nbread' 'nbwrite'> <Ports = 0> <Width = 1> <Depth = 0> <FIFO>
ST_3 : Operation 73 [1/1] (0.00ns)   --->   "br i1 %tmp, label %3, label %._crit_edge" [mobile_net_hls_v1/conv.hpp:1213]   --->   Operation 73 'br' <Predicate = true> <Delay = 0.00>
ST_3 : Operation 74 [1/1] (0.00ns)   --->   "%tmp_9 = call i1 @_ssdm_op_NbWriteReq.ap_fifo.i1P(i1* %result_buffer_V, i32 1)" [mobile_net_hls_v1/conv.hpp:1213]   --->   Operation 74 'nbwritereq' 'tmp_9' <Predicate = (tmp)> <Delay = 0.00> <Core = "FIFO_SRL">   --->   Core 36 'FIFO_SRL' <Latency = 0> <II = 1> <Delay = 1.83> <Storage> <Opcode : 'read' 'write' 'nbread' 'nbwrite'> <Ports = 0> <Width = 1> <Depth = 0> <FIFO>
ST_3 : Operation 75 [1/1] (0.00ns)   --->   "br i1 %tmp_9, label %4, label %._crit_edge" [mobile_net_hls_v1/conv.hpp:1213]   --->   Operation 75 'br' <Predicate = (tmp)> <Delay = 0.00>
ST_3 : Operation 76 [1/1] (0.00ns)   --->   "br label %2" [mobile_net_hls_v1/conv.hpp:1214]   --->   Operation 76 'br' <Predicate = (!tmp_9) | (!tmp)> <Delay = 0.00>
ST_3 : Operation 77 [1/1] (1.83ns)   --->   "%data_r_V_read = call { i1, i32 } @_ssdm_op_NbRead.ap_fifo.volatile.i32P(i32* %data_r_V)" [mobile_net_hls_v1/conv.hpp:1217]   --->   Operation 77 'nbread' 'data_r_V_read' <Predicate = (tmp & tmp_9)> <Delay = 1.83> <Core = "FIFO_SRL">   --->   Core 36 'FIFO_SRL' <Latency = 0> <II = 1> <Delay = 1.83> <Storage> <Opcode : 'read' 'write' 'nbread' 'nbwrite'> <Ports = 0> <Width = 1> <Depth = 0> <FIFO>
ST_3 : Operation 78 [1/1] (0.00ns)   --->   "%tmp_1350 = extractvalue { i1, i32 } %data_r_V_read, 1" [mobile_net_hls_v1/conv.hpp:1217]   --->   Operation 78 'extractvalue' 'tmp_1350' <Predicate = (tmp & tmp_9)> <Delay = 0.00>
ST_3 : Operation 79 [1/1] (1.83ns)   --->   "%data_c_V_read = call { i1, i32 } @_ssdm_op_NbRead.ap_fifo.volatile.i32P(i32* %data_c_V)" [mobile_net_hls_v1/conv.hpp:1218]   --->   Operation 79 'nbread' 'data_c_V_read' <Predicate = (tmp & tmp_9)> <Delay = 1.83> <Core = "FIFO_SRL">   --->   Core 36 'FIFO_SRL' <Latency = 0> <II = 1> <Delay = 1.83> <Storage> <Opcode : 'read' 'write' 'nbread' 'nbwrite'> <Ports = 0> <Width = 1> <Depth = 0> <FIFO>
ST_3 : Operation 80 [1/1] (0.00ns)   --->   "%tmp_1351 = extractvalue { i1, i32 } %data_c_V_read, 1" [mobile_net_hls_v1/conv.hpp:1218]   --->   Operation 80 'extractvalue' 'tmp_1351' <Predicate = (tmp & tmp_9)> <Delay = 0.00>

State 4 <SV = 3> <Delay = 2.45>
ST_4 : Operation 81 [1/1] (1.01ns)   --->   "%tmp_4 = sub nsw i32 16, %tmp_1350" [mobile_net_hls_v1/conv.hpp:1221]   --->   Operation 81 'sub' 'tmp_4' <Predicate = true> <Delay = 1.01> <Core = "AddSub">   --->   Core 14 'AddSub' <Latency = 0> <II = 1> <Delay = 0.79> <FuncUnit> <Opcode : 'add' 'sub'> <InPorts = 2> <OutPorts = 1>
ST_4 : Operation 82 [1/1] (0.99ns)   --->   "%tmp_5 = icmp sgt i32 %tmp_4, 8" [mobile_net_hls_v1/conv.hpp:1221]   --->   Operation 82 'icmp' 'tmp_5' <Predicate = true> <Delay = 0.99> <Core = "Cmp">   --->   Core 25 'Cmp' <Latency = 0> <II = 1> <Delay = 1.01> <FuncUnit> <Opcode : 'icmp'> <InPorts = 2> <OutPorts = 1>
ST_4 : Operation 83 [1/1] (0.44ns)   --->   "%rLoops = select i1 %tmp_5, i32 8, i32 %tmp_4" [mobile_net_hls_v1/conv.hpp:1221]   --->   Operation 83 'select' 'rLoops' <Predicate = true> <Delay = 0.44> <Core = "Sel">   --->   Core 26 'Sel' <Latency = 0> <II = 1> <Delay = 0.44> <FuncUnit> <Opcode : 'select'> <InPorts = 3> <OutPorts = 1>
ST_4 : Operation 84 [1/1] (1.01ns)   --->   "%tmp_6 = sub nsw i32 16, %tmp_1351" [mobile_net_hls_v1/conv.hpp:1222]   --->   Operation 84 'sub' 'tmp_6' <Predicate = true> <Delay = 1.01> <Core = "AddSub">   --->   Core 14 'AddSub' <Latency = 0> <II = 1> <Delay = 0.79> <FuncUnit> <Opcode : 'add' 'sub'> <InPorts = 2> <OutPorts = 1>
ST_4 : Operation 85 [1/1] (0.99ns)   --->   "%tmp_7 = icmp sgt i32 %tmp_6, 8" [mobile_net_hls_v1/conv.hpp:1222]   --->   Operation 85 'icmp' 'tmp_7' <Predicate = true> <Delay = 0.99> <Core = "Cmp">   --->   Core 25 'Cmp' <Latency = 0> <II = 1> <Delay = 1.01> <FuncUnit> <Opcode : 'icmp'> <InPorts = 2> <OutPorts = 1>
ST_4 : Operation 86 [1/1] (0.44ns)   --->   "%cLoops = select i1 %tmp_7, i32 8, i32 %tmp_6" [mobile_net_hls_v1/conv.hpp:1222]   --->   Operation 86 'select' 'cLoops' <Predicate = true> <Delay = 0.44> <Core = "Sel">   --->   Core 26 'Sel' <Latency = 0> <II = 1> <Delay = 0.44> <FuncUnit> <Opcode : 'select'> <InPorts = 3> <OutPorts = 1>

State 5 <SV = 4> <Delay = 3.22>
ST_5 : Operation 87 [6/6] (3.22ns)   --->   "%tmp_1343 = sitofp i32 %cLoops to float" [mobile_net_hls_v1/conv.hpp:1243]   --->   Operation 87 'sitofp' 'tmp_1343' <Predicate = true> <Delay = 3.22> <Core = "Int2Float">   --->   Core 111 'Int2Float' <Latency = 5> <II = 1> <Delay = 3.22> <FuncUnit> <Opcode : 'sitofp' 'uitofp'> <InPorts = 1> <OutPorts = 1>
ST_5 : Operation 88 [6/6] (3.22ns)   --->   "%tmp_1344 = sitofp i32 %rLoops to float" [mobile_net_hls_v1/conv.hpp:1246]   --->   Operation 88 'sitofp' 'tmp_1344' <Predicate = true> <Delay = 3.22> <Core = "Int2Float">   --->   Core 111 'Int2Float' <Latency = 5> <II = 1> <Delay = 3.22> <FuncUnit> <Opcode : 'sitofp' 'uitofp'> <InPorts = 1> <OutPorts = 1>

State 6 <SV = 5> <Delay = 3.22>
ST_6 : Operation 89 [5/6] (3.22ns)   --->   "%tmp_1343 = sitofp i32 %cLoops to float" [mobile_net_hls_v1/conv.hpp:1243]   --->   Operation 89 'sitofp' 'tmp_1343' <Predicate = true> <Delay = 3.22> <Core = "Int2Float">   --->   Core 111 'Int2Float' <Latency = 5> <II = 1> <Delay = 3.22> <FuncUnit> <Opcode : 'sitofp' 'uitofp'> <InPorts = 1> <OutPorts = 1>
ST_6 : Operation 90 [5/6] (3.22ns)   --->   "%tmp_1344 = sitofp i32 %rLoops to float" [mobile_net_hls_v1/conv.hpp:1246]   --->   Operation 90 'sitofp' 'tmp_1344' <Predicate = true> <Delay = 3.22> <Core = "Int2Float">   --->   Core 111 'Int2Float' <Latency = 5> <II = 1> <Delay = 3.22> <FuncUnit> <Opcode : 'sitofp' 'uitofp'> <InPorts = 1> <OutPorts = 1>

State 7 <SV = 6> <Delay = 3.22>
ST_7 : Operation 91 [4/6] (3.22ns)   --->   "%tmp_1343 = sitofp i32 %cLoops to float" [mobile_net_hls_v1/conv.hpp:1243]   --->   Operation 91 'sitofp' 'tmp_1343' <Predicate = true> <Delay = 3.22> <Core = "Int2Float">   --->   Core 111 'Int2Float' <Latency = 5> <II = 1> <Delay = 3.22> <FuncUnit> <Opcode : 'sitofp' 'uitofp'> <InPorts = 1> <OutPorts = 1>
ST_7 : Operation 92 [4/6] (3.22ns)   --->   "%tmp_1344 = sitofp i32 %rLoops to float" [mobile_net_hls_v1/conv.hpp:1246]   --->   Operation 92 'sitofp' 'tmp_1344' <Predicate = true> <Delay = 3.22> <Core = "Int2Float">   --->   Core 111 'Int2Float' <Latency = 5> <II = 1> <Delay = 3.22> <FuncUnit> <Opcode : 'sitofp' 'uitofp'> <InPorts = 1> <OutPorts = 1>

State 8 <SV = 7> <Delay = 3.22>
ST_8 : Operation 93 [3/6] (3.22ns)   --->   "%tmp_1343 = sitofp i32 %cLoops to float" [mobile_net_hls_v1/conv.hpp:1243]   --->   Operation 93 'sitofp' 'tmp_1343' <Predicate = true> <Delay = 3.22> <Core = "Int2Float">   --->   Core 111 'Int2Float' <Latency = 5> <II = 1> <Delay = 3.22> <FuncUnit> <Opcode : 'sitofp' 'uitofp'> <InPorts = 1> <OutPorts = 1>
ST_8 : Operation 94 [3/6] (3.22ns)   --->   "%tmp_1344 = sitofp i32 %rLoops to float" [mobile_net_hls_v1/conv.hpp:1246]   --->   Operation 94 'sitofp' 'tmp_1344' <Predicate = true> <Delay = 3.22> <Core = "Int2Float">   --->   Core 111 'Int2Float' <Latency = 5> <II = 1> <Delay = 3.22> <FuncUnit> <Opcode : 'sitofp' 'uitofp'> <InPorts = 1> <OutPorts = 1>

State 9 <SV = 8> <Delay = 3.22>
ST_9 : Operation 95 [2/6] (3.22ns)   --->   "%tmp_1343 = sitofp i32 %cLoops to float" [mobile_net_hls_v1/conv.hpp:1243]   --->   Operation 95 'sitofp' 'tmp_1343' <Predicate = true> <Delay = 3.22> <Core = "Int2Float">   --->   Core 111 'Int2Float' <Latency = 5> <II = 1> <Delay = 3.22> <FuncUnit> <Opcode : 'sitofp' 'uitofp'> <InPorts = 1> <OutPorts = 1>
ST_9 : Operation 96 [2/6] (3.22ns)   --->   "%tmp_1344 = sitofp i32 %rLoops to float" [mobile_net_hls_v1/conv.hpp:1246]   --->   Operation 96 'sitofp' 'tmp_1344' <Predicate = true> <Delay = 3.22> <Core = "Int2Float">   --->   Core 111 'Int2Float' <Latency = 5> <II = 1> <Delay = 3.22> <FuncUnit> <Opcode : 'sitofp' 'uitofp'> <InPorts = 1> <OutPorts = 1>

State 10 <SV = 9> <Delay = 3.22>
ST_10 : Operation 97 [1/6] (3.22ns)   --->   "%tmp_1343 = sitofp i32 %cLoops to float" [mobile_net_hls_v1/conv.hpp:1243]   --->   Operation 97 'sitofp' 'tmp_1343' <Predicate = true> <Delay = 3.22> <Core = "Int2Float">   --->   Core 111 'Int2Float' <Latency = 5> <II = 1> <Delay = 3.22> <FuncUnit> <Opcode : 'sitofp' 'uitofp'> <InPorts = 1> <OutPorts = 1>
ST_10 : Operation 98 [1/6] (3.22ns)   --->   "%tmp_1344 = sitofp i32 %rLoops to float" [mobile_net_hls_v1/conv.hpp:1246]   --->   Operation 98 'sitofp' 'tmp_1344' <Predicate = true> <Delay = 3.22> <Core = "Int2Float">   --->   Core 111 'Int2Float' <Latency = 5> <II = 1> <Delay = 3.22> <FuncUnit> <Opcode : 'sitofp' 'uitofp'> <InPorts = 1> <OutPorts = 1>

State 11 <SV = 10> <Delay = 1.46>
ST_11 : Operation 99 [3/3] (1.46ns)   --->   "%tmp_588 = fptrunc float %tmp_1343 to half" [mobile_net_hls_v1/conv.hpp:1243]   --->   Operation 99 'sptohp' 'tmp_588' <Predicate = true> <Delay = 1.46> <Core = "Float2Half">   --->   Core 93 'Float2Half' <Latency = 2> <II = 1> <Delay = 1.46> <FuncUnit> <Opcode : 'sptohp'> <InPorts = 1> <OutPorts = 1>
ST_11 : Operation 100 [3/3] (1.46ns)   --->   "%tmp_589 = fptrunc float %tmp_1344 to half" [mobile_net_hls_v1/conv.hpp:1246]   --->   Operation 100 'sptohp' 'tmp_589' <Predicate = true> <Delay = 1.46> <Core = "Float2Half">   --->   Core 93 'Float2Half' <Latency = 2> <II = 1> <Delay = 1.46> <FuncUnit> <Opcode : 'sptohp'> <InPorts = 1> <OutPorts = 1>

State 12 <SV = 11> <Delay = 1.83>
ST_12 : Operation 101 [1/1] (1.83ns)   --->   "%data_n_V_read = call { i1, i32 } @_ssdm_op_NbRead.ap_fifo.volatile.i32P(i32* %data_n_V)" [mobile_net_hls_v1/conv.hpp:1216]   --->   Operation 101 'nbread' 'data_n_V_read' <Predicate = true> <Delay = 1.83> <Core = "FIFO_SRL">   --->   Core 36 'FIFO_SRL' <Latency = 0> <II = 1> <Delay = 1.83> <Storage> <Opcode : 'read' 'write' 'nbread' 'nbwrite'> <Ports = 0> <Width = 1> <Depth = 0> <FIFO>
ST_12 : Operation 102 [1/1] (0.00ns)   --->   "%tmp_1349 = extractvalue { i1, i32 } %data_n_V_read, 1" [mobile_net_hls_v1/conv.hpp:1216]   --->   Operation 102 'extractvalue' 'tmp_1349' <Predicate = true> <Delay = 0.00>
ST_12 : Operation 103 [2/3] (1.46ns)   --->   "%tmp_588 = fptrunc float %tmp_1343 to half" [mobile_net_hls_v1/conv.hpp:1243]   --->   Operation 103 'sptohp' 'tmp_588' <Predicate = true> <Delay = 1.46> <Core = "Float2Half">   --->   Core 93 'Float2Half' <Latency = 2> <II = 1> <Delay = 1.46> <FuncUnit> <Opcode : 'sptohp'> <InPorts = 1> <OutPorts = 1>
ST_12 : Operation 104 [2/3] (1.46ns)   --->   "%tmp_589 = fptrunc float %tmp_1344 to half" [mobile_net_hls_v1/conv.hpp:1246]   --->   Operation 104 'sptohp' 'tmp_589' <Predicate = true> <Delay = 1.46> <Core = "Float2Half">   --->   Core 93 'Float2Half' <Latency = 2> <II = 1> <Delay = 1.46> <FuncUnit> <Opcode : 'sptohp'> <InPorts = 1> <OutPorts = 1>

State 13 <SV = 12> <Delay = 2.45>
ST_13 : Operation 105 [1/1] (1.01ns)   --->   "%tmp_s = sub nsw i32 512, %tmp_1349" [mobile_net_hls_v1/conv.hpp:1220]   --->   Operation 105 'sub' 'tmp_s' <Predicate = true> <Delay = 1.01> <Core = "AddSub">   --->   Core 14 'AddSub' <Latency = 0> <II = 1> <Delay = 0.79> <FuncUnit> <Opcode : 'add' 'sub'> <InPorts = 2> <OutPorts = 1>
ST_13 : Operation 106 [1/1] (0.99ns)   --->   "%tmp_3 = icmp sgt i32 %tmp_s, 8" [mobile_net_hls_v1/conv.hpp:1220]   --->   Operation 106 'icmp' 'tmp_3' <Predicate = true> <Delay = 0.99> <Core = "Cmp">   --->   Core 25 'Cmp' <Latency = 0> <II = 1> <Delay = 1.01> <FuncUnit> <Opcode : 'icmp'> <InPorts = 2> <OutPorts = 1>
ST_13 : Operation 107 [1/1] (0.44ns)   --->   "%nLoops = select i1 %tmp_3, i32 8, i32 %tmp_s" [mobile_net_hls_v1/conv.hpp:1220]   --->   Operation 107 'select' 'nLoops' <Predicate = true> <Delay = 0.44> <Core = "Sel">   --->   Core 26 'Sel' <Latency = 0> <II = 1> <Delay = 0.44> <FuncUnit> <Opcode : 'select'> <InPorts = 3> <OutPorts = 1>
ST_13 : Operation 108 [1/1] (0.00ns)   --->   "%block_cnt_load = load i32* @block_cnt, align 4" [mobile_net_hls_v1/conv.hpp:1224]   --->   Operation 108 'load' 'block_cnt_load' <Predicate = true> <Delay = 0.00>
ST_13 : Operation 109 [1/1] (1.01ns)   --->   "%tmp_10 = add nsw i32 %block_cnt_load, 1" [mobile_net_hls_v1/conv.hpp:1224]   --->   Operation 109 'add' 'tmp_10' <Predicate = true> <Delay = 1.01> <Core = "AddSub">   --->   Core 14 'AddSub' <Latency = 0> <II = 1> <Delay = 0.79> <FuncUnit> <Opcode : 'add' 'sub'> <InPorts = 2> <OutPorts = 1>
ST_13 : Operation 110 [1/1] (0.65ns)   --->   "store i32 %tmp_10, i32* @block_cnt, align 4" [mobile_net_hls_v1/conv.hpp:1224]   --->   Operation 110 'store' <Predicate = true> <Delay = 0.65>
ST_13 : Operation 111 [1/1] (0.99ns)   --->   "%tmp_11 = icmp slt i32 %tmp_1350, 1" [mobile_net_hls_v1/conv.hpp:1229]   --->   Operation 111 'icmp' 'tmp_11' <Predicate = true> <Delay = 0.99> <Core = "Cmp">   --->   Core 25 'Cmp' <Latency = 0> <II = 1> <Delay = 1.01> <FuncUnit> <Opcode : 'icmp'> <InPorts = 2> <OutPorts = 1>
ST_13 : Operation 112 [1/1] (0.99ns)   --->   "%tmp_12 = icmp slt i32 %tmp_1351, 1" [mobile_net_hls_v1/conv.hpp:1229]   --->   Operation 112 'icmp' 'tmp_12' <Predicate = true> <Delay = 0.99> <Core = "Cmp">   --->   Core 25 'Cmp' <Latency = 0> <II = 1> <Delay = 1.01> <FuncUnit> <Opcode : 'icmp'> <InPorts = 2> <OutPorts = 1>
ST_13 : Operation 113 [1/1] (0.28ns)   --->   "%or_cond = and i1 %tmp_11, %tmp_12" [mobile_net_hls_v1/conv.hpp:1229]   --->   Operation 113 'and' 'or_cond' <Predicate = true> <Delay = 0.28> <Core = "LogicGate">   --->   Core 27 'LogicGate' <Latency = 0> <II = 1> <Delay = 0.28> <FuncUnit> <Opcode : 'and' 'or' 'xor'> <InPorts = 2> <OutPorts = 1>
ST_13 : Operation 114 [1/3] (1.46ns)   --->   "%tmp_588 = fptrunc float %tmp_1343 to half" [mobile_net_hls_v1/conv.hpp:1243]   --->   Operation 114 'sptohp' 'tmp_588' <Predicate = true> <Delay = 1.46> <Core = "Float2Half">   --->   Core 93 'Float2Half' <Latency = 2> <II = 1> <Delay = 1.46> <FuncUnit> <Opcode : 'sptohp'> <InPorts = 1> <OutPorts = 1>
ST_13 : Operation 115 [1/3] (1.46ns)   --->   "%tmp_589 = fptrunc float %tmp_1344 to half" [mobile_net_hls_v1/conv.hpp:1246]   --->   Operation 115 'sptohp' 'tmp_589' <Predicate = true> <Delay = 1.46> <Core = "Float2Half">   --->   Core 93 'Float2Half' <Latency = 2> <II = 1> <Delay = 1.46> <FuncUnit> <Opcode : 'sptohp'> <InPorts = 1> <OutPorts = 1>
ST_13 : Operation 116 [1/1] (1.01ns)   --->   "%tmp_15 = add nsw i32 %tmp_1350, %rLoops" [mobile_net_hls_v1/conv.hpp:1248]   --->   Operation 116 'add' 'tmp_15' <Predicate = true> <Delay = 1.01> <Core = "AddSub">   --->   Core 14 'AddSub' <Latency = 0> <II = 1> <Delay = 0.79> <FuncUnit> <Opcode : 'add' 'sub'> <InPorts = 2> <OutPorts = 1>
ST_13 : Operation 117 [1/1] (1.01ns)   --->   "%tmp_16 = add nsw i32 %tmp_1351, %cLoops" [mobile_net_hls_v1/conv.hpp:1248]   --->   Operation 117 'add' 'tmp_16' <Predicate = true> <Delay = 1.01> <Core = "AddSub">   --->   Core 14 'AddSub' <Latency = 0> <II = 1> <Delay = 0.79> <FuncUnit> <Opcode : 'add' 'sub'> <InPorts = 2> <OutPorts = 1>
ST_13 : Operation 118 [1/1] (0.00ns)   --->   "%tmp_1345 = call i28 @_ssdm_op_PartSelect.i28.i32.i32.i32(i32 %tmp_15, i32 4, i32 31)" [mobile_net_hls_v1/conv.hpp:1248]   --->   Operation 118 'partselect' 'tmp_1345' <Predicate = true> <Delay = 0.00>
ST_13 : Operation 119 [1/1] (1.01ns)   --->   "%icmp = icmp slt i28 %tmp_1345, 1" [mobile_net_hls_v1/conv.hpp:1248]   --->   Operation 119 'icmp' 'icmp' <Predicate = true> <Delay = 1.01> <Core = "Cmp">   --->   Core 25 'Cmp' <Latency = 0> <II = 1> <Delay = 1.01> <FuncUnit> <Opcode : 'icmp'> <InPorts = 2> <OutPorts = 1>
ST_13 : Operation 120 [1/1] (0.00ns)   --->   "%tmp_1346 = call i28 @_ssdm_op_PartSelect.i28.i32.i32.i32(i32 %tmp_16, i32 4, i32 31)" [mobile_net_hls_v1/conv.hpp:1248]   --->   Operation 120 'partselect' 'tmp_1346' <Predicate = true> <Delay = 0.00>
ST_13 : Operation 121 [1/1] (1.01ns)   --->   "%icmp16 = icmp slt i28 %tmp_1346, 1" [mobile_net_hls_v1/conv.hpp:1248]   --->   Operation 121 'icmp' 'icmp16' <Predicate = true> <Delay = 1.01> <Core = "Cmp">   --->   Core 25 'Cmp' <Latency = 0> <II = 1> <Delay = 1.01> <FuncUnit> <Opcode : 'icmp'> <InPorts = 2> <OutPorts = 1>
ST_13 : Operation 122 [1/1] (0.28ns)   --->   "%brmerge = or i1 %icmp, %icmp16" [mobile_net_hls_v1/conv.hpp:1248]   --->   Operation 122 'or' 'brmerge' <Predicate = true> <Delay = 0.28> <Core = "LogicGate">   --->   Core 27 'LogicGate' <Latency = 0> <II = 1> <Delay = 0.28> <FuncUnit> <Opcode : 'and' 'or' 'xor'> <InPorts = 2> <OutPorts = 1>
ST_13 : Operation 123 [1/1] (0.65ns)   --->   "br label %5" [mobile_net_hls_v1/conv.hpp:1226]   --->   Operation 123 'br' <Predicate = true> <Delay = 0.65>

State 14 <SV = 13> <Delay = 3.67>
ST_14 : Operation 124 [1/1] (0.00ns)   --->   "%tn = phi i4 [ 0, %4 ], [ %tn_1, %._crit_edge4 ]"   --->   Operation 124 'phi' 'tn' <Predicate = true> <Delay = 0.00>
ST_14 : Operation 125 [1/1] (0.00ns)   --->   "%tn_cast = zext i4 %tn to i32" [mobile_net_hls_v1/conv.hpp:1226]   --->   Operation 125 'zext' 'tn_cast' <Predicate = true> <Delay = 0.00>
ST_14 : Operation 126 [1/1] (0.99ns)   --->   "%tmp_17 = icmp slt i32 %tn_cast, %nLoops" [mobile_net_hls_v1/conv.hpp:1226]   --->   Operation 126 'icmp' 'tmp_17' <Predicate = true> <Delay = 0.99> <Core = "Cmp">   --->   Core 25 'Cmp' <Latency = 0> <II = 1> <Delay = 1.01> <FuncUnit> <Opcode : 'icmp'> <InPorts = 2> <OutPorts = 1>
ST_14 : Operation 127 [1/1] (0.79ns)   --->   "%tn_1 = add i4 %tn, 1" [mobile_net_hls_v1/conv.hpp:1226]   --->   Operation 127 'add' 'tn_1' <Predicate = true> <Delay = 0.79> <Core = "AddSub">   --->   Core 14 'AddSub' <Latency = 0> <II = 1> <Delay = 0.79> <FuncUnit> <Opcode : 'add' 'sub'> <InPorts = 2> <OutPorts = 1>
ST_14 : Operation 128 [1/1] (0.00ns)   --->   "br i1 %tmp_17, label %6, label %15" [mobile_net_hls_v1/conv.hpp:1226]   --->   Operation 128 'br' <Predicate = true> <Delay = 0.00>
ST_14 : Operation 129 [1/1] (0.00ns)   --->   "call void (...)* @_ssdm_op_SpecLoopName([6 x i8]* @p_str76) nounwind" [mobile_net_hls_v1/conv.hpp:1227]   --->   Operation 129 'specloopname' <Predicate = (tmp_17)> <Delay = 0.00>
ST_14 : Operation 130 [1/1] (0.00ns)   --->   "%tmp_18 = call i32 (...)* @_ssdm_op_SpecRegionBegin([6 x i8]* @p_str76)" [mobile_net_hls_v1/conv.hpp:1227]   --->   Operation 130 'specregionbegin' 'tmp_18' <Predicate = (tmp_17)> <Delay = 0.00>
ST_14 : Operation 131 [1/1] (0.00ns)   --->   "call void (...)* @_ssdm_op_SpecLoopTripCount(i32 1, i32 8, i32 4, [1 x i8]* @p_str) nounwind" [mobile_net_hls_v1/conv.hpp:1228]   --->   Operation 131 'speclooptripcount' <Predicate = (tmp_17)> <Delay = 0.00>
ST_14 : Operation 132 [1/1] (0.00ns)   --->   "br i1 %or_cond, label %7, label %._crit_edge3" [mobile_net_hls_v1/conv.hpp:1229]   --->   Operation 132 'br' <Predicate = (tmp_17)> <Delay = 0.00>
ST_14 : Operation 133 [1/1] (0.00ns)   --->   "%tmp_21 = zext i4 %tn to i64" [mobile_net_hls_v1/conv.hpp:1230]   --->   Operation 133 'zext' 'tmp_21' <Predicate = (tmp_17 & or_cond)> <Delay = 0.00>
ST_14 : Operation 134 [1/1] (0.00ns)   --->   "%output_temp_addr = getelementptr inbounds [8 x half]* %output_temp, i64 0, i64 %tmp_21" [mobile_net_hls_v1/conv.hpp:1230]   --->   Operation 134 'getelementptr' 'output_temp_addr' <Predicate = (tmp_17 & or_cond)> <Delay = 0.00>
ST_14 : Operation 135 [1/1] (1.23ns)   --->   "store half 0x0, half* %output_temp_addr, align 2" [mobile_net_hls_v1/conv.hpp:1230]   --->   Operation 135 'store' <Predicate = (tmp_17 & or_cond)> <Delay = 1.23> <Core = "RAM_S2P_BRAM">   --->   Core 48 'RAM_S2P_BRAM' <Latency = 1> <II = 1> <Delay = 1.23> <Storage> <Opcode : 'load' 'store'> <Ports = 2> <Width = 16> <Depth = 8> <RAM>
ST_14 : Operation 136 [1/1] (0.00ns)   --->   "br label %._crit_edge3" [mobile_net_hls_v1/conv.hpp:1230]   --->   Operation 136 'br' <Predicate = (tmp_17 & or_cond)> <Delay = 0.00>
ST_14 : Operation 137 [1/1] (0.65ns)   --->   "br label %8" [mobile_net_hls_v1/conv.hpp:1232]   --->   Operation 137 'br' <Predicate = (tmp_17)> <Delay = 0.65>
ST_14 : Operation 138 [1/1] (0.00ns)   --->   "%tmp_1347 = call i28 @_ssdm_op_PartSelect.i28.i32.i32.i32(i32 %tmp_15, i32 4, i32 31)" [mobile_net_hls_v1/conv.hpp:1255]   --->   Operation 138 'partselect' 'tmp_1347' <Predicate = (!tmp_17)> <Delay = 0.00>
ST_14 : Operation 139 [1/1] (1.01ns)   --->   "%icmp19 = icmp sgt i28 %tmp_1347, 0" [mobile_net_hls_v1/conv.hpp:1255]   --->   Operation 139 'icmp' 'icmp19' <Predicate = (!tmp_17)> <Delay = 1.01> <Core = "Cmp">   --->   Core 25 'Cmp' <Latency = 0> <II = 1> <Delay = 1.01> <FuncUnit> <Opcode : 'icmp'> <InPorts = 2> <OutPorts = 1>
ST_14 : Operation 140 [1/1] (0.00ns)   --->   "%tmp_1348 = call i28 @_ssdm_op_PartSelect.i28.i32.i32.i32(i32 %tmp_16, i32 4, i32 31)" [mobile_net_hls_v1/conv.hpp:1255]   --->   Operation 140 'partselect' 'tmp_1348' <Predicate = (!tmp_17)> <Delay = 0.00>
ST_14 : Operation 141 [1/1] (1.01ns)   --->   "%icmp22 = icmp sgt i28 %tmp_1348, 0" [mobile_net_hls_v1/conv.hpp:1255]   --->   Operation 141 'icmp' 'icmp22' <Predicate = (!tmp_17)> <Delay = 1.01> <Core = "Cmp">   --->   Core 25 'Cmp' <Latency = 0> <II = 1> <Delay = 1.01> <FuncUnit> <Opcode : 'icmp'> <InPorts = 2> <OutPorts = 1>
ST_14 : Operation 142 [1/1] (0.28ns)   --->   "%or_cond7 = and i1 %icmp19, %icmp22" [mobile_net_hls_v1/conv.hpp:1255]   --->   Operation 142 'and' 'or_cond7' <Predicate = (!tmp_17)> <Delay = 0.28> <Core = "LogicGate">   --->   Core 27 'LogicGate' <Latency = 0> <II = 1> <Delay = 0.28> <FuncUnit> <Opcode : 'and' 'or' 'xor'> <InPorts = 2> <OutPorts = 1>
ST_14 : Operation 143 [1/1] (0.00ns)   --->   "br i1 %or_cond7, label %16, label %._crit_edge5" [mobile_net_hls_v1/conv.hpp:1255]   --->   Operation 143 'br' <Predicate = (!tmp_17)> <Delay = 0.00>
ST_14 : Operation 144 [1/1] (0.65ns)   --->   "store i32 0, i32* @block_cnt, align 4" [mobile_net_hls_v1/conv.hpp:1256]   --->   Operation 144 'store' <Predicate = (!tmp_17 & or_cond7)> <Delay = 0.65>
ST_14 : Operation 145 [1/1] (0.00ns)   --->   "br label %._crit_edge5" [mobile_net_hls_v1/conv.hpp:1256]   --->   Operation 145 'br' <Predicate = (!tmp_17 & or_cond7)> <Delay = 0.00>
ST_14 : Operation 146 [1/1] (1.83ns)   --->   "%full_n_i11_0 = call i1 @_ssdm_op_NbWrite.ap_fifo.volatile.i32P(i32* %result_n_V, i32 %tmp_1349)" [mobile_net_hls_v1/conv.hpp:1258]   --->   Operation 146 'nbwrite' 'full_n_i11_0' <Predicate = (!tmp_17)> <Delay = 1.83> <Core = "FIFO_SRL">   --->   Core 36 'FIFO_SRL' <Latency = 0> <II = 1> <Delay = 1.83> <Storage> <Opcode : 'read' 'write' 'nbread' 'nbwrite'> <Ports = 0> <Width = 1> <Depth = 0> <FIFO>
ST_14 : Operation 147 [1/1] (1.83ns)   --->   "%full_n_i13_0 = call i1 @_ssdm_op_NbWrite.ap_fifo.volatile.i32P(i32* %result_r_V, i32 %tmp_1350)" [mobile_net_hls_v1/conv.hpp:1259]   --->   Operation 147 'nbwrite' 'full_n_i13_0' <Predicate = (!tmp_17)> <Delay = 1.83> <Core = "FIFO_SRL">   --->   Core 36 'FIFO_SRL' <Latency = 0> <II = 1> <Delay = 1.83> <Storage> <Opcode : 'read' 'write' 'nbread' 'nbwrite'> <Ports = 0> <Width = 1> <Depth = 0> <FIFO>
ST_14 : Operation 148 [1/1] (1.83ns)   --->   "%full_n_i15_0 = call i1 @_ssdm_op_NbWrite.ap_fifo.volatile.i32P(i32* %result_c_V, i32 %tmp_1351)" [mobile_net_hls_v1/conv.hpp:1260]   --->   Operation 148 'nbwrite' 'full_n_i15_0' <Predicate = (!tmp_17)> <Delay = 1.83> <Core = "FIFO_SRL">   --->   Core 36 'FIFO_SRL' <Latency = 0> <II = 1> <Delay = 1.83> <Storage> <Opcode : 'read' 'write' 'nbread' 'nbwrite'> <Ports = 0> <Width = 1> <Depth = 0> <FIFO>
ST_14 : Operation 149 [1/1] (1.83ns)   --->   "%data_buffer_V_read = call { i1, i1 } @_ssdm_op_NbRead.ap_fifo.volatile.i1P(i1* %data_buffer_V)" [mobile_net_hls_v1/conv.hpp:1262]   --->   Operation 149 'nbread' 'data_buffer_V_read' <Predicate = (!tmp_17)> <Delay = 1.83> <Core = "FIFO_SRL">   --->   Core 36 'FIFO_SRL' <Latency = 0> <II = 1> <Delay = 1.83> <Storage> <Opcode : 'read' 'write' 'nbread' 'nbwrite'> <Ports = 0> <Width = 1> <Depth = 0> <FIFO>
ST_14 : Operation 150 [1/1] (0.00ns)   --->   "%tmp_1352 = extractvalue { i1, i1 } %data_buffer_V_read, 1" [mobile_net_hls_v1/conv.hpp:1262]   --->   Operation 150 'extractvalue' 'tmp_1352' <Predicate = (!tmp_17)> <Delay = 0.00>
ST_14 : Operation 151 [1/1] (1.83ns)   --->   "%full_n_i19_0 = call i1 @_ssdm_op_NbWrite.ap_fifo.volatile.i1P(i1* %result_buffer_V, i1 %tmp_1352)" [mobile_net_hls_v1/conv.hpp:1263]   --->   Operation 151 'nbwrite' 'full_n_i19_0' <Predicate = (!tmp_17)> <Delay = 1.83> <Core = "FIFO_SRL">   --->   Core 36 'FIFO_SRL' <Latency = 0> <II = 1> <Delay = 1.83> <Storage> <Opcode : 'read' 'write' 'nbread' 'nbwrite'> <Ports = 0> <Width = 1> <Depth = 0> <FIFO>
ST_14 : Operation 152 [1/1] (0.00ns)   --->   "br i1 %tmp_1352, label %18, label %17" [mobile_net_hls_v1/conv.hpp:1265]   --->   Operation 152 'br' <Predicate = (!tmp_17)> <Delay = 0.00>
ST_14 : Operation 153 [1/1] (0.00ns)   --->   "%empty_434 = call i32 (...)* @_ssdm_op_SpecRegionEnd([14 x i8]* @p_str83, i32 %tmp_8)" [mobile_net_hls_v1/conv.hpp:1267]   --->   Operation 153 'specregionend' 'empty_434' <Predicate = (!tmp_17 & tmp_1352)> <Delay = 0.00>
ST_14 : Operation 154 [1/1] (0.00ns)   --->   "br label %1" [mobile_net_hls_v1/conv.hpp:1267]   --->   Operation 154 'br' <Predicate = (!tmp_17 & tmp_1352)> <Delay = 0.00>
ST_14 : Operation 155 [1/1] (0.00ns)   --->   "ret void" [mobile_net_hls_v1/conv.hpp:1266]   --->   Operation 155 'ret' <Predicate = (!tmp_17 & !tmp_1352)> <Delay = 0.00>

State 15 <SV = 14> <Delay = 3.03>
ST_15 : Operation 156 [1/1] (0.00ns)   --->   "%acc_datftr = phi half [ 0x0, %._crit_edge3 ], [ %acc_datftr_1, %12 ]"   --->   Operation 156 'phi' 'acc_datftr' <Predicate = true> <Delay = 0.00>
ST_15 : Operation 157 [1/1] (0.00ns)   --->   "%tr = phi i4 [ 0, %._crit_edge3 ], [ %tr_1, %12 ]"   --->   Operation 157 'phi' 'tr' <Predicate = true> <Delay = 0.00>
ST_15 : Operation 158 [1/1] (0.00ns)   --->   "%tr_cast = zext i4 %tr to i32" [mobile_net_hls_v1/conv.hpp:1232]   --->   Operation 158 'zext' 'tr_cast' <Predicate = true> <Delay = 0.00>
ST_15 : Operation 159 [1/1] (0.99ns)   --->   "%tmp_22 = icmp slt i32 %tr_cast, %rLoops" [mobile_net_hls_v1/conv.hpp:1232]   --->   Operation 159 'icmp' 'tmp_22' <Predicate = true> <Delay = 0.99> <Core = "Cmp">   --->   Core 25 'Cmp' <Latency = 0> <II = 1> <Delay = 1.01> <FuncUnit> <Opcode : 'icmp'> <InPorts = 2> <OutPorts = 1>
ST_15 : Operation 160 [1/1] (0.79ns)   --->   "%tr_1 = add i4 %tr, 1" [mobile_net_hls_v1/conv.hpp:1232]   --->   Operation 160 'add' 'tr_1' <Predicate = true> <Delay = 0.79> <Core = "AddSub">   --->   Core 14 'AddSub' <Latency = 0> <II = 1> <Delay = 0.79> <FuncUnit> <Opcode : 'add' 'sub'> <InPorts = 2> <OutPorts = 1>
ST_15 : Operation 161 [1/1] (0.00ns)   --->   "br i1 %tmp_22, label %9, label %13" [mobile_net_hls_v1/conv.hpp:1232]   --->   Operation 161 'br' <Predicate = true> <Delay = 0.00>
ST_15 : Operation 162 [1/1] (0.00ns)   --->   "call void (...)* @_ssdm_op_SpecLoopName([6 x i8]* @p_str84) nounwind" [mobile_net_hls_v1/conv.hpp:1233]   --->   Operation 162 'specloopname' <Predicate = (tmp_22)> <Delay = 0.00>
ST_15 : Operation 163 [1/1] (0.00ns)   --->   "%tmp_23 = call i32 (...)* @_ssdm_op_SpecRegionBegin([6 x i8]* @p_str84)" [mobile_net_hls_v1/conv.hpp:1233]   --->   Operation 163 'specregionbegin' 'tmp_23' <Predicate = (tmp_22)> <Delay = 0.00>
ST_15 : Operation 164 [1/1] (0.00ns)   --->   "call void (...)* @_ssdm_op_SpecLoopTripCount(i32 1, i32 8, i32 4, [1 x i8]* @p_str) nounwind" [mobile_net_hls_v1/conv.hpp:1234]   --->   Operation 164 'speclooptripcount' <Predicate = (tmp_22)> <Delay = 0.00>
ST_15 : Operation 165 [1/1] (0.65ns)   --->   "br label %10" [mobile_net_hls_v1/conv.hpp:1236]   --->   Operation 165 'br' <Predicate = (tmp_22)> <Delay = 0.65>
ST_15 : Operation 166 [6/6] (3.03ns)   --->   "%avg_datftr = fdiv half %acc_datftr, %tmp_589" [mobile_net_hls_v1/conv.hpp:1246]   --->   Operation 166 'hdiv' 'avg_datftr' <Predicate = (!tmp_22)> <Delay = 3.03> <Core = "HDiv">   --->   Core 91 'HDiv' <Latency = 5> <II = 1> <Delay = 3.03> <FuncUnit> <Opcode : 'hdiv'> <InPorts = 2> <OutPorts = 1>
ST_15 : Operation 167 [1/1] (0.00ns)   --->   "%tmp_24 = zext i4 %tn to i64" [mobile_net_hls_v1/conv.hpp:1247]   --->   Operation 167 'zext' 'tmp_24' <Predicate = (!tmp_22)> <Delay = 0.00>
ST_15 : Operation 168 [1/1] (0.00ns)   --->   "%output_temp_addr_1 = getelementptr inbounds [8 x half]* %output_temp, i64 0, i64 %tmp_24" [mobile_net_hls_v1/conv.hpp:1247]   --->   Operation 168 'getelementptr' 'output_temp_addr_1' <Predicate = (!tmp_22)> <Delay = 0.00>

State 16 <SV = 15> <Delay = 3.03>
ST_16 : Operation 169 [1/1] (0.00ns)   --->   "%acc_datftc = phi half [ 0x0, %9 ], [ %acc_datftc_1, %11 ]"   --->   Operation 169 'phi' 'acc_datftc' <Predicate = true> <Delay = 0.00>
ST_16 : Operation 170 [1/1] (0.00ns)   --->   "%tc = phi i4 [ 0, %9 ], [ %tc_1, %11 ]"   --->   Operation 170 'phi' 'tc' <Predicate = true> <Delay = 0.00>
ST_16 : Operation 171 [1/1] (0.00ns)   --->   "%tc_cast = zext i4 %tc to i32" [mobile_net_hls_v1/conv.hpp:1236]   --->   Operation 171 'zext' 'tc_cast' <Predicate = true> <Delay = 0.00>
ST_16 : Operation 172 [1/1] (0.99ns)   --->   "%tmp_26 = icmp slt i32 %tc_cast, %cLoops" [mobile_net_hls_v1/conv.hpp:1236]   --->   Operation 172 'icmp' 'tmp_26' <Predicate = true> <Delay = 0.99> <Core = "Cmp">   --->   Core 25 'Cmp' <Latency = 0> <II = 1> <Delay = 1.01> <FuncUnit> <Opcode : 'icmp'> <InPorts = 2> <OutPorts = 1>
ST_16 : Operation 173 [1/1] (0.79ns)   --->   "%tc_1 = add i4 %tc, 1" [mobile_net_hls_v1/conv.hpp:1236]   --->   Operation 173 'add' 'tc_1' <Predicate = true> <Delay = 0.79> <Core = "AddSub">   --->   Core 14 'AddSub' <Latency = 0> <II = 1> <Delay = 0.79> <FuncUnit> <Opcode : 'add' 'sub'> <InPorts = 2> <OutPorts = 1>
ST_16 : Operation 174 [1/1] (0.00ns)   --->   "br i1 %tmp_26, label %11, label %12" [mobile_net_hls_v1/conv.hpp:1236]   --->   Operation 174 'br' <Predicate = true> <Delay = 0.00>
ST_16 : Operation 175 [1/1] (1.63ns)   --->   "%input_buffer_V_read = call { i1, half } @_ssdm_op_NbRead.ap_fifo.volatile.halfP(half* %input_buffer_V)" [mobile_net_hls_v1/conv.hpp:1240]   --->   Operation 175 'nbread' 'input_buffer_V_read' <Predicate = (tmp_26)> <Delay = 1.63> <Core = "FIFO_BRAM">   --->   Core 34 'FIFO_BRAM' <Latency = 0> <II = 1> <Delay = 1.63> <Storage> <Opcode : 'read' 'write' 'nbread' 'nbwrite'> <Ports = 0> <Width = 16> <Depth = 0> <FIFO>
ST_16 : Operation 176 [1/1] (0.00ns)   --->   "%tmp_1355 = extractvalue { i1, half } %input_buffer_V_read, 1" [mobile_net_hls_v1/conv.hpp:1240]   --->   Operation 176 'extractvalue' 'tmp_1355' <Predicate = (tmp_26)> <Delay = 0.00>
ST_16 : Operation 177 [6/6] (3.03ns)   --->   "%avg_datftc = fdiv half %acc_datftc, %tmp_588" [mobile_net_hls_v1/conv.hpp:1243]   --->   Operation 177 'hdiv' 'avg_datftc' <Predicate = (!tmp_26)> <Delay = 3.03> <Core = "HDiv">   --->   Core 91 'HDiv' <Latency = 5> <II = 1> <Delay = 3.03> <FuncUnit> <Opcode : 'hdiv'> <InPorts = 2> <OutPorts = 1>

State 17 <SV = 16> <Delay = 3.60>
ST_17 : Operation 178 [4/4] (3.60ns)   --->   "%acc_datftc_1 = fadd half %tmp_1355, %acc_datftc" [mobile_net_hls_v1/conv.hpp:1241]   --->   Operation 178 'hadd' 'acc_datftc_1' <Predicate = true> <Delay = 3.60> <Core = "HAddSub">   --->   Core 89 'HAddSub' <Latency = 3> <II = 1> <Delay = 3.60> <FuncUnit> <Opcode : 'hadd' 'hsub'> <InPorts = 2> <OutPorts = 1>

State 18 <SV = 17> <Delay = 3.60>
ST_18 : Operation 179 [3/4] (3.60ns)   --->   "%acc_datftc_1 = fadd half %tmp_1355, %acc_datftc" [mobile_net_hls_v1/conv.hpp:1241]   --->   Operation 179 'hadd' 'acc_datftc_1' <Predicate = true> <Delay = 3.60> <Core = "HAddSub">   --->   Core 89 'HAddSub' <Latency = 3> <II = 1> <Delay = 3.60> <FuncUnit> <Opcode : 'hadd' 'hsub'> <InPorts = 2> <OutPorts = 1>

State 19 <SV = 18> <Delay = 3.60>
ST_19 : Operation 180 [2/4] (3.60ns)   --->   "%acc_datftc_1 = fadd half %tmp_1355, %acc_datftc" [mobile_net_hls_v1/conv.hpp:1241]   --->   Operation 180 'hadd' 'acc_datftc_1' <Predicate = true> <Delay = 3.60> <Core = "HAddSub">   --->   Core 89 'HAddSub' <Latency = 3> <II = 1> <Delay = 3.60> <FuncUnit> <Opcode : 'hadd' 'hsub'> <InPorts = 2> <OutPorts = 1>

State 20 <SV = 19> <Delay = 3.60>
ST_20 : Operation 181 [1/1] (0.00ns)   --->   "call void (...)* @_ssdm_op_SpecLoopName([6 x i8]* @p_str85) nounwind" [mobile_net_hls_v1/conv.hpp:1237]   --->   Operation 181 'specloopname' <Predicate = true> <Delay = 0.00>
ST_20 : Operation 182 [1/1] (0.00ns)   --->   "%tmp_28 = call i32 (...)* @_ssdm_op_SpecRegionBegin([6 x i8]* @p_str85)" [mobile_net_hls_v1/conv.hpp:1237]   --->   Operation 182 'specregionbegin' 'tmp_28' <Predicate = true> <Delay = 0.00>
ST_20 : Operation 183 [1/1] (0.00ns)   --->   "call void (...)* @_ssdm_op_SpecLoopTripCount(i32 1, i32 8, i32 4, [1 x i8]* @p_str) nounwind" [mobile_net_hls_v1/conv.hpp:1238]   --->   Operation 183 'speclooptripcount' <Predicate = true> <Delay = 0.00>
ST_20 : Operation 184 [1/4] (3.60ns)   --->   "%acc_datftc_1 = fadd half %tmp_1355, %acc_datftc" [mobile_net_hls_v1/conv.hpp:1241]   --->   Operation 184 'hadd' 'acc_datftc_1' <Predicate = true> <Delay = 3.60> <Core = "HAddSub">   --->   Core 89 'HAddSub' <Latency = 3> <II = 1> <Delay = 3.60> <FuncUnit> <Opcode : 'hadd' 'hsub'> <InPorts = 2> <OutPorts = 1>
ST_20 : Operation 185 [1/1] (0.00ns)   --->   "%empty = call i32 (...)* @_ssdm_op_SpecRegionEnd([6 x i8]* @p_str85, i32 %tmp_28)" [mobile_net_hls_v1/conv.hpp:1242]   --->   Operation 185 'specregionend' 'empty' <Predicate = true> <Delay = 0.00>
ST_20 : Operation 186 [1/1] (0.00ns)   --->   "br label %10" [mobile_net_hls_v1/conv.hpp:1236]   --->   Operation 186 'br' <Predicate = true> <Delay = 0.00>

State 21 <SV = 16> <Delay = 3.03>
ST_21 : Operation 187 [5/6] (3.03ns)   --->   "%avg_datftc = fdiv half %acc_datftc, %tmp_588" [mobile_net_hls_v1/conv.hpp:1243]   --->   Operation 187 'hdiv' 'avg_datftc' <Predicate = true> <Delay = 3.03> <Core = "HDiv">   --->   Core 91 'HDiv' <Latency = 5> <II = 1> <Delay = 3.03> <FuncUnit> <Opcode : 'hdiv'> <InPorts = 2> <OutPorts = 1>

State 22 <SV = 17> <Delay = 3.03>
ST_22 : Operation 188 [4/6] (3.03ns)   --->   "%avg_datftc = fdiv half %acc_datftc, %tmp_588" [mobile_net_hls_v1/conv.hpp:1243]   --->   Operation 188 'hdiv' 'avg_datftc' <Predicate = true> <Delay = 3.03> <Core = "HDiv">   --->   Core 91 'HDiv' <Latency = 5> <II = 1> <Delay = 3.03> <FuncUnit> <Opcode : 'hdiv'> <InPorts = 2> <OutPorts = 1>

State 23 <SV = 18> <Delay = 3.03>
ST_23 : Operation 189 [3/6] (3.03ns)   --->   "%avg_datftc = fdiv half %acc_datftc, %tmp_588" [mobile_net_hls_v1/conv.hpp:1243]   --->   Operation 189 'hdiv' 'avg_datftc' <Predicate = true> <Delay = 3.03> <Core = "HDiv">   --->   Core 91 'HDiv' <Latency = 5> <II = 1> <Delay = 3.03> <FuncUnit> <Opcode : 'hdiv'> <InPorts = 2> <OutPorts = 1>

State 24 <SV = 19> <Delay = 3.03>
ST_24 : Operation 190 [2/6] (3.03ns)   --->   "%avg_datftc = fdiv half %acc_datftc, %tmp_588" [mobile_net_hls_v1/conv.hpp:1243]   --->   Operation 190 'hdiv' 'avg_datftc' <Predicate = true> <Delay = 3.03> <Core = "HDiv">   --->   Core 91 'HDiv' <Latency = 5> <II = 1> <Delay = 3.03> <FuncUnit> <Opcode : 'hdiv'> <InPorts = 2> <OutPorts = 1>

State 25 <SV = 20> <Delay = 3.03>
ST_25 : Operation 191 [1/6] (3.03ns)   --->   "%avg_datftc = fdiv half %acc_datftc, %tmp_588" [mobile_net_hls_v1/conv.hpp:1243]   --->   Operation 191 'hdiv' 'avg_datftc' <Predicate = true> <Delay = 3.03> <Core = "HDiv">   --->   Core 91 'HDiv' <Latency = 5> <II = 1> <Delay = 3.03> <FuncUnit> <Opcode : 'hdiv'> <InPorts = 2> <OutPorts = 1>

State 26 <SV = 21> <Delay = 3.60>
ST_26 : Operation 192 [4/4] (3.60ns)   --->   "%acc_datftr_1 = fadd half %avg_datftc, %acc_datftr" [mobile_net_hls_v1/conv.hpp:1244]   --->   Operation 192 'hadd' 'acc_datftr_1' <Predicate = true> <Delay = 3.60> <Core = "HAddSub">   --->   Core 89 'HAddSub' <Latency = 3> <II = 1> <Delay = 3.60> <FuncUnit> <Opcode : 'hadd' 'hsub'> <InPorts = 2> <OutPorts = 1>

State 27 <SV = 22> <Delay = 3.60>
ST_27 : Operation 193 [3/4] (3.60ns)   --->   "%acc_datftr_1 = fadd half %avg_datftc, %acc_datftr" [mobile_net_hls_v1/conv.hpp:1244]   --->   Operation 193 'hadd' 'acc_datftr_1' <Predicate = true> <Delay = 3.60> <Core = "HAddSub">   --->   Core 89 'HAddSub' <Latency = 3> <II = 1> <Delay = 3.60> <FuncUnit> <Opcode : 'hadd' 'hsub'> <InPorts = 2> <OutPorts = 1>

State 28 <SV = 23> <Delay = 3.60>
ST_28 : Operation 194 [2/4] (3.60ns)   --->   "%acc_datftr_1 = fadd half %avg_datftc, %acc_datftr" [mobile_net_hls_v1/conv.hpp:1244]   --->   Operation 194 'hadd' 'acc_datftr_1' <Predicate = true> <Delay = 3.60> <Core = "HAddSub">   --->   Core 89 'HAddSub' <Latency = 3> <II = 1> <Delay = 3.60> <FuncUnit> <Opcode : 'hadd' 'hsub'> <InPorts = 2> <OutPorts = 1>

State 29 <SV = 24> <Delay = 3.60>
ST_29 : Operation 195 [1/4] (3.60ns)   --->   "%acc_datftr_1 = fadd half %avg_datftc, %acc_datftr" [mobile_net_hls_v1/conv.hpp:1244]   --->   Operation 195 'hadd' 'acc_datftr_1' <Predicate = true> <Delay = 3.60> <Core = "HAddSub">   --->   Core 89 'HAddSub' <Latency = 3> <II = 1> <Delay = 3.60> <FuncUnit> <Opcode : 'hadd' 'hsub'> <InPorts = 2> <OutPorts = 1>
ST_29 : Operation 196 [1/1] (0.00ns)   --->   "%empty_432 = call i32 (...)* @_ssdm_op_SpecRegionEnd([6 x i8]* @p_str84, i32 %tmp_23)" [mobile_net_hls_v1/conv.hpp:1245]   --->   Operation 196 'specregionend' 'empty_432' <Predicate = true> <Delay = 0.00>
ST_29 : Operation 197 [1/1] (0.00ns)   --->   "br label %8" [mobile_net_hls_v1/conv.hpp:1232]   --->   Operation 197 'br' <Predicate = true> <Delay = 0.00>

State 30 <SV = 15> <Delay = 3.03>
ST_30 : Operation 198 [5/6] (3.03ns)   --->   "%avg_datftr = fdiv half %acc_datftr, %tmp_589" [mobile_net_hls_v1/conv.hpp:1246]   --->   Operation 198 'hdiv' 'avg_datftr' <Predicate = true> <Delay = 3.03> <Core = "HDiv">   --->   Core 91 'HDiv' <Latency = 5> <II = 1> <Delay = 3.03> <FuncUnit> <Opcode : 'hdiv'> <InPorts = 2> <OutPorts = 1>

State 31 <SV = 16> <Delay = 3.03>
ST_31 : Operation 199 [4/6] (3.03ns)   --->   "%avg_datftr = fdiv half %acc_datftr, %tmp_589" [mobile_net_hls_v1/conv.hpp:1246]   --->   Operation 199 'hdiv' 'avg_datftr' <Predicate = true> <Delay = 3.03> <Core = "HDiv">   --->   Core 91 'HDiv' <Latency = 5> <II = 1> <Delay = 3.03> <FuncUnit> <Opcode : 'hdiv'> <InPorts = 2> <OutPorts = 1>

State 32 <SV = 17> <Delay = 3.03>
ST_32 : Operation 200 [3/6] (3.03ns)   --->   "%avg_datftr = fdiv half %acc_datftr, %tmp_589" [mobile_net_hls_v1/conv.hpp:1246]   --->   Operation 200 'hdiv' 'avg_datftr' <Predicate = true> <Delay = 3.03> <Core = "HDiv">   --->   Core 91 'HDiv' <Latency = 5> <II = 1> <Delay = 3.03> <FuncUnit> <Opcode : 'hdiv'> <InPorts = 2> <OutPorts = 1>

State 33 <SV = 18> <Delay = 3.03>
ST_33 : Operation 201 [2/6] (3.03ns)   --->   "%avg_datftr = fdiv half %acc_datftr, %tmp_589" [mobile_net_hls_v1/conv.hpp:1246]   --->   Operation 201 'hdiv' 'avg_datftr' <Predicate = true> <Delay = 3.03> <Core = "HDiv">   --->   Core 91 'HDiv' <Latency = 5> <II = 1> <Delay = 3.03> <FuncUnit> <Opcode : 'hdiv'> <InPorts = 2> <OutPorts = 1>
ST_33 : Operation 202 [2/2] (1.23ns)   --->   "%output_temp_load = load half* %output_temp_addr_1, align 2" [mobile_net_hls_v1/conv.hpp:1247]   --->   Operation 202 'load' 'output_temp_load' <Predicate = true> <Delay = 1.23> <Core = "RAM_S2P_BRAM">   --->   Core 48 'RAM_S2P_BRAM' <Latency = 1> <II = 1> <Delay = 1.23> <Storage> <Opcode : 'load' 'store'> <Ports = 2> <Width = 16> <Depth = 8> <RAM>

State 34 <SV = 19> <Delay = 3.03>
ST_34 : Operation 203 [1/6] (3.03ns)   --->   "%avg_datftr = fdiv half %acc_datftr, %tmp_589" [mobile_net_hls_v1/conv.hpp:1246]   --->   Operation 203 'hdiv' 'avg_datftr' <Predicate = true> <Delay = 3.03> <Core = "HDiv">   --->   Core 91 'HDiv' <Latency = 5> <II = 1> <Delay = 3.03> <FuncUnit> <Opcode : 'hdiv'> <InPorts = 2> <OutPorts = 1>
ST_34 : Operation 204 [1/2] (1.23ns)   --->   "%output_temp_load = load half* %output_temp_addr_1, align 2" [mobile_net_hls_v1/conv.hpp:1247]   --->   Operation 204 'load' 'output_temp_load' <Predicate = true> <Delay = 1.23> <Core = "RAM_S2P_BRAM">   --->   Core 48 'RAM_S2P_BRAM' <Latency = 1> <II = 1> <Delay = 1.23> <Storage> <Opcode : 'load' 'store'> <Ports = 2> <Width = 16> <Depth = 8> <RAM>

State 35 <SV = 20> <Delay = 3.60>
ST_35 : Operation 205 [4/4] (3.60ns)   --->   "%tmp_25 = fadd half %output_temp_load, %avg_datftr" [mobile_net_hls_v1/conv.hpp:1247]   --->   Operation 205 'hadd' 'tmp_25' <Predicate = true> <Delay = 3.60> <Core = "HAddSub">   --->   Core 89 'HAddSub' <Latency = 3> <II = 1> <Delay = 3.60> <FuncUnit> <Opcode : 'hadd' 'hsub'> <InPorts = 2> <OutPorts = 1>

State 36 <SV = 21> <Delay = 3.60>
ST_36 : Operation 206 [3/4] (3.60ns)   --->   "%tmp_25 = fadd half %output_temp_load, %avg_datftr" [mobile_net_hls_v1/conv.hpp:1247]   --->   Operation 206 'hadd' 'tmp_25' <Predicate = true> <Delay = 3.60> <Core = "HAddSub">   --->   Core 89 'HAddSub' <Latency = 3> <II = 1> <Delay = 3.60> <FuncUnit> <Opcode : 'hadd' 'hsub'> <InPorts = 2> <OutPorts = 1>

State 37 <SV = 22> <Delay = 3.60>
ST_37 : Operation 207 [2/4] (3.60ns)   --->   "%tmp_25 = fadd half %output_temp_load, %avg_datftr" [mobile_net_hls_v1/conv.hpp:1247]   --->   Operation 207 'hadd' 'tmp_25' <Predicate = true> <Delay = 3.60> <Core = "HAddSub">   --->   Core 89 'HAddSub' <Latency = 3> <II = 1> <Delay = 3.60> <FuncUnit> <Opcode : 'hadd' 'hsub'> <InPorts = 2> <OutPorts = 1>

State 38 <SV = 23> <Delay = 3.60>
ST_38 : Operation 208 [1/4] (3.60ns)   --->   "%tmp_25 = fadd half %output_temp_load, %avg_datftr" [mobile_net_hls_v1/conv.hpp:1247]   --->   Operation 208 'hadd' 'tmp_25' <Predicate = true> <Delay = 3.60> <Core = "HAddSub">   --->   Core 89 'HAddSub' <Latency = 3> <II = 1> <Delay = 3.60> <FuncUnit> <Opcode : 'hadd' 'hsub'> <InPorts = 2> <OutPorts = 1>

State 39 <SV = 24> <Delay = 3.22>
ST_39 : Operation 209 [1/1] (1.23ns)   --->   "store half %tmp_25, half* %output_temp_addr_1, align 2" [mobile_net_hls_v1/conv.hpp:1247]   --->   Operation 209 'store' <Predicate = true> <Delay = 1.23> <Core = "RAM_S2P_BRAM">   --->   Core 48 'RAM_S2P_BRAM' <Latency = 1> <II = 1> <Delay = 1.23> <Storage> <Opcode : 'load' 'store'> <Ports = 2> <Width = 16> <Depth = 8> <RAM>
ST_39 : Operation 210 [1/1] (0.00ns)   --->   "br i1 %brmerge, label %._crit_edge4, label %14" [mobile_net_hls_v1/conv.hpp:1248]   --->   Operation 210 'br' <Predicate = true> <Delay = 0.00>
ST_39 : Operation 211 [1/1] (0.00ns)   --->   "%block_cnt_load_1 = load i32* @block_cnt, align 4" [mobile_net_hls_v1/conv.hpp:1250]   --->   Operation 211 'load' 'block_cnt_load_1' <Predicate = (!brmerge)> <Delay = 0.00>
ST_39 : Operation 212 [6/6] (3.22ns)   --->   "%tmp_1353 = sitofp i32 %block_cnt_load_1 to float" [mobile_net_hls_v1/conv.hpp:1250]   --->   Operation 212 'sitofp' 'tmp_1353' <Predicate = (!brmerge)> <Delay = 3.22> <Core = "Int2Float">   --->   Core 111 'Int2Float' <Latency = 5> <II = 1> <Delay = 3.22> <FuncUnit> <Opcode : 'sitofp' 'uitofp'> <InPorts = 1> <OutPorts = 1>

State 40 <SV = 25> <Delay = 3.22>
ST_40 : Operation 213 [5/6] (3.22ns)   --->   "%tmp_1353 = sitofp i32 %block_cnt_load_1 to float" [mobile_net_hls_v1/conv.hpp:1250]   --->   Operation 213 'sitofp' 'tmp_1353' <Predicate = true> <Delay = 3.22> <Core = "Int2Float">   --->   Core 111 'Int2Float' <Latency = 5> <II = 1> <Delay = 3.22> <FuncUnit> <Opcode : 'sitofp' 'uitofp'> <InPorts = 1> <OutPorts = 1>

State 41 <SV = 26> <Delay = 3.22>
ST_41 : Operation 214 [4/6] (3.22ns)   --->   "%tmp_1353 = sitofp i32 %block_cnt_load_1 to float" [mobile_net_hls_v1/conv.hpp:1250]   --->   Operation 214 'sitofp' 'tmp_1353' <Predicate = true> <Delay = 3.22> <Core = "Int2Float">   --->   Core 111 'Int2Float' <Latency = 5> <II = 1> <Delay = 3.22> <FuncUnit> <Opcode : 'sitofp' 'uitofp'> <InPorts = 1> <OutPorts = 1>

State 42 <SV = 27> <Delay = 3.22>
ST_42 : Operation 215 [3/6] (3.22ns)   --->   "%tmp_1353 = sitofp i32 %block_cnt_load_1 to float" [mobile_net_hls_v1/conv.hpp:1250]   --->   Operation 215 'sitofp' 'tmp_1353' <Predicate = true> <Delay = 3.22> <Core = "Int2Float">   --->   Core 111 'Int2Float' <Latency = 5> <II = 1> <Delay = 3.22> <FuncUnit> <Opcode : 'sitofp' 'uitofp'> <InPorts = 1> <OutPorts = 1>

State 43 <SV = 28> <Delay = 3.22>
ST_43 : Operation 216 [2/6] (3.22ns)   --->   "%tmp_1353 = sitofp i32 %block_cnt_load_1 to float" [mobile_net_hls_v1/conv.hpp:1250]   --->   Operation 216 'sitofp' 'tmp_1353' <Predicate = true> <Delay = 3.22> <Core = "Int2Float">   --->   Core 111 'Int2Float' <Latency = 5> <II = 1> <Delay = 3.22> <FuncUnit> <Opcode : 'sitofp' 'uitofp'> <InPorts = 1> <OutPorts = 1>

State 44 <SV = 29> <Delay = 3.22>
ST_44 : Operation 217 [1/6] (3.22ns)   --->   "%tmp_1353 = sitofp i32 %block_cnt_load_1 to float" [mobile_net_hls_v1/conv.hpp:1250]   --->   Operation 217 'sitofp' 'tmp_1353' <Predicate = true> <Delay = 3.22> <Core = "Int2Float">   --->   Core 111 'Int2Float' <Latency = 5> <II = 1> <Delay = 3.22> <FuncUnit> <Opcode : 'sitofp' 'uitofp'> <InPorts = 1> <OutPorts = 1>

State 45 <SV = 30> <Delay = 1.46>
ST_45 : Operation 218 [3/3] (1.46ns)   --->   "%tmp_590 = fptrunc float %tmp_1353 to half" [mobile_net_hls_v1/conv.hpp:1250]   --->   Operation 218 'sptohp' 'tmp_590' <Predicate = true> <Delay = 1.46> <Core = "Float2Half">   --->   Core 93 'Float2Half' <Latency = 2> <II = 1> <Delay = 1.46> <FuncUnit> <Opcode : 'sptohp'> <InPorts = 1> <OutPorts = 1>

State 46 <SV = 31> <Delay = 1.46>
ST_46 : Operation 219 [2/3] (1.46ns)   --->   "%tmp_590 = fptrunc float %tmp_1353 to half" [mobile_net_hls_v1/conv.hpp:1250]   --->   Operation 219 'sptohp' 'tmp_590' <Predicate = true> <Delay = 1.46> <Core = "Float2Half">   --->   Core 93 'Float2Half' <Latency = 2> <II = 1> <Delay = 1.46> <FuncUnit> <Opcode : 'sptohp'> <InPorts = 1> <OutPorts = 1>

State 47 <SV = 32> <Delay = 1.46>
ST_47 : Operation 220 [1/3] (1.46ns)   --->   "%tmp_590 = fptrunc float %tmp_1353 to half" [mobile_net_hls_v1/conv.hpp:1250]   --->   Operation 220 'sptohp' 'tmp_590' <Predicate = true> <Delay = 1.46> <Core = "Float2Half">   --->   Core 93 'Float2Half' <Latency = 2> <II = 1> <Delay = 1.46> <FuncUnit> <Opcode : 'sptohp'> <InPorts = 1> <OutPorts = 1>

State 48 <SV = 33> <Delay = 3.03>
ST_48 : Operation 221 [6/6] (3.03ns)   --->   "%output_reg = fdiv half %tmp_25, %tmp_590" [mobile_net_hls_v1/conv.hpp:1250]   --->   Operation 221 'hdiv' 'output_reg' <Predicate = true> <Delay = 3.03> <Core = "HDiv">   --->   Core 91 'HDiv' <Latency = 5> <II = 1> <Delay = 3.03> <FuncUnit> <Opcode : 'hdiv'> <InPorts = 2> <OutPorts = 1>

State 49 <SV = 34> <Delay = 3.03>
ST_49 : Operation 222 [5/6] (3.03ns)   --->   "%output_reg = fdiv half %tmp_25, %tmp_590" [mobile_net_hls_v1/conv.hpp:1250]   --->   Operation 222 'hdiv' 'output_reg' <Predicate = true> <Delay = 3.03> <Core = "HDiv">   --->   Core 91 'HDiv' <Latency = 5> <II = 1> <Delay = 3.03> <FuncUnit> <Opcode : 'hdiv'> <InPorts = 2> <OutPorts = 1>

State 50 <SV = 35> <Delay = 3.03>
ST_50 : Operation 223 [4/6] (3.03ns)   --->   "%output_reg = fdiv half %tmp_25, %tmp_590" [mobile_net_hls_v1/conv.hpp:1250]   --->   Operation 223 'hdiv' 'output_reg' <Predicate = true> <Delay = 3.03> <Core = "HDiv">   --->   Core 91 'HDiv' <Latency = 5> <II = 1> <Delay = 3.03> <FuncUnit> <Opcode : 'hdiv'> <InPorts = 2> <OutPorts = 1>

State 51 <SV = 36> <Delay = 3.03>
ST_51 : Operation 224 [3/6] (3.03ns)   --->   "%output_reg = fdiv half %tmp_25, %tmp_590" [mobile_net_hls_v1/conv.hpp:1250]   --->   Operation 224 'hdiv' 'output_reg' <Predicate = true> <Delay = 3.03> <Core = "HDiv">   --->   Core 91 'HDiv' <Latency = 5> <II = 1> <Delay = 3.03> <FuncUnit> <Opcode : 'hdiv'> <InPorts = 2> <OutPorts = 1>

State 52 <SV = 37> <Delay = 3.03>
ST_52 : Operation 225 [2/6] (3.03ns)   --->   "%output_reg = fdiv half %tmp_25, %tmp_590" [mobile_net_hls_v1/conv.hpp:1250]   --->   Operation 225 'hdiv' 'output_reg' <Predicate = true> <Delay = 3.03> <Core = "HDiv">   --->   Core 91 'HDiv' <Latency = 5> <II = 1> <Delay = 3.03> <FuncUnit> <Opcode : 'hdiv'> <InPorts = 2> <OutPorts = 1>

State 53 <SV = 38> <Delay = 3.03>
ST_53 : Operation 226 [1/6] (3.03ns)   --->   "%output_reg = fdiv half %tmp_25, %tmp_590" [mobile_net_hls_v1/conv.hpp:1250]   --->   Operation 226 'hdiv' 'output_reg' <Predicate = true> <Delay = 3.03> <Core = "HDiv">   --->   Core 91 'HDiv' <Latency = 5> <II = 1> <Delay = 3.03> <FuncUnit> <Opcode : 'hdiv'> <InPorts = 2> <OutPorts = 1>

State 54 <SV = 39> <Delay = 1.63>
ST_54 : Operation 227 [1/1] (1.63ns)   --->   "%full_n_i_0 = call i1 @_ssdm_op_NbWrite.ap_fifo.volatile.halfP(half* %output_buffer_V, half %output_reg)" [mobile_net_hls_v1/conv.hpp:1251]   --->   Operation 227 'nbwrite' 'full_n_i_0' <Predicate = (!brmerge)> <Delay = 1.63> <Core = "FIFO_BRAM">   --->   Core 34 'FIFO_BRAM' <Latency = 0> <II = 1> <Delay = 1.63> <Storage> <Opcode : 'read' 'write' 'nbread' 'nbwrite'> <Ports = 0> <Width = 16> <Depth = 0> <FIFO>
ST_54 : Operation 228 [1/1] (0.00ns)   --->   "br label %._crit_edge4" [mobile_net_hls_v1/conv.hpp:1252]   --->   Operation 228 'br' <Predicate = (!brmerge)> <Delay = 0.00>
ST_54 : Operation 229 [1/1] (0.00ns)   --->   "%empty_433 = call i32 (...)* @_ssdm_op_SpecRegionEnd([6 x i8]* @p_str76, i32 %tmp_18)" [mobile_net_hls_v1/conv.hpp:1253]   --->   Operation 229 'specregionend' 'empty_433' <Predicate = true> <Delay = 0.00>
ST_54 : Operation 230 [1/1] (0.00ns)   --->   "br label %5" [mobile_net_hls_v1/conv.hpp:1226]   --->   Operation 230 'br' <Predicate = true> <Delay = 0.00>


============================================================
+ Verbose Summary: Timing violations
============================================================
Target clock period: 4.2ns, clock uncertainty: 0.525ns.

 <State 1>: 0ns
The critical path consists of the following:

 <State 2>: 0ns
The critical path consists of the following:

 <State 3>: 1.84ns
The critical path consists of the following:
	fifo read on port 'data_r_V' (mobile_net_hls_v1/conv.hpp:1217) [41]  (1.84 ns)

 <State 4>: 2.46ns
The critical path consists of the following:
	'sub' operation ('tmp_4', mobile_net_hls_v1/conv.hpp:1221) [48]  (1.02 ns)
	'icmp' operation ('tmp_5', mobile_net_hls_v1/conv.hpp:1221) [49]  (0.991 ns)
	'select' operation ('rLoops', mobile_net_hls_v1/conv.hpp:1221) [50]  (0.449 ns)

 <State 5>: 3.22ns
The critical path consists of the following:
	'sitofp' operation ('tmp_1343', mobile_net_hls_v1/conv.hpp:1243) [60]  (3.22 ns)

 <State 6>: 3.22ns
The critical path consists of the following:
	'sitofp' operation ('tmp_1343', mobile_net_hls_v1/conv.hpp:1243) [60]  (3.22 ns)

 <State 7>: 3.22ns
The critical path consists of the following:
	'sitofp' operation ('tmp_1343', mobile_net_hls_v1/conv.hpp:1243) [60]  (3.22 ns)

 <State 8>: 3.22ns
The critical path consists of the following:
	'sitofp' operation ('tmp_1343', mobile_net_hls_v1/conv.hpp:1243) [60]  (3.22 ns)

 <State 9>: 3.22ns
The critical path consists of the following:
	'sitofp' operation ('tmp_1343', mobile_net_hls_v1/conv.hpp:1243) [60]  (3.22 ns)

 <State 10>: 3.22ns
The critical path consists of the following:
	'sitofp' operation ('tmp_1343', mobile_net_hls_v1/conv.hpp:1243) [60]  (3.22 ns)

 <State 11>: 1.47ns
The critical path consists of the following:
	'sptohp' operation ('tmp_588', mobile_net_hls_v1/conv.hpp:1243) [61]  (1.47 ns)

 <State 12>: 1.84ns
The critical path consists of the following:
	fifo read on port 'data_n_V' (mobile_net_hls_v1/conv.hpp:1216) [39]  (1.84 ns)

 <State 13>: 2.46ns
The critical path consists of the following:
	'sub' operation ('tmp_s', mobile_net_hls_v1/conv.hpp:1220) [45]  (1.02 ns)
	'icmp' operation ('tmp_3', mobile_net_hls_v1/conv.hpp:1220) [46]  (0.991 ns)
	'select' operation ('nLoops', mobile_net_hls_v1/conv.hpp:1220) [47]  (0.449 ns)

 <State 14>: 3.67ns
The critical path consists of the following:
	fifo read on port 'data_buffer_V' (mobile_net_hls_v1/conv.hpp:1262) [155]  (1.84 ns)
	fifo write on port 'result_buffer_V' (mobile_net_hls_v1/conv.hpp:1263) [157]  (1.84 ns)

 <State 15>: 3.04ns
The critical path consists of the following:
	'phi' operation ('acc_datftr') with incoming values : ('acc_datftr', mobile_net_hls_v1/conv.hpp:1244) [91]  (0 ns)
	'hdiv' operation ('avg_datftr', mobile_net_hls_v1/conv.hpp:1246) [124]  (3.04 ns)

 <State 16>: 3.04ns
The critical path consists of the following:
	'phi' operation ('acc_datftc') with incoming values : ('acc_datftc', mobile_net_hls_v1/conv.hpp:1241) [103]  (0 ns)
	'hdiv' operation ('avg_datftc', mobile_net_hls_v1/conv.hpp:1243) [119]  (3.04 ns)

 <State 17>: 3.6ns
The critical path consists of the following:
	'hadd' operation ('acc_datftc', mobile_net_hls_v1/conv.hpp:1241) [115]  (3.6 ns)

 <State 18>: 3.6ns
The critical path consists of the following:
	'hadd' operation ('acc_datftc', mobile_net_hls_v1/conv.hpp:1241) [115]  (3.6 ns)

 <State 19>: 3.6ns
The critical path consists of the following:
	'hadd' operation ('acc_datftc', mobile_net_hls_v1/conv.hpp:1241) [115]  (3.6 ns)

 <State 20>: 3.6ns
The critical path consists of the following:
	'hadd' operation ('acc_datftc', mobile_net_hls_v1/conv.hpp:1241) [115]  (3.6 ns)

 <State 21>: 3.04ns
The critical path consists of the following:
	'hdiv' operation ('avg_datftc', mobile_net_hls_v1/conv.hpp:1243) [119]  (3.04 ns)

 <State 22>: 3.04ns
The critical path consists of the following:
	'hdiv' operation ('avg_datftc', mobile_net_hls_v1/conv.hpp:1243) [119]  (3.04 ns)

 <State 23>: 3.04ns
The critical path consists of the following:
	'hdiv' operation ('avg_datftc', mobile_net_hls_v1/conv.hpp:1243) [119]  (3.04 ns)

 <State 24>: 3.04ns
The critical path consists of the following:
	'hdiv' operation ('avg_datftc', mobile_net_hls_v1/conv.hpp:1243) [119]  (3.04 ns)

 <State 25>: 3.04ns
The critical path consists of the following:
	'hdiv' operation ('avg_datftc', mobile_net_hls_v1/conv.hpp:1243) [119]  (3.04 ns)

 <State 26>: 3.6ns
The critical path consists of the following:
	'hadd' operation ('acc_datftr', mobile_net_hls_v1/conv.hpp:1244) [120]  (3.6 ns)

 <State 27>: 3.6ns
The critical path consists of the following:
	'hadd' operation ('acc_datftr', mobile_net_hls_v1/conv.hpp:1244) [120]  (3.6 ns)

 <State 28>: 3.6ns
The critical path consists of the following:
	'hadd' operation ('acc_datftr', mobile_net_hls_v1/conv.hpp:1244) [120]  (3.6 ns)

 <State 29>: 3.6ns
The critical path consists of the following:
	'hadd' operation ('acc_datftr', mobile_net_hls_v1/conv.hpp:1244) [120]  (3.6 ns)

 <State 30>: 3.04ns
The critical path consists of the following:
	'hdiv' operation ('avg_datftr', mobile_net_hls_v1/conv.hpp:1246) [124]  (3.04 ns)

 <State 31>: 3.04ns
The critical path consists of the following:
	'hdiv' operation ('avg_datftr', mobile_net_hls_v1/conv.hpp:1246) [124]  (3.04 ns)

 <State 32>: 3.04ns
The critical path consists of the following:
	'hdiv' operation ('avg_datftr', mobile_net_hls_v1/conv.hpp:1246) [124]  (3.04 ns)

 <State 33>: 3.04ns
The critical path consists of the following:
	'hdiv' operation ('avg_datftr', mobile_net_hls_v1/conv.hpp:1246) [124]  (3.04 ns)

 <State 34>: 3.04ns
The critical path consists of the following:
	'hdiv' operation ('avg_datftr', mobile_net_hls_v1/conv.hpp:1246) [124]  (3.04 ns)

 <State 35>: 3.6ns
The critical path consists of the following:
	'hadd' operation ('tmp_25', mobile_net_hls_v1/conv.hpp:1247) [128]  (3.6 ns)

 <State 36>: 3.6ns
The critical path consists of the following:
	'hadd' operation ('tmp_25', mobile_net_hls_v1/conv.hpp:1247) [128]  (3.6 ns)

 <State 37>: 3.6ns
The critical path consists of the following:
	'hadd' operation ('tmp_25', mobile_net_hls_v1/conv.hpp:1247) [128]  (3.6 ns)

 <State 38>: 3.6ns
The critical path consists of the following:
	'hadd' operation ('tmp_25', mobile_net_hls_v1/conv.hpp:1247) [128]  (3.6 ns)

 <State 39>: 3.22ns
The critical path consists of the following:
	'load' operation ('block_cnt_load_1', mobile_net_hls_v1/conv.hpp:1250) on static variable 'block_cnt' [132]  (0 ns)
	'sitofp' operation ('tmp_1353', mobile_net_hls_v1/conv.hpp:1250) [133]  (3.22 ns)

 <State 40>: 3.22ns
The critical path consists of the following:
	'sitofp' operation ('tmp_1353', mobile_net_hls_v1/conv.hpp:1250) [133]  (3.22 ns)

 <State 41>: 3.22ns
The critical path consists of the following:
	'sitofp' operation ('tmp_1353', mobile_net_hls_v1/conv.hpp:1250) [133]  (3.22 ns)

 <State 42>: 3.22ns
The critical path consists of the following:
	'sitofp' operation ('tmp_1353', mobile_net_hls_v1/conv.hpp:1250) [133]  (3.22 ns)

 <State 43>: 3.22ns
The critical path consists of the following:
	'sitofp' operation ('tmp_1353', mobile_net_hls_v1/conv.hpp:1250) [133]  (3.22 ns)

 <State 44>: 3.22ns
The critical path consists of the following:
	'sitofp' operation ('tmp_1353', mobile_net_hls_v1/conv.hpp:1250) [133]  (3.22 ns)

 <State 45>: 1.47ns
The critical path consists of the following:
	'sptohp' operation ('tmp_590', mobile_net_hls_v1/conv.hpp:1250) [134]  (1.47 ns)

 <State 46>: 1.47ns
The critical path consists of the following:
	'sptohp' operation ('tmp_590', mobile_net_hls_v1/conv.hpp:1250) [134]  (1.47 ns)

 <State 47>: 1.47ns
The critical path consists of the following:
	'sptohp' operation ('tmp_590', mobile_net_hls_v1/conv.hpp:1250) [134]  (1.47 ns)

 <State 48>: 3.04ns
The critical path consists of the following:
	'hdiv' operation ('output_reg', mobile_net_hls_v1/conv.hpp:1250) [135]  (3.04 ns)

 <State 49>: 3.04ns
The critical path consists of the following:
	'hdiv' operation ('output_reg', mobile_net_hls_v1/conv.hpp:1250) [135]  (3.04 ns)

 <State 50>: 3.04ns
The critical path consists of the following:
	'hdiv' operation ('output_reg', mobile_net_hls_v1/conv.hpp:1250) [135]  (3.04 ns)

 <State 51>: 3.04ns
The critical path consists of the following:
	'hdiv' operation ('output_reg', mobile_net_hls_v1/conv.hpp:1250) [135]  (3.04 ns)

 <State 52>: 3.04ns
The critical path consists of the following:
	'hdiv' operation ('output_reg', mobile_net_hls_v1/conv.hpp:1250) [135]  (3.04 ns)

 <State 53>: 3.04ns
The critical path consists of the following:
	'hdiv' operation ('output_reg', mobile_net_hls_v1/conv.hpp:1250) [135]  (3.04 ns)

 <State 54>: 1.64ns
The critical path consists of the following:
	fifo write on port 'output_buffer_V' (mobile_net_hls_v1/conv.hpp:1251) [136]  (1.64 ns)


============================================================
+ Verbose Summary: Binding
============================================================
N/A
* FSMD analyzer results:
  - Output states:
 - Input state : 
  - Chain level:
	State 1
	State 2
	State 3
	State 4
	State 5
	State 6
	State 7
	State 8
	State 9
	State 10
	State 11
	State 12
	State 13
	State 14
	State 15
	State 16
	State 17
	State 18
	State 19
	State 20
	State 21
	State 22
	State 23
	State 24
	State 25
	State 26
	State 27
	State 28
	State 29
	State 30
	State 31
	State 32
	State 33
	State 34
	State 35
	State 36
	State 37
	State 38
	State 39
	State 40
	State 41
	State 42
	State 43
	State 44
	State 45
	State 46
	State 47
	State 48
	State 49
	State 50
	State 51
	State 52
	State 53
	State 54


============================================================
+ Verbose Summary: Datapath Resource usage 
============================================================
N/A
