

================================================================
== Vivado HLS Report for 'conv_2'
================================================================
* Date:           Sun Apr 28 15:50:55 2019

* Version:        2018.3 (Build 2405991 on Thu Dec 06 23:56:15 MST 2018)
* Project:        mobile_net_hls_v1
* Solution:       solution1
* Product family: zynquplus
* Target device:  xczu9eg-ffvb1156-2-i


================================================================
== Performance Estimates
================================================================
+ Timing (ns): 
    * Summary: 
    +--------+-------+----------+------------+
    |  Clock | Target| Estimated| Uncertainty|
    +--------+-------+----------+------------+
    |ap_clk  |   4.20|     3.675|        0.52|
    +--------+-------+----------+------------+

+ Latency (clock cycles): 
    * Summary: 
    +-----+-----+-----+-----+---------+
    |  Latency  |  Interval | Pipeline|
    | min | max | min | max |   Type  |
    +-----+-----+-----+-----+---------+
    |    ?|    ?|    ?|    ?|   none  |
    +-----+-----+-----+-----+---------+

    + Detail: 
        * Instance: 
        +-------------------+---------+-----+-----+-----+-----+----------+
        |                   |         |  Latency  |  Interval | Pipeline |
        |      Instance     |  Module | min | max | min | max |   Type   |
        +-------------------+---------+-----+-----+-----+-----+----------+
        |grp_apply_3_fu_98  |apply_3  |    ?|    ?|    ?|    ?| dataflow |
        +-------------------+---------+-----+-----+-----+-----+----------+

        * Loop: 
        N/A

============================================================
+ Verbose Summary: Synthesis Manager
============================================================
InlineROM: 1
ExposeGlobal: 0
============================================================
+ Verbose Summary: CDFG Model
============================================================
IsTopModel: 0
ResetActiveHigh: 1
IsCombinational: 0
IsDatapathOnly: 0
HasWiredReturn: 1
HasMFsm: 0
HasVarLatency: 1
IsPipeline: 0
IsRtlPipelined: 0
IsInstanceOverlapped: 0
IsDontTouch: 0
HasImplIP: 0
IsGatedGlobalClock: 0


============================================================
+ Verbose Summary: Schedule
============================================================
* Number of FSM states : 2
* Pipeline : 0
* Dataflow Pipeline: 0

* FSM state transitions: 
1 --> 
	2  / true
2 --> 

* FSM state operations: 

State 1 <SV = 0> <Delay = 1.83>
ST_1 : Operation 3 [1/1] (0.00ns)   --->   "%outputs_offset2_read = call i21 @_ssdm_op_Read.ap_auto.i21(i21 %outputs_offset2)"   --->   Operation 3 'read' 'outputs_offset2_read' <Predicate = true> <Delay = 0.00>
ST_1 : Operation 4 [1/1] (0.00ns)   --->   "%outputs_offset_read = call i31 @_ssdm_op_Read.ap_auto.i31(i31 %outputs_offset)"   --->   Operation 4 'read' 'outputs_offset_read' <Predicate = true> <Delay = 0.00>
ST_1 : Operation 5 [1/1] (0.00ns)   --->   "%betas_offset_read = call i31 @_ssdm_op_Read.ap_auto.i31(i31 %betas_offset)"   --->   Operation 5 'read' 'betas_offset_read' <Predicate = true> <Delay = 0.00>
ST_1 : Operation 6 [1/1] (0.00ns)   --->   "%weights_offset_read = call i31 @_ssdm_op_Read.ap_auto.i31(i31 %weights_offset)"   --->   Operation 6 'read' 'weights_offset_read' <Predicate = true> <Delay = 0.00>
ST_1 : Operation 7 [1/1] (0.00ns)   --->   "%inputs_offset1_read = call i20 @_ssdm_op_Read.ap_auto.i20(i20 %inputs_offset1)"   --->   Operation 7 'read' 'inputs_offset1_read' <Predicate = true> <Delay = 0.00>
ST_1 : Operation 8 [1/1] (0.00ns)   --->   "%inputs_offset_read = call i31 @_ssdm_op_Read.ap_auto.i31(i31 %inputs_offset)"   --->   Operation 8 'read' 'inputs_offset_read' <Predicate = true> <Delay = 0.00>
ST_1 : Operation 9 [2/2] (1.83ns)   --->   "call fastcc void @apply.3(half* %inputs, i31 %inputs_offset_read, i20 %inputs_offset1_read, half* %weights, i31 %weights_offset_read, half* %betas, i31 %betas_offset_read, half* %outputs, i31 %outputs_offset_read, i21 %outputs_offset2_read, i1* %cntl_V)" [mobile_net_hls_v1/conv.hpp:1587]   --->   Operation 9 'call' <Predicate = true> <Delay = 1.83> <CoreType = "Generic">   --->   Core 0 '' <Latency = 0> <II = 1> <Delay = 1.00> <Generic> <Opcode : >

State 2 <SV = 1> <Delay = 0.00>
ST_2 : Operation 10 [1/1] (0.00ns)   --->   "call void (...)* @_ssdm_op_SpecInterface(i1* %cntl_V, [8 x i8]* @ap_fifo_str, i32 0, i32 0, [1 x i8]* @p_str, i32 0, i32 0, [1 x i8]* @p_str, [1 x i8]* @p_str, [1 x i8]* @p_str, i32 2, i32 2, i32 16, i32 16, [1 x i8]* @p_str, [1 x i8]* @p_str)"   --->   Operation 10 'specinterface' <Predicate = true> <Delay = 0.00>
ST_2 : Operation 11 [1/1] (0.00ns)   --->   "call void (...)* @_ssdm_op_SpecInterface(half* %inputs, [6 x i8]* @p_str1, i32 0, i32 0, [1 x i8]* @p_str, i32 0, i32 1048576, [6 x i8]* @p_str5, [7 x i8]* @p_str3, [1 x i8]* @p_str, i32 16, i32 16, i32 16, i32 16, [1 x i8]* @p_str, [1 x i8]* @p_str)"   --->   Operation 11 'specinterface' <Predicate = true> <Delay = 0.00>
ST_2 : Operation 12 [1/1] (0.00ns)   --->   "call void (...)* @_ssdm_op_SpecInterface(half* %outputs, [6 x i8]* @p_str1, i32 0, i32 0, [1 x i8]* @p_str, i32 0, i32 2097152, [7 x i8]* @p_str20, [7 x i8]* @p_str3, [1 x i8]* @p_str, i32 16, i32 16, i32 16, i32 16, [1 x i8]* @p_str, [1 x i8]* @p_str)"   --->   Operation 12 'specinterface' <Predicate = true> <Delay = 0.00>
ST_2 : Operation 13 [1/1] (0.00ns)   --->   "call void (...)* @_ssdm_op_SpecInterface(half* %weights, [6 x i8]* @p_str1, i32 0, i32 0, [1 x i8]* @p_str, i32 0, i32 2048, [7 x i8]* @p_str37, [7 x i8]* @p_str3, [1 x i8]* @p_str, i32 16, i32 16, i32 16, i32 16, [1 x i8]* @p_str, [1 x i8]* @p_str)"   --->   Operation 13 'specinterface' <Predicate = true> <Delay = 0.00>
ST_2 : Operation 14 [1/1] (0.00ns)   --->   "call void (...)* @_ssdm_op_SpecInterface(half* %betas, [6 x i8]* @p_str1, i32 0, i32 0, [1 x i8]* @p_str, i32 0, i32 64, [7 x i8]* @p_str38, [7 x i8]* @p_str3, [1 x i8]* @p_str, i32 16, i32 16, i32 16, i32 16, [1 x i8]* @p_str, [1 x i8]* @p_str)"   --->   Operation 14 'specinterface' <Predicate = true> <Delay = 0.00>
ST_2 : Operation 15 [1/2] (0.00ns)   --->   "call fastcc void @apply.3(half* %inputs, i31 %inputs_offset_read, i20 %inputs_offset1_read, half* %weights, i31 %weights_offset_read, half* %betas, i31 %betas_offset_read, half* %outputs, i31 %outputs_offset_read, i21 %outputs_offset2_read, i1* %cntl_V)" [mobile_net_hls_v1/conv.hpp:1587]   --->   Operation 15 'call' <Predicate = true> <Delay = 0.00> <CoreType = "Generic">   --->   Core 0 '' <Latency = 0> <II = 1> <Delay = 1.00> <Generic> <Opcode : >
ST_2 : Operation 16 [1/1] (0.00ns)   --->   "ret void" [mobile_net_hls_v1/conv.hpp:1588]   --->   Operation 16 'ret' <Predicate = true> <Delay = 0.00>


============================================================
+ Verbose Summary: Binding
============================================================
STG Binding: 
---------------- STG Properties BEGIN ----------------
- Is combinational: 0
- Is one-state seq: 0
- Is datapath-only: 0
- Is pipelined: 0
- Is top level: 0
Port [ Return ] is wired: 1; IO mode=ap_ctrl_hs:ce=0
Port [ inputs]:  wired=1; compound=1; hidden=0; nouse=0; global=0; static=0; extern=0; dir=0; type=4; pingpong=0; private_global=0; IO mode=m_axi:ce=0
Port [ inputs_offset]:  wired=1; compound=0; hidden=0; nouse=0; global=0; static=0; extern=0; dir=0; type=0; pingpong=0; private_global=0; IO mode=ap_none:ce=0
Port [ inputs_offset1]:  wired=1; compound=0; hidden=0; nouse=0; global=0; static=0; extern=0; dir=0; type=0; pingpong=0; private_global=0; IO mode=ap_none:ce=0
Port [ weights]:  wired=1; compound=1; hidden=0; nouse=0; global=0; static=0; extern=0; dir=0; type=4; pingpong=0; private_global=0; IO mode=m_axi:ce=0
Port [ weights_offset]:  wired=1; compound=0; hidden=0; nouse=0; global=0; static=0; extern=0; dir=0; type=0; pingpong=0; private_global=0; IO mode=ap_none:ce=0
Port [ betas]:  wired=1; compound=1; hidden=0; nouse=0; global=0; static=0; extern=0; dir=0; type=4; pingpong=0; private_global=0; IO mode=m_axi:ce=0
Port [ betas_offset]:  wired=1; compound=0; hidden=0; nouse=0; global=0; static=0; extern=0; dir=0; type=0; pingpong=0; private_global=0; IO mode=ap_none:ce=0
Port [ outputs]:  wired=1; compound=1; hidden=0; nouse=0; global=0; static=0; extern=0; dir=1; type=4; pingpong=0; private_global=0; IO mode=m_axi:ce=0
Port [ outputs_offset]:  wired=1; compound=0; hidden=0; nouse=0; global=0; static=0; extern=0; dir=0; type=0; pingpong=0; private_global=0; IO mode=ap_none:ce=0
Port [ outputs_offset2]:  wired=1; compound=0; hidden=0; nouse=0; global=0; static=0; extern=0; dir=0; type=0; pingpong=0; private_global=0; IO mode=ap_none:ce=0
Port [ cntl_V]:  wired=1; compound=1; hidden=0; nouse=0; global=0; static=0; extern=0; dir=1; type=3; pingpong=0; private_global=0; IO mode=ap_fifo:ce=0
---------------- STG Properties END ------------------

---------------- Datapath Model BEGIN ----------------

<LifeTime>
<method=bitvector/>
outputs_offset2_read (read         ) [ 001]
outputs_offset_read  (read         ) [ 001]
betas_offset_read    (read         ) [ 001]
weights_offset_read  (read         ) [ 001]
inputs_offset1_read  (read         ) [ 001]
inputs_offset_read   (read         ) [ 001]
StgValue_10          (specinterface) [ 000]
StgValue_11          (specinterface) [ 000]
StgValue_12          (specinterface) [ 000]
StgValue_13          (specinterface) [ 000]
StgValue_14          (specinterface) [ 000]
StgValue_15          (call         ) [ 000]
StgValue_16          (ret          ) [ 000]
</LifeTime>

<model>

<comp_list>
<comp id="0" class="1000" name="inputs">
<pin_list>
<pin id="1" dir="1" index="0" bw="1" slack="0"/>
</pin_list>
<bind>
<StgValue><ssdm name="inputs"/></StgValue>
</bind>
</comp>

<comp id="2" class="1000" name="inputs_offset">
<pin_list>
<pin id="3" dir="1" index="0" bw="1" slack="0"/>
</pin_list>
<bind>
<StgValue><ssdm name="inputs_offset"/></StgValue>
</bind>
</comp>

<comp id="4" class="1000" name="inputs_offset1">
<pin_list>
<pin id="5" dir="1" index="0" bw="1" slack="0"/>
</pin_list>
<bind>
<StgValue><ssdm name="inputs_offset1"/></StgValue>
</bind>
</comp>

<comp id="6" class="1000" name="weights">
<pin_list>
<pin id="7" dir="1" index="0" bw="1" slack="0"/>
</pin_list>
<bind>
<StgValue><ssdm name="weights"/></StgValue>
</bind>
</comp>

<comp id="8" class="1000" name="weights_offset">
<pin_list>
<pin id="9" dir="1" index="0" bw="1" slack="0"/>
</pin_list>
<bind>
<StgValue><ssdm name="weights_offset"/></StgValue>
</bind>
</comp>

<comp id="10" class="1000" name="betas">
<pin_list>
<pin id="11" dir="1" index="0" bw="1" slack="0"/>
</pin_list>
<bind>
<StgValue><ssdm name="betas"/></StgValue>
</bind>
</comp>

<comp id="12" class="1000" name="betas_offset">
<pin_list>
<pin id="13" dir="1" index="0" bw="1" slack="0"/>
</pin_list>
<bind>
<StgValue><ssdm name="betas_offset"/></StgValue>
</bind>
</comp>

<comp id="14" class="1000" name="outputs">
<pin_list>
<pin id="15" dir="1" index="0" bw="1" slack="0"/>
</pin_list>
<bind>
<StgValue><ssdm name="outputs"/></StgValue>
</bind>
</comp>

<comp id="16" class="1000" name="outputs_offset">
<pin_list>
<pin id="17" dir="1" index="0" bw="1" slack="0"/>
</pin_list>
<bind>
<StgValue><ssdm name="outputs_offset"/></StgValue>
</bind>
</comp>

<comp id="18" class="1000" name="outputs_offset2">
<pin_list>
<pin id="19" dir="1" index="0" bw="1" slack="0"/>
</pin_list>
<bind>
<StgValue><ssdm name="outputs_offset2"/></StgValue>
</bind>
</comp>

<comp id="20" class="1000" name="cntl_V">
<pin_list>
<pin id="21" dir="1" index="0" bw="1" slack="0"/>
</pin_list>
<bind>
<StgValue><ssdm name="cntl_V"/></StgValue>
</bind>
</comp>

<comp id="22" class="1001" name="const_22">
<pin_list>
<pin id="23" dir="1" index="0" bw="1" slack="0"/>
</pin_list>
<bind>
<StgValue><ssdm name="_ssdm_op_Read.ap_auto.i21"/></StgValue>
</bind>
</comp>

<comp id="24" class="1001" name="const_24">
<pin_list>
<pin id="25" dir="1" index="0" bw="1" slack="0"/>
</pin_list>
<bind>
<StgValue><ssdm name="_ssdm_op_Read.ap_auto.i31"/></StgValue>
</bind>
</comp>

<comp id="26" class="1001" name="const_26">
<pin_list>
<pin id="27" dir="1" index="0" bw="1" slack="0"/>
</pin_list>
<bind>
<StgValue><ssdm name="_ssdm_op_Read.ap_auto.i20"/></StgValue>
</bind>
</comp>

<comp id="28" class="1001" name="const_28">
<pin_list>
<pin id="29" dir="1" index="0" bw="1" slack="0"/>
</pin_list>
<bind>
<StgValue><ssdm name="apply.3"/></StgValue>
</bind>
</comp>

<comp id="30" class="1001" name="const_30">
<pin_list>
<pin id="31" dir="1" index="0" bw="1" slack="2147483647"/>
</pin_list>
<bind>
<StgValue><ssdm name="_ssdm_op_SpecInterface"/></StgValue>
</bind>
</comp>

<comp id="32" class="1001" name="const_32">
<pin_list>
<pin id="33" dir="1" index="0" bw="1" slack="2147483647"/>
</pin_list>
<bind>
<StgValue><ssdm name="ap_fifo_str"/></StgValue>
</bind>
</comp>

<comp id="34" class="1001" name="const_34">
<pin_list>
<pin id="35" dir="1" index="0" bw="1" slack="2147483647"/>
</pin_list>
<bind>
<StgValue><ssdm name=""/></StgValue>
</bind>
</comp>

<comp id="36" class="1001" name="const_36">
<pin_list>
<pin id="37" dir="1" index="0" bw="1" slack="2147483647"/>
</pin_list>
<bind>
<StgValue><ssdm name="p_str"/></StgValue>
</bind>
</comp>

<comp id="38" class="1001" name="const_38">
<pin_list>
<pin id="39" dir="1" index="0" bw="1" slack="2147483647"/>
</pin_list>
<bind>
<StgValue><ssdm name=""/></StgValue>
</bind>
</comp>

<comp id="40" class="1001" name="const_40">
<pin_list>
<pin id="41" dir="1" index="0" bw="1" slack="2147483647"/>
</pin_list>
<bind>
<StgValue><ssdm name=""/></StgValue>
</bind>
</comp>

<comp id="42" class="1001" name="const_42">
<pin_list>
<pin id="43" dir="1" index="0" bw="1" slack="2147483647"/>
</pin_list>
<bind>
<StgValue><ssdm name="p_str1"/></StgValue>
</bind>
</comp>

<comp id="44" class="1001" name="const_44">
<pin_list>
<pin id="45" dir="1" index="0" bw="1" slack="2147483647"/>
</pin_list>
<bind>
<StgValue><ssdm name=""/></StgValue>
</bind>
</comp>

<comp id="46" class="1001" name="const_46">
<pin_list>
<pin id="47" dir="1" index="0" bw="1" slack="2147483647"/>
</pin_list>
<bind>
<StgValue><ssdm name="p_str5"/></StgValue>
</bind>
</comp>

<comp id="48" class="1001" name="const_48">
<pin_list>
<pin id="49" dir="1" index="0" bw="1" slack="2147483647"/>
</pin_list>
<bind>
<StgValue><ssdm name="p_str3"/></StgValue>
</bind>
</comp>

<comp id="50" class="1001" name="const_50">
<pin_list>
<pin id="51" dir="1" index="0" bw="1" slack="2147483647"/>
</pin_list>
<bind>
<StgValue><ssdm name=""/></StgValue>
</bind>
</comp>

<comp id="52" class="1001" name="const_52">
<pin_list>
<pin id="53" dir="1" index="0" bw="1" slack="2147483647"/>
</pin_list>
<bind>
<StgValue><ssdm name="p_str20"/></StgValue>
</bind>
</comp>

<comp id="54" class="1001" name="const_54">
<pin_list>
<pin id="55" dir="1" index="0" bw="1" slack="2147483647"/>
</pin_list>
<bind>
<StgValue><ssdm name=""/></StgValue>
</bind>
</comp>

<comp id="56" class="1001" name="const_56">
<pin_list>
<pin id="57" dir="1" index="0" bw="1" slack="2147483647"/>
</pin_list>
<bind>
<StgValue><ssdm name="p_str37"/></StgValue>
</bind>
</comp>

<comp id="58" class="1001" name="const_58">
<pin_list>
<pin id="59" dir="1" index="0" bw="1" slack="2147483647"/>
</pin_list>
<bind>
<StgValue><ssdm name=""/></StgValue>
</bind>
</comp>

<comp id="60" class="1001" name="const_60">
<pin_list>
<pin id="61" dir="1" index="0" bw="1" slack="2147483647"/>
</pin_list>
<bind>
<StgValue><ssdm name="p_str38"/></StgValue>
</bind>
</comp>

<comp id="62" class="1004" name="outputs_offset2_read_read_fu_62">
<pin_list>
<pin id="63" dir="0" index="0" bw="21" slack="0"/>
<pin id="64" dir="0" index="1" bw="21" slack="0"/>
<pin id="65" dir="1" index="2" bw="21" slack="0"/>
</pin_list>
<bind>
<opcode="read(1150) " fcode="read"/>
<opset="outputs_offset2_read/1 "/>
</bind>
</comp>

<comp id="68" class="1004" name="outputs_offset_read_read_fu_68">
<pin_list>
<pin id="69" dir="0" index="0" bw="31" slack="0"/>
<pin id="70" dir="0" index="1" bw="31" slack="0"/>
<pin id="71" dir="1" index="2" bw="31" slack="0"/>
</pin_list>
<bind>
<opcode="read(1150) " fcode="read"/>
<opset="outputs_offset_read/1 "/>
</bind>
</comp>

<comp id="74" class="1004" name="betas_offset_read_read_fu_74">
<pin_list>
<pin id="75" dir="0" index="0" bw="31" slack="0"/>
<pin id="76" dir="0" index="1" bw="31" slack="0"/>
<pin id="77" dir="1" index="2" bw="31" slack="0"/>
</pin_list>
<bind>
<opcode="read(1150) " fcode="read"/>
<opset="betas_offset_read/1 "/>
</bind>
</comp>

<comp id="80" class="1004" name="weights_offset_read_read_fu_80">
<pin_list>
<pin id="81" dir="0" index="0" bw="31" slack="0"/>
<pin id="82" dir="0" index="1" bw="31" slack="0"/>
<pin id="83" dir="1" index="2" bw="31" slack="0"/>
</pin_list>
<bind>
<opcode="read(1150) " fcode="read"/>
<opset="weights_offset_read/1 "/>
</bind>
</comp>

<comp id="86" class="1004" name="inputs_offset1_read_read_fu_86">
<pin_list>
<pin id="87" dir="0" index="0" bw="20" slack="0"/>
<pin id="88" dir="0" index="1" bw="20" slack="0"/>
<pin id="89" dir="1" index="2" bw="20" slack="0"/>
</pin_list>
<bind>
<opcode="read(1150) " fcode="read"/>
<opset="inputs_offset1_read/1 "/>
</bind>
</comp>

<comp id="92" class="1004" name="inputs_offset_read_read_fu_92">
<pin_list>
<pin id="93" dir="0" index="0" bw="31" slack="0"/>
<pin id="94" dir="0" index="1" bw="31" slack="0"/>
<pin id="95" dir="1" index="2" bw="31" slack="0"/>
</pin_list>
<bind>
<opcode="read(1150) " fcode="read"/>
<opset="inputs_offset_read/1 "/>
</bind>
</comp>

<comp id="98" class="1004" name="grp_apply_3_fu_98">
<pin_list>
<pin id="99" dir="0" index="0" bw="0" slack="0"/>
<pin id="100" dir="0" index="1" bw="16" slack="0"/>
<pin id="101" dir="0" index="2" bw="31" slack="0"/>
<pin id="102" dir="0" index="3" bw="20" slack="0"/>
<pin id="103" dir="0" index="4" bw="16" slack="0"/>
<pin id="104" dir="0" index="5" bw="31" slack="0"/>
<pin id="105" dir="0" index="6" bw="16" slack="0"/>
<pin id="106" dir="0" index="7" bw="31" slack="0"/>
<pin id="107" dir="0" index="8" bw="16" slack="0"/>
<pin id="108" dir="0" index="9" bw="31" slack="0"/>
<pin id="109" dir="0" index="10" bw="21" slack="0"/>
<pin id="110" dir="0" index="11" bw="1" slack="0"/>
<pin id="111" dir="1" index="12" bw="0" slack="2147483647"/>
</pin_list>
<bind>
<opcode="call(48) " fcode="call"/>
<opset="StgValue_9/1 "/>
</bind>
</comp>

<comp id="124" class="1005" name="outputs_offset2_read_reg_124">
<pin_list>
<pin id="125" dir="0" index="0" bw="21" slack="1"/>
<pin id="126" dir="1" index="1" bw="21" slack="1"/>
</pin_list>
<bind>
<opset="outputs_offset2_read "/>
</bind>
</comp>

<comp id="129" class="1005" name="outputs_offset_read_reg_129">
<pin_list>
<pin id="130" dir="0" index="0" bw="31" slack="1"/>
<pin id="131" dir="1" index="1" bw="31" slack="1"/>
</pin_list>
<bind>
<opset="outputs_offset_read "/>
</bind>
</comp>

<comp id="134" class="1005" name="betas_offset_read_reg_134">
<pin_list>
<pin id="135" dir="0" index="0" bw="31" slack="1"/>
<pin id="136" dir="1" index="1" bw="31" slack="1"/>
</pin_list>
<bind>
<opset="betas_offset_read "/>
</bind>
</comp>

<comp id="139" class="1005" name="weights_offset_read_reg_139">
<pin_list>
<pin id="140" dir="0" index="0" bw="31" slack="1"/>
<pin id="141" dir="1" index="1" bw="31" slack="1"/>
</pin_list>
<bind>
<opset="weights_offset_read "/>
</bind>
</comp>

<comp id="144" class="1005" name="inputs_offset1_read_reg_144">
<pin_list>
<pin id="145" dir="0" index="0" bw="20" slack="1"/>
<pin id="146" dir="1" index="1" bw="20" slack="1"/>
</pin_list>
<bind>
<opset="inputs_offset1_read "/>
</bind>
</comp>

<comp id="149" class="1005" name="inputs_offset_read_reg_149">
<pin_list>
<pin id="150" dir="0" index="0" bw="31" slack="1"/>
<pin id="151" dir="1" index="1" bw="31" slack="1"/>
</pin_list>
<bind>
<opset="inputs_offset_read "/>
</bind>
</comp>

</comp_list>

<net_list>
<net id="66"><net_src comp="22" pin="0"/><net_sink comp="62" pin=0"/></net>

<net id="67"><net_src comp="18" pin="0"/><net_sink comp="62" pin=1"/></net>

<net id="72"><net_src comp="24" pin="0"/><net_sink comp="68" pin=0"/></net>

<net id="73"><net_src comp="16" pin="0"/><net_sink comp="68" pin=1"/></net>

<net id="78"><net_src comp="24" pin="0"/><net_sink comp="74" pin=0"/></net>

<net id="79"><net_src comp="12" pin="0"/><net_sink comp="74" pin=1"/></net>

<net id="84"><net_src comp="24" pin="0"/><net_sink comp="80" pin=0"/></net>

<net id="85"><net_src comp="8" pin="0"/><net_sink comp="80" pin=1"/></net>

<net id="90"><net_src comp="26" pin="0"/><net_sink comp="86" pin=0"/></net>

<net id="91"><net_src comp="4" pin="0"/><net_sink comp="86" pin=1"/></net>

<net id="96"><net_src comp="24" pin="0"/><net_sink comp="92" pin=0"/></net>

<net id="97"><net_src comp="2" pin="0"/><net_sink comp="92" pin=1"/></net>

<net id="112"><net_src comp="28" pin="0"/><net_sink comp="98" pin=0"/></net>

<net id="113"><net_src comp="0" pin="0"/><net_sink comp="98" pin=1"/></net>

<net id="114"><net_src comp="92" pin="2"/><net_sink comp="98" pin=2"/></net>

<net id="115"><net_src comp="86" pin="2"/><net_sink comp="98" pin=3"/></net>

<net id="116"><net_src comp="6" pin="0"/><net_sink comp="98" pin=4"/></net>

<net id="117"><net_src comp="80" pin="2"/><net_sink comp="98" pin=5"/></net>

<net id="118"><net_src comp="10" pin="0"/><net_sink comp="98" pin=6"/></net>

<net id="119"><net_src comp="74" pin="2"/><net_sink comp="98" pin=7"/></net>

<net id="120"><net_src comp="14" pin="0"/><net_sink comp="98" pin=8"/></net>

<net id="121"><net_src comp="68" pin="2"/><net_sink comp="98" pin=9"/></net>

<net id="122"><net_src comp="62" pin="2"/><net_sink comp="98" pin=10"/></net>

<net id="123"><net_src comp="20" pin="0"/><net_sink comp="98" pin=11"/></net>

<net id="127"><net_src comp="62" pin="2"/><net_sink comp="124" pin=0"/></net>

<net id="128"><net_src comp="124" pin="1"/><net_sink comp="98" pin=10"/></net>

<net id="132"><net_src comp="68" pin="2"/><net_sink comp="129" pin=0"/></net>

<net id="133"><net_src comp="129" pin="1"/><net_sink comp="98" pin=9"/></net>

<net id="137"><net_src comp="74" pin="2"/><net_sink comp="134" pin=0"/></net>

<net id="138"><net_src comp="134" pin="1"/><net_sink comp="98" pin=7"/></net>

<net id="142"><net_src comp="80" pin="2"/><net_sink comp="139" pin=0"/></net>

<net id="143"><net_src comp="139" pin="1"/><net_sink comp="98" pin=5"/></net>

<net id="147"><net_src comp="86" pin="2"/><net_sink comp="144" pin=0"/></net>

<net id="148"><net_src comp="144" pin="1"/><net_sink comp="98" pin=3"/></net>

<net id="152"><net_src comp="92" pin="2"/><net_sink comp="149" pin=0"/></net>

<net id="153"><net_src comp="149" pin="1"/><net_sink comp="98" pin=2"/></net>

</net_list>

</model> 
---------------- Datapath Model END ------------------

* FSMD analyzer results:
  - Output states:
	Port: outputs | {1 2 }
	Port: cntl_V | {1 2 }
 - Input state : 
	Port: conv.2 : inputs | {1 2 }
	Port: conv.2 : inputs_offset | {1 }
	Port: conv.2 : inputs_offset1 | {1 }
	Port: conv.2 : weights | {1 2 }
	Port: conv.2 : weights_offset | {1 }
	Port: conv.2 : betas | {1 2 }
	Port: conv.2 : betas_offset | {1 }
	Port: conv.2 : outputs_offset | {1 }
	Port: conv.2 : outputs_offset2 | {1 }
  - Chain level:
	State 1
	State 2


============================================================
+ Verbose Summary: Datapath Resource usage 
============================================================

* Functional unit list:
|----------|---------------------------------|---------|---------|---------|---------|---------|
| Operation|         Functional Unit         |   BRAM  |  DSP48E |  Delay  |    FF   |   LUT   |
|----------|---------------------------------|---------|---------|---------|---------|---------|
|   call   |        grp_apply_3_fu_98        |    16   |    64   | 53.1547 |   9462  |   7008  |
|----------|---------------------------------|---------|---------|---------|---------|---------|
|          | outputs_offset2_read_read_fu_62 |    0    |    0    |    0    |    0    |    0    |
|          |  outputs_offset_read_read_fu_68 |    0    |    0    |    0    |    0    |    0    |
|   read   |   betas_offset_read_read_fu_74  |    0    |    0    |    0    |    0    |    0    |
|          |  weights_offset_read_read_fu_80 |    0    |    0    |    0    |    0    |    0    |
|          |  inputs_offset1_read_read_fu_86 |    0    |    0    |    0    |    0    |    0    |
|          |  inputs_offset_read_read_fu_92  |    0    |    0    |    0    |    0    |    0    |
|----------|---------------------------------|---------|---------|---------|---------|---------|
|   Total  |                                 |    16   |    64   | 53.1547 |   9462  |   7008  |
|----------|---------------------------------|---------|---------|---------|---------|---------|

Memories:
N/A

* Register list:
+----------------------------+--------+
|                            |   FF   |
+----------------------------+--------+
|  betas_offset_read_reg_134 |   31   |
| inputs_offset1_read_reg_144|   20   |
| inputs_offset_read_reg_149 |   31   |
|outputs_offset2_read_reg_124|   21   |
| outputs_offset_read_reg_129|   31   |
| weights_offset_read_reg_139|   31   |
+----------------------------+--------+
|            Total           |   165  |
+----------------------------+--------+

* Multiplexer (MUX) list: 
|-------------------|------|------|------|--------||---------||---------|
|        Comp       |  Pin | Size |  BW  | S x BW ||  Delay  ||   LUT   |
|-------------------|------|------|------|--------||---------||---------|
| grp_apply_3_fu_98 |  p2  |   2  |  31  |   62   ||    9    |
| grp_apply_3_fu_98 |  p3  |   2  |  20  |   40   ||    9    |
| grp_apply_3_fu_98 |  p5  |   2  |  31  |   62   ||    9    |
| grp_apply_3_fu_98 |  p7  |   2  |  31  |   62   ||    9    |
| grp_apply_3_fu_98 |  p9  |   2  |  31  |   62   ||    9    |
| grp_apply_3_fu_98 |  p10 |   2  |  21  |   42   ||    9    |
|-------------------|------|------|------|--------||---------||---------|
|       Total       |      |      |      |   330  ||  3.936  ||    54   |
|-------------------|------|------|------|--------||---------||---------|



* Summary:
+-----------+--------+--------+--------+--------+--------+
|           |  BRAM  | DSP48E |  Delay |   FF   |   LUT  |
+-----------+--------+--------+--------+--------+--------+
|  Function |   16   |   64   |   53   |  9462  |  7008  |
|   Memory  |    -   |    -   |    -   |    -   |    -   |
|Multiplexer|    -   |    -   |    3   |    -   |   54   |
|  Register |    -   |    -   |    -   |   165  |    -   |
+-----------+--------+--------+--------+--------+--------+
|   Total   |   16   |   64   |   57   |  9627  |  7062  |
+-----------+--------+--------+--------+--------+--------+
