

================================================================
== Vivado HLS Report for 'copy_beta_fmem2buffe'
================================================================
* Date:           Sun Apr 28 15:57:37 2019

* Version:        2018.3 (Build 2405991 on Thu Dec 06 23:56:15 MST 2018)
* Project:        mobile_net_hls_v1
* Solution:       solution1
* Product family: zynquplus
* Target device:  xczu9eg-ffvb1156-2-i


================================================================
== Performance Estimates
================================================================
+ Timing (ns): 
    * Summary: 
    +--------+-------+----------+------------+
    |  Clock | Target| Estimated| Uncertainty|
    +--------+-------+----------+------------+
    |ap_clk  |   4.20|     3.675|        0.52|
    +--------+-------+----------+------------+

+ Latency (clock cycles): 
    * Summary: 
    +-----+-----+-----+-----+---------+
    |  Latency  |  Interval | Pipeline|
    | min | max | min | max |   Type  |
    +-----+-----+-----+-----+---------+
    |    1|   13|    1|   13|   none  |
    +-----+-----+-----+-----+---------+

    + Detail: 
        * Instance: 
        N/A

        * Loop: 
        +----------+-----+-----+----------+-----------+-----------+------+----------+
        |          |  Latency  | Iteration|  Initiation Interval  | Trip |          |
        | Loop Name| min | max |  Latency |  achieved |   target  | Count| Pipelined|
        +----------+-----+-----+----------+-----------+-----------+------+----------+
        |- Loop 1  |    5|    5|         3|          1|          1|     4|    yes   |
        +----------+-----+-----+----------+-----------+-----------+------+----------+

============================================================
+ Verbose Summary: Synthesis Manager
============================================================
InlineROM: 1
ExposeGlobal: 0
============================================================
+ Verbose Summary: CDFG Model
============================================================
IsTopModel: 0
ResetActiveHigh: 1
IsCombinational: 0
IsDatapathOnly: 0
HasWiredReturn: 1
HasMFsm: 0
HasVarLatency: 1
IsPipeline: 0
IsRtlPipelined: 0
IsInstanceOverlapped: 0
IsDontTouch: 0
HasImplIP: 0
IsGatedGlobalClock: 0

+ Individual pipeline summary: 
  * Pipeline-0: initiation interval (II) = 1, depth = 3


============================================================
+ Verbose Summary: Schedule
============================================================
* Number of FSM states : 11
* Pipeline : 1
  Pipeline-0 : II = 1, D = 3, States = { 8 9 10 }
* Dataflow Pipeline: 0

* FSM state transitions: 
1 --> 
	2  / (tmp)
	11  / (!tmp)
2 --> 
	3  / true
3 --> 
	4  / true
4 --> 
	5  / true
5 --> 
	6  / true
6 --> 
	7  / true
7 --> 
	8  / true
8 --> 
	11  / (exitcond)
	9  / (!exitcond)
9 --> 
	10  / true
10 --> 
	8  / true
11 --> 

* FSM state operations: 

State 1 <SV = 0> <Delay = 3.67>
ST_1 : Operation 12 [1/1] (0.00ns)   --->   "%n_read = call i10 @_ssdm_op_Read.ap_auto.i10(i10 %n)"   --->   Operation 12 'read' 'n_read' <Predicate = true> <Delay = 0.00>
ST_1 : Operation 13 [1/1] (0.00ns)   --->   "%betas_offset_read = call i31 @_ssdm_op_Read.ap_auto.i31(i31 %betas_offset)"   --->   Operation 13 'read' 'betas_offset_read' <Predicate = true> <Delay = 0.00>
ST_1 : Operation 14 [1/1] (0.00ns)   --->   "%tmp_178 = zext i31 %betas_offset_read to i64" [mobile_net_hls_v1/conv.hpp:1330]   --->   Operation 14 'zext' 'tmp_178' <Predicate = true> <Delay = 0.00>
ST_1 : Operation 15 [1/1] (0.00ns)   --->   "%betas_addr = getelementptr half* %betas, i64 %tmp_178" [mobile_net_hls_v1/conv.hpp:1330]   --->   Operation 15 'getelementptr' 'betas_addr' <Predicate = true> <Delay = 0.00>
ST_1 : Operation 16 [1/1] (0.00ns)   --->   "call void (...)* @_ssdm_op_SpecInterface(i1* %beta_cntl_V, [8 x i8]* @ap_fifo_str, i32 0, i32 0, [1 x i8]* @p_str, i32 0, i32 0, [1 x i8]* @p_str, [1 x i8]* @p_str, [1 x i8]* @p_str, i32 2, i32 2, i32 16, i32 16, [1 x i8]* @p_str, [1 x i8]* @p_str)"   --->   Operation 16 'specinterface' <Predicate = true> <Delay = 0.00>
ST_1 : Operation 17 [1/1] (0.00ns)   --->   "call void (...)* @_ssdm_op_SpecInterface(half* %beta_buffer_V, [8 x i8]* @ap_fifo_str, i32 0, i32 0, [1 x i8]* @p_str, i32 0, i32 0, [1 x i8]* @p_str, [1 x i8]* @p_str, [1 x i8]* @p_str, i32 2, i32 2, i32 16, i32 16, [1 x i8]* @p_str, [1 x i8]* @p_str)"   --->   Operation 17 'specinterface' <Predicate = true> <Delay = 0.00>
ST_1 : Operation 18 [1/1] (0.00ns)   --->   "call void (...)* @_ssdm_op_SpecMemCore(half* %beta_buffer_V, [1 x i8]* @p_str, [10 x i8]* @p_str71, [1 x i8]* @p_str, i32 -1, [1 x i8]* @p_str, [1 x i8]* @p_str, [1 x i8]* @p_str, [1 x i8]* @p_str, [1 x i8]* @p_str)"   --->   Operation 18 'specmemcore' <Predicate = true> <Delay = 0.00>
ST_1 : Operation 19 [1/1] (0.00ns)   --->   "call void (...)* @_ssdm_op_SpecInterface(half* %betas, [6 x i8]* @p_str1, i32 0, i32 0, [1 x i8]* @p_str, i32 0, i32 4, [7 x i8]* @p_str60, [7 x i8]* @p_str3, [1 x i8]* @p_str, i32 16, i32 16, i32 16, i32 16, [1 x i8]* @p_str, [1 x i8]* @p_str)"   --->   Operation 19 'specinterface' <Predicate = true> <Delay = 0.00>
ST_1 : Operation 20 [1/1] (0.91ns)   --->   "%tmp = icmp eq i10 %n_read, 0" [mobile_net_hls_v1/conv.hpp:1334]   --->   Operation 20 'icmp' 'tmp' <Predicate = true> <Delay = 0.91> <Core = "Cmp">   --->   Core 25 'Cmp' <Latency = 0> <II = 1> <Delay = 0.91> <FuncUnit> <Opcode : 'icmp'> <InPorts = 2> <OutPorts = 1>
ST_1 : Operation 21 [1/1] (0.00ns)   --->   "br i1 %tmp, label %.preheader.preheader, label %.loopexit" [mobile_net_hls_v1/conv.hpp:1334]   --->   Operation 21 'br' <Predicate = true> <Delay = 0.00>
ST_1 : Operation 22 [7/7] (3.67ns)   --->   "%betas_addr_rd_req = call i1 @_ssdm_op_ReadReq.m_axi.halfP(half* %betas_addr, i32 4)" [mobile_net_hls_v1/conv.hpp:1338]   --->   Operation 22 'readreq' 'betas_addr_rd_req' <Predicate = (tmp)> <Delay = 3.67> <Core = "m_axi">   --->   Core 9 'm_axi' <Latency = 6> <II = 1> <Delay = 1.00> <Adapter> <Opcode : 'read' 'write' 'readreq' 'writereq' 'writeresp'>

State 2 <SV = 1> <Delay = 3.67>
ST_2 : Operation 23 [6/7] (3.67ns)   --->   "%betas_addr_rd_req = call i1 @_ssdm_op_ReadReq.m_axi.halfP(half* %betas_addr, i32 4)" [mobile_net_hls_v1/conv.hpp:1338]   --->   Operation 23 'readreq' 'betas_addr_rd_req' <Predicate = true> <Delay = 3.67> <Core = "m_axi">   --->   Core 9 'm_axi' <Latency = 6> <II = 1> <Delay = 1.00> <Adapter> <Opcode : 'read' 'write' 'readreq' 'writereq' 'writeresp'>

State 3 <SV = 2> <Delay = 3.67>
ST_3 : Operation 24 [5/7] (3.67ns)   --->   "%betas_addr_rd_req = call i1 @_ssdm_op_ReadReq.m_axi.halfP(half* %betas_addr, i32 4)" [mobile_net_hls_v1/conv.hpp:1338]   --->   Operation 24 'readreq' 'betas_addr_rd_req' <Predicate = true> <Delay = 3.67> <Core = "m_axi">   --->   Core 9 'm_axi' <Latency = 6> <II = 1> <Delay = 1.00> <Adapter> <Opcode : 'read' 'write' 'readreq' 'writereq' 'writeresp'>

State 4 <SV = 3> <Delay = 3.67>
ST_4 : Operation 25 [4/7] (3.67ns)   --->   "%betas_addr_rd_req = call i1 @_ssdm_op_ReadReq.m_axi.halfP(half* %betas_addr, i32 4)" [mobile_net_hls_v1/conv.hpp:1338]   --->   Operation 25 'readreq' 'betas_addr_rd_req' <Predicate = true> <Delay = 3.67> <Core = "m_axi">   --->   Core 9 'm_axi' <Latency = 6> <II = 1> <Delay = 1.00> <Adapter> <Opcode : 'read' 'write' 'readreq' 'writereq' 'writeresp'>

State 5 <SV = 4> <Delay = 3.67>
ST_5 : Operation 26 [3/7] (3.67ns)   --->   "%betas_addr_rd_req = call i1 @_ssdm_op_ReadReq.m_axi.halfP(half* %betas_addr, i32 4)" [mobile_net_hls_v1/conv.hpp:1338]   --->   Operation 26 'readreq' 'betas_addr_rd_req' <Predicate = true> <Delay = 3.67> <Core = "m_axi">   --->   Core 9 'm_axi' <Latency = 6> <II = 1> <Delay = 1.00> <Adapter> <Opcode : 'read' 'write' 'readreq' 'writereq' 'writeresp'>

State 6 <SV = 5> <Delay = 3.67>
ST_6 : Operation 27 [2/7] (3.67ns)   --->   "%betas_addr_rd_req = call i1 @_ssdm_op_ReadReq.m_axi.halfP(half* %betas_addr, i32 4)" [mobile_net_hls_v1/conv.hpp:1338]   --->   Operation 27 'readreq' 'betas_addr_rd_req' <Predicate = true> <Delay = 3.67> <Core = "m_axi">   --->   Core 9 'm_axi' <Latency = 6> <II = 1> <Delay = 1.00> <Adapter> <Opcode : 'read' 'write' 'readreq' 'writereq' 'writeresp'>

State 7 <SV = 6> <Delay = 3.67>
ST_7 : Operation 28 [1/7] (3.67ns)   --->   "%betas_addr_rd_req = call i1 @_ssdm_op_ReadReq.m_axi.halfP(half* %betas_addr, i32 4)" [mobile_net_hls_v1/conv.hpp:1338]   --->   Operation 28 'readreq' 'betas_addr_rd_req' <Predicate = true> <Delay = 3.67> <Core = "m_axi">   --->   Core 9 'm_axi' <Latency = 6> <II = 1> <Delay = 1.00> <Adapter> <Opcode : 'read' 'write' 'readreq' 'writereq' 'writeresp'>
ST_7 : Operation 29 [1/1] (0.65ns)   --->   "br label %.preheader"   --->   Operation 29 'br' <Predicate = true> <Delay = 0.65>

State 8 <SV = 7> <Delay = 0.67>
ST_8 : Operation 30 [1/1] (0.00ns)   --->   "%i = phi i3 [ %i_3, %1 ], [ 0, %.preheader.preheader ]"   --->   Operation 30 'phi' 'i' <Predicate = true> <Delay = 0.00>
ST_8 : Operation 31 [1/1] (0.00ns)   --->   "call void (...)* @_ssdm_op_SpecLoopTripCount(i64 4, i64 4, i64 4)"   --->   Operation 31 'speclooptripcount' <Predicate = true> <Delay = 0.00>
ST_8 : Operation 32 [1/1] (0.58ns)   --->   "%exitcond = icmp eq i3 %i, -4" [mobile_net_hls_v1/conv.hpp:1336]   --->   Operation 32 'icmp' 'exitcond' <Predicate = true> <Delay = 0.58> <Core = "Cmp">   --->   Core 25 'Cmp' <Latency = 0> <II = 1> <Delay = 0.91> <FuncUnit> <Opcode : 'icmp'> <InPorts = 2> <OutPorts = 1>
ST_8 : Operation 33 [1/1] (0.67ns)   --->   "%i_3 = add i3 %i, 1" [mobile_net_hls_v1/conv.hpp:1336]   --->   Operation 33 'add' 'i_3' <Predicate = true> <Delay = 0.67> <Core = "AddSub">   --->   Core 14 'AddSub' <Latency = 0> <II = 1> <Delay = 0.67> <FuncUnit> <Opcode : 'add' 'sub'> <InPorts = 2> <OutPorts = 1>
ST_8 : Operation 34 [1/1] (0.00ns)   --->   "br i1 %exitcond, label %.loopexit.loopexit, label %1" [mobile_net_hls_v1/conv.hpp:1336]   --->   Operation 34 'br' <Predicate = true> <Delay = 0.00>

State 9 <SV = 8> <Delay = 3.67>
ST_9 : Operation 35 [1/1] (3.67ns)   --->   "%tmp_639 = call half @_ssdm_op_Read.m_axi.halfP(half* %betas_addr)" [mobile_net_hls_v1/conv.hpp:1338]   --->   Operation 35 'read' 'tmp_639' <Predicate = (!exitcond)> <Delay = 3.67> <Core = "m_axi">   --->   Core 9 'm_axi' <Latency = 6> <II = 1> <Delay = 1.00> <Adapter> <Opcode : 'read' 'write' 'readreq' 'writereq' 'writeresp'>

State 10 <SV = 9> <Delay = 1.63>
ST_10 : Operation 36 [1/1] (0.00ns)   --->   "%tmp_s = call i32 (...)* @_ssdm_op_SpecRegionBegin([12 x i8]* @p_str77)" [mobile_net_hls_v1/conv.hpp:1338]   --->   Operation 36 'specregionbegin' 'tmp_s' <Predicate = (!exitcond)> <Delay = 0.00>
ST_10 : Operation 37 [1/1] (0.00ns)   --->   "call void (...)* @_ssdm_op_SpecPipeline(i32 1, i32 1, i32 1, i32 0, [1 x i8]* @p_str) nounwind" [mobile_net_hls_v1/conv.hpp:1337]   --->   Operation 37 'specpipeline' <Predicate = (!exitcond)> <Delay = 0.00>
ST_10 : Operation 38 [1/1] (1.63ns)   --->   "%full_n_i_0 = call i1 @_ssdm_op_NbWrite.ap_fifo.volatile.halfP(half* %beta_buffer_V, half %tmp_639)" [mobile_net_hls_v1/conv.hpp:1338]   --->   Operation 38 'nbwrite' 'full_n_i_0' <Predicate = (!exitcond)> <Delay = 1.63> <Core = "FIFO_BRAM">   --->   Core 34 'FIFO_BRAM' <Latency = 0> <II = 1> <Delay = 1.63> <Storage> <Opcode : 'read' 'write' 'nbread' 'nbwrite'> <Ports = 0> <Width = 16> <Depth = 0> <FIFO>
ST_10 : Operation 39 [1/1] (0.00ns)   --->   "%empty = call i32 (...)* @_ssdm_op_SpecRegionEnd([12 x i8]* @p_str77, i32 %tmp_s)" [mobile_net_hls_v1/conv.hpp:1338]   --->   Operation 39 'specregionend' 'empty' <Predicate = (!exitcond)> <Delay = 0.00>
ST_10 : Operation 40 [1/1] (0.00ns)   --->   "br label %.preheader" [mobile_net_hls_v1/conv.hpp:1336]   --->   Operation 40 'br' <Predicate = (!exitcond)> <Delay = 0.00>

State 11 <SV = 8> <Delay = 1.83>
ST_11 : Operation 41 [1/1] (0.00ns)   --->   "br label %.loopexit"   --->   Operation 41 'br' <Predicate = (tmp)> <Delay = 0.00>
ST_11 : Operation 42 [1/1] (1.83ns)   --->   "%full_n_i2_0 = call i1 @_ssdm_op_NbWrite.ap_fifo.volatile.i1P(i1* %beta_cntl_V, i1 undef)" [mobile_net_hls_v1/conv.hpp:1340]   --->   Operation 42 'nbwrite' 'full_n_i2_0' <Predicate = true> <Delay = 1.83> <Core = "FIFO_SRL">   --->   Core 36 'FIFO_SRL' <Latency = 0> <II = 1> <Delay = 1.83> <Storage> <Opcode : 'read' 'write' 'nbread' 'nbwrite'> <Ports = 0> <Width = 1> <Depth = 0> <FIFO>
ST_11 : Operation 43 [1/1] (0.00ns)   --->   "ret void" [mobile_net_hls_v1/conv.hpp:1341]   --->   Operation 43 'ret' <Predicate = true> <Delay = 0.00>


============================================================
+ Verbose Summary: Timing violations
============================================================
Target clock period: 4.2ns, clock uncertainty: 0.525ns.

 <State 1>: 3.67ns
The critical path consists of the following:
	wire read on port 'betas_offset' [7]  (0 ns)
	'getelementptr' operation ('betas_addr', mobile_net_hls_v1/conv.hpp:1330) [9]  (0 ns)
	bus request on port 'betas' (mobile_net_hls_v1/conv.hpp:1338) [17]  (3.67 ns)

 <State 2>: 3.67ns
The critical path consists of the following:
	bus request on port 'betas' (mobile_net_hls_v1/conv.hpp:1338) [17]  (3.67 ns)

 <State 3>: 3.67ns
The critical path consists of the following:
	bus request on port 'betas' (mobile_net_hls_v1/conv.hpp:1338) [17]  (3.67 ns)

 <State 4>: 3.67ns
The critical path consists of the following:
	bus request on port 'betas' (mobile_net_hls_v1/conv.hpp:1338) [17]  (3.67 ns)

 <State 5>: 3.67ns
The critical path consists of the following:
	bus request on port 'betas' (mobile_net_hls_v1/conv.hpp:1338) [17]  (3.67 ns)

 <State 6>: 3.67ns
The critical path consists of the following:
	bus request on port 'betas' (mobile_net_hls_v1/conv.hpp:1338) [17]  (3.67 ns)

 <State 7>: 3.67ns
The critical path consists of the following:
	bus request on port 'betas' (mobile_net_hls_v1/conv.hpp:1338) [17]  (3.67 ns)

 <State 8>: 0.673ns
The critical path consists of the following:
	'phi' operation ('i') with incoming values : ('i', mobile_net_hls_v1/conv.hpp:1336) [20]  (0 ns)
	'add' operation ('i', mobile_net_hls_v1/conv.hpp:1336) [23]  (0.673 ns)

 <State 9>: 3.67ns
The critical path consists of the following:
	bus read on port 'betas' (mobile_net_hls_v1/conv.hpp:1338) [28]  (3.67 ns)

 <State 10>: 1.64ns
The critical path consists of the following:
	fifo write on port 'beta_buffer_V' (mobile_net_hls_v1/conv.hpp:1338) [29]  (1.64 ns)

 <State 11>: 1.84ns
The critical path consists of the following:
	fifo write on port 'beta_cntl_V' (mobile_net_hls_v1/conv.hpp:1340) [35]  (1.84 ns)


============================================================
+ Verbose Summary: Binding
============================================================
N/A
* FSMD analyzer results:
  - Output states:
 - Input state : 
  - Chain level:
	State 1
	State 2
	State 3
	State 4
	State 5
	State 6
	State 7
	State 8
	State 9
	State 10
	State 11


============================================================
+ Verbose Summary: Datapath Resource usage 
============================================================
N/A
