

================================================================
== Vivado HLS Report for 'copy_beta_fmem2buffe_5'
================================================================
* Date:           Sun Apr 28 15:53:57 2019

* Version:        2018.3 (Build 2405991 on Thu Dec 06 23:56:15 MST 2018)
* Project:        mobile_net_hls_v1
* Solution:       solution1
* Product family: zynquplus
* Target device:  xczu9eg-ffvb1156-2-i


================================================================
== Performance Estimates
================================================================
+ Timing (ns): 
    * Summary: 
    +--------+-------+----------+------------+
    |  Clock | Target| Estimated| Uncertainty|
    +--------+-------+----------+------------+
    |ap_clk  |   4.20|     3.675|        0.52|
    +--------+-------+----------+------------+

+ Latency (clock cycles): 
    * Summary: 
    +-----+-----+-----+-----+---------+
    |  Latency  |  Interval | Pipeline|
    | min | max | min | max |   Type  |
    +-----+-----+-----+-----+---------+
    |    1|   13|    1|   13|   none  |
    +-----+-----+-----+-----+---------+

    + Detail: 
        * Instance: 
        N/A

        * Loop: 
        +----------+-----+-----+----------+-----------+-----------+-------+----------+
        |          |  Latency  | Iteration|  Initiation Interval  |  Trip |          |
        | Loop Name| min | max |  Latency |  achieved |   target  | Count | Pipelined|
        +----------+-----+-----+----------+-----------+-----------+-------+----------+
        |- Loop 1  |    0|    4|         3|          1|          1| 0 ~ 3 |    yes   |
        +----------+-----+-----+----------+-----------+-----------+-------+----------+

============================================================
+ Verbose Summary: Synthesis Manager
============================================================
InlineROM: 1
ExposeGlobal: 0
============================================================
+ Verbose Summary: CDFG Model
============================================================
IsTopModel: 0
ResetActiveHigh: 1
IsCombinational: 0
IsDatapathOnly: 0
HasWiredReturn: 1
HasMFsm: 0
HasVarLatency: 1
IsPipeline: 0
IsRtlPipelined: 0
IsInstanceOverlapped: 0
IsDontTouch: 0
HasImplIP: 0
IsGatedGlobalClock: 0

+ Individual pipeline summary: 
  * Pipeline-0: initiation interval (II) = 1, depth = 3


============================================================
+ Verbose Summary: Schedule
============================================================
* Number of FSM states : 12
* Pipeline : 1
  Pipeline-0 : II = 1, D = 3, States = { 9 10 11 }
* Dataflow Pipeline: 0

* FSM state transitions: 
1 --> 
	2  / (tmp_626)
	12  / (!tmp_626)
2 --> 
	3  / true
3 --> 
	4  / true
4 --> 
	5  / true
5 --> 
	6  / true
6 --> 
	7  / true
7 --> 
	8  / true
8 --> 
	9  / true
9 --> 
	12  / (!tmp_170)
	10  / (tmp_170)
10 --> 
	11  / true
11 --> 
	9  / true
12 --> 

* FSM state operations: 

State 1 <SV = 0> <Delay = 1.13>
ST_1 : Operation 13 [1/1] (0.00ns)   --->   "%nLoops_read = call i9 @_ssdm_op_Read.ap_auto.i9(i9 %nLoops)"   --->   Operation 13 'read' 'nLoops_read' <Predicate = true> <Delay = 0.00>
ST_1 : Operation 14 [1/1] (0.00ns)   --->   "%c_read = call i6 @_ssdm_op_Read.ap_auto.i6(i6 %c)"   --->   Operation 14 'read' 'c_read' <Predicate = true> <Delay = 0.00>
ST_1 : Operation 15 [1/1] (0.00ns)   --->   "%r_read = call i6 @_ssdm_op_Read.ap_auto.i6(i6 %r)"   --->   Operation 15 'read' 'r_read' <Predicate = true> <Delay = 0.00>
ST_1 : Operation 16 [1/1] (0.00ns)   --->   "%n_read = call i9 @_ssdm_op_Read.ap_auto.i9(i9 %n)"   --->   Operation 16 'read' 'n_read' <Predicate = true> <Delay = 0.00>
ST_1 : Operation 17 [1/1] (0.00ns)   --->   "%betas_offset_read = call i31 @_ssdm_op_Read.ap_auto.i31(i31 %betas_offset)"   --->   Operation 17 'read' 'betas_offset_read' <Predicate = true> <Delay = 0.00>
ST_1 : Operation 18 [1/1] (0.00ns)   --->   "%betas_offset_cast = zext i31 %betas_offset_read to i32"   --->   Operation 18 'zext' 'betas_offset_cast' <Predicate = true> <Delay = 0.00>
ST_1 : Operation 19 [1/1] (0.00ns)   --->   "call void (...)* @_ssdm_op_SpecInterface(i1* %beta_cntl_V, [8 x i8]* @ap_fifo_str, i32 0, i32 0, [1 x i8]* @p_str, i32 0, i32 0, [1 x i8]* @p_str, [1 x i8]* @p_str, [1 x i8]* @p_str, i32 2, i32 2, i32 16, i32 16, [1 x i8]* @p_str, [1 x i8]* @p_str)"   --->   Operation 19 'specinterface' <Predicate = true> <Delay = 0.00>
ST_1 : Operation 20 [1/1] (0.00ns)   --->   "call void (...)* @_ssdm_op_SpecInterface(half* %beta_buffer_V, [8 x i8]* @ap_fifo_str, i32 0, i32 0, [1 x i8]* @p_str, i32 0, i32 0, [1 x i8]* @p_str, [1 x i8]* @p_str, [1 x i8]* @p_str, i32 2, i32 2, i32 16, i32 16, [1 x i8]* @p_str, [1 x i8]* @p_str)"   --->   Operation 20 'specinterface' <Predicate = true> <Delay = 0.00>
ST_1 : Operation 21 [1/1] (0.00ns)   --->   "call void (...)* @_ssdm_op_SpecMemCore(half* %beta_buffer_V, [1 x i8]* @p_str, [10 x i8]* @p_str71, [1 x i8]* @p_str, i32 -1, [1 x i8]* @p_str, [1 x i8]* @p_str, [1 x i8]* @p_str, [1 x i8]* @p_str, [1 x i8]* @p_str)"   --->   Operation 21 'specmemcore' <Predicate = true> <Delay = 0.00>
ST_1 : Operation 22 [1/1] (0.00ns)   --->   "call void (...)* @_ssdm_op_SpecInterface(half* %betas, [6 x i8]* @p_str1, i32 0, i32 0, [1 x i8]* @p_str, i32 0, i32 256, [7 x i8]* @p_str56, [7 x i8]* @p_str3, [1 x i8]* @p_str, i32 16, i32 16, i32 16, i32 16, [1 x i8]* @p_str, [1 x i8]* @p_str)"   --->   Operation 22 'specinterface' <Predicate = true> <Delay = 0.00>
ST_1 : Operation 23 [1/1] (0.00ns) (grouped into LUT with out node tmp_626)   --->   "%tmp = or i6 %r_read, %c_read" [mobile_net_hls_v1/conv.hpp:715]   --->   Operation 23 'or' 'tmp' <Predicate = true> <Delay = 0.00> <Core = "LogicGate">   --->   Core 27 'LogicGate' <Latency = 0> <II = 1> <Delay = 0.35> <FuncUnit> <Opcode : 'and' 'or' 'xor'> <InPorts = 2> <OutPorts = 1>
ST_1 : Operation 24 [1/1] (0.78ns) (out node of the LUT)   --->   "%tmp_626 = icmp eq i6 %tmp, 0" [mobile_net_hls_v1/conv.hpp:715]   --->   Operation 24 'icmp' 'tmp_626' <Predicate = true> <Delay = 0.78> <Core = "Cmp">   --->   Core 25 'Cmp' <Latency = 0> <II = 1> <Delay = 0.58> <FuncUnit> <Opcode : 'icmp'> <InPorts = 2> <OutPorts = 1>
ST_1 : Operation 25 [1/1] (0.00ns)   --->   "br i1 %tmp_626, label %.preheader.preheader, label %.loopexit" [mobile_net_hls_v1/conv.hpp:715]   --->   Operation 25 'br' <Predicate = true> <Delay = 0.00>
ST_1 : Operation 26 [1/1] (0.00ns)   --->   "%tmp_282_cast = zext i9 %n_read to i32" [mobile_net_hls_v1/conv.hpp:716]   --->   Operation 26 'zext' 'tmp_282_cast' <Predicate = (tmp_626)> <Delay = 0.00>
ST_1 : Operation 27 [1/1] (0.00ns)   --->   "%tmp_627 = trunc i9 %nLoops_read to i3" [mobile_net_hls_v1/conv.hpp:716]   --->   Operation 27 'trunc' 'tmp_627' <Predicate = (tmp_626)> <Delay = 0.00>
ST_1 : Operation 28 [1/1] (1.00ns)   --->   "%sum = add i32 %betas_offset_cast, %tmp_282_cast" [mobile_net_hls_v1/conv.hpp:718]   --->   Operation 28 'add' 'sum' <Predicate = (tmp_626)> <Delay = 1.00> <Core = "AddSub">   --->   Core 14 'AddSub' <Latency = 0> <II = 1> <Delay = 0.54> <FuncUnit> <Opcode : 'add' 'sub'> <InPorts = 2> <OutPorts = 1>
ST_1 : Operation 29 [1/1] (0.00ns)   --->   "%sum_cast = zext i32 %sum to i64" [mobile_net_hls_v1/conv.hpp:718]   --->   Operation 29 'zext' 'sum_cast' <Predicate = (tmp_626)> <Delay = 0.00>
ST_1 : Operation 30 [1/1] (0.00ns)   --->   "%betas_addr = getelementptr half* %betas, i64 %sum_cast" [mobile_net_hls_v1/conv.hpp:718]   --->   Operation 30 'getelementptr' 'betas_addr' <Predicate = (tmp_626)> <Delay = 0.00>

State 2 <SV = 1> <Delay = 3.67>
ST_2 : Operation 31 [1/1] (0.00ns)   --->   "%tmp_s = zext i3 %tmp_627 to i32" [mobile_net_hls_v1/conv.hpp:716]   --->   Operation 31 'zext' 'tmp_s' <Predicate = true> <Delay = 0.00>
ST_2 : Operation 32 [7/7] (3.67ns)   --->   "%betas_addr_rd_req = call i1 @_ssdm_op_ReadReq.m_axi.halfP(half* %betas_addr, i32 %tmp_s)" [mobile_net_hls_v1/conv.hpp:718]   --->   Operation 32 'readreq' 'betas_addr_rd_req' <Predicate = true> <Delay = 3.67> <Core = "m_axi">   --->   Core 9 'm_axi' <Latency = 6> <II = 1> <Delay = 1.00> <Adapter> <Opcode : 'read' 'write' 'readreq' 'writereq' 'writeresp'>

State 3 <SV = 2> <Delay = 3.67>
ST_3 : Operation 33 [6/7] (3.67ns)   --->   "%betas_addr_rd_req = call i1 @_ssdm_op_ReadReq.m_axi.halfP(half* %betas_addr, i32 %tmp_s)" [mobile_net_hls_v1/conv.hpp:718]   --->   Operation 33 'readreq' 'betas_addr_rd_req' <Predicate = true> <Delay = 3.67> <Core = "m_axi">   --->   Core 9 'm_axi' <Latency = 6> <II = 1> <Delay = 1.00> <Adapter> <Opcode : 'read' 'write' 'readreq' 'writereq' 'writeresp'>

State 4 <SV = 3> <Delay = 3.67>
ST_4 : Operation 34 [5/7] (3.67ns)   --->   "%betas_addr_rd_req = call i1 @_ssdm_op_ReadReq.m_axi.halfP(half* %betas_addr, i32 %tmp_s)" [mobile_net_hls_v1/conv.hpp:718]   --->   Operation 34 'readreq' 'betas_addr_rd_req' <Predicate = true> <Delay = 3.67> <Core = "m_axi">   --->   Core 9 'm_axi' <Latency = 6> <II = 1> <Delay = 1.00> <Adapter> <Opcode : 'read' 'write' 'readreq' 'writereq' 'writeresp'>

State 5 <SV = 4> <Delay = 3.67>
ST_5 : Operation 35 [4/7] (3.67ns)   --->   "%betas_addr_rd_req = call i1 @_ssdm_op_ReadReq.m_axi.halfP(half* %betas_addr, i32 %tmp_s)" [mobile_net_hls_v1/conv.hpp:718]   --->   Operation 35 'readreq' 'betas_addr_rd_req' <Predicate = true> <Delay = 3.67> <Core = "m_axi">   --->   Core 9 'm_axi' <Latency = 6> <II = 1> <Delay = 1.00> <Adapter> <Opcode : 'read' 'write' 'readreq' 'writereq' 'writeresp'>

State 6 <SV = 5> <Delay = 3.67>
ST_6 : Operation 36 [3/7] (3.67ns)   --->   "%betas_addr_rd_req = call i1 @_ssdm_op_ReadReq.m_axi.halfP(half* %betas_addr, i32 %tmp_s)" [mobile_net_hls_v1/conv.hpp:718]   --->   Operation 36 'readreq' 'betas_addr_rd_req' <Predicate = true> <Delay = 3.67> <Core = "m_axi">   --->   Core 9 'm_axi' <Latency = 6> <II = 1> <Delay = 1.00> <Adapter> <Opcode : 'read' 'write' 'readreq' 'writereq' 'writeresp'>

State 7 <SV = 6> <Delay = 3.67>
ST_7 : Operation 37 [2/7] (3.67ns)   --->   "%betas_addr_rd_req = call i1 @_ssdm_op_ReadReq.m_axi.halfP(half* %betas_addr, i32 %tmp_s)" [mobile_net_hls_v1/conv.hpp:718]   --->   Operation 37 'readreq' 'betas_addr_rd_req' <Predicate = true> <Delay = 3.67> <Core = "m_axi">   --->   Core 9 'm_axi' <Latency = 6> <II = 1> <Delay = 1.00> <Adapter> <Opcode : 'read' 'write' 'readreq' 'writereq' 'writeresp'>

State 8 <SV = 7> <Delay = 3.67>
ST_8 : Operation 38 [1/7] (3.67ns)   --->   "%betas_addr_rd_req = call i1 @_ssdm_op_ReadReq.m_axi.halfP(half* %betas_addr, i32 %tmp_s)" [mobile_net_hls_v1/conv.hpp:718]   --->   Operation 38 'readreq' 'betas_addr_rd_req' <Predicate = true> <Delay = 3.67> <Core = "m_axi">   --->   Core 9 'm_axi' <Latency = 6> <II = 1> <Delay = 1.00> <Adapter> <Opcode : 'read' 'write' 'readreq' 'writereq' 'writeresp'>
ST_8 : Operation 39 [1/1] (0.65ns)   --->   "br label %.preheader" [mobile_net_hls_v1/conv.hpp:716]   --->   Operation 39 'br' <Predicate = true> <Delay = 0.65>

State 9 <SV = 8> <Delay = 0.58>
ST_9 : Operation 40 [1/1] (0.00ns)   --->   "%i = phi i2 [ %i_23, %1 ], [ 0, %.preheader.preheader ]"   --->   Operation 40 'phi' 'i' <Predicate = true> <Delay = 0.00>
ST_9 : Operation 41 [1/1] (0.00ns)   --->   "%i_cast_cast = zext i2 %i to i3" [mobile_net_hls_v1/conv.hpp:716]   --->   Operation 41 'zext' 'i_cast_cast' <Predicate = true> <Delay = 0.00>
ST_9 : Operation 42 [1/1] (0.58ns)   --->   "%tmp_170 = icmp slt i3 %i_cast_cast, %tmp_627" [mobile_net_hls_v1/conv.hpp:716]   --->   Operation 42 'icmp' 'tmp_170' <Predicate = true> <Delay = 0.58> <Core = "Cmp">   --->   Core 25 'Cmp' <Latency = 0> <II = 1> <Delay = 0.58> <FuncUnit> <Opcode : 'icmp'> <InPorts = 2> <OutPorts = 1>
ST_9 : Operation 43 [1/1] (0.00ns)   --->   "call void (...)* @_ssdm_op_SpecLoopTripCount(i64 0, i64 3, i64 0)"   --->   Operation 43 'speclooptripcount' <Predicate = true> <Delay = 0.00>
ST_9 : Operation 44 [1/1] (0.54ns)   --->   "%i_23 = add i2 %i, 1" [mobile_net_hls_v1/conv.hpp:716]   --->   Operation 44 'add' 'i_23' <Predicate = true> <Delay = 0.54> <Core = "AddSub">   --->   Core 14 'AddSub' <Latency = 0> <II = 1> <Delay = 0.54> <FuncUnit> <Opcode : 'add' 'sub'> <InPorts = 2> <OutPorts = 1>
ST_9 : Operation 45 [1/1] (0.00ns)   --->   "br i1 %tmp_170, label %1, label %.loopexit.loopexit" [mobile_net_hls_v1/conv.hpp:716]   --->   Operation 45 'br' <Predicate = true> <Delay = 0.00>

State 10 <SV = 9> <Delay = 3.67>
ST_10 : Operation 46 [1/1] (3.67ns)   --->   "%tmp_628 = call half @_ssdm_op_Read.m_axi.halfP(half* %betas_addr)" [mobile_net_hls_v1/conv.hpp:718]   --->   Operation 46 'read' 'tmp_628' <Predicate = (tmp_170)> <Delay = 3.67> <Core = "m_axi">   --->   Core 9 'm_axi' <Latency = 6> <II = 1> <Delay = 1.00> <Adapter> <Opcode : 'read' 'write' 'readreq' 'writereq' 'writeresp'>

State 11 <SV = 10> <Delay = 1.63>
ST_11 : Operation 47 [1/1] (0.00ns)   --->   "%tmp_171 = call i32 (...)* @_ssdm_op_SpecRegionBegin([14 x i8]* @p_str106)" [mobile_net_hls_v1/conv.hpp:718]   --->   Operation 47 'specregionbegin' 'tmp_171' <Predicate = (tmp_170)> <Delay = 0.00>
ST_11 : Operation 48 [1/1] (0.00ns)   --->   "call void (...)* @_ssdm_op_SpecPipeline(i32 1, i32 1, i32 1, i32 0, [1 x i8]* @p_str) nounwind" [mobile_net_hls_v1/conv.hpp:717]   --->   Operation 48 'specpipeline' <Predicate = (tmp_170)> <Delay = 0.00>
ST_11 : Operation 49 [1/1] (1.63ns)   --->   "%full_n_i_0 = call i1 @_ssdm_op_NbWrite.ap_fifo.volatile.halfP(half* %beta_buffer_V, half %tmp_628)" [mobile_net_hls_v1/conv.hpp:718]   --->   Operation 49 'nbwrite' 'full_n_i_0' <Predicate = (tmp_170)> <Delay = 1.63> <Core = "FIFO_BRAM">   --->   Core 34 'FIFO_BRAM' <Latency = 0> <II = 1> <Delay = 1.63> <Storage> <Opcode : 'read' 'write' 'nbread' 'nbwrite'> <Ports = 0> <Width = 16> <Depth = 0> <FIFO>
ST_11 : Operation 50 [1/1] (0.00ns)   --->   "%empty = call i32 (...)* @_ssdm_op_SpecRegionEnd([14 x i8]* @p_str106, i32 %tmp_171)" [mobile_net_hls_v1/conv.hpp:718]   --->   Operation 50 'specregionend' 'empty' <Predicate = (tmp_170)> <Delay = 0.00>
ST_11 : Operation 51 [1/1] (0.00ns)   --->   "br label %.preheader" [mobile_net_hls_v1/conv.hpp:716]   --->   Operation 51 'br' <Predicate = (tmp_170)> <Delay = 0.00>

State 12 <SV = 9> <Delay = 1.83>
ST_12 : Operation 52 [1/1] (0.00ns)   --->   "br label %.loopexit"   --->   Operation 52 'br' <Predicate = (tmp_626)> <Delay = 0.00>
ST_12 : Operation 53 [1/1] (1.83ns)   --->   "%full_n_i2_0 = call i1 @_ssdm_op_NbWrite.ap_fifo.volatile.i1P(i1* %beta_cntl_V, i1 undef)" [mobile_net_hls_v1/conv.hpp:719]   --->   Operation 53 'nbwrite' 'full_n_i2_0' <Predicate = true> <Delay = 1.83> <Core = "FIFO_SRL">   --->   Core 36 'FIFO_SRL' <Latency = 0> <II = 1> <Delay = 1.83> <Storage> <Opcode : 'read' 'write' 'nbread' 'nbwrite'> <Ports = 0> <Width = 1> <Depth = 0> <FIFO>
ST_12 : Operation 54 [1/1] (0.00ns)   --->   "ret void" [mobile_net_hls_v1/conv.hpp:720]   --->   Operation 54 'ret' <Predicate = true> <Delay = 0.00>


============================================================
+ Verbose Summary: Binding
============================================================
STG Binding: 
---------------- STG Properties BEGIN ----------------
- Is combinational: 0
- Is one-state seq: 0
- Is datapath-only: 0
- Is pipelined: 0
- Is top level: 0
Port [ Return ] is wired: 1; IO mode=ap_ctrl_hs:ce=0
Port [ betas]:  wired=1; compound=1; hidden=0; nouse=0; global=0; static=0; extern=0; dir=0; type=4; pingpong=0; private_global=0; IO mode=m_axi:ce=0
Port [ betas_offset]:  wired=1; compound=0; hidden=0; nouse=0; global=0; static=0; extern=0; dir=0; type=0; pingpong=0; private_global=0; IO mode=ap_none:ce=0
Port [ beta_buffer_V]:  wired=1; compound=1; hidden=0; nouse=0; global=0; static=0; extern=0; dir=1; type=3; pingpong=0; private_global=0; IO mode=ap_fifo:ce=0
Port [ n]:  wired=1; compound=0; hidden=0; nouse=0; global=0; static=0; extern=0; dir=0; type=0; pingpong=0; private_global=0; IO mode=ap_none:ce=0
Port [ r]:  wired=1; compound=0; hidden=0; nouse=0; global=0; static=0; extern=0; dir=0; type=0; pingpong=0; private_global=0; IO mode=ap_none:ce=0
Port [ c]:  wired=1; compound=0; hidden=0; nouse=0; global=0; static=0; extern=0; dir=0; type=0; pingpong=0; private_global=0; IO mode=ap_none:ce=0
Port [ nLoops]:  wired=1; compound=0; hidden=0; nouse=0; global=0; static=0; extern=0; dir=0; type=0; pingpong=0; private_global=0; IO mode=ap_none:ce=0
Port [ beta_cntl_V]:  wired=1; compound=1; hidden=0; nouse=0; global=0; static=0; extern=0; dir=1; type=3; pingpong=0; private_global=0; IO mode=ap_fifo:ce=0
---------------- STG Properties END ------------------

---------------- Datapath Model BEGIN ----------------

<LifeTime>
<method=bitvector/>
nLoops_read       (read             ) [ 0000000000000]
c_read            (read             ) [ 0000000000000]
r_read            (read             ) [ 0000000000000]
n_read            (read             ) [ 0000000000000]
betas_offset_read (read             ) [ 0000000000000]
betas_offset_cast (zext             ) [ 0000000000000]
StgValue_19       (specinterface    ) [ 0000000000000]
StgValue_20       (specinterface    ) [ 0000000000000]
StgValue_21       (specmemcore      ) [ 0000000000000]
StgValue_22       (specinterface    ) [ 0000000000000]
tmp               (or               ) [ 0000000000000]
tmp_626           (icmp             ) [ 0111111111111]
StgValue_25       (br               ) [ 0000000000000]
tmp_282_cast      (zext             ) [ 0000000000000]
tmp_627           (trunc            ) [ 0011111111110]
sum               (add              ) [ 0000000000000]
sum_cast          (zext             ) [ 0000000000000]
betas_addr        (getelementptr    ) [ 0011111111110]
tmp_s             (zext             ) [ 0001111110000]
betas_addr_rd_req (readreq          ) [ 0000000000000]
StgValue_39       (br               ) [ 0000000011110]
i                 (phi              ) [ 0000000001000]
i_cast_cast       (zext             ) [ 0000000000000]
tmp_170           (icmp             ) [ 0000000001110]
StgValue_43       (speclooptripcount) [ 0000000000000]
i_23              (add              ) [ 0000000011110]
StgValue_45       (br               ) [ 0000000000000]
tmp_628           (read             ) [ 0000000001010]
tmp_171           (specregionbegin  ) [ 0000000000000]
StgValue_48       (specpipeline     ) [ 0000000000000]
full_n_i_0        (nbwrite          ) [ 0000000000000]
empty             (specregionend    ) [ 0000000000000]
StgValue_51       (br               ) [ 0000000011110]
StgValue_52       (br               ) [ 0000000000000]
full_n_i2_0       (nbwrite          ) [ 0000000000000]
StgValue_54       (ret              ) [ 0000000000000]
</LifeTime>

<model>

<comp_list>
<comp id="0" class="1000" name="betas">
<pin_list>
<pin id="1" dir="1" index="0" bw="1" slack="0"/>
</pin_list>
<bind>
<StgValue><ssdm name="betas"/></StgValue>
</bind>
</comp>

<comp id="2" class="1000" name="betas_offset">
<pin_list>
<pin id="3" dir="1" index="0" bw="1" slack="0"/>
</pin_list>
<bind>
<StgValue><ssdm name="betas_offset"/></StgValue>
</bind>
</comp>

<comp id="4" class="1000" name="beta_buffer_V">
<pin_list>
<pin id="5" dir="1" index="0" bw="1" slack="0"/>
</pin_list>
<bind>
<StgValue><ssdm name="beta_buffer_V"/></StgValue>
</bind>
</comp>

<comp id="6" class="1000" name="n">
<pin_list>
<pin id="7" dir="1" index="0" bw="1" slack="0"/>
</pin_list>
<bind>
<StgValue><ssdm name="n"/></StgValue>
</bind>
</comp>

<comp id="8" class="1000" name="r">
<pin_list>
<pin id="9" dir="1" index="0" bw="1" slack="0"/>
</pin_list>
<bind>
<StgValue><ssdm name="r"/></StgValue>
</bind>
</comp>

<comp id="10" class="1000" name="c">
<pin_list>
<pin id="11" dir="1" index="0" bw="1" slack="0"/>
</pin_list>
<bind>
<StgValue><ssdm name="c"/></StgValue>
</bind>
</comp>

<comp id="12" class="1000" name="nLoops">
<pin_list>
<pin id="13" dir="1" index="0" bw="1" slack="0"/>
</pin_list>
<bind>
<StgValue><ssdm name="nLoops"/></StgValue>
</bind>
</comp>

<comp id="14" class="1000" name="beta_cntl_V">
<pin_list>
<pin id="15" dir="1" index="0" bw="1" slack="0"/>
</pin_list>
<bind>
<StgValue><ssdm name="beta_cntl_V"/></StgValue>
</bind>
</comp>

<comp id="16" class="1001" name="const_16">
<pin_list>
<pin id="17" dir="1" index="0" bw="1" slack="0"/>
</pin_list>
<bind>
<StgValue><ssdm name="_ssdm_op_Read.ap_auto.i9"/></StgValue>
</bind>
</comp>

<comp id="18" class="1001" name="const_18">
<pin_list>
<pin id="19" dir="1" index="0" bw="1" slack="0"/>
</pin_list>
<bind>
<StgValue><ssdm name="_ssdm_op_Read.ap_auto.i6"/></StgValue>
</bind>
</comp>

<comp id="20" class="1001" name="const_20">
<pin_list>
<pin id="21" dir="1" index="0" bw="1" slack="0"/>
</pin_list>
<bind>
<StgValue><ssdm name="_ssdm_op_Read.ap_auto.i31"/></StgValue>
</bind>
</comp>

<comp id="22" class="1001" name="const_22">
<pin_list>
<pin id="23" dir="1" index="0" bw="1" slack="2147483647"/>
</pin_list>
<bind>
<StgValue><ssdm name="_ssdm_op_SpecInterface"/></StgValue>
</bind>
</comp>

<comp id="24" class="1001" name="const_24">
<pin_list>
<pin id="25" dir="1" index="0" bw="1" slack="2147483647"/>
</pin_list>
<bind>
<StgValue><ssdm name="ap_fifo_str"/></StgValue>
</bind>
</comp>

<comp id="26" class="1001" name="const_26">
<pin_list>
<pin id="27" dir="1" index="0" bw="1" slack="2147483647"/>
</pin_list>
<bind>
<StgValue><ssdm name=""/></StgValue>
</bind>
</comp>

<comp id="28" class="1001" name="const_28">
<pin_list>
<pin id="29" dir="1" index="0" bw="1" slack="2147483647"/>
</pin_list>
<bind>
<StgValue><ssdm name="p_str"/></StgValue>
</bind>
</comp>

<comp id="30" class="1001" name="const_30">
<pin_list>
<pin id="31" dir="1" index="0" bw="1" slack="2147483647"/>
</pin_list>
<bind>
<StgValue><ssdm name=""/></StgValue>
</bind>
</comp>

<comp id="32" class="1001" name="const_32">
<pin_list>
<pin id="33" dir="1" index="0" bw="1" slack="2147483647"/>
</pin_list>
<bind>
<StgValue><ssdm name=""/></StgValue>
</bind>
</comp>

<comp id="34" class="1001" name="const_34">
<pin_list>
<pin id="35" dir="1" index="0" bw="1" slack="2147483647"/>
</pin_list>
<bind>
<StgValue><ssdm name="_ssdm_op_SpecMemCore"/></StgValue>
</bind>
</comp>

<comp id="36" class="1001" name="const_36">
<pin_list>
<pin id="37" dir="1" index="0" bw="1" slack="2147483647"/>
</pin_list>
<bind>
<StgValue><ssdm name="p_str71"/></StgValue>
</bind>
</comp>

<comp id="38" class="1001" name="const_38">
<pin_list>
<pin id="39" dir="1" index="0" bw="1" slack="2147483647"/>
</pin_list>
<bind>
<StgValue><ssdm name=""/></StgValue>
</bind>
</comp>

<comp id="40" class="1001" name="const_40">
<pin_list>
<pin id="41" dir="1" index="0" bw="1" slack="2147483647"/>
</pin_list>
<bind>
<StgValue><ssdm name="p_str1"/></StgValue>
</bind>
</comp>

<comp id="42" class="1001" name="const_42">
<pin_list>
<pin id="43" dir="1" index="0" bw="1" slack="2147483647"/>
</pin_list>
<bind>
<StgValue><ssdm name=""/></StgValue>
</bind>
</comp>

<comp id="44" class="1001" name="const_44">
<pin_list>
<pin id="45" dir="1" index="0" bw="1" slack="2147483647"/>
</pin_list>
<bind>
<StgValue><ssdm name="p_str56"/></StgValue>
</bind>
</comp>

<comp id="46" class="1001" name="const_46">
<pin_list>
<pin id="47" dir="1" index="0" bw="1" slack="2147483647"/>
</pin_list>
<bind>
<StgValue><ssdm name="p_str3"/></StgValue>
</bind>
</comp>

<comp id="48" class="1001" name="const_48">
<pin_list>
<pin id="49" dir="1" index="0" bw="1" slack="0"/>
</pin_list>
<bind>
<StgValue><ssdm name=""/></StgValue>
</bind>
</comp>

<comp id="50" class="1001" name="const_50">
<pin_list>
<pin id="51" dir="1" index="0" bw="1" slack="0"/>
</pin_list>
<bind>
<StgValue><ssdm name="_ssdm_op_ReadReq.m_axi.halfP"/></StgValue>
</bind>
</comp>

<comp id="52" class="1001" name="const_52">
<pin_list>
<pin id="53" dir="1" index="0" bw="1" slack="1"/>
</pin_list>
<bind>
<StgValue><ssdm name=""/></StgValue>
</bind>
</comp>

<comp id="54" class="1001" name="const_54">
<pin_list>
<pin id="55" dir="1" index="0" bw="1" slack="2147483647"/>
</pin_list>
<bind>
<StgValue><ssdm name="_ssdm_op_SpecLoopTripCount"/></StgValue>
</bind>
</comp>

<comp id="56" class="1001" name="const_56">
<pin_list>
<pin id="57" dir="1" index="0" bw="1" slack="2147483647"/>
</pin_list>
<bind>
<StgValue><ssdm name=""/></StgValue>
</bind>
</comp>

<comp id="58" class="1001" name="const_58">
<pin_list>
<pin id="59" dir="1" index="0" bw="1" slack="2147483647"/>
</pin_list>
<bind>
<StgValue><ssdm name=""/></StgValue>
</bind>
</comp>

<comp id="60" class="1001" name="const_60">
<pin_list>
<pin id="61" dir="1" index="0" bw="1" slack="0"/>
</pin_list>
<bind>
<StgValue><ssdm name=""/></StgValue>
</bind>
</comp>

<comp id="62" class="1001" name="const_62">
<pin_list>
<pin id="63" dir="1" index="0" bw="1" slack="0"/>
</pin_list>
<bind>
<StgValue><ssdm name="_ssdm_op_Read.m_axi.halfP"/></StgValue>
</bind>
</comp>

<comp id="64" class="1001" name="const_64">
<pin_list>
<pin id="65" dir="1" index="0" bw="1" slack="2147483647"/>
</pin_list>
<bind>
<StgValue><ssdm name="_ssdm_op_SpecRegionBegin"/></StgValue>
</bind>
</comp>

<comp id="66" class="1001" name="const_66">
<pin_list>
<pin id="67" dir="1" index="0" bw="1" slack="2147483647"/>
</pin_list>
<bind>
<StgValue><ssdm name="p_str106"/></StgValue>
</bind>
</comp>

<comp id="68" class="1001" name="const_68">
<pin_list>
<pin id="69" dir="1" index="0" bw="1" slack="2147483647"/>
</pin_list>
<bind>
<StgValue><ssdm name="_ssdm_op_SpecPipeline"/></StgValue>
</bind>
</comp>

<comp id="70" class="1001" name="const_70">
<pin_list>
<pin id="71" dir="1" index="0" bw="1" slack="2147483647"/>
</pin_list>
<bind>
<StgValue><ssdm name=""/></StgValue>
</bind>
</comp>

<comp id="72" class="1001" name="const_72">
<pin_list>
<pin id="73" dir="1" index="0" bw="1" slack="0"/>
</pin_list>
<bind>
<StgValue><ssdm name="_ssdm_op_NbWrite.ap_fifo.volatile.halfP"/></StgValue>
</bind>
</comp>

<comp id="74" class="1001" name="const_74">
<pin_list>
<pin id="75" dir="1" index="0" bw="1" slack="2147483647"/>
</pin_list>
<bind>
<StgValue><ssdm name="_ssdm_op_SpecRegionEnd"/></StgValue>
</bind>
</comp>

<comp id="76" class="1001" name="const_76">
<pin_list>
<pin id="77" dir="1" index="0" bw="1" slack="0"/>
</pin_list>
<bind>
<StgValue><ssdm name="_ssdm_op_NbWrite.ap_fifo.volatile.i1P"/></StgValue>
</bind>
</comp>

<comp id="78" class="1001" name="const_78">
<pin_list>
<pin id="79" dir="1" index="0" bw="1" slack="0"/>
</pin_list>
<bind>
<StgValue><ssdm name=""/></StgValue>
</bind>
</comp>

<comp id="80" class="1004" name="nLoops_read_read_fu_80">
<pin_list>
<pin id="81" dir="0" index="0" bw="9" slack="0"/>
<pin id="82" dir="0" index="1" bw="9" slack="0"/>
<pin id="83" dir="1" index="2" bw="9" slack="0"/>
</pin_list>
<bind>
<opcode="read(1150) " fcode="read"/>
<opset="nLoops_read/1 "/>
</bind>
</comp>

<comp id="86" class="1004" name="c_read_read_fu_86">
<pin_list>
<pin id="87" dir="0" index="0" bw="6" slack="0"/>
<pin id="88" dir="0" index="1" bw="6" slack="0"/>
<pin id="89" dir="1" index="2" bw="6" slack="0"/>
</pin_list>
<bind>
<opcode="read(1150) " fcode="read"/>
<opset="c_read/1 "/>
</bind>
</comp>

<comp id="92" class="1004" name="r_read_read_fu_92">
<pin_list>
<pin id="93" dir="0" index="0" bw="6" slack="0"/>
<pin id="94" dir="0" index="1" bw="6" slack="0"/>
<pin id="95" dir="1" index="2" bw="6" slack="0"/>
</pin_list>
<bind>
<opcode="read(1150) " fcode="read"/>
<opset="r_read/1 "/>
</bind>
</comp>

<comp id="98" class="1004" name="n_read_read_fu_98">
<pin_list>
<pin id="99" dir="0" index="0" bw="9" slack="0"/>
<pin id="100" dir="0" index="1" bw="9" slack="0"/>
<pin id="101" dir="1" index="2" bw="9" slack="0"/>
</pin_list>
<bind>
<opcode="read(1150) " fcode="read"/>
<opset="n_read/1 "/>
</bind>
</comp>

<comp id="104" class="1004" name="betas_offset_read_read_fu_104">
<pin_list>
<pin id="105" dir="0" index="0" bw="31" slack="0"/>
<pin id="106" dir="0" index="1" bw="31" slack="0"/>
<pin id="107" dir="1" index="2" bw="31" slack="0"/>
</pin_list>
<bind>
<opcode="read(1150) " fcode="read"/>
<opset="betas_offset_read/1 "/>
</bind>
</comp>

<comp id="110" class="1004" name="grp_readreq_fu_110">
<pin_list>
<pin id="111" dir="0" index="0" bw="1" slack="0"/>
<pin id="112" dir="0" index="1" bw="16" slack="1"/>
<pin id="113" dir="0" index="2" bw="3" slack="0"/>
<pin id="114" dir="1" index="3" bw="1" slack="2147483647"/>
</pin_list>
<bind>
<opcode="readreq(1154) " fcode="readreq"/>
<opset="betas_addr_rd_req/2 "/>
</bind>
</comp>

<comp id="116" class="1004" name="tmp_628_read_fu_116">
<pin_list>
<pin id="117" dir="0" index="0" bw="16" slack="0"/>
<pin id="118" dir="0" index="1" bw="16" slack="9"/>
<pin id="119" dir="1" index="2" bw="16" slack="1"/>
</pin_list>
<bind>
<opcode="read(1150) " fcode="read"/>
<opset="tmp_628/10 "/>
</bind>
</comp>

<comp id="121" class="1004" name="full_n_i_0_nbwrite_fu_121">
<pin_list>
<pin id="122" dir="0" index="0" bw="1" slack="0"/>
<pin id="123" dir="0" index="1" bw="16" slack="0"/>
<pin id="124" dir="0" index="2" bw="16" slack="1"/>
<pin id="125" dir="1" index="3" bw="1" slack="2147483647"/>
</pin_list>
<bind>
<opcode="nbwrite(1153) " fcode="nbwrite"/>
<opset="full_n_i_0/11 "/>
</bind>
</comp>

<comp id="128" class="1004" name="full_n_i2_0_nbwrite_fu_128">
<pin_list>
<pin id="129" dir="0" index="0" bw="1" slack="0"/>
<pin id="130" dir="0" index="1" bw="1" slack="0"/>
<pin id="131" dir="0" index="2" bw="1" slack="0"/>
<pin id="132" dir="1" index="3" bw="1" slack="2147483647"/>
</pin_list>
<bind>
<opcode="nbwrite(1153) " fcode="nbwrite"/>
<opset="full_n_i2_0/12 "/>
</bind>
</comp>

<comp id="136" class="1005" name="i_reg_136">
<pin_list>
<pin id="137" dir="0" index="0" bw="2" slack="1"/>
<pin id="138" dir="1" index="1" bw="2" slack="1"/>
</pin_list>
<bind>
<opset="i (phireg) "/>
</bind>
</comp>

<comp id="140" class="1004" name="i_phi_fu_140">
<pin_list>
<pin id="141" dir="0" index="0" bw="2" slack="0"/>
<pin id="142" dir="0" index="1" bw="0" slack="2147483647"/>
<pin id="143" dir="0" index="2" bw="1" slack="1"/>
<pin id="144" dir="0" index="3" bw="0" slack="2147483647"/>
<pin id="145" dir="1" index="4" bw="2" slack="0"/>
</pin_list>
<bind>
<opcode="phi(47) " fcode="phi"/>
<opset="i/9 "/>
</bind>
</comp>

<comp id="147" class="1004" name="betas_offset_cast_fu_147">
<pin_list>
<pin id="148" dir="0" index="0" bw="31" slack="0"/>
<pin id="149" dir="1" index="1" bw="32" slack="0"/>
</pin_list>
<bind>
<opcode="zext(34) " fcode="zext"/>
<opset="betas_offset_cast/1 "/>
</bind>
</comp>

<comp id="151" class="1004" name="tmp_fu_151">
<pin_list>
<pin id="152" dir="0" index="0" bw="6" slack="0"/>
<pin id="153" dir="0" index="1" bw="6" slack="0"/>
<pin id="154" dir="1" index="2" bw="6" slack="0"/>
</pin_list>
<bind>
<opcode="or(24) " fcode="or"/>
<opset="tmp/1 "/>
</bind>
</comp>

<comp id="157" class="1004" name="tmp_626_fu_157">
<pin_list>
<pin id="158" dir="0" index="0" bw="6" slack="0"/>
<pin id="159" dir="0" index="1" bw="1" slack="0"/>
<pin id="160" dir="1" index="2" bw="1" slack="9"/>
</pin_list>
<bind>
<opcode="icmp(45) " fcode="icmp"/>
<opset="tmp_626/1 "/>
</bind>
</comp>

<comp id="163" class="1004" name="tmp_282_cast_fu_163">
<pin_list>
<pin id="164" dir="0" index="0" bw="9" slack="0"/>
<pin id="165" dir="1" index="1" bw="32" slack="0"/>
</pin_list>
<bind>
<opcode="zext(34) " fcode="zext"/>
<opset="tmp_282_cast/1 "/>
</bind>
</comp>

<comp id="167" class="1004" name="tmp_627_fu_167">
<pin_list>
<pin id="168" dir="0" index="0" bw="9" slack="0"/>
<pin id="169" dir="1" index="1" bw="3" slack="1"/>
</pin_list>
<bind>
<opcode="trunc(33) " fcode="trunc"/>
<opset="tmp_627/1 "/>
</bind>
</comp>

<comp id="171" class="1004" name="sum_fu_171">
<pin_list>
<pin id="172" dir="0" index="0" bw="31" slack="0"/>
<pin id="173" dir="0" index="1" bw="9" slack="0"/>
<pin id="174" dir="1" index="2" bw="32" slack="0"/>
</pin_list>
<bind>
<opcode="add(8) " fcode="add"/>
<opset="sum/1 "/>
</bind>
</comp>

<comp id="177" class="1004" name="sum_cast_fu_177">
<pin_list>
<pin id="178" dir="0" index="0" bw="32" slack="0"/>
<pin id="179" dir="1" index="1" bw="64" slack="0"/>
</pin_list>
<bind>
<opcode="zext(34) " fcode="zext"/>
<opset="sum_cast/1 "/>
</bind>
</comp>

<comp id="181" class="1004" name="betas_addr_fu_181">
<pin_list>
<pin id="182" dir="0" index="0" bw="16" slack="0"/>
<pin id="183" dir="0" index="1" bw="32" slack="0"/>
<pin id="184" dir="1" index="2" bw="16" slack="1"/>
</pin_list>
<bind>
<opcode="getelementptr(29) " fcode="getelementptr"/>
<opset="betas_addr/1 "/>
</bind>
</comp>

<comp id="187" class="1004" name="tmp_s_fu_187">
<pin_list>
<pin id="188" dir="0" index="0" bw="3" slack="1"/>
<pin id="189" dir="1" index="1" bw="32" slack="0"/>
</pin_list>
<bind>
<opcode="zext(34) " fcode="zext"/>
<opset="tmp_s/2 "/>
</bind>
</comp>

<comp id="191" class="1004" name="i_cast_cast_fu_191">
<pin_list>
<pin id="192" dir="0" index="0" bw="2" slack="0"/>
<pin id="193" dir="1" index="1" bw="3" slack="0"/>
</pin_list>
<bind>
<opcode="zext(34) " fcode="zext"/>
<opset="i_cast_cast/9 "/>
</bind>
</comp>

<comp id="195" class="1004" name="tmp_170_fu_195">
<pin_list>
<pin id="196" dir="0" index="0" bw="2" slack="0"/>
<pin id="197" dir="0" index="1" bw="3" slack="8"/>
<pin id="198" dir="1" index="2" bw="1" slack="1"/>
</pin_list>
<bind>
<opcode="icmp(45) " fcode="icmp"/>
<opset="tmp_170/9 "/>
</bind>
</comp>

<comp id="200" class="1004" name="i_23_fu_200">
<pin_list>
<pin id="201" dir="0" index="0" bw="2" slack="0"/>
<pin id="202" dir="0" index="1" bw="1" slack="0"/>
<pin id="203" dir="1" index="2" bw="2" slack="0"/>
</pin_list>
<bind>
<opcode="add(8) " fcode="add"/>
<opset="i_23/9 "/>
</bind>
</comp>

<comp id="206" class="1005" name="tmp_626_reg_206">
<pin_list>
<pin id="207" dir="0" index="0" bw="1" slack="9"/>
<pin id="208" dir="1" index="1" bw="1" slack="2147483647"/>
</pin_list>
<bind>
<opset="tmp_626 "/>
</bind>
</comp>

<comp id="210" class="1005" name="tmp_627_reg_210">
<pin_list>
<pin id="211" dir="0" index="0" bw="3" slack="1"/>
<pin id="212" dir="1" index="1" bw="3" slack="1"/>
</pin_list>
<bind>
<opset="tmp_627 "/>
</bind>
</comp>

<comp id="216" class="1005" name="betas_addr_reg_216">
<pin_list>
<pin id="217" dir="0" index="0" bw="16" slack="1"/>
<pin id="218" dir="1" index="1" bw="16" slack="1"/>
</pin_list>
<bind>
<opset="betas_addr "/>
</bind>
</comp>

<comp id="222" class="1005" name="tmp_s_reg_222">
<pin_list>
<pin id="223" dir="0" index="0" bw="32" slack="1"/>
<pin id="224" dir="1" index="1" bw="32" slack="1"/>
</pin_list>
<bind>
<opset="tmp_s "/>
</bind>
</comp>

<comp id="227" class="1005" name="tmp_170_reg_227">
<pin_list>
<pin id="228" dir="0" index="0" bw="1" slack="1"/>
<pin id="229" dir="1" index="1" bw="1" slack="2147483647"/>
</pin_list>
<bind>
<opset="tmp_170 "/>
</bind>
</comp>

<comp id="231" class="1005" name="i_23_reg_231">
<pin_list>
<pin id="232" dir="0" index="0" bw="2" slack="0"/>
<pin id="233" dir="1" index="1" bw="2" slack="0"/>
</pin_list>
<bind>
<opset="i_23 "/>
</bind>
</comp>

<comp id="236" class="1005" name="tmp_628_reg_236">
<pin_list>
<pin id="237" dir="0" index="0" bw="16" slack="1"/>
<pin id="238" dir="1" index="1" bw="16" slack="1"/>
</pin_list>
<bind>
<opset="tmp_628 "/>
</bind>
</comp>

</comp_list>

<net_list>
<net id="84"><net_src comp="16" pin="0"/><net_sink comp="80" pin=0"/></net>

<net id="85"><net_src comp="12" pin="0"/><net_sink comp="80" pin=1"/></net>

<net id="90"><net_src comp="18" pin="0"/><net_sink comp="86" pin=0"/></net>

<net id="91"><net_src comp="10" pin="0"/><net_sink comp="86" pin=1"/></net>

<net id="96"><net_src comp="18" pin="0"/><net_sink comp="92" pin=0"/></net>

<net id="97"><net_src comp="8" pin="0"/><net_sink comp="92" pin=1"/></net>

<net id="102"><net_src comp="16" pin="0"/><net_sink comp="98" pin=0"/></net>

<net id="103"><net_src comp="6" pin="0"/><net_sink comp="98" pin=1"/></net>

<net id="108"><net_src comp="20" pin="0"/><net_sink comp="104" pin=0"/></net>

<net id="109"><net_src comp="2" pin="0"/><net_sink comp="104" pin=1"/></net>

<net id="115"><net_src comp="50" pin="0"/><net_sink comp="110" pin=0"/></net>

<net id="120"><net_src comp="62" pin="0"/><net_sink comp="116" pin=0"/></net>

<net id="126"><net_src comp="72" pin="0"/><net_sink comp="121" pin=0"/></net>

<net id="127"><net_src comp="4" pin="0"/><net_sink comp="121" pin=1"/></net>

<net id="133"><net_src comp="76" pin="0"/><net_sink comp="128" pin=0"/></net>

<net id="134"><net_src comp="14" pin="0"/><net_sink comp="128" pin=1"/></net>

<net id="135"><net_src comp="78" pin="0"/><net_sink comp="128" pin=2"/></net>

<net id="139"><net_src comp="52" pin="0"/><net_sink comp="136" pin=0"/></net>

<net id="146"><net_src comp="136" pin="1"/><net_sink comp="140" pin=2"/></net>

<net id="150"><net_src comp="104" pin="2"/><net_sink comp="147" pin=0"/></net>

<net id="155"><net_src comp="92" pin="2"/><net_sink comp="151" pin=0"/></net>

<net id="156"><net_src comp="86" pin="2"/><net_sink comp="151" pin=1"/></net>

<net id="161"><net_src comp="151" pin="2"/><net_sink comp="157" pin=0"/></net>

<net id="162"><net_src comp="48" pin="0"/><net_sink comp="157" pin=1"/></net>

<net id="166"><net_src comp="98" pin="2"/><net_sink comp="163" pin=0"/></net>

<net id="170"><net_src comp="80" pin="2"/><net_sink comp="167" pin=0"/></net>

<net id="175"><net_src comp="147" pin="1"/><net_sink comp="171" pin=0"/></net>

<net id="176"><net_src comp="163" pin="1"/><net_sink comp="171" pin=1"/></net>

<net id="180"><net_src comp="171" pin="2"/><net_sink comp="177" pin=0"/></net>

<net id="185"><net_src comp="0" pin="0"/><net_sink comp="181" pin=0"/></net>

<net id="186"><net_src comp="177" pin="1"/><net_sink comp="181" pin=1"/></net>

<net id="190"><net_src comp="187" pin="1"/><net_sink comp="110" pin=2"/></net>

<net id="194"><net_src comp="140" pin="4"/><net_sink comp="191" pin=0"/></net>

<net id="199"><net_src comp="191" pin="1"/><net_sink comp="195" pin=0"/></net>

<net id="204"><net_src comp="140" pin="4"/><net_sink comp="200" pin=0"/></net>

<net id="205"><net_src comp="60" pin="0"/><net_sink comp="200" pin=1"/></net>

<net id="209"><net_src comp="157" pin="2"/><net_sink comp="206" pin=0"/></net>

<net id="213"><net_src comp="167" pin="1"/><net_sink comp="210" pin=0"/></net>

<net id="214"><net_src comp="210" pin="1"/><net_sink comp="187" pin=0"/></net>

<net id="215"><net_src comp="210" pin="1"/><net_sink comp="195" pin=1"/></net>

<net id="219"><net_src comp="181" pin="2"/><net_sink comp="216" pin=0"/></net>

<net id="220"><net_src comp="216" pin="1"/><net_sink comp="110" pin=1"/></net>

<net id="221"><net_src comp="216" pin="1"/><net_sink comp="116" pin=1"/></net>

<net id="225"><net_src comp="187" pin="1"/><net_sink comp="222" pin=0"/></net>

<net id="226"><net_src comp="222" pin="1"/><net_sink comp="110" pin=2"/></net>

<net id="230"><net_src comp="195" pin="2"/><net_sink comp="227" pin=0"/></net>

<net id="234"><net_src comp="200" pin="2"/><net_sink comp="231" pin=0"/></net>

<net id="235"><net_src comp="231" pin="1"/><net_sink comp="140" pin=0"/></net>

<net id="239"><net_src comp="116" pin="2"/><net_sink comp="236" pin=0"/></net>

<net id="240"><net_src comp="236" pin="1"/><net_sink comp="121" pin=2"/></net>

</net_list>

</model> 
---------------- Datapath Model END ------------------

* FSMD analyzer results:
  - Output states:
	Port: beta_buffer_V | {11 }
	Port: beta_cntl_V | {12 }
 - Input state : 
	Port: copy_beta_fmem2buffe.5 : betas | {2 3 4 5 6 7 8 10 }
	Port: copy_beta_fmem2buffe.5 : betas_offset | {1 }
	Port: copy_beta_fmem2buffe.5 : n | {1 }
	Port: copy_beta_fmem2buffe.5 : r | {1 }
	Port: copy_beta_fmem2buffe.5 : c | {1 }
	Port: copy_beta_fmem2buffe.5 : nLoops | {1 }
  - Chain level:
	State 1
		StgValue_25 : 1
		sum : 1
		sum_cast : 2
		betas_addr : 3
	State 2
		betas_addr_rd_req : 1
	State 3
	State 4
	State 5
	State 6
	State 7
	State 8
	State 9
		i_cast_cast : 1
		tmp_170 : 2
		i_23 : 1
		StgValue_45 : 3
	State 10
	State 11
		empty : 1
	State 12


============================================================
+ Verbose Summary: Datapath Resource usage 
============================================================

* Functional unit list:
|----------|-------------------------------|---------|---------|
| Operation|        Functional Unit        |    FF   |   LUT   |
|----------|-------------------------------|---------|---------|
|    add   |           sum_fu_171          |    0    |    38   |
|          |          i_23_fu_200          |    0    |    9    |
|----------|-------------------------------|---------|---------|
|   icmp   |         tmp_626_fu_157        |    0    |    11   |
|          |         tmp_170_fu_195        |    0    |    9    |
|----------|-------------------------------|---------|---------|
|    or    |           tmp_fu_151          |    0    |    6    |
|----------|-------------------------------|---------|---------|
|          |     nLoops_read_read_fu_80    |    0    |    0    |
|          |       c_read_read_fu_86       |    0    |    0    |
|   read   |       r_read_read_fu_92       |    0    |    0    |
|          |       n_read_read_fu_98       |    0    |    0    |
|          | betas_offset_read_read_fu_104 |    0    |    0    |
|          |      tmp_628_read_fu_116      |    0    |    0    |
|----------|-------------------------------|---------|---------|
|  readreq |       grp_readreq_fu_110      |    0    |    0    |
|----------|-------------------------------|---------|---------|
|  nbwrite |   full_n_i_0_nbwrite_fu_121   |    0    |    0    |
|          |   full_n_i2_0_nbwrite_fu_128  |    0    |    0    |
|----------|-------------------------------|---------|---------|
|          |    betas_offset_cast_fu_147   |    0    |    0    |
|          |      tmp_282_cast_fu_163      |    0    |    0    |
|   zext   |        sum_cast_fu_177        |    0    |    0    |
|          |          tmp_s_fu_187         |    0    |    0    |
|          |       i_cast_cast_fu_191      |    0    |    0    |
|----------|-------------------------------|---------|---------|
|   trunc  |         tmp_627_fu_167        |    0    |    0    |
|----------|-------------------------------|---------|---------|
|   Total  |                               |    0    |    73   |
|----------|-------------------------------|---------|---------|

Memories:
N/A

* Register list:
+------------------+--------+
|                  |   FF   |
+------------------+--------+
|betas_addr_reg_216|   16   |
|   i_23_reg_231   |    2   |
|     i_reg_136    |    2   |
|  tmp_170_reg_227 |    1   |
|  tmp_626_reg_206 |    1   |
|  tmp_627_reg_210 |    3   |
|  tmp_628_reg_236 |   16   |
|   tmp_s_reg_222  |   32   |
+------------------+--------+
|       Total      |   73   |
+------------------+--------+

* Multiplexer (MUX) list: 
|--------------------|------|------|------|--------||---------||---------|
|        Comp        |  Pin | Size |  BW  | S x BW ||  Delay  ||   LUT   |
|--------------------|------|------|------|--------||---------||---------|
| grp_readreq_fu_110 |  p2  |   2  |   3  |    6   ||    9    |
|--------------------|------|------|------|--------||---------||---------|
|        Total       |      |      |      |    6   ||  0.656  ||    9    |
|--------------------|------|------|------|--------||---------||---------|



* Summary:
+-----------+--------+--------+--------+
|           |  Delay |   FF   |   LUT  |
+-----------+--------+--------+--------+
|  Function |    -   |    0   |   73   |
|   Memory  |    -   |    -   |    -   |
|Multiplexer|    0   |    -   |    9   |
|  Register |    -   |   73   |    -   |
+-----------+--------+--------+--------+
|   Total   |    0   |   73   |   82   |
+-----------+--------+--------+--------+
