

================================================================
== Vivado HLS Report for 'copy_weight_fmem2buf_7'
================================================================
* Date:           Sun Apr 28 15:55:18 2019

* Version:        2018.3 (Build 2405991 on Thu Dec 06 23:56:15 MST 2018)
* Project:        mobile_net_hls_v1
* Solution:       solution1
* Product family: zynquplus
* Target device:  xczu9eg-ffvb1156-2-i


================================================================
== Performance Estimates
================================================================
+ Timing (ns): 
    * Summary: 
    +--------+-------+----------+------------+
    |  Clock | Target| Estimated| Uncertainty|
    +--------+-------+----------+------------+
    |ap_clk  |   4.20|     3.675|        0.52|
    +--------+-------+----------+------------+

+ Latency (clock cycles): 
    * Summary: 
    +-----+-----+-----+-----+---------+
    |  Latency  |  Interval | Pipeline|
    | min | max | min | max |   Type  |
    +-----+-----+-----+-----+---------+
    |   41|   41|   41|   41|   none  |
    +-----+-----+-----+-----+---------+

    + Detail: 
        * Instance: 
        N/A

        * Loop: 
        +-------------+-----+-----+----------+-----------+-----------+------+----------+
        |             |  Latency  | Iteration|  Initiation Interval  | Trip |          |
        |  Loop Name  | min | max |  Latency |  achieved |   target  | Count| Pipelined|
        +-------------+-----+-----+----------+-----------+-----------+------+----------+
        |- Loop 1     |   40|   40|        20|          -|          -|     2|    no    |
        | + Loop 1.1  |   10|   10|         3|          1|          1|     9|    yes   |
        +-------------+-----+-----+----------+-----------+-----------+------+----------+

============================================================
+ Verbose Summary: Synthesis Manager
============================================================
InlineROM: 1
ExposeGlobal: 0
============================================================
+ Verbose Summary: CDFG Model
============================================================
IsTopModel: 0
ResetActiveHigh: 1
IsCombinational: 0
IsDatapathOnly: 0
HasWiredReturn: 1
HasMFsm: 0
HasVarLatency: 1
IsPipeline: 0
IsRtlPipelined: 0
IsInstanceOverlapped: 0
IsDontTouch: 0
HasImplIP: 0
IsGatedGlobalClock: 0

+ Individual pipeline summary: 
  * Pipeline-0: initiation interval (II) = 1, depth = 3


============================================================
+ Verbose Summary: Schedule
============================================================
* Number of FSM states : 13
* Pipeline : 1
  Pipeline-0 : II = 1, D = 3, States = { 10 11 12 }
* Dataflow Pipeline: 0

* FSM state transitions: 
1 --> 
	2  / true
2 --> 
	3  / (!exitcond1)
3 --> 
	4  / true
4 --> 
	5  / true
5 --> 
	6  / true
6 --> 
	7  / true
7 --> 
	8  / true
8 --> 
	9  / true
9 --> 
	10  / true
10 --> 
	13  / (exitcond)
	11  / (!exitcond)
11 --> 
	12  / true
12 --> 
	10  / true
13 --> 
	2  / true

* FSM state operations: 

State 1 <SV = 0> <Delay = 0.80>
ST_1 : Operation 14 [1/1] (0.00ns)   --->   "%nLoops_read = call i2 @_ssdm_op_Read.ap_auto.i2(i2 %nLoops)"   --->   Operation 14 'read' 'nLoops_read' <Predicate = true> <Delay = 0.00>
ST_1 : Operation 15 [1/1] (0.00ns)   --->   "%n_read = call i10 @_ssdm_op_Read.ap_auto.i10(i10 %n)"   --->   Operation 15 'read' 'n_read' <Predicate = true> <Delay = 0.00>
ST_1 : Operation 16 [1/1] (0.00ns)   --->   "%weights_offset_read = call i31 @_ssdm_op_Read.ap_auto.i31(i31 %weights_offset)"   --->   Operation 16 'read' 'weights_offset_read' <Predicate = true> <Delay = 0.00>
ST_1 : Operation 17 [1/1] (0.00ns)   --->   "%weights_offset_cast = zext i31 %weights_offset_read to i32"   --->   Operation 17 'zext' 'weights_offset_cast' <Predicate = true> <Delay = 0.00>
ST_1 : Operation 18 [1/1] (0.00ns)   --->   "call void (...)* @_ssdm_op_SpecInterface(i1* %weight_cntl_V, [8 x i8]* @ap_fifo_str, i32 0, i32 0, [1 x i8]* @p_str, i32 0, i32 0, [1 x i8]* @p_str, [1 x i8]* @p_str, [1 x i8]* @p_str, i32 2, i32 2, i32 16, i32 16, [1 x i8]* @p_str, [1 x i8]* @p_str)"   --->   Operation 18 'specinterface' <Predicate = true> <Delay = 0.00>
ST_1 : Operation 19 [1/1] (0.00ns)   --->   "call void (...)* @_ssdm_op_SpecInterface(half* %weight_buffer_0_V, [8 x i8]* @ap_fifo_str, i32 0, i32 0, [1 x i8]* @p_str, i32 0, i32 0, [1 x i8]* @p_str, [1 x i8]* @p_str, [1 x i8]* @p_str, i32 2, i32 2, i32 16, i32 16, [1 x i8]* @p_str, [1 x i8]* @p_str)"   --->   Operation 19 'specinterface' <Predicate = true> <Delay = 0.00>
ST_1 : Operation 20 [1/1] (0.00ns)   --->   "call void (...)* @_ssdm_op_SpecInterface(half* %weight_buffer_1_V, [8 x i8]* @ap_fifo_str, i32 0, i32 0, [1 x i8]* @p_str, i32 0, i32 0, [1 x i8]* @p_str, [1 x i8]* @p_str, [1 x i8]* @p_str, i32 2, i32 2, i32 16, i32 16, [1 x i8]* @p_str, [1 x i8]* @p_str)"   --->   Operation 20 'specinterface' <Predicate = true> <Delay = 0.00>
ST_1 : Operation 21 [1/1] (0.00ns)   --->   "call void (...)* @_ssdm_op_SpecInterface(half* %weight_buffer_2_V, [8 x i8]* @ap_fifo_str, i32 0, i32 0, [1 x i8]* @p_str, i32 0, i32 0, [1 x i8]* @p_str, [1 x i8]* @p_str, [1 x i8]* @p_str, i32 2, i32 2, i32 16, i32 16, [1 x i8]* @p_str, [1 x i8]* @p_str)"   --->   Operation 21 'specinterface' <Predicate = true> <Delay = 0.00>
ST_1 : Operation 22 [1/1] (0.00ns)   --->   "call void (...)* @_ssdm_op_SpecInterface(half* %weight_buffer_3_V, [8 x i8]* @ap_fifo_str, i32 0, i32 0, [1 x i8]* @p_str, i32 0, i32 0, [1 x i8]* @p_str, [1 x i8]* @p_str, [1 x i8]* @p_str, i32 2, i32 2, i32 16, i32 16, [1 x i8]* @p_str, [1 x i8]* @p_str)"   --->   Operation 22 'specinterface' <Predicate = true> <Delay = 0.00>
ST_1 : Operation 23 [1/1] (0.00ns)   --->   "call void (...)* @_ssdm_op_SpecInterface(half* %weight_buffer_4_V, [8 x i8]* @ap_fifo_str, i32 0, i32 0, [1 x i8]* @p_str, i32 0, i32 0, [1 x i8]* @p_str, [1 x i8]* @p_str, [1 x i8]* @p_str, i32 2, i32 2, i32 16, i32 16, [1 x i8]* @p_str, [1 x i8]* @p_str)"   --->   Operation 23 'specinterface' <Predicate = true> <Delay = 0.00>
ST_1 : Operation 24 [1/1] (0.00ns)   --->   "call void (...)* @_ssdm_op_SpecInterface(half* %weight_buffer_5_V, [8 x i8]* @ap_fifo_str, i32 0, i32 0, [1 x i8]* @p_str, i32 0, i32 0, [1 x i8]* @p_str, [1 x i8]* @p_str, [1 x i8]* @p_str, i32 2, i32 2, i32 16, i32 16, [1 x i8]* @p_str, [1 x i8]* @p_str)"   --->   Operation 24 'specinterface' <Predicate = true> <Delay = 0.00>
ST_1 : Operation 25 [1/1] (0.00ns)   --->   "call void (...)* @_ssdm_op_SpecInterface(half* %weight_buffer_6_V, [8 x i8]* @ap_fifo_str, i32 0, i32 0, [1 x i8]* @p_str, i32 0, i32 0, [1 x i8]* @p_str, [1 x i8]* @p_str, [1 x i8]* @p_str, i32 2, i32 2, i32 16, i32 16, [1 x i8]* @p_str, [1 x i8]* @p_str)"   --->   Operation 25 'specinterface' <Predicate = true> <Delay = 0.00>
ST_1 : Operation 26 [1/1] (0.00ns)   --->   "call void (...)* @_ssdm_op_SpecInterface(half* %weight_buffer_7_V, [8 x i8]* @ap_fifo_str, i32 0, i32 0, [1 x i8]* @p_str, i32 0, i32 0, [1 x i8]* @p_str, [1 x i8]* @p_str, [1 x i8]* @p_str, i32 2, i32 2, i32 16, i32 16, [1 x i8]* @p_str, [1 x i8]* @p_str)"   --->   Operation 26 'specinterface' <Predicate = true> <Delay = 0.00>
ST_1 : Operation 27 [1/1] (0.00ns)   --->   "call void (...)* @_ssdm_op_SpecInterface(half* %weight_buffer_8_V, [8 x i8]* @ap_fifo_str, i32 0, i32 0, [1 x i8]* @p_str, i32 0, i32 0, [1 x i8]* @p_str, [1 x i8]* @p_str, [1 x i8]* @p_str, i32 2, i32 2, i32 16, i32 16, [1 x i8]* @p_str, [1 x i8]* @p_str)"   --->   Operation 27 'specinterface' <Predicate = true> <Delay = 0.00>
ST_1 : Operation 28 [1/1] (0.00ns)   --->   "call void (...)* @_ssdm_op_SpecMemCore(half* %weight_buffer_0_V, half* %weight_buffer_1_V, half* %weight_buffer_2_V, half* %weight_buffer_3_V, half* %weight_buffer_4_V, half* %weight_buffer_5_V, half* %weight_buffer_6_V, half* %weight_buffer_7_V, half* %weight_buffer_8_V, [1 x i8]* @p_str, [10 x i8]* @p_str71, [1 x i8]* @p_str, i32 -1, [1 x i8]* @p_str, [1 x i8]* @p_str, [1 x i8]* @p_str, [1 x i8]* @p_str, [1 x i8]* @p_str)"   --->   Operation 28 'specmemcore' <Predicate = true> <Delay = 0.00>
ST_1 : Operation 29 [1/1] (0.00ns)   --->   "call void (...)* @_ssdm_op_SpecInterface(half* %weights, [6 x i8]* @p_str1, i32 0, i32 0, [1 x i8]* @p_str, i32 0, i32 4608, [7 x i8]* @p_str51, [7 x i8]* @p_str3, [1 x i8]* @p_str, i32 16, i32 16, i32 16, i32 16, [1 x i8]* @p_str, [1 x i8]* @p_str)"   --->   Operation 29 'specinterface' <Predicate = true> <Delay = 0.00>
ST_1 : Operation 30 [1/1] (0.00ns)   --->   "%tmp_539 = trunc i10 %n_read to i9"   --->   Operation 30 'trunc' 'tmp_539' <Predicate = true> <Delay = 0.00>
ST_1 : Operation 31 [1/1] (0.00ns)   --->   "%p_shl = call i12 @_ssdm_op_BitConcatenate.i12.i9.i3(i9 %tmp_539, i3 0)" [mobile_net_hls_v1/conv.hpp:727]   --->   Operation 31 'bitconcatenate' 'p_shl' <Predicate = true> <Delay = 0.00>
ST_1 : Operation 32 [1/1] (0.00ns)   --->   "%p_shl_cast4 = zext i12 %p_shl to i13" [mobile_net_hls_v1/conv.hpp:727]   --->   Operation 32 'zext' 'p_shl_cast4' <Predicate = true> <Delay = 0.00>
ST_1 : Operation 33 [1/1] (0.00ns)   --->   "%n_cast_cast = zext i10 %n_read to i13" [mobile_net_hls_v1/conv.hpp:727]   --->   Operation 33 'zext' 'n_cast_cast' <Predicate = true> <Delay = 0.00>
ST_1 : Operation 34 [1/1] (0.80ns)   --->   "%base_addr1 = add i13 %p_shl_cast4, %n_cast_cast" [mobile_net_hls_v1/conv.hpp:727]   --->   Operation 34 'add' 'base_addr1' <Predicate = true> <Delay = 0.80> <Core = "AddSub">   --->   Core 14 'AddSub' <Latency = 0> <II = 1> <Delay = 0.82> <FuncUnit> <Opcode : 'add' 'sub'> <InPorts = 2> <OutPorts = 1>
ST_1 : Operation 35 [1/1] (0.65ns)   --->   "br label %.preheader" [mobile_net_hls_v1/conv.hpp:729]   --->   Operation 35 'br' <Predicate = true> <Delay = 0.65>

State 2 <SV = 1> <Delay = 1.83>
ST_2 : Operation 36 [1/1] (0.00ns)   --->   "%base_addr1_d = phi i13 [ %base_addr1_d1_3, %5 ], [ %base_addr1, %0 ]"   --->   Operation 36 'phi' 'base_addr1_d' <Predicate = true> <Delay = 0.00>
ST_2 : Operation 37 [1/1] (0.00ns)   --->   "%tn = phi i2 [ %tn_3, %5 ], [ 0, %0 ]"   --->   Operation 37 'phi' 'tn' <Predicate = true> <Delay = 0.00>
ST_2 : Operation 38 [1/1] (0.44ns)   --->   "%exitcond1 = icmp eq i2 %tn, %nLoops_read" [mobile_net_hls_v1/conv.hpp:730]   --->   Operation 38 'icmp' 'exitcond1' <Predicate = true> <Delay = 0.44> <Core = "Cmp">   --->   Core 25 'Cmp' <Latency = 0> <II = 1> <Delay = 0.44> <FuncUnit> <Opcode : 'icmp'> <InPorts = 2> <OutPorts = 1>
ST_2 : Operation 39 [1/1] (0.54ns)   --->   "%tn_3 = add i2 %tn, 1" [mobile_net_hls_v1/conv.hpp:730]   --->   Operation 39 'add' 'tn_3' <Predicate = true> <Delay = 0.54> <Core = "AddSub">   --->   Core 14 'AddSub' <Latency = 0> <II = 1> <Delay = 0.82> <FuncUnit> <Opcode : 'add' 'sub'> <InPorts = 2> <OutPorts = 1>
ST_2 : Operation 40 [1/1] (0.00ns)   --->   "br i1 %exitcond1, label %.loopexit, label %1" [mobile_net_hls_v1/conv.hpp:730]   --->   Operation 40 'br' <Predicate = true> <Delay = 0.00>
ST_2 : Operation 41 [1/1] (0.00ns)   --->   "%tmp_cast = zext i13 %base_addr1_d to i32" [mobile_net_hls_v1/conv.hpp:737]   --->   Operation 41 'zext' 'tmp_cast' <Predicate = (!exitcond1)> <Delay = 0.00>
ST_2 : Operation 42 [1/1] (1.00ns)   --->   "%sum = add i32 %weights_offset_cast, %tmp_cast" [mobile_net_hls_v1/conv.hpp:737]   --->   Operation 42 'add' 'sum' <Predicate = (!exitcond1)> <Delay = 1.00> <Core = "AddSub">   --->   Core 14 'AddSub' <Latency = 0> <II = 1> <Delay = 0.82> <FuncUnit> <Opcode : 'add' 'sub'> <InPorts = 2> <OutPorts = 1>
ST_2 : Operation 43 [1/1] (0.00ns)   --->   "%sum_cast = zext i32 %sum to i64" [mobile_net_hls_v1/conv.hpp:737]   --->   Operation 43 'zext' 'sum_cast' <Predicate = (!exitcond1)> <Delay = 0.00>
ST_2 : Operation 44 [1/1] (0.00ns)   --->   "%weights_addr = getelementptr half* %weights, i64 %sum_cast" [mobile_net_hls_v1/conv.hpp:737]   --->   Operation 44 'getelementptr' 'weights_addr' <Predicate = (!exitcond1)> <Delay = 0.00>
ST_2 : Operation 45 [1/1] (1.83ns)   --->   "%full_n_i2_0 = call i1 @_ssdm_op_NbWrite.ap_fifo.volatile.i1P(i1* %weight_cntl_V, i1 undef)" [mobile_net_hls_v1/conv.hpp:741]   --->   Operation 45 'nbwrite' 'full_n_i2_0' <Predicate = (exitcond1)> <Delay = 1.83> <Core = "FIFO_SRL">   --->   Core 36 'FIFO_SRL' <Latency = 0> <II = 1> <Delay = 1.83> <Storage> <Opcode : 'read' 'write' 'nbread' 'nbwrite'> <Ports = 0> <Width = 1> <Depth = 0> <FIFO>
ST_2 : Operation 46 [1/1] (0.00ns)   --->   "ret void" [mobile_net_hls_v1/conv.hpp:742]   --->   Operation 46 'ret' <Predicate = (exitcond1)> <Delay = 0.00>

State 3 <SV = 2> <Delay = 3.67>
ST_3 : Operation 47 [7/7] (3.67ns)   --->   "%weights_addr_rd_req = call i1 @_ssdm_op_ReadReq.m_axi.halfP(half* %weights_addr, i32 9)" [mobile_net_hls_v1/conv.hpp:737]   --->   Operation 47 'readreq' 'weights_addr_rd_req' <Predicate = true> <Delay = 3.67> <Core = "m_axi">   --->   Core 9 'm_axi' <Latency = 6> <II = 1> <Delay = 1.00> <Adapter> <Opcode : 'read' 'write' 'readreq' 'writereq' 'writeresp'>

State 4 <SV = 3> <Delay = 3.67>
ST_4 : Operation 48 [6/7] (3.67ns)   --->   "%weights_addr_rd_req = call i1 @_ssdm_op_ReadReq.m_axi.halfP(half* %weights_addr, i32 9)" [mobile_net_hls_v1/conv.hpp:737]   --->   Operation 48 'readreq' 'weights_addr_rd_req' <Predicate = true> <Delay = 3.67> <Core = "m_axi">   --->   Core 9 'm_axi' <Latency = 6> <II = 1> <Delay = 1.00> <Adapter> <Opcode : 'read' 'write' 'readreq' 'writereq' 'writeresp'>

State 5 <SV = 4> <Delay = 3.67>
ST_5 : Operation 49 [5/7] (3.67ns)   --->   "%weights_addr_rd_req = call i1 @_ssdm_op_ReadReq.m_axi.halfP(half* %weights_addr, i32 9)" [mobile_net_hls_v1/conv.hpp:737]   --->   Operation 49 'readreq' 'weights_addr_rd_req' <Predicate = true> <Delay = 3.67> <Core = "m_axi">   --->   Core 9 'm_axi' <Latency = 6> <II = 1> <Delay = 1.00> <Adapter> <Opcode : 'read' 'write' 'readreq' 'writereq' 'writeresp'>

State 6 <SV = 5> <Delay = 3.67>
ST_6 : Operation 50 [4/7] (3.67ns)   --->   "%weights_addr_rd_req = call i1 @_ssdm_op_ReadReq.m_axi.halfP(half* %weights_addr, i32 9)" [mobile_net_hls_v1/conv.hpp:737]   --->   Operation 50 'readreq' 'weights_addr_rd_req' <Predicate = true> <Delay = 3.67> <Core = "m_axi">   --->   Core 9 'm_axi' <Latency = 6> <II = 1> <Delay = 1.00> <Adapter> <Opcode : 'read' 'write' 'readreq' 'writereq' 'writeresp'>

State 7 <SV = 6> <Delay = 3.67>
ST_7 : Operation 51 [3/7] (3.67ns)   --->   "%weights_addr_rd_req = call i1 @_ssdm_op_ReadReq.m_axi.halfP(half* %weights_addr, i32 9)" [mobile_net_hls_v1/conv.hpp:737]   --->   Operation 51 'readreq' 'weights_addr_rd_req' <Predicate = true> <Delay = 3.67> <Core = "m_axi">   --->   Core 9 'm_axi' <Latency = 6> <II = 1> <Delay = 1.00> <Adapter> <Opcode : 'read' 'write' 'readreq' 'writereq' 'writeresp'>

State 8 <SV = 7> <Delay = 3.67>
ST_8 : Operation 52 [2/7] (3.67ns)   --->   "%weights_addr_rd_req = call i1 @_ssdm_op_ReadReq.m_axi.halfP(half* %weights_addr, i32 9)" [mobile_net_hls_v1/conv.hpp:737]   --->   Operation 52 'readreq' 'weights_addr_rd_req' <Predicate = true> <Delay = 3.67> <Core = "m_axi">   --->   Core 9 'm_axi' <Latency = 6> <II = 1> <Delay = 1.00> <Adapter> <Opcode : 'read' 'write' 'readreq' 'writereq' 'writeresp'>

State 9 <SV = 8> <Delay = 3.67>
ST_9 : Operation 53 [1/1] (0.00ns)   --->   "%tmp = call i32 (...)* @_ssdm_op_SpecRegionBegin([14 x i8]* @p_str156)" [mobile_net_hls_v1/conv.hpp:731]   --->   Operation 53 'specregionbegin' 'tmp' <Predicate = true> <Delay = 0.00>
ST_9 : Operation 54 [1/1] (0.00ns)   --->   "call void (...)* @_ssdm_op_SpecLoopTripCount(i32 2, i32 2, i32 2, [1 x i8]* @p_str) nounwind" [mobile_net_hls_v1/conv.hpp:732]   --->   Operation 54 'speclooptripcount' <Predicate = true> <Delay = 0.00>
ST_9 : Operation 55 [1/7] (3.67ns)   --->   "%weights_addr_rd_req = call i1 @_ssdm_op_ReadReq.m_axi.halfP(half* %weights_addr, i32 9)" [mobile_net_hls_v1/conv.hpp:737]   --->   Operation 55 'readreq' 'weights_addr_rd_req' <Predicate = true> <Delay = 3.67> <Core = "m_axi">   --->   Core 9 'm_axi' <Latency = 6> <II = 1> <Delay = 1.00> <Adapter> <Opcode : 'read' 'write' 'readreq' 'writereq' 'writeresp'>
ST_9 : Operation 56 [1/1] (0.65ns)   --->   "br label %2" [mobile_net_hls_v1/conv.hpp:733]   --->   Operation 56 'br' <Predicate = true> <Delay = 0.65>

State 10 <SV = 9> <Delay = 0.79>
ST_10 : Operation 57 [1/1] (0.00ns)   --->   "%i = phi i4 [ 0, %1 ], [ %i_3, %4 ]"   --->   Operation 57 'phi' 'i' <Predicate = true> <Delay = 0.00>
ST_10 : Operation 58 [1/1] (0.72ns)   --->   "%exitcond = icmp eq i4 %i, -7" [mobile_net_hls_v1/conv.hpp:733]   --->   Operation 58 'icmp' 'exitcond' <Predicate = true> <Delay = 0.72> <Core = "Cmp">   --->   Core 25 'Cmp' <Latency = 0> <II = 1> <Delay = 0.44> <FuncUnit> <Opcode : 'icmp'> <InPorts = 2> <OutPorts = 1>
ST_10 : Operation 59 [1/1] (0.00ns)   --->   "call void (...)* @_ssdm_op_SpecLoopTripCount(i64 9, i64 9, i64 9)"   --->   Operation 59 'speclooptripcount' <Predicate = true> <Delay = 0.00>
ST_10 : Operation 60 [1/1] (0.79ns)   --->   "%i_3 = add i4 %i, 1" [mobile_net_hls_v1/conv.hpp:733]   --->   Operation 60 'add' 'i_3' <Predicate = true> <Delay = 0.79> <Core = "AddSub">   --->   Core 14 'AddSub' <Latency = 0> <II = 1> <Delay = 0.82> <FuncUnit> <Opcode : 'add' 'sub'> <InPorts = 2> <OutPorts = 1>
ST_10 : Operation 61 [1/1] (0.00ns)   --->   "br i1 %exitcond, label %5, label %3" [mobile_net_hls_v1/conv.hpp:733]   --->   Operation 61 'br' <Predicate = true> <Delay = 0.00>
ST_10 : Operation 62 [1/1] (0.75ns)   --->   "switch i4 %i, label %branch8 [
    i4 0, label %branch0
    i4 1, label %branch1
    i4 2, label %branch2
    i4 3, label %branch3
    i4 4, label %branch4
    i4 5, label %branch5
    i4 6, label %branch6
    i4 7, label %branch7
  ]" [mobile_net_hls_v1/conv.hpp:737]   --->   Operation 62 'switch' <Predicate = (!exitcond)> <Delay = 0.75>

State 11 <SV = 10> <Delay = 3.67>
ST_11 : Operation 63 [1/1] (3.67ns)   --->   "%tmp_540 = call half @_ssdm_op_Read.m_axi.halfP(half* %weights_addr)" [mobile_net_hls_v1/conv.hpp:737]   --->   Operation 63 'read' 'tmp_540' <Predicate = true> <Delay = 3.67> <Core = "m_axi">   --->   Core 9 'm_axi' <Latency = 6> <II = 1> <Delay = 1.00> <Adapter> <Opcode : 'read' 'write' 'readreq' 'writereq' 'writeresp'>
ST_11 : Operation 64 [1/1] (0.00ns)   --->   "br label %4" [mobile_net_hls_v1/conv.hpp:737]   --->   Operation 64 'br' <Predicate = (i == 7)> <Delay = 0.00>
ST_11 : Operation 65 [1/1] (0.00ns)   --->   "br label %4" [mobile_net_hls_v1/conv.hpp:737]   --->   Operation 65 'br' <Predicate = (i == 6)> <Delay = 0.00>
ST_11 : Operation 66 [1/1] (0.00ns)   --->   "br label %4" [mobile_net_hls_v1/conv.hpp:737]   --->   Operation 66 'br' <Predicate = (i == 5)> <Delay = 0.00>
ST_11 : Operation 67 [1/1] (0.00ns)   --->   "br label %4" [mobile_net_hls_v1/conv.hpp:737]   --->   Operation 67 'br' <Predicate = (i == 4)> <Delay = 0.00>
ST_11 : Operation 68 [1/1] (0.00ns)   --->   "br label %4" [mobile_net_hls_v1/conv.hpp:737]   --->   Operation 68 'br' <Predicate = (i == 3)> <Delay = 0.00>
ST_11 : Operation 69 [1/1] (0.00ns)   --->   "br label %4" [mobile_net_hls_v1/conv.hpp:737]   --->   Operation 69 'br' <Predicate = (i == 2)> <Delay = 0.00>
ST_11 : Operation 70 [1/1] (0.00ns)   --->   "br label %4" [mobile_net_hls_v1/conv.hpp:737]   --->   Operation 70 'br' <Predicate = (i == 1)> <Delay = 0.00>
ST_11 : Operation 71 [1/1] (0.00ns)   --->   "br label %4" [mobile_net_hls_v1/conv.hpp:737]   --->   Operation 71 'br' <Predicate = (i == 0)> <Delay = 0.00>
ST_11 : Operation 72 [1/1] (0.00ns)   --->   "br label %4" [mobile_net_hls_v1/conv.hpp:737]   --->   Operation 72 'br' <Predicate = (i != 0 & i != 1 & i != 2 & i != 3 & i != 4 & i != 5 & i != 6 & i != 7)> <Delay = 0.00>

State 12 <SV = 11> <Delay = 1.63>
ST_12 : Operation 73 [1/1] (0.00ns)   --->   "%tmp_s = call i32 (...)* @_ssdm_op_SpecRegionBegin([14 x i8]* @p_str157)" [mobile_net_hls_v1/conv.hpp:734]   --->   Operation 73 'specregionbegin' 'tmp_s' <Predicate = true> <Delay = 0.00>
ST_12 : Operation 74 [1/1] (0.00ns)   --->   "call void (...)* @_ssdm_op_SpecPipeline(i32 1, i32 1, i32 1, i32 0, [1 x i8]* @p_str) nounwind" [mobile_net_hls_v1/conv.hpp:736]   --->   Operation 74 'specpipeline' <Predicate = true> <Delay = 0.00>
ST_12 : Operation 75 [1/1] (1.63ns)   --->   "%full_n_i_024 = call i1 @_ssdm_op_NbWrite.ap_fifo.volatile.halfP(half* %weight_buffer_7_V, half %tmp_540)" [mobile_net_hls_v1/conv.hpp:737]   --->   Operation 75 'nbwrite' 'full_n_i_024' <Predicate = (i == 7)> <Delay = 1.63> <Core = "FIFO_BRAM">   --->   Core 34 'FIFO_BRAM' <Latency = 0> <II = 1> <Delay = 1.63> <Storage> <Opcode : 'read' 'write' 'nbread' 'nbwrite'> <Ports = 0> <Width = 16> <Depth = 0> <FIFO>
ST_12 : Operation 76 [1/1] (1.63ns)   --->   "%full_n_i_023 = call i1 @_ssdm_op_NbWrite.ap_fifo.volatile.halfP(half* %weight_buffer_6_V, half %tmp_540)" [mobile_net_hls_v1/conv.hpp:737]   --->   Operation 76 'nbwrite' 'full_n_i_023' <Predicate = (i == 6)> <Delay = 1.63> <Core = "FIFO_BRAM">   --->   Core 34 'FIFO_BRAM' <Latency = 0> <II = 1> <Delay = 1.63> <Storage> <Opcode : 'read' 'write' 'nbread' 'nbwrite'> <Ports = 0> <Width = 16> <Depth = 0> <FIFO>
ST_12 : Operation 77 [1/1] (1.63ns)   --->   "%full_n_i_022 = call i1 @_ssdm_op_NbWrite.ap_fifo.volatile.halfP(half* %weight_buffer_5_V, half %tmp_540)" [mobile_net_hls_v1/conv.hpp:737]   --->   Operation 77 'nbwrite' 'full_n_i_022' <Predicate = (i == 5)> <Delay = 1.63> <Core = "FIFO_BRAM">   --->   Core 34 'FIFO_BRAM' <Latency = 0> <II = 1> <Delay = 1.63> <Storage> <Opcode : 'read' 'write' 'nbread' 'nbwrite'> <Ports = 0> <Width = 16> <Depth = 0> <FIFO>
ST_12 : Operation 78 [1/1] (1.63ns)   --->   "%full_n_i_021 = call i1 @_ssdm_op_NbWrite.ap_fifo.volatile.halfP(half* %weight_buffer_4_V, half %tmp_540)" [mobile_net_hls_v1/conv.hpp:737]   --->   Operation 78 'nbwrite' 'full_n_i_021' <Predicate = (i == 4)> <Delay = 1.63> <Core = "FIFO_BRAM">   --->   Core 34 'FIFO_BRAM' <Latency = 0> <II = 1> <Delay = 1.63> <Storage> <Opcode : 'read' 'write' 'nbread' 'nbwrite'> <Ports = 0> <Width = 16> <Depth = 0> <FIFO>
ST_12 : Operation 79 [1/1] (1.63ns)   --->   "%full_n_i_020 = call i1 @_ssdm_op_NbWrite.ap_fifo.volatile.halfP(half* %weight_buffer_3_V, half %tmp_540)" [mobile_net_hls_v1/conv.hpp:737]   --->   Operation 79 'nbwrite' 'full_n_i_020' <Predicate = (i == 3)> <Delay = 1.63> <Core = "FIFO_BRAM">   --->   Core 34 'FIFO_BRAM' <Latency = 0> <II = 1> <Delay = 1.63> <Storage> <Opcode : 'read' 'write' 'nbread' 'nbwrite'> <Ports = 0> <Width = 16> <Depth = 0> <FIFO>
ST_12 : Operation 80 [1/1] (1.63ns)   --->   "%full_n_i_019 = call i1 @_ssdm_op_NbWrite.ap_fifo.volatile.halfP(half* %weight_buffer_2_V, half %tmp_540)" [mobile_net_hls_v1/conv.hpp:737]   --->   Operation 80 'nbwrite' 'full_n_i_019' <Predicate = (i == 2)> <Delay = 1.63> <Core = "FIFO_BRAM">   --->   Core 34 'FIFO_BRAM' <Latency = 0> <II = 1> <Delay = 1.63> <Storage> <Opcode : 'read' 'write' 'nbread' 'nbwrite'> <Ports = 0> <Width = 16> <Depth = 0> <FIFO>
ST_12 : Operation 81 [1/1] (1.63ns)   --->   "%full_n_i_018 = call i1 @_ssdm_op_NbWrite.ap_fifo.volatile.halfP(half* %weight_buffer_1_V, half %tmp_540)" [mobile_net_hls_v1/conv.hpp:737]   --->   Operation 81 'nbwrite' 'full_n_i_018' <Predicate = (i == 1)> <Delay = 1.63> <Core = "FIFO_BRAM">   --->   Core 34 'FIFO_BRAM' <Latency = 0> <II = 1> <Delay = 1.63> <Storage> <Opcode : 'read' 'write' 'nbread' 'nbwrite'> <Ports = 0> <Width = 16> <Depth = 0> <FIFO>
ST_12 : Operation 82 [1/1] (1.63ns)   --->   "%full_n_i_017 = call i1 @_ssdm_op_NbWrite.ap_fifo.volatile.halfP(half* %weight_buffer_0_V, half %tmp_540)" [mobile_net_hls_v1/conv.hpp:737]   --->   Operation 82 'nbwrite' 'full_n_i_017' <Predicate = (i == 0)> <Delay = 1.63> <Core = "FIFO_BRAM">   --->   Core 34 'FIFO_BRAM' <Latency = 0> <II = 1> <Delay = 1.63> <Storage> <Opcode : 'read' 'write' 'nbread' 'nbwrite'> <Ports = 0> <Width = 16> <Depth = 0> <FIFO>
ST_12 : Operation 83 [1/1] (1.63ns)   --->   "%full_n_i_025 = call i1 @_ssdm_op_NbWrite.ap_fifo.volatile.halfP(half* %weight_buffer_8_V, half %tmp_540)" [mobile_net_hls_v1/conv.hpp:737]   --->   Operation 83 'nbwrite' 'full_n_i_025' <Predicate = (i != 0 & i != 1 & i != 2 & i != 3 & i != 4 & i != 5 & i != 6 & i != 7)> <Delay = 1.63> <Core = "FIFO_BRAM">   --->   Core 34 'FIFO_BRAM' <Latency = 0> <II = 1> <Delay = 1.63> <Storage> <Opcode : 'read' 'write' 'nbread' 'nbwrite'> <Ports = 0> <Width = 16> <Depth = 0> <FIFO>
ST_12 : Operation 84 [1/1] (0.00ns)   --->   "%empty = call i32 (...)* @_ssdm_op_SpecRegionEnd([14 x i8]* @p_str157, i32 %tmp_s)" [mobile_net_hls_v1/conv.hpp:738]   --->   Operation 84 'specregionend' 'empty' <Predicate = (!exitcond)> <Delay = 0.00>
ST_12 : Operation 85 [1/1] (0.00ns)   --->   "br label %2" [mobile_net_hls_v1/conv.hpp:733]   --->   Operation 85 'br' <Predicate = (!exitcond)> <Delay = 0.00>

State 13 <SV = 10> <Delay = 0.82>
ST_13 : Operation 86 [1/1] (0.82ns)   --->   "%base_addr1_d1_3 = add i13 %base_addr1_d, 9" [mobile_net_hls_v1/conv.hpp:739]   --->   Operation 86 'add' 'base_addr1_d1_3' <Predicate = true> <Delay = 0.82> <Core = "AddSub">   --->   Core 14 'AddSub' <Latency = 0> <II = 1> <Delay = 0.82> <FuncUnit> <Opcode : 'add' 'sub'> <InPorts = 2> <OutPorts = 1>
ST_13 : Operation 87 [1/1] (0.00ns)   --->   "%empty_145 = call i32 (...)* @_ssdm_op_SpecRegionEnd([14 x i8]* @p_str156, i32 %tmp)" [mobile_net_hls_v1/conv.hpp:740]   --->   Operation 87 'specregionend' 'empty_145' <Predicate = true> <Delay = 0.00>
ST_13 : Operation 88 [1/1] (0.00ns)   --->   "br label %.preheader" [mobile_net_hls_v1/conv.hpp:730]   --->   Operation 88 'br' <Predicate = true> <Delay = 0.00>


============================================================
+ Verbose Summary: Timing violations
============================================================
Target clock period: 4.2ns, clock uncertainty: 0.525ns.

 <State 1>: 0.809ns
The critical path consists of the following:
	wire read on port 'n' [16]  (0 ns)
	'add' operation ('base_addr1', mobile_net_hls_v1/conv.hpp:727) [35]  (0.809 ns)

 <State 2>: 1.84ns
The critical path consists of the following:
	fifo write on port 'weight_cntl_V' (mobile_net_hls_v1/conv.hpp:741) [98]  (1.84 ns)

 <State 3>: 3.67ns
The critical path consists of the following:
	bus request on port 'weights' (mobile_net_hls_v1/conv.hpp:737) [50]  (3.67 ns)

 <State 4>: 3.67ns
The critical path consists of the following:
	bus request on port 'weights' (mobile_net_hls_v1/conv.hpp:737) [50]  (3.67 ns)

 <State 5>: 3.67ns
The critical path consists of the following:
	bus request on port 'weights' (mobile_net_hls_v1/conv.hpp:737) [50]  (3.67 ns)

 <State 6>: 3.67ns
The critical path consists of the following:
	bus request on port 'weights' (mobile_net_hls_v1/conv.hpp:737) [50]  (3.67 ns)

 <State 7>: 3.67ns
The critical path consists of the following:
	bus request on port 'weights' (mobile_net_hls_v1/conv.hpp:737) [50]  (3.67 ns)

 <State 8>: 3.67ns
The critical path consists of the following:
	bus request on port 'weights' (mobile_net_hls_v1/conv.hpp:737) [50]  (3.67 ns)

 <State 9>: 3.67ns
The critical path consists of the following:
	bus request on port 'weights' (mobile_net_hls_v1/conv.hpp:737) [50]  (3.67 ns)

 <State 10>: 0.797ns
The critical path consists of the following:
	'phi' operation ('i') with incoming values : ('i', mobile_net_hls_v1/conv.hpp:733) [53]  (0 ns)
	'add' operation ('i', mobile_net_hls_v1/conv.hpp:733) [56]  (0.797 ns)

 <State 11>: 3.67ns
The critical path consists of the following:
	bus read on port 'weights' (mobile_net_hls_v1/conv.hpp:737) [61]  (3.67 ns)

 <State 12>: 1.64ns
The critical path consists of the following:
	fifo write on port 'weight_buffer_7_V' (mobile_net_hls_v1/conv.hpp:737) [64]  (1.64 ns)

 <State 13>: 0.82ns
The critical path consists of the following:
	'add' operation ('base_addr1_d1', mobile_net_hls_v1/conv.hpp:739) [94]  (0.82 ns)


============================================================
+ Verbose Summary: Binding
============================================================
N/A
* FSMD analyzer results:
  - Output states:
 - Input state : 
  - Chain level:
	State 1
	State 2
	State 3
	State 4
	State 5
	State 6
	State 7
	State 8
	State 9
	State 10
	State 11
	State 12
	State 13


============================================================
+ Verbose Summary: Datapath Resource usage 
============================================================
N/A
