

================================================================
== Vivado HLS Report for 'last_layer'
================================================================
* Date:           Sun Apr 28 15:58:00 2019

* Version:        2018.3 (Build 2405991 on Thu Dec 06 23:56:15 MST 2018)
* Project:        mobile_net_hls_v1
* Solution:       solution1
* Product family: zynquplus
* Target device:  xczu9eg-ffvb1156-2-i


================================================================
== Performance Estimates
================================================================
+ Timing (ns): 
    * Summary: 
    +--------+-------+----------+------------+
    |  Clock | Target| Estimated| Uncertainty|
    +--------+-------+----------+------------+
    |ap_clk  |   4.20|     3.675|        0.52|
    +--------+-------+----------+------------+

+ Latency (clock cycles): 
    * Summary: 
    +-----+-----+-----+-----+---------+
    |  Latency  |  Interval | Pipeline|
    | min | max | min | max |   Type  |
    +-----+-----+-----+-----+---------+
    |    ?|    ?|    ?|    ?|   none  |
    +-----+-----+-----+-----+---------+

    + Detail: 
        * Instance: 
        +---------------+-------+-----+-----+-----+-----+---------+
        |               |       |  Latency  |  Interval | Pipeline|
        |    Instance   | Module| min | max | min | max |   Type  |
        +---------------+-------+-----+-----+-----+-----+---------+
        |grp_fc_fu_154  |fc     |    ?|    ?|    ?|    ?|   none  |
        +---------------+-------+-----+-----+-----+-----+---------+

        * Loop: 
        +-------------+-----+-----+----------+-----------+-----------+------+----------+
        |             |  Latency  | Iteration|  Initiation Interval  | Trip |          |
        |  Loop Name  | min | max |  Latency |  achieved |   target  | Count| Pipelined|
        +-------------+-----+-----+----------+-----------+-----------+------+----------+
        |- Loop 1     |    ?|    ?|         ?|          -|          -|     ?|    no    |
        | + Loop 1.1  |    ?|    ?|         1|          -|          -|     ?|    no    |
        +-------------+-----+-----+----------+-----------+-----------+------+----------+

============================================================
+ Verbose Summary: Synthesis Manager
============================================================
InlineROM: 1
ExposeGlobal: 0
============================================================
+ Verbose Summary: CDFG Model
============================================================
IsTopModel: 0
ResetActiveHigh: 1
IsCombinational: 2
IsDatapathOnly: 0
HasWiredReturn: 1
HasMFsm: 0
HasVarLatency: 1
IsPipeline: 0
IsRtlPipelined: 0
IsInstanceOverlapped: 0
IsDontTouch: 0
HasImplIP: 0
IsGatedGlobalClock: 0


============================================================
+ Verbose Summary: Schedule
============================================================
* Number of FSM states : 6
* Pipeline : 0
* Dataflow Pipeline: 0

* FSM state transitions: 
1 --> 
	2  / true
2 --> 
	3  / true
3 --> 
	3  / (!tmp_469)
	4  / (tmp_469)
4 --> 
	5  / true
5 --> 
	6  / true
6 --> 
	2  / (p_06_i_load)

* FSM state operations: 

State 1 <SV = 0> <Delay = 1.83>
ST_1 : Operation 7 [1/1] (0.00ns)   --->   "%tmp = alloca i1"   --->   Operation 7 'alloca' 'tmp' <Predicate = true> <Delay = 0.00>
ST_1 : Operation 8 [1/1] (0.00ns)   --->   "%cntl_V = alloca i1, align 1" [mobile_net_hls_v1/conv.hpp:1702]   --->   Operation 8 'alloca' 'cntl_V' <Predicate = true> <Delay = 0.00> <Core = "FIFO">   --->   Core 32 'FIFO' <Latency = 0> <II = 1> <Delay = 2.02> <Storage> <Opcode : 'read' 'write' 'nbread' 'nbwrite'> <Ports = 0> <Width = 1> <Depth = 15> <FIFO>
ST_1 : Operation 9 [1/1] (0.00ns)   --->   "call void (...)* @_ssdm_op_SpecInterface(half* %inputs, [6 x i8]* @p_str1, i32 0, i32 0, [1 x i8]* @p_str, i32 0, i32 1024, [7 x i8]* @p_str17, [7 x i8]* @p_str3, [1 x i8]* @p_str, i32 16, i32 16, i32 16, i32 16, [1 x i8]* @p_str, [1 x i8]* @p_str)"   --->   Operation 9 'specinterface' <Predicate = true> <Delay = 0.00>
ST_1 : Operation 10 [1/1] (0.00ns)   --->   "call void (...)* @_ssdm_op_SpecInterface(half* %weights, [6 x i8]* @p_str1, i32 0, i32 0, [1 x i8]* @p_str, i32 0, i32 2048, [7 x i8]* @p_str59, [7 x i8]* @p_str3, [1 x i8]* @p_str, i32 16, i32 16, i32 16, i32 16, [1 x i8]* @p_str, [1 x i8]* @p_str)"   --->   Operation 10 'specinterface' <Predicate = true> <Delay = 0.00>
ST_1 : Operation 11 [1/1] (0.00ns)   --->   "call void (...)* @_ssdm_op_SpecInterface(half* %betas, [6 x i8]* @p_str1, i32 0, i32 0, [1 x i8]* @p_str, i32 0, i32 4, [7 x i8]* @p_str60, [7 x i8]* @p_str3, [1 x i8]* @p_str, i32 16, i32 16, i32 16, i32 16, [1 x i8]* @p_str, [1 x i8]* @p_str)"   --->   Operation 11 'specinterface' <Predicate = true> <Delay = 0.00>
ST_1 : Operation 12 [1/1] (0.00ns)   --->   "call void (...)* @_ssdm_op_SpecInterface(half* %outputs, [6 x i8]* @p_str1, i32 0, i32 0, [1 x i8]* @p_str, i32 0, i32 8, [7 x i8]* @p_str32, [7 x i8]* @p_str3, [1 x i8]* @p_str, i32 16, i32 16, i32 16, i32 16, [1 x i8]* @p_str, [1 x i8]* @p_str)"   --->   Operation 12 'specinterface' <Predicate = true> <Delay = 0.00>
ST_1 : Operation 13 [1/1] (0.00ns)   --->   "call void (...)* @_ssdm_op_SpecInterface(i1* %pre_ready_V, [8 x i8]* @ap_fifo_str, i32 0, i32 0, [1 x i8]* @p_str, i32 0, i32 0, [1 x i8]* @p_str, [1 x i8]* @p_str, [1 x i8]* @p_str, i32 2, i32 2, i32 16, i32 16, [1 x i8]* @p_str, [1 x i8]* @p_str)"   --->   Operation 13 'specinterface' <Predicate = true> <Delay = 0.00>
ST_1 : Operation 14 [1/1] (0.00ns)   --->   "call void (...)* @_ssdm_op_SpecInterface(i32* %outputs_offset, [8 x i8]* @ap_fifo_str, i32 0, i32 0, [1 x i8]* @p_str, i32 0, i32 0, [1 x i8]* @p_str, [1 x i8]* @p_str, [1 x i8]* @p_str, i32 2, i32 2, i32 16, i32 16, [1 x i8]* @p_str, [11 x i8]* @ScalarProp_str)"   --->   Operation 14 'specinterface' <Predicate = true> <Delay = 0.00>
ST_1 : Operation 15 [1/1] (0.00ns)   --->   "call void (...)* @_ssdm_op_SpecInterface(i32* %betas_offset, [8 x i8]* @ap_fifo_str, i32 0, i32 0, [1 x i8]* @p_str, i32 0, i32 0, [1 x i8]* @p_str, [1 x i8]* @p_str, [1 x i8]* @p_str, i32 2, i32 2, i32 16, i32 16, [1 x i8]* @p_str, [11 x i8]* @ScalarProp_str)"   --->   Operation 15 'specinterface' <Predicate = true> <Delay = 0.00>
ST_1 : Operation 16 [1/1] (0.00ns)   --->   "call void (...)* @_ssdm_op_SpecInterface(i32* %weights_offset, [8 x i8]* @ap_fifo_str, i32 0, i32 0, [1 x i8]* @p_str, i32 0, i32 0, [1 x i8]* @p_str, [1 x i8]* @p_str, [1 x i8]* @p_str, i32 2, i32 2, i32 16, i32 16, [1 x i8]* @p_str, [11 x i8]* @ScalarProp_str)"   --->   Operation 16 'specinterface' <Predicate = true> <Delay = 0.00>
ST_1 : Operation 17 [1/1] (0.00ns)   --->   "call void (...)* @_ssdm_op_SpecInterface(i32* %inputs_offset, [8 x i8]* @ap_fifo_str, i32 0, i32 0, [1 x i8]* @p_str, i32 0, i32 0, [1 x i8]* @p_str, [1 x i8]* @p_str, [1 x i8]* @p_str, i32 2, i32 2, i32 16, i32 16, [1 x i8]* @p_str, [11 x i8]* @ScalarProp_str)"   --->   Operation 17 'specinterface' <Predicate = true> <Delay = 0.00>
ST_1 : Operation 18 [1/1] (1.83ns)   --->   "%inputs_offset_read = call i32 @_ssdm_op_Read.ap_fifo.i32P(i32* %inputs_offset)"   --->   Operation 18 'read' 'inputs_offset_read' <Predicate = true> <Delay = 1.83> <Core = "FIFO_SRL">   --->   Core 36 'FIFO_SRL' <Latency = 0> <II = 1> <Delay = 1.83> <Storage> <Opcode : 'read' 'write' 'nbread' 'nbwrite'> <Ports = 0> <Width = 1> <Depth = 0> <FIFO>
ST_1 : Operation 19 [1/1] (1.83ns)   --->   "%weights_offset_read = call i32 @_ssdm_op_Read.ap_fifo.i32P(i32* %weights_offset)"   --->   Operation 19 'read' 'weights_offset_read' <Predicate = true> <Delay = 1.83> <Core = "FIFO_SRL">   --->   Core 36 'FIFO_SRL' <Latency = 0> <II = 1> <Delay = 1.83> <Storage> <Opcode : 'read' 'write' 'nbread' 'nbwrite'> <Ports = 0> <Width = 1> <Depth = 0> <FIFO>
ST_1 : Operation 20 [1/1] (1.83ns)   --->   "%betas_offset_read = call i32 @_ssdm_op_Read.ap_fifo.i32P(i32* %betas_offset)"   --->   Operation 20 'read' 'betas_offset_read' <Predicate = true> <Delay = 1.83> <Core = "FIFO_SRL">   --->   Core 36 'FIFO_SRL' <Latency = 0> <II = 1> <Delay = 1.83> <Storage> <Opcode : 'read' 'write' 'nbread' 'nbwrite'> <Ports = 0> <Width = 1> <Depth = 0> <FIFO>
ST_1 : Operation 21 [1/1] (1.83ns)   --->   "%outputs_offset_read = call i32 @_ssdm_op_Read.ap_fifo.i32P(i32* %outputs_offset)"   --->   Operation 21 'read' 'outputs_offset_read' <Predicate = true> <Delay = 1.83> <Core = "FIFO_SRL">   --->   Core 36 'FIFO_SRL' <Latency = 0> <II = 1> <Delay = 1.83> <Storage> <Opcode : 'read' 'write' 'nbread' 'nbwrite'> <Ports = 0> <Width = 1> <Depth = 0> <FIFO>
ST_1 : Operation 22 [1/1] (0.00ns)   --->   "%outputs_offset6_i = call i31 @_ssdm_op_PartSelect.i31.i32.i32.i32(i32 %outputs_offset_read, i32 1, i32 31)" [mobile_net_hls_v1/conv.hpp:1696]   --->   Operation 22 'partselect' 'outputs_offset6_i' <Predicate = true> <Delay = 0.00>
ST_1 : Operation 23 [1/1] (0.00ns)   --->   "%betas_offset4_i = call i31 @_ssdm_op_PartSelect.i31.i32.i32.i32(i32 %betas_offset_read, i32 1, i32 31)" [mobile_net_hls_v1/conv.hpp:1696]   --->   Operation 23 'partselect' 'betas_offset4_i' <Predicate = true> <Delay = 0.00>
ST_1 : Operation 24 [1/1] (0.00ns)   --->   "%weights_offset2_i = call i31 @_ssdm_op_PartSelect.i31.i32.i32.i32(i32 %weights_offset_read, i32 1, i32 31)" [mobile_net_hls_v1/conv.hpp:1696]   --->   Operation 24 'partselect' 'weights_offset2_i' <Predicate = true> <Delay = 0.00>
ST_1 : Operation 25 [1/1] (0.00ns)   --->   "%inputs_offset1_i = call i31 @_ssdm_op_PartSelect.i31.i32.i32.i32(i32 %inputs_offset_read, i32 1, i32 31)" [mobile_net_hls_v1/conv.hpp:1696]   --->   Operation 25 'partselect' 'inputs_offset1_i' <Predicate = true> <Delay = 0.00>
ST_1 : Operation 26 [1/1] (0.00ns)   --->   "call void (...)* @_ssdm_op_SpecInterface(i1* %pre_ready_V, [8 x i8]* @ap_fifo_str, i32 0, i32 0, [1 x i8]* @p_str, i32 0, i32 0, [1 x i8]* @p_str, [1 x i8]* @p_str, [1 x i8]* @p_str, i32 2, i32 2, i32 16, i32 16, [1 x i8]* @p_str, [1 x i8]* @p_str)"   --->   Operation 26 'specinterface' <Predicate = true> <Delay = 0.00>
ST_1 : Operation 27 [1/1] (0.00ns)   --->   "call void (...)* @_ssdm_op_SpecInterface(half* %betas, [6 x i8]* @p_str1, i32 0, i32 0, [1 x i8]* @p_str, i32 0, i32 4, [7 x i8]* @p_str60, [7 x i8]* @p_str3, [1 x i8]* @p_str, i32 16, i32 16, i32 16, i32 16, [1 x i8]* @p_str, [1 x i8]* @p_str)"   --->   Operation 27 'specinterface' <Predicate = true> <Delay = 0.00>
ST_1 : Operation 28 [1/1] (0.00ns)   --->   "call void (...)* @_ssdm_op_SpecInterface(half* %weights, [6 x i8]* @p_str1, i32 0, i32 0, [1 x i8]* @p_str, i32 0, i32 2048, [7 x i8]* @p_str59, [7 x i8]* @p_str3, [1 x i8]* @p_str, i32 16, i32 16, i32 16, i32 16, [1 x i8]* @p_str, [1 x i8]* @p_str)"   --->   Operation 28 'specinterface' <Predicate = true> <Delay = 0.00>
ST_1 : Operation 29 [1/1] (0.00ns)   --->   "call void (...)* @_ssdm_op_SpecInterface(half* %outputs, [6 x i8]* @p_str1, i32 0, i32 0, [1 x i8]* @p_str, i32 0, i32 8, [7 x i8]* @p_str32, [7 x i8]* @p_str3, [1 x i8]* @p_str, i32 16, i32 16, i32 16, i32 16, [1 x i8]* @p_str, [1 x i8]* @p_str)"   --->   Operation 29 'specinterface' <Predicate = true> <Delay = 0.00>
ST_1 : Operation 30 [1/1] (0.00ns)   --->   "call void (...)* @_ssdm_op_SpecInterface(half* %inputs, [6 x i8]* @p_str1, i32 0, i32 0, [1 x i8]* @p_str, i32 0, i32 1024, [7 x i8]* @p_str17, [7 x i8]* @p_str3, [1 x i8]* @p_str, i32 16, i32 16, i32 16, i32 16, [1 x i8]* @p_str, [1 x i8]* @p_str)"   --->   Operation 30 'specinterface' <Predicate = true> <Delay = 0.00>
ST_1 : Operation 31 [1/1] (0.00ns)   --->   "%empty = call i32 (...)* @_ssdm_op_SpecChannel([7 x i8]* @cntl_OC_V_str, i32 1, [1 x i8]* @p_str, [1 x i8]* @p_str, i32 1, i32 1, i1* %cntl_V, i1* %cntl_V)"   --->   Operation 31 'specchannel' 'empty' <Predicate = true> <Delay = 0.00>
ST_1 : Operation 32 [1/1] (0.00ns)   --->   "call void (...)* @_ssdm_op_SpecInterface(i1* %cntl_V, [8 x i8]* @ap_fifo_str, i32 0, i32 0, [1 x i8]* @p_str, i32 0, i32 0, [1 x i8]* @p_str, [1 x i8]* @p_str, [1 x i8]* @p_str, i32 2, i32 2, i32 16, i32 16, [1 x i8]* @p_str, [1 x i8]* @p_str)"   --->   Operation 32 'specinterface' <Predicate = true> <Delay = 0.00>
ST_1 : Operation 33 [1/1] (0.65ns)   --->   "br label %._crit_edge2.i" [mobile_net_hls_v1/conv.hpp:1705]   --->   Operation 33 'br' <Predicate = true> <Delay = 0.65>

State 2 <SV = 1> <Delay = 0.00>
ST_2 : Operation 34 [1/1] (0.00ns)   --->   "%pingpang_flag_i = phi i1 [ false, %entry ], [ %pingpang_flag, %._crit_edge1.i ]"   --->   Operation 34 'phi' 'pingpang_flag_i' <Predicate = true> <Delay = 0.00>
ST_2 : Operation 35 [1/1] (0.00ns)   --->   "br label %._crit_edge.i" [mobile_net_hls_v1/conv.hpp:1707]   --->   Operation 35 'br' <Predicate = true> <Delay = 0.00>

State 3 <SV = 2> <Delay = 2.24>
ST_3 : Operation 36 [1/1] (0.00ns)   --->   "%tmp_469 = call i1 @_ssdm_op_NbReadReq.ap_fifo.i1P(i1* %pre_ready_V, i32 1)" [mobile_net_hls_v1/conv.hpp:1708]   --->   Operation 36 'nbreadreq' 'tmp_469' <Predicate = true> <Delay = 0.00> <Core = "FIFO_SRL">   --->   Core 36 'FIFO_SRL' <Latency = 0> <II = 1> <Delay = 1.83> <Storage> <Opcode : 'read' 'write' 'nbread' 'nbwrite'> <Ports = 0> <Width = 1> <Depth = 0> <FIFO>
ST_3 : Operation 37 [1/1] (0.00ns)   --->   "br i1 %tmp_469, label %0, label %._crit_edge.i" [mobile_net_hls_v1/conv.hpp:1708]   --->   Operation 37 'br' <Predicate = true> <Delay = 0.00>
ST_3 : Operation 38 [1/1] (0.40ns)   --->   "%tmp_i = select i1 %pingpang_flag_i, i10 -512, i10 0" [mobile_net_hls_v1/conv.hpp:1711]   --->   Operation 38 'select' 'tmp_i' <Predicate = (tmp_469)> <Delay = 0.40> <Core = "Sel">   --->   Core 26 'Sel' <Latency = 0> <II = 1> <Delay = 0.20> <FuncUnit> <Opcode : 'select'> <InPorts = 3> <OutPorts = 1>
ST_3 : Operation 39 [1/1] (0.20ns)   --->   "%tmp_1_i = select i1 %pingpang_flag_i, i3 -4, i3 0" [mobile_net_hls_v1/conv.hpp:1711]   --->   Operation 39 'select' 'tmp_1_i' <Predicate = (tmp_469)> <Delay = 0.20> <Core = "Sel">   --->   Core 26 'Sel' <Latency = 0> <II = 1> <Delay = 0.20> <FuncUnit> <Opcode : 'select'> <InPorts = 3> <OutPorts = 1>
ST_3 : Operation 40 [2/2] (1.83ns)   --->   "call fastcc void @fc(half* %inputs, i31 %inputs_offset1_i, i10 %tmp_i, half* %weights, i31 %weights_offset2_i, half* %betas, i31 %betas_offset4_i, half* %outputs, i31 %outputs_offset6_i, i3 %tmp_1_i, i1* %cntl_V)" [mobile_net_hls_v1/conv.hpp:1711]   --->   Operation 40 'call' <Predicate = (tmp_469)> <Delay = 1.83> <CoreType = "Generic">   --->   Core 0 '' <Latency = 0> <II = 1> <Delay = 1.00> <Generic> <Opcode : >
ST_3 : Operation 41 [1/1] (0.28ns)   --->   "%pingpang_flag = xor i1 %pingpang_flag_i, true" [mobile_net_hls_v1/conv.hpp:1714]   --->   Operation 41 'xor' 'pingpang_flag' <Predicate = (tmp_469)> <Delay = 0.28> <Core = "LogicGate">   --->   Core 27 'LogicGate' <Latency = 0> <II = 1> <Delay = 0.28> <FuncUnit> <Opcode : 'and' 'or' 'xor'> <InPorts = 2> <OutPorts = 1>

State 4 <SV = 3> <Delay = 0.00>
ST_4 : Operation 42 [1/2] (0.00ns)   --->   "call fastcc void @fc(half* %inputs, i31 %inputs_offset1_i, i10 %tmp_i, half* %weights, i31 %weights_offset2_i, half* %betas, i31 %betas_offset4_i, half* %outputs, i31 %outputs_offset6_i, i3 %tmp_1_i, i1* %cntl_V)" [mobile_net_hls_v1/conv.hpp:1711]   --->   Operation 42 'call' <Predicate = true> <Delay = 0.00> <CoreType = "Generic">   --->   Core 0 '' <Latency = 0> <II = 1> <Delay = 1.00> <Generic> <Opcode : >

State 5 <SV = 4> <Delay = 1.83>
ST_5 : Operation 43 [1/1] (0.00ns)   --->   "%tmp_470 = call i1 @_ssdm_op_NbReadReq.ap_fifo.i1P(i1* %cntl_V, i32 1)" [mobile_net_hls_v1/conv.hpp:1716]   --->   Operation 43 'nbreadreq' 'tmp_470' <Predicate = true> <Delay = 0.00> <Core = "FIFO">   --->   Core 32 'FIFO' <Latency = 0> <II = 1> <Delay = 2.02> <Storage> <Opcode : 'read' 'write' 'nbread' 'nbwrite'> <Ports = 0> <Width = 1> <Depth = 15> <FIFO>
ST_5 : Operation 44 [1/1] (0.00ns)   --->   "br i1 %tmp_470, label %1, label %._crit_edge1.i" [mobile_net_hls_v1/conv.hpp:1716]   --->   Operation 44 'br' <Predicate = true> <Delay = 0.00>
ST_5 : Operation 45 [1/1] (1.83ns)   --->   "%empty_n_i4_0_i = call { i1, i1 } @_ssdm_op_NbRead.ap_fifo.volatile.i1P(i1* %cntl_V)" [mobile_net_hls_v1/conv.hpp:1718]   --->   Operation 45 'nbread' 'empty_n_i4_0_i' <Predicate = (tmp_470)> <Delay = 1.83> <Core = "FIFO">   --->   Core 32 'FIFO' <Latency = 0> <II = 1> <Delay = 2.02> <Storage> <Opcode : 'read' 'write' 'nbread' 'nbwrite'> <Ports = 0> <Width = 1> <Depth = 15> <FIFO>
ST_5 : Operation 46 [1/1] (1.83ns)   --->   "%pre_ready_V_read = call { i1, i1 } @_ssdm_op_NbRead.ap_fifo.volatile.i1P(i1* %pre_ready_V)" [mobile_net_hls_v1/conv.hpp:1719]   --->   Operation 46 'nbread' 'pre_ready_V_read' <Predicate = (tmp_470)> <Delay = 1.83> <Core = "FIFO_SRL">   --->   Core 36 'FIFO_SRL' <Latency = 0> <II = 1> <Delay = 1.83> <Storage> <Opcode : 'read' 'write' 'nbread' 'nbwrite'> <Ports = 0> <Width = 1> <Depth = 0> <FIFO>
ST_5 : Operation 47 [1/1] (0.00ns)   --->   "%tmp_472 = extractvalue { i1, i1 } %pre_ready_V_read, 1" [mobile_net_hls_v1/conv.hpp:1719]   --->   Operation 47 'extractvalue' 'tmp_472' <Predicate = (tmp_470)> <Delay = 0.00>
ST_5 : Operation 48 [1/1] (0.00ns)   --->   "store i1 %tmp_472, i1* %tmp" [mobile_net_hls_v1/conv.hpp:1719]   --->   Operation 48 'store' <Predicate = (tmp_470)> <Delay = 0.00>
ST_5 : Operation 49 [1/1] (0.00ns)   --->   "br label %._crit_edge1.i" [mobile_net_hls_v1/conv.hpp:1720]   --->   Operation 49 'br' <Predicate = (tmp_470)> <Delay = 0.00>

State 6 <SV = 5> <Delay = 0.00>
ST_6 : Operation 50 [1/1] (0.00ns)   --->   "%p_06_i_load = load i1* %tmp"   --->   Operation 50 'load' 'p_06_i_load' <Predicate = true> <Delay = 0.00>
ST_6 : Operation 51 [1/1] (0.00ns)   --->   "br i1 %p_06_i_load, label %._crit_edge2.i, label %.exit" [mobile_net_hls_v1/conv.hpp:1721]   --->   Operation 51 'br' <Predicate = true> <Delay = 0.00>
ST_6 : Operation 52 [1/1] (0.00ns)   --->   "ret void"   --->   Operation 52 'ret' <Predicate = (!p_06_i_load)> <Delay = 0.00>


============================================================
+ Verbose Summary: Binding
============================================================
STG Binding: 
---------------- STG Properties BEGIN ----------------
- Is combinational: 0
- Is one-state seq: 0
- Is datapath-only: 0
- Is pipelined: 0
- Is top level: 0
Port [ Return ] is wired: 1; IO mode=ap_ctrl_hs:ce=0
Port [ inputs]:  wired=1; compound=1; hidden=0; nouse=0; global=0; static=0; extern=0; dir=0; type=4; pingpong=0; private_global=0; IO mode=m_axi:ce=0
Port [ inputs_offset]:  wired=1; compound=1; hidden=0; nouse=0; global=0; static=0; extern=0; dir=0; type=3; pingpong=0; private_global=0; IO mode=ap_fifo:ce=0
Port [ weights]:  wired=1; compound=1; hidden=0; nouse=0; global=0; static=0; extern=0; dir=0; type=4; pingpong=0; private_global=0; IO mode=m_axi:ce=0
Port [ weights_offset]:  wired=1; compound=1; hidden=0; nouse=0; global=0; static=0; extern=0; dir=0; type=3; pingpong=0; private_global=0; IO mode=ap_fifo:ce=0
Port [ betas]:  wired=1; compound=1; hidden=0; nouse=0; global=0; static=0; extern=0; dir=0; type=4; pingpong=0; private_global=0; IO mode=m_axi:ce=0
Port [ betas_offset]:  wired=1; compound=1; hidden=0; nouse=0; global=0; static=0; extern=0; dir=0; type=3; pingpong=0; private_global=0; IO mode=ap_fifo:ce=0
Port [ outputs]:  wired=1; compound=1; hidden=0; nouse=0; global=0; static=0; extern=0; dir=1; type=4; pingpong=0; private_global=0; IO mode=m_axi:ce=0
Port [ outputs_offset]:  wired=1; compound=1; hidden=0; nouse=0; global=0; static=0; extern=0; dir=0; type=3; pingpong=0; private_global=0; IO mode=ap_fifo:ce=0
Port [ pre_ready_V]:  wired=1; compound=1; hidden=0; nouse=0; global=0; static=0; extern=0; dir=0; type=3; pingpong=0; private_global=0; IO mode=ap_fifo:ce=0
---------------- STG Properties END ------------------

---------------- Datapath Model BEGIN ----------------

<LifeTime>
<method=bitvector/>
tmp                 (alloca       ) [ 0011111]
cntl_V              (alloca       ) [ 0111111]
StgValue_9          (specinterface) [ 0000000]
StgValue_10         (specinterface) [ 0000000]
StgValue_11         (specinterface) [ 0000000]
StgValue_12         (specinterface) [ 0000000]
StgValue_13         (specinterface) [ 0000000]
StgValue_14         (specinterface) [ 0000000]
StgValue_15         (specinterface) [ 0000000]
StgValue_16         (specinterface) [ 0000000]
StgValue_17         (specinterface) [ 0000000]
inputs_offset_read  (read         ) [ 0000000]
weights_offset_read (read         ) [ 0000000]
betas_offset_read   (read         ) [ 0000000]
outputs_offset_read (read         ) [ 0000000]
outputs_offset6_i   (partselect   ) [ 0011111]
betas_offset4_i     (partselect   ) [ 0011111]
weights_offset2_i   (partselect   ) [ 0011111]
inputs_offset1_i    (partselect   ) [ 0011111]
StgValue_26         (specinterface) [ 0000000]
StgValue_27         (specinterface) [ 0000000]
StgValue_28         (specinterface) [ 0000000]
StgValue_29         (specinterface) [ 0000000]
StgValue_30         (specinterface) [ 0000000]
empty               (specchannel  ) [ 0000000]
StgValue_32         (specinterface) [ 0000000]
StgValue_33         (br           ) [ 0111111]
pingpang_flag_i     (phi          ) [ 0011000]
StgValue_35         (br           ) [ 0000000]
tmp_469             (nbreadreq    ) [ 0011111]
StgValue_37         (br           ) [ 0000000]
tmp_i               (select       ) [ 0000100]
tmp_1_i             (select       ) [ 0000100]
pingpang_flag       (xor          ) [ 0110111]
StgValue_42         (call         ) [ 0000000]
tmp_470             (nbreadreq    ) [ 0011111]
StgValue_44         (br           ) [ 0000000]
empty_n_i4_0_i      (nbread       ) [ 0000000]
pre_ready_V_read    (nbread       ) [ 0000000]
tmp_472             (extractvalue ) [ 0000000]
StgValue_48         (store        ) [ 0000000]
StgValue_49         (br           ) [ 0000000]
p_06_i_load         (load         ) [ 0011111]
StgValue_51         (br           ) [ 0111111]
StgValue_52         (ret          ) [ 0000000]
</LifeTime>

<model>

<comp_list>
<comp id="0" class="1000" name="inputs">
<pin_list>
<pin id="1" dir="1" index="0" bw="1" slack="0"/>
</pin_list>
<bind>
<StgValue><ssdm name="inputs"/></StgValue>
</bind>
</comp>

<comp id="2" class="1000" name="inputs_offset">
<pin_list>
<pin id="3" dir="1" index="0" bw="1" slack="0"/>
</pin_list>
<bind>
<StgValue><ssdm name="inputs_offset"/></StgValue>
</bind>
</comp>

<comp id="4" class="1000" name="weights">
<pin_list>
<pin id="5" dir="1" index="0" bw="1" slack="0"/>
</pin_list>
<bind>
<StgValue><ssdm name="weights"/></StgValue>
</bind>
</comp>

<comp id="6" class="1000" name="weights_offset">
<pin_list>
<pin id="7" dir="1" index="0" bw="1" slack="0"/>
</pin_list>
<bind>
<StgValue><ssdm name="weights_offset"/></StgValue>
</bind>
</comp>

<comp id="8" class="1000" name="betas">
<pin_list>
<pin id="9" dir="1" index="0" bw="1" slack="0"/>
</pin_list>
<bind>
<StgValue><ssdm name="betas"/></StgValue>
</bind>
</comp>

<comp id="10" class="1000" name="betas_offset">
<pin_list>
<pin id="11" dir="1" index="0" bw="1" slack="0"/>
</pin_list>
<bind>
<StgValue><ssdm name="betas_offset"/></StgValue>
</bind>
</comp>

<comp id="12" class="1000" name="outputs">
<pin_list>
<pin id="13" dir="1" index="0" bw="1" slack="0"/>
</pin_list>
<bind>
<StgValue><ssdm name="outputs"/></StgValue>
</bind>
</comp>

<comp id="14" class="1000" name="outputs_offset">
<pin_list>
<pin id="15" dir="1" index="0" bw="1" slack="0"/>
</pin_list>
<bind>
<StgValue><ssdm name="outputs_offset"/></StgValue>
</bind>
</comp>

<comp id="16" class="1000" name="pre_ready_V">
<pin_list>
<pin id="17" dir="1" index="0" bw="1" slack="0"/>
</pin_list>
<bind>
<StgValue><ssdm name="pre_ready_V"/></StgValue>
</bind>
</comp>

<comp id="18" class="1001" name="const_18">
<pin_list>
<pin id="19" dir="1" index="0" bw="1" slack="0"/>
</pin_list>
<bind>
<StgValue><ssdm name=""/></StgValue>
</bind>
</comp>

<comp id="20" class="1001" name="const_20">
<pin_list>
<pin id="21" dir="1" index="0" bw="1" slack="0"/>
</pin_list>
<bind>
<StgValue><ssdm name=""/></StgValue>
</bind>
</comp>

<comp id="22" class="1001" name="const_22">
<pin_list>
<pin id="23" dir="1" index="0" bw="1" slack="2147483647"/>
</pin_list>
<bind>
<StgValue><ssdm name="_ssdm_op_SpecInterface"/></StgValue>
</bind>
</comp>

<comp id="24" class="1001" name="const_24">
<pin_list>
<pin id="25" dir="1" index="0" bw="1" slack="2147483647"/>
</pin_list>
<bind>
<StgValue><ssdm name="p_str1"/></StgValue>
</bind>
</comp>

<comp id="26" class="1001" name="const_26">
<pin_list>
<pin id="27" dir="1" index="0" bw="1" slack="2147483647"/>
</pin_list>
<bind>
<StgValue><ssdm name=""/></StgValue>
</bind>
</comp>

<comp id="28" class="1001" name="const_28">
<pin_list>
<pin id="29" dir="1" index="0" bw="1" slack="2147483647"/>
</pin_list>
<bind>
<StgValue><ssdm name="p_str"/></StgValue>
</bind>
</comp>

<comp id="30" class="1001" name="const_30">
<pin_list>
<pin id="31" dir="1" index="0" bw="1" slack="2147483647"/>
</pin_list>
<bind>
<StgValue><ssdm name=""/></StgValue>
</bind>
</comp>

<comp id="32" class="1001" name="const_32">
<pin_list>
<pin id="33" dir="1" index="0" bw="1" slack="2147483647"/>
</pin_list>
<bind>
<StgValue><ssdm name="p_str17"/></StgValue>
</bind>
</comp>

<comp id="34" class="1001" name="const_34">
<pin_list>
<pin id="35" dir="1" index="0" bw="1" slack="2147483647"/>
</pin_list>
<bind>
<StgValue><ssdm name="p_str3"/></StgValue>
</bind>
</comp>

<comp id="36" class="1001" name="const_36">
<pin_list>
<pin id="37" dir="1" index="0" bw="1" slack="2147483647"/>
</pin_list>
<bind>
<StgValue><ssdm name=""/></StgValue>
</bind>
</comp>

<comp id="38" class="1001" name="const_38">
<pin_list>
<pin id="39" dir="1" index="0" bw="1" slack="2147483647"/>
</pin_list>
<bind>
<StgValue><ssdm name=""/></StgValue>
</bind>
</comp>

<comp id="40" class="1001" name="const_40">
<pin_list>
<pin id="41" dir="1" index="0" bw="1" slack="2147483647"/>
</pin_list>
<bind>
<StgValue><ssdm name="p_str59"/></StgValue>
</bind>
</comp>

<comp id="42" class="1001" name="const_42">
<pin_list>
<pin id="43" dir="1" index="0" bw="1" slack="2147483647"/>
</pin_list>
<bind>
<StgValue><ssdm name=""/></StgValue>
</bind>
</comp>

<comp id="44" class="1001" name="const_44">
<pin_list>
<pin id="45" dir="1" index="0" bw="1" slack="2147483647"/>
</pin_list>
<bind>
<StgValue><ssdm name="p_str60"/></StgValue>
</bind>
</comp>

<comp id="46" class="1001" name="const_46">
<pin_list>
<pin id="47" dir="1" index="0" bw="1" slack="2147483647"/>
</pin_list>
<bind>
<StgValue><ssdm name=""/></StgValue>
</bind>
</comp>

<comp id="48" class="1001" name="const_48">
<pin_list>
<pin id="49" dir="1" index="0" bw="1" slack="2147483647"/>
</pin_list>
<bind>
<StgValue><ssdm name="p_str32"/></StgValue>
</bind>
</comp>

<comp id="50" class="1001" name="const_50">
<pin_list>
<pin id="51" dir="1" index="0" bw="1" slack="2147483647"/>
</pin_list>
<bind>
<StgValue><ssdm name="ap_fifo_str"/></StgValue>
</bind>
</comp>

<comp id="52" class="1001" name="const_52">
<pin_list>
<pin id="53" dir="1" index="0" bw="1" slack="2147483647"/>
</pin_list>
<bind>
<StgValue><ssdm name=""/></StgValue>
</bind>
</comp>

<comp id="54" class="1001" name="const_54">
<pin_list>
<pin id="55" dir="1" index="0" bw="1" slack="2147483647"/>
</pin_list>
<bind>
<StgValue><ssdm name="ScalarProp_str"/></StgValue>
</bind>
</comp>

<comp id="56" class="1001" name="const_56">
<pin_list>
<pin id="57" dir="1" index="0" bw="1" slack="0"/>
</pin_list>
<bind>
<StgValue><ssdm name="_ssdm_op_Read.ap_fifo.i32P"/></StgValue>
</bind>
</comp>

<comp id="58" class="1001" name="const_58">
<pin_list>
<pin id="59" dir="1" index="0" bw="1" slack="0"/>
</pin_list>
<bind>
<StgValue><ssdm name="_ssdm_op_PartSelect.i31.i32.i32.i32"/></StgValue>
</bind>
</comp>

<comp id="60" class="1001" name="const_60">
<pin_list>
<pin id="61" dir="1" index="0" bw="1" slack="0"/>
</pin_list>
<bind>
<StgValue><ssdm name=""/></StgValue>
</bind>
</comp>

<comp id="62" class="1001" name="const_62">
<pin_list>
<pin id="63" dir="1" index="0" bw="1" slack="2147483647"/>
</pin_list>
<bind>
<StgValue><ssdm name="_ssdm_op_SpecChannel"/></StgValue>
</bind>
</comp>

<comp id="64" class="1001" name="const_64">
<pin_list>
<pin id="65" dir="1" index="0" bw="1" slack="2147483647"/>
</pin_list>
<bind>
<StgValue><ssdm name="cntl_OC_V_str"/></StgValue>
</bind>
</comp>

<comp id="66" class="1001" name="const_66">
<pin_list>
<pin id="67" dir="1" index="0" bw="1" slack="1"/>
</pin_list>
<bind>
<StgValue><ssdm name=""/></StgValue>
</bind>
</comp>

<comp id="68" class="1001" name="const_68">
<pin_list>
<pin id="69" dir="1" index="0" bw="1" slack="0"/>
</pin_list>
<bind>
<StgValue><ssdm name="_ssdm_op_NbReadReq.ap_fifo.i1P"/></StgValue>
</bind>
</comp>

<comp id="70" class="1001" name="const_70">
<pin_list>
<pin id="71" dir="1" index="0" bw="1" slack="0"/>
</pin_list>
<bind>
<StgValue><ssdm name=""/></StgValue>
</bind>
</comp>

<comp id="72" class="1001" name="const_72">
<pin_list>
<pin id="73" dir="1" index="0" bw="1" slack="0"/>
</pin_list>
<bind>
<StgValue><ssdm name=""/></StgValue>
</bind>
</comp>

<comp id="74" class="1001" name="const_74">
<pin_list>
<pin id="75" dir="1" index="0" bw="1" slack="0"/>
</pin_list>
<bind>
<StgValue><ssdm name=""/></StgValue>
</bind>
</comp>

<comp id="76" class="1001" name="const_76">
<pin_list>
<pin id="77" dir="1" index="0" bw="1" slack="0"/>
</pin_list>
<bind>
<StgValue><ssdm name=""/></StgValue>
</bind>
</comp>

<comp id="78" class="1001" name="const_78">
<pin_list>
<pin id="79" dir="1" index="0" bw="1" slack="0"/>
</pin_list>
<bind>
<StgValue><ssdm name="fc"/></StgValue>
</bind>
</comp>

<comp id="80" class="1001" name="const_80">
<pin_list>
<pin id="81" dir="1" index="0" bw="1" slack="0"/>
</pin_list>
<bind>
<StgValue><ssdm name=""/></StgValue>
</bind>
</comp>

<comp id="82" class="1001" name="const_82">
<pin_list>
<pin id="83" dir="1" index="0" bw="1" slack="0"/>
</pin_list>
<bind>
<StgValue><ssdm name="_ssdm_op_NbRead.ap_fifo.volatile.i1P"/></StgValue>
</bind>
</comp>

<comp id="84" class="1004" name="tmp_fu_84">
<pin_list>
<pin id="85" dir="0" index="0" bw="1" slack="0"/>
<pin id="86" dir="1" index="1" bw="1" slack="4"/>
</pin_list>
<bind>
<opcode="alloca(26) " fcode="alloca"/>
<opset="tmp/1 "/>
</bind>
</comp>

<comp id="88" class="1004" name="cntl_V_fu_88">
<pin_list>
<pin id="89" dir="0" index="0" bw="1" slack="0"/>
<pin id="90" dir="1" index="1" bw="1" slack="0"/>
</pin_list>
<bind>
<opcode="alloca(26) " fcode="alloca"/>
<opset="cntl_V/1 "/>
</bind>
</comp>

<comp id="92" class="1004" name="inputs_offset_read_read_fu_92">
<pin_list>
<pin id="93" dir="0" index="0" bw="32" slack="0"/>
<pin id="94" dir="0" index="1" bw="32" slack="0"/>
<pin id="95" dir="1" index="2" bw="32" slack="0"/>
</pin_list>
<bind>
<opcode="read(1150) " fcode="read"/>
<opset="inputs_offset_read/1 "/>
</bind>
</comp>

<comp id="98" class="1004" name="weights_offset_read_read_fu_98">
<pin_list>
<pin id="99" dir="0" index="0" bw="32" slack="0"/>
<pin id="100" dir="0" index="1" bw="32" slack="0"/>
<pin id="101" dir="1" index="2" bw="32" slack="0"/>
</pin_list>
<bind>
<opcode="read(1150) " fcode="read"/>
<opset="weights_offset_read/1 "/>
</bind>
</comp>

<comp id="104" class="1004" name="betas_offset_read_read_fu_104">
<pin_list>
<pin id="105" dir="0" index="0" bw="32" slack="0"/>
<pin id="106" dir="0" index="1" bw="32" slack="0"/>
<pin id="107" dir="1" index="2" bw="32" slack="0"/>
</pin_list>
<bind>
<opcode="read(1150) " fcode="read"/>
<opset="betas_offset_read/1 "/>
</bind>
</comp>

<comp id="110" class="1004" name="outputs_offset_read_read_fu_110">
<pin_list>
<pin id="111" dir="0" index="0" bw="32" slack="0"/>
<pin id="112" dir="0" index="1" bw="32" slack="0"/>
<pin id="113" dir="1" index="2" bw="32" slack="0"/>
</pin_list>
<bind>
<opcode="read(1150) " fcode="read"/>
<opset="outputs_offset_read/1 "/>
</bind>
</comp>

<comp id="116" class="1004" name="tmp_469_nbreadreq_fu_116">
<pin_list>
<pin id="117" dir="0" index="0" bw="1" slack="0"/>
<pin id="118" dir="0" index="1" bw="1" slack="0"/>
<pin id="119" dir="0" index="2" bw="1" slack="0"/>
<pin id="120" dir="1" index="3" bw="1" slack="2147483647"/>
</pin_list>
<bind>
<opcode="nbreadreq(1156) " fcode="nbreadreq"/>
<opset="tmp_469/3 "/>
</bind>
</comp>

<comp id="124" class="1004" name="tmp_470_nbreadreq_fu_124">
<pin_list>
<pin id="125" dir="0" index="0" bw="1" slack="0"/>
<pin id="126" dir="0" index="1" bw="1" slack="4"/>
<pin id="127" dir="0" index="2" bw="1" slack="0"/>
<pin id="128" dir="1" index="3" bw="1" slack="2147483647"/>
</pin_list>
<bind>
<opcode="nbreadreq(1156) " fcode="nbreadreq"/>
<opset="tmp_470/5 "/>
</bind>
</comp>

<comp id="131" class="1004" name="empty_n_i4_0_i_nbread_fu_131">
<pin_list>
<pin id="132" dir="0" index="0" bw="2" slack="0"/>
<pin id="133" dir="0" index="1" bw="1" slack="4"/>
<pin id="134" dir="1" index="2" bw="2" slack="2147483647"/>
</pin_list>
<bind>
<opcode="nbread(1152) " fcode="nbread"/>
<opset="empty_n_i4_0_i/5 "/>
</bind>
</comp>

<comp id="136" class="1004" name="pre_ready_V_read_nbread_fu_136">
<pin_list>
<pin id="137" dir="0" index="0" bw="2" slack="0"/>
<pin id="138" dir="0" index="1" bw="1" slack="0"/>
<pin id="139" dir="1" index="2" bw="2" slack="0"/>
</pin_list>
<bind>
<opcode="nbread(1152) " fcode="nbread"/>
<opset="pre_ready_V_read/5 "/>
</bind>
</comp>

<comp id="142" class="1005" name="pingpang_flag_i_reg_142">
<pin_list>
<pin id="143" dir="0" index="0" bw="1" slack="1"/>
<pin id="144" dir="1" index="1" bw="1" slack="1"/>
</pin_list>
<bind>
<opset="pingpang_flag_i (phireg) "/>
</bind>
</comp>

<comp id="146" class="1004" name="pingpang_flag_i_phi_fu_146">
<pin_list>
<pin id="147" dir="0" index="0" bw="1" slack="1"/>
<pin id="148" dir="0" index="1" bw="0" slack="2147483647"/>
<pin id="149" dir="0" index="2" bw="1" slack="1"/>
<pin id="150" dir="0" index="3" bw="0" slack="2147483647"/>
<pin id="151" dir="1" index="4" bw="1" slack="1"/>
</pin_list>
<bind>
<opcode="phi(47) " fcode="phi"/>
<opset="pingpang_flag_i/2 "/>
</bind>
</comp>

<comp id="154" class="1004" name="grp_fc_fu_154">
<pin_list>
<pin id="155" dir="0" index="0" bw="0" slack="0"/>
<pin id="156" dir="0" index="1" bw="16" slack="0"/>
<pin id="157" dir="0" index="2" bw="31" slack="2"/>
<pin id="158" dir="0" index="3" bw="10" slack="0"/>
<pin id="159" dir="0" index="4" bw="16" slack="0"/>
<pin id="160" dir="0" index="5" bw="31" slack="2"/>
<pin id="161" dir="0" index="6" bw="16" slack="0"/>
<pin id="162" dir="0" index="7" bw="31" slack="2"/>
<pin id="163" dir="0" index="8" bw="16" slack="0"/>
<pin id="164" dir="0" index="9" bw="31" slack="2"/>
<pin id="165" dir="0" index="10" bw="3" slack="0"/>
<pin id="166" dir="0" index="11" bw="1" slack="2"/>
<pin id="167" dir="1" index="12" bw="0" slack="2147483647"/>
</pin_list>
<bind>
<opcode="call(48) " fcode="call"/>
<opset="StgValue_40/3 "/>
</bind>
</comp>

<comp id="173" class="1004" name="outputs_offset6_i_fu_173">
<pin_list>
<pin id="174" dir="0" index="0" bw="31" slack="0"/>
<pin id="175" dir="0" index="1" bw="32" slack="0"/>
<pin id="176" dir="0" index="2" bw="1" slack="0"/>
<pin id="177" dir="0" index="3" bw="6" slack="0"/>
<pin id="178" dir="1" index="4" bw="31" slack="2"/>
</pin_list>
<bind>
<opcode="partselect(1002) " fcode="partselect"/>
<opset="outputs_offset6_i/1 "/>
</bind>
</comp>

<comp id="183" class="1004" name="betas_offset4_i_fu_183">
<pin_list>
<pin id="184" dir="0" index="0" bw="31" slack="0"/>
<pin id="185" dir="0" index="1" bw="32" slack="0"/>
<pin id="186" dir="0" index="2" bw="1" slack="0"/>
<pin id="187" dir="0" index="3" bw="6" slack="0"/>
<pin id="188" dir="1" index="4" bw="31" slack="2"/>
</pin_list>
<bind>
<opcode="partselect(1002) " fcode="partselect"/>
<opset="betas_offset4_i/1 "/>
</bind>
</comp>

<comp id="193" class="1004" name="weights_offset2_i_fu_193">
<pin_list>
<pin id="194" dir="0" index="0" bw="31" slack="0"/>
<pin id="195" dir="0" index="1" bw="32" slack="0"/>
<pin id="196" dir="0" index="2" bw="1" slack="0"/>
<pin id="197" dir="0" index="3" bw="6" slack="0"/>
<pin id="198" dir="1" index="4" bw="31" slack="2"/>
</pin_list>
<bind>
<opcode="partselect(1002) " fcode="partselect"/>
<opset="weights_offset2_i/1 "/>
</bind>
</comp>

<comp id="203" class="1004" name="inputs_offset1_i_fu_203">
<pin_list>
<pin id="204" dir="0" index="0" bw="31" slack="0"/>
<pin id="205" dir="0" index="1" bw="32" slack="0"/>
<pin id="206" dir="0" index="2" bw="1" slack="0"/>
<pin id="207" dir="0" index="3" bw="6" slack="0"/>
<pin id="208" dir="1" index="4" bw="31" slack="2"/>
</pin_list>
<bind>
<opcode="partselect(1002) " fcode="partselect"/>
<opset="inputs_offset1_i/1 "/>
</bind>
</comp>

<comp id="213" class="1004" name="tmp_i_fu_213">
<pin_list>
<pin id="214" dir="0" index="0" bw="1" slack="1"/>
<pin id="215" dir="0" index="1" bw="10" slack="0"/>
<pin id="216" dir="0" index="2" bw="1" slack="0"/>
<pin id="217" dir="1" index="3" bw="10" slack="0"/>
</pin_list>
<bind>
<opcode="select(49) " fcode="select"/>
<opset="tmp_i/3 "/>
</bind>
</comp>

<comp id="222" class="1004" name="tmp_1_i_fu_222">
<pin_list>
<pin id="223" dir="0" index="0" bw="1" slack="1"/>
<pin id="224" dir="0" index="1" bw="3" slack="0"/>
<pin id="225" dir="0" index="2" bw="1" slack="0"/>
<pin id="226" dir="1" index="3" bw="3" slack="0"/>
</pin_list>
<bind>
<opcode="select(49) " fcode="select"/>
<opset="tmp_1_i/3 "/>
</bind>
</comp>

<comp id="231" class="1004" name="pingpang_flag_fu_231">
<pin_list>
<pin id="232" dir="0" index="0" bw="1" slack="1"/>
<pin id="233" dir="0" index="1" bw="1" slack="0"/>
<pin id="234" dir="1" index="2" bw="1" slack="1"/>
</pin_list>
<bind>
<opcode="xor(25) " fcode="xor"/>
<opset="pingpang_flag/3 "/>
</bind>
</comp>

<comp id="237" class="1004" name="tmp_472_fu_237">
<pin_list>
<pin id="238" dir="0" index="0" bw="2" slack="0"/>
<pin id="239" dir="1" index="1" bw="1" slack="0"/>
</pin_list>
<bind>
<opcode="extractvalue(56) " fcode="extractvalue"/>
<opset="tmp_472/5 "/>
</bind>
</comp>

<comp id="241" class="1004" name="StgValue_48_store_fu_241">
<pin_list>
<pin id="242" dir="0" index="0" bw="1" slack="0"/>
<pin id="243" dir="0" index="1" bw="1" slack="4"/>
<pin id="244" dir="1" index="2" bw="0" slack="2147483647"/>
</pin_list>
<bind>
<opcode="store(28) " fcode="store"/>
<opset="StgValue_48/5 "/>
</bind>
</comp>

<comp id="246" class="1004" name="p_06_i_load_load_fu_246">
<pin_list>
<pin id="247" dir="0" index="0" bw="1" slack="5"/>
<pin id="248" dir="1" index="1" bw="1" slack="2147483647"/>
</pin_list>
<bind>
<opcode="load(27) " fcode="load"/>
<opset="p_06_i_load/6 "/>
</bind>
</comp>

<comp id="249" class="1005" name="tmp_reg_249">
<pin_list>
<pin id="250" dir="0" index="0" bw="1" slack="4"/>
<pin id="251" dir="1" index="1" bw="1" slack="4"/>
</pin_list>
<bind>
<opset="tmp "/>
</bind>
</comp>

<comp id="255" class="1005" name="cntl_V_reg_255">
<pin_list>
<pin id="256" dir="0" index="0" bw="1" slack="0"/>
<pin id="257" dir="1" index="1" bw="1" slack="2"/>
</pin_list>
<bind>
<opset="cntl_V "/>
</bind>
</comp>

<comp id="262" class="1005" name="outputs_offset6_i_reg_262">
<pin_list>
<pin id="263" dir="0" index="0" bw="31" slack="2"/>
<pin id="264" dir="1" index="1" bw="31" slack="2"/>
</pin_list>
<bind>
<opset="outputs_offset6_i "/>
</bind>
</comp>

<comp id="267" class="1005" name="betas_offset4_i_reg_267">
<pin_list>
<pin id="268" dir="0" index="0" bw="31" slack="2"/>
<pin id="269" dir="1" index="1" bw="31" slack="2"/>
</pin_list>
<bind>
<opset="betas_offset4_i "/>
</bind>
</comp>

<comp id="272" class="1005" name="weights_offset2_i_reg_272">
<pin_list>
<pin id="273" dir="0" index="0" bw="31" slack="2"/>
<pin id="274" dir="1" index="1" bw="31" slack="2"/>
</pin_list>
<bind>
<opset="weights_offset2_i "/>
</bind>
</comp>

<comp id="277" class="1005" name="inputs_offset1_i_reg_277">
<pin_list>
<pin id="278" dir="0" index="0" bw="31" slack="2"/>
<pin id="279" dir="1" index="1" bw="31" slack="2"/>
</pin_list>
<bind>
<opset="inputs_offset1_i "/>
</bind>
</comp>

<comp id="285" class="1005" name="tmp_i_reg_285">
<pin_list>
<pin id="286" dir="0" index="0" bw="10" slack="1"/>
<pin id="287" dir="1" index="1" bw="10" slack="1"/>
</pin_list>
<bind>
<opset="tmp_i "/>
</bind>
</comp>

<comp id="290" class="1005" name="tmp_1_i_reg_290">
<pin_list>
<pin id="291" dir="0" index="0" bw="3" slack="1"/>
<pin id="292" dir="1" index="1" bw="3" slack="1"/>
</pin_list>
<bind>
<opset="tmp_1_i "/>
</bind>
</comp>

<comp id="295" class="1005" name="pingpang_flag_reg_295">
<pin_list>
<pin id="296" dir="0" index="0" bw="1" slack="1"/>
<pin id="297" dir="1" index="1" bw="1" slack="1"/>
</pin_list>
<bind>
<opset="pingpang_flag "/>
</bind>
</comp>

</comp_list>

<net_list>
<net id="87"><net_src comp="18" pin="0"/><net_sink comp="84" pin=0"/></net>

<net id="91"><net_src comp="20" pin="0"/><net_sink comp="88" pin=0"/></net>

<net id="96"><net_src comp="56" pin="0"/><net_sink comp="92" pin=0"/></net>

<net id="97"><net_src comp="2" pin="0"/><net_sink comp="92" pin=1"/></net>

<net id="102"><net_src comp="56" pin="0"/><net_sink comp="98" pin=0"/></net>

<net id="103"><net_src comp="6" pin="0"/><net_sink comp="98" pin=1"/></net>

<net id="108"><net_src comp="56" pin="0"/><net_sink comp="104" pin=0"/></net>

<net id="109"><net_src comp="10" pin="0"/><net_sink comp="104" pin=1"/></net>

<net id="114"><net_src comp="56" pin="0"/><net_sink comp="110" pin=0"/></net>

<net id="115"><net_src comp="14" pin="0"/><net_sink comp="110" pin=1"/></net>

<net id="121"><net_src comp="68" pin="0"/><net_sink comp="116" pin=0"/></net>

<net id="122"><net_src comp="16" pin="0"/><net_sink comp="116" pin=1"/></net>

<net id="123"><net_src comp="18" pin="0"/><net_sink comp="116" pin=2"/></net>

<net id="129"><net_src comp="68" pin="0"/><net_sink comp="124" pin=0"/></net>

<net id="130"><net_src comp="18" pin="0"/><net_sink comp="124" pin=2"/></net>

<net id="135"><net_src comp="82" pin="0"/><net_sink comp="131" pin=0"/></net>

<net id="140"><net_src comp="82" pin="0"/><net_sink comp="136" pin=0"/></net>

<net id="141"><net_src comp="16" pin="0"/><net_sink comp="136" pin=1"/></net>

<net id="145"><net_src comp="66" pin="0"/><net_sink comp="142" pin=0"/></net>

<net id="152"><net_src comp="142" pin="1"/><net_sink comp="146" pin=0"/></net>

<net id="153"><net_src comp="146" pin="4"/><net_sink comp="142" pin=0"/></net>

<net id="168"><net_src comp="78" pin="0"/><net_sink comp="154" pin=0"/></net>

<net id="169"><net_src comp="0" pin="0"/><net_sink comp="154" pin=1"/></net>

<net id="170"><net_src comp="4" pin="0"/><net_sink comp="154" pin=4"/></net>

<net id="171"><net_src comp="8" pin="0"/><net_sink comp="154" pin=6"/></net>

<net id="172"><net_src comp="12" pin="0"/><net_sink comp="154" pin=8"/></net>

<net id="179"><net_src comp="58" pin="0"/><net_sink comp="173" pin=0"/></net>

<net id="180"><net_src comp="110" pin="2"/><net_sink comp="173" pin=1"/></net>

<net id="181"><net_src comp="18" pin="0"/><net_sink comp="173" pin=2"/></net>

<net id="182"><net_src comp="60" pin="0"/><net_sink comp="173" pin=3"/></net>

<net id="189"><net_src comp="58" pin="0"/><net_sink comp="183" pin=0"/></net>

<net id="190"><net_src comp="104" pin="2"/><net_sink comp="183" pin=1"/></net>

<net id="191"><net_src comp="18" pin="0"/><net_sink comp="183" pin=2"/></net>

<net id="192"><net_src comp="60" pin="0"/><net_sink comp="183" pin=3"/></net>

<net id="199"><net_src comp="58" pin="0"/><net_sink comp="193" pin=0"/></net>

<net id="200"><net_src comp="98" pin="2"/><net_sink comp="193" pin=1"/></net>

<net id="201"><net_src comp="18" pin="0"/><net_sink comp="193" pin=2"/></net>

<net id="202"><net_src comp="60" pin="0"/><net_sink comp="193" pin=3"/></net>

<net id="209"><net_src comp="58" pin="0"/><net_sink comp="203" pin=0"/></net>

<net id="210"><net_src comp="92" pin="2"/><net_sink comp="203" pin=1"/></net>

<net id="211"><net_src comp="18" pin="0"/><net_sink comp="203" pin=2"/></net>

<net id="212"><net_src comp="60" pin="0"/><net_sink comp="203" pin=3"/></net>

<net id="218"><net_src comp="142" pin="1"/><net_sink comp="213" pin=0"/></net>

<net id="219"><net_src comp="70" pin="0"/><net_sink comp="213" pin=1"/></net>

<net id="220"><net_src comp="72" pin="0"/><net_sink comp="213" pin=2"/></net>

<net id="221"><net_src comp="213" pin="3"/><net_sink comp="154" pin=3"/></net>

<net id="227"><net_src comp="142" pin="1"/><net_sink comp="222" pin=0"/></net>

<net id="228"><net_src comp="74" pin="0"/><net_sink comp="222" pin=1"/></net>

<net id="229"><net_src comp="76" pin="0"/><net_sink comp="222" pin=2"/></net>

<net id="230"><net_src comp="222" pin="3"/><net_sink comp="154" pin=10"/></net>

<net id="235"><net_src comp="142" pin="1"/><net_sink comp="231" pin=0"/></net>

<net id="236"><net_src comp="80" pin="0"/><net_sink comp="231" pin=1"/></net>

<net id="240"><net_src comp="136" pin="2"/><net_sink comp="237" pin=0"/></net>

<net id="245"><net_src comp="237" pin="1"/><net_sink comp="241" pin=0"/></net>

<net id="252"><net_src comp="84" pin="1"/><net_sink comp="249" pin=0"/></net>

<net id="253"><net_src comp="249" pin="1"/><net_sink comp="241" pin=1"/></net>

<net id="254"><net_src comp="249" pin="1"/><net_sink comp="246" pin=0"/></net>

<net id="258"><net_src comp="88" pin="1"/><net_sink comp="255" pin=0"/></net>

<net id="259"><net_src comp="255" pin="1"/><net_sink comp="154" pin=11"/></net>

<net id="260"><net_src comp="255" pin="1"/><net_sink comp="124" pin=1"/></net>

<net id="261"><net_src comp="255" pin="1"/><net_sink comp="131" pin=1"/></net>

<net id="265"><net_src comp="173" pin="4"/><net_sink comp="262" pin=0"/></net>

<net id="266"><net_src comp="262" pin="1"/><net_sink comp="154" pin=9"/></net>

<net id="270"><net_src comp="183" pin="4"/><net_sink comp="267" pin=0"/></net>

<net id="271"><net_src comp="267" pin="1"/><net_sink comp="154" pin=7"/></net>

<net id="275"><net_src comp="193" pin="4"/><net_sink comp="272" pin=0"/></net>

<net id="276"><net_src comp="272" pin="1"/><net_sink comp="154" pin=5"/></net>

<net id="280"><net_src comp="203" pin="4"/><net_sink comp="277" pin=0"/></net>

<net id="281"><net_src comp="277" pin="1"/><net_sink comp="154" pin=2"/></net>

<net id="288"><net_src comp="213" pin="3"/><net_sink comp="285" pin=0"/></net>

<net id="289"><net_src comp="285" pin="1"/><net_sink comp="154" pin=3"/></net>

<net id="293"><net_src comp="222" pin="3"/><net_sink comp="290" pin=0"/></net>

<net id="294"><net_src comp="290" pin="1"/><net_sink comp="154" pin=10"/></net>

<net id="298"><net_src comp="231" pin="2"/><net_sink comp="295" pin=0"/></net>

<net id="299"><net_src comp="295" pin="1"/><net_sink comp="146" pin=2"/></net>

</net_list>

</model> 
---------------- Datapath Model END ------------------

* FSMD analyzer results:
  - Output states:
	Port: outputs | {3 4 }
 - Input state : 
	Port: last_layer : inputs | {3 4 }
	Port: last_layer : inputs_offset | {1 }
	Port: last_layer : weights | {3 4 }
	Port: last_layer : weights_offset | {1 }
	Port: last_layer : betas | {3 4 }
	Port: last_layer : betas_offset | {1 }
	Port: last_layer : outputs_offset | {1 }
	Port: last_layer : pre_ready_V | {3 5 }
  - Chain level:
	State 1
		empty : 1
		StgValue_32 : 1
	State 2
	State 3
		StgValue_40 : 1
	State 4
	State 5
		StgValue_48 : 1
	State 6
		StgValue_51 : 1


============================================================
+ Verbose Summary: Datapath Resource usage 
============================================================

* Functional unit list:
|----------|---------------------------------|---------|---------|---------|---------|---------|
| Operation|         Functional Unit         |   BRAM  |  DSP48E |  Delay  |    FF   |   LUT   |
|----------|---------------------------------|---------|---------|---------|---------|---------|
|   call   |          grp_fc_fu_154          |    2    |    4    | 17.0748 |   1728  |   1231  |
|----------|---------------------------------|---------|---------|---------|---------|---------|
|  select  |           tmp_i_fu_213          |    0    |    0    |    0    |    0    |    10   |
|          |          tmp_1_i_fu_222         |    0    |    0    |    0    |    0    |    3    |
|----------|---------------------------------|---------|---------|---------|---------|---------|
|    xor   |       pingpang_flag_fu_231      |    0    |    0    |    0    |    0    |    2    |
|----------|---------------------------------|---------|---------|---------|---------|---------|
|          |  inputs_offset_read_read_fu_92  |    0    |    0    |    0    |    0    |    0    |
|   read   |  weights_offset_read_read_fu_98 |    0    |    0    |    0    |    0    |    0    |
|          |  betas_offset_read_read_fu_104  |    0    |    0    |    0    |    0    |    0    |
|          | outputs_offset_read_read_fu_110 |    0    |    0    |    0    |    0    |    0    |
|----------|---------------------------------|---------|---------|---------|---------|---------|
| nbreadreq|     tmp_469_nbreadreq_fu_116    |    0    |    0    |    0    |    0    |    0    |
|          |     tmp_470_nbreadreq_fu_124    |    0    |    0    |    0    |    0    |    0    |
|----------|---------------------------------|---------|---------|---------|---------|---------|
|  nbread  |   empty_n_i4_0_i_nbread_fu_131  |    0    |    0    |    0    |    0    |    0    |
|          |  pre_ready_V_read_nbread_fu_136 |    0    |    0    |    0    |    0    |    0    |
|----------|---------------------------------|---------|---------|---------|---------|---------|
|          |     outputs_offset6_i_fu_173    |    0    |    0    |    0    |    0    |    0    |
|partselect|      betas_offset4_i_fu_183     |    0    |    0    |    0    |    0    |    0    |
|          |     weights_offset2_i_fu_193    |    0    |    0    |    0    |    0    |    0    |
|          |     inputs_offset1_i_fu_203     |    0    |    0    |    0    |    0    |    0    |
|----------|---------------------------------|---------|---------|---------|---------|---------|
|extractvalue|          tmp_472_fu_237         |    0    |    0    |    0    |    0    |    0    |
|----------|---------------------------------|---------|---------|---------|---------|---------|
|   Total  |                                 |    2    |    4    | 17.0748 |   1728  |   1246  |
|----------|---------------------------------|---------|---------|---------|---------|---------|

Memories:
N/A

* Register list:
+-------------------------+--------+
|                         |   FF   |
+-------------------------+--------+
| betas_offset4_i_reg_267 |   31   |
|      cntl_V_reg_255     |    1   |
| inputs_offset1_i_reg_277|   31   |
|outputs_offset6_i_reg_262|   31   |
| pingpang_flag_i_reg_142 |    1   |
|  pingpang_flag_reg_295  |    1   |
|     tmp_1_i_reg_290     |    3   |
|      tmp_i_reg_285      |   10   |
|       tmp_reg_249       |    1   |
|weights_offset2_i_reg_272|   31   |
+-------------------------+--------+
|          Total          |   141  |
+-------------------------+--------+

* Multiplexer (MUX) list: 
|-------------------------|------|------|------|--------||---------||---------|
|           Comp          |  Pin | Size |  BW  | S x BW ||  Delay  ||   LUT   |
|-------------------------|------|------|------|--------||---------||---------|
| pingpang_flag_i_reg_142 |  p0  |   2  |   1  |    2   ||    9    |
|      grp_fc_fu_154      |  p3  |   2  |  10  |   20   ||    9    |
|      grp_fc_fu_154      |  p10 |   2  |   3  |    6   ||    9    |
|-------------------------|------|------|------|--------||---------||---------|
|          Total          |      |      |      |   28   ||  1.968  ||    27   |
|-------------------------|------|------|------|--------||---------||---------|



* Summary:
+-----------+--------+--------+--------+--------+--------+
|           |  BRAM  | DSP48E |  Delay |   FF   |   LUT  |
+-----------+--------+--------+--------+--------+--------+
|  Function |    2   |    4   |   17   |  1728  |  1246  |
|   Memory  |    -   |    -   |    -   |    -   |    -   |
|Multiplexer|    -   |    -   |    1   |    -   |   27   |
|  Register |    -   |    -   |    -   |   141  |    -   |
+-----------+--------+--------+--------+--------+--------+
|   Total   |    2   |    4   |   19   |  1869  |  1273  |
+-----------+--------+--------+--------+--------+--------+
