

================================================================
== Vivado HLS Report for 'output_result'
================================================================
* Date:           Sun Apr 28 15:57:18 2019

* Version:        2018.3 (Build 2405991 on Thu Dec 06 23:56:15 MST 2018)
* Project:        mobile_net_hls_v1
* Solution:       solution1
* Product family: zynquplus
* Target device:  xczu9eg-ffvb1156-2-i


================================================================
== Performance Estimates
================================================================
+ Timing (ns): 
    * Summary: 
    +--------+-------+----------+------------+
    |  Clock | Target| Estimated| Uncertainty|
    +--------+-------+----------+------------+
    |ap_clk  |   4.20|     4.049|        0.52|
    +--------+-------+----------+------------+

+ Latency (clock cycles): 
    * Summary: 
    +-----+-----+-----+-----+---------+
    |  Latency  |  Interval | Pipeline|
    | min | max | min | max |   Type  |
    +-----+-----+-----+-----+---------+
    |    ?|    ?|    ?|    ?|   none  |
    +-----+-----+-----+-----+---------+

    + Detail: 
        * Instance: 
        N/A

        * Loop: 
        +-------------+-----+-----+----------+-----------+-----------+------+----------+
        |             |  Latency  | Iteration|  Initiation Interval  | Trip |          |
        |  Loop Name  | min | max |  Latency |  achieved |   target  | Count| Pipelined|
        +-------------+-----+-----+----------+-----------+-----------+------+----------+
        |- Loop 1     |    ?|    ?|         ?|          -|          -|     ?|    no    |
        | + Loop 1.1  |    ?|    ?|         1|          -|          -|     ?|    no    |
        | + Loop 1.2  |    ?|    ?|         2|          1|          1|     ?|    yes   |
        +-------------+-----+-----+----------+-----------+-----------+------+----------+

============================================================
+ Verbose Summary: Synthesis Manager
============================================================
InlineROM: 1
ExposeGlobal: 0
============================================================
+ Verbose Summary: CDFG Model
============================================================
IsTopModel: 0
ResetActiveHigh: 1
IsCombinational: 2
IsDatapathOnly: 0
HasWiredReturn: 1
HasMFsm: 0
HasVarLatency: 1
IsPipeline: 0
IsRtlPipelined: 0
IsInstanceOverlapped: 0
IsDontTouch: 0
HasImplIP: 0
IsGatedGlobalClock: 0

+ Individual pipeline summary: 
  * Pipeline-0: initiation interval (II) = 1, depth = 2


============================================================
+ Verbose Summary: Schedule
============================================================
* Number of FSM states : 12
* Pipeline : 1
  Pipeline-0 : II = 1, D = 2, States = { 6 7 }
* Dataflow Pipeline: 0

* FSM state transitions: 
1 --> 
	2  / true
2 --> 
	3  / true
3 --> 
	3  / (!tmp)
	4  / (tmp)
4 --> 
	12  / (!icmp7) | (!icmp)
	5  / (icmp & icmp7)
5 --> 
	6  / true
6 --> 
	8  / (!tmp_13_i_i_i)
	7  / (tmp_13_i_i_i)
7 --> 
	6  / true
8 --> 
	9  / true
9 --> 
	10  / true
10 --> 
	11  / true
11 --> 
	12  / true
12 --> 
	2  / (tmp_288)

* FSM state operations: 

State 1 <SV = 0> <Delay = 1.83>
ST_1 : Operation 13 [1/1] (0.00ns)   --->   "call void (...)* @_ssdm_op_SpecInterface(half* %outputs, [6 x i8]* @p_str1, i32 0, i32 0, [1 x i8]* @p_str, i32 0, i32 1024, [7 x i8]* @p_str31, [7 x i8]* @p_str3, [1 x i8]* @p_str, i32 16, i32 16, i32 16, i32 16, [1 x i8]* @p_str, [1 x i8]* @p_str)"   --->   Operation 13 'specinterface' <Predicate = true> <Delay = 0.00>
ST_1 : Operation 14 [1/1] (0.00ns)   --->   "call void (...)* @_ssdm_op_SpecInterface(half* %outputs, [6 x i8]* @p_str1, i32 0, i32 0, [1 x i8]* @p_str, i32 0, i32 1024, [7 x i8]* @p_str31, [7 x i8]* @p_str3, [1 x i8]* @p_str, i32 16, i32 16, i32 16, i32 16, [1 x i8]* @p_str, [1 x i8]* @p_str)"   --->   Operation 14 'specinterface' <Predicate = true> <Delay = 0.00>
ST_1 : Operation 15 [1/1] (0.00ns)   --->   "call void (...)* @_ssdm_op_SpecInterface(i10* %outputs_offset_c, [8 x i8]* @ap_fifo_str, i32 0, i32 0, [1 x i8]* @p_str, i32 0, i32 0, [1 x i8]* @p_str, [1 x i8]* @p_str, [1 x i8]* @p_str, i32 2, i32 2, i32 16, i32 16, [1 x i8]* @p_str, [11 x i8]* @ScalarProp_str)"   --->   Operation 15 'specinterface' <Predicate = true> <Delay = 0.00>
ST_1 : Operation 16 [1/1] (0.00ns)   --->   "call void (...)* @_ssdm_op_SpecInterface(half* %output_buffer_V, [8 x i8]* @ap_fifo_str, i32 0, i32 0, [1 x i8]* @p_str, i32 0, i32 0, [1 x i8]* @p_str, [1 x i8]* @p_str, [1 x i8]* @p_str, i32 2, i32 2, i32 16, i32 16, [1 x i8]* @p_str, [1 x i8]* @p_str)"   --->   Operation 16 'specinterface' <Predicate = true> <Delay = 0.00>
ST_1 : Operation 17 [1/1] (0.00ns)   --->   "call void (...)* @_ssdm_op_SpecInterface(i1* %result_buffer_V, [8 x i8]* @ap_fifo_str, i32 0, i32 0, [1 x i8]* @p_str, i32 0, i32 0, [1 x i8]* @p_str, [1 x i8]* @p_str, [1 x i8]* @p_str, i32 2, i32 2, i32 16, i32 16, [1 x i8]* @p_str, [1 x i8]* @p_str)"   --->   Operation 17 'specinterface' <Predicate = true> <Delay = 0.00>
ST_1 : Operation 18 [1/1] (0.00ns)   --->   "call void (...)* @_ssdm_op_SpecInterface(i32* %result_n_V, [8 x i8]* @ap_fifo_str, i32 0, i32 0, [1 x i8]* @p_str, i32 0, i32 0, [1 x i8]* @p_str, [1 x i8]* @p_str, [1 x i8]* @p_str, i32 2, i32 2, i32 16, i32 16, [1 x i8]* @p_str, [1 x i8]* @p_str)"   --->   Operation 18 'specinterface' <Predicate = true> <Delay = 0.00>
ST_1 : Operation 19 [1/1] (0.00ns)   --->   "call void (...)* @_ssdm_op_SpecInterface(i32* %result_r_V, [8 x i8]* @ap_fifo_str, i32 0, i32 0, [1 x i8]* @p_str, i32 0, i32 0, [1 x i8]* @p_str, [1 x i8]* @p_str, [1 x i8]* @p_str, i32 2, i32 2, i32 16, i32 16, [1 x i8]* @p_str, [1 x i8]* @p_str)"   --->   Operation 19 'specinterface' <Predicate = true> <Delay = 0.00>
ST_1 : Operation 20 [1/1] (0.00ns)   --->   "call void (...)* @_ssdm_op_SpecInterface(i32* %result_c_V, [8 x i8]* @ap_fifo_str, i32 0, i32 0, [1 x i8]* @p_str, i32 0, i32 0, [1 x i8]* @p_str, [1 x i8]* @p_str, [1 x i8]* @p_str, i32 2, i32 2, i32 16, i32 16, [1 x i8]* @p_str, [1 x i8]* @p_str)"   --->   Operation 20 'specinterface' <Predicate = true> <Delay = 0.00>
ST_1 : Operation 21 [1/1] (0.00ns)   --->   "call void (...)* @_ssdm_op_SpecInterface(i1* %cntl_V, [8 x i8]* @ap_fifo_str, i32 0, i32 0, [1 x i8]* @p_str, i32 0, i32 0, [1 x i8]* @p_str, [1 x i8]* @p_str, [1 x i8]* @p_str, i32 2, i32 2, i32 16, i32 16, [1 x i8]* @p_str, [1 x i8]* @p_str)"   --->   Operation 21 'specinterface' <Predicate = true> <Delay = 0.00>
ST_1 : Operation 22 [1/1] (0.00ns)   --->   "call void (...)* @_ssdm_op_SpecInterface(i31* %outputs_offset, [8 x i8]* @ap_fifo_str, i32 0, i32 0, [1 x i8]* @p_str, i32 0, i32 0, [1 x i8]* @p_str, [1 x i8]* @p_str, [1 x i8]* @p_str, i32 2, i32 2, i32 16, i32 16, [1 x i8]* @p_str, [11 x i8]* @ScalarProp_str)"   --->   Operation 22 'specinterface' <Predicate = true> <Delay = 0.00>
ST_1 : Operation 23 [1/1] (1.83ns)   --->   "%outputs_offset_read = call i31 @_ssdm_op_Read.ap_fifo.i31P(i31* %outputs_offset)"   --->   Operation 23 'read' 'outputs_offset_read' <Predicate = true> <Delay = 1.83> <Core = "FIFO_SRL">   --->   Core 36 'FIFO_SRL' <Latency = 0> <II = 1> <Delay = 1.83> <Storage> <Opcode : 'read' 'write' 'nbread' 'nbwrite'> <Ports = 0> <Width = 1> <Depth = 0> <FIFO>
ST_1 : Operation 24 [1/1] (0.00ns)   --->   "call void (...)* @_ssdm_op_SpecInterface(i32* %result_c_V, [8 x i8]* @ap_fifo_str, i32 0, i32 0, [1 x i8]* @p_str, i32 0, i32 0, [1 x i8]* @p_str, [1 x i8]* @p_str, [1 x i8]* @p_str, i32 2, i32 2, i32 16, i32 16, [1 x i8]* @p_str, [1 x i8]* @p_str)"   --->   Operation 24 'specinterface' <Predicate = true> <Delay = 0.00>
ST_1 : Operation 25 [1/1] (0.00ns)   --->   "call void (...)* @_ssdm_op_SpecInterface(i32* %result_r_V, [8 x i8]* @ap_fifo_str, i32 0, i32 0, [1 x i8]* @p_str, i32 0, i32 0, [1 x i8]* @p_str, [1 x i8]* @p_str, [1 x i8]* @p_str, i32 2, i32 2, i32 16, i32 16, [1 x i8]* @p_str, [1 x i8]* @p_str)"   --->   Operation 25 'specinterface' <Predicate = true> <Delay = 0.00>
ST_1 : Operation 26 [1/1] (0.00ns)   --->   "call void (...)* @_ssdm_op_SpecInterface(i32* %result_n_V, [8 x i8]* @ap_fifo_str, i32 0, i32 0, [1 x i8]* @p_str, i32 0, i32 0, [1 x i8]* @p_str, [1 x i8]* @p_str, [1 x i8]* @p_str, i32 2, i32 2, i32 16, i32 16, [1 x i8]* @p_str, [1 x i8]* @p_str)"   --->   Operation 26 'specinterface' <Predicate = true> <Delay = 0.00>
ST_1 : Operation 27 [1/1] (0.00ns)   --->   "call void (...)* @_ssdm_op_SpecInterface(i1* %result_buffer_V, [8 x i8]* @ap_fifo_str, i32 0, i32 0, [1 x i8]* @p_str, i32 0, i32 0, [1 x i8]* @p_str, [1 x i8]* @p_str, [1 x i8]* @p_str, i32 2, i32 2, i32 16, i32 16, [1 x i8]* @p_str, [1 x i8]* @p_str)"   --->   Operation 27 'specinterface' <Predicate = true> <Delay = 0.00>
ST_1 : Operation 28 [1/1] (0.00ns)   --->   "call void (...)* @_ssdm_op_SpecInterface(half* %output_buffer_V, [8 x i8]* @ap_fifo_str, i32 0, i32 0, [1 x i8]* @p_str, i32 0, i32 0, [1 x i8]* @p_str, [1 x i8]* @p_str, [1 x i8]* @p_str, i32 2, i32 2, i32 16, i32 16, [1 x i8]* @p_str, [1 x i8]* @p_str)"   --->   Operation 28 'specinterface' <Predicate = true> <Delay = 0.00>
ST_1 : Operation 29 [1/1] (0.00ns)   --->   "call void (...)* @_ssdm_op_SpecInterface(i1* %cntl_V, [8 x i8]* @ap_fifo_str, i32 0, i32 0, [1 x i8]* @p_str, i32 0, i32 0, [1 x i8]* @p_str, [1 x i8]* @p_str, [1 x i8]* @p_str, i32 2, i32 2, i32 16, i32 16, [1 x i8]* @p_str, [1 x i8]* @p_str)"   --->   Operation 29 'specinterface' <Predicate = true> <Delay = 0.00>
ST_1 : Operation 30 [1/1] (0.00ns)   --->   "call void (...)* @_ssdm_op_SpecInterface(half* %outputs, [6 x i8]* @p_str1, i32 0, i32 0, [1 x i8]* @p_str, i32 0, i32 1024, [7 x i8]* @p_str31, [7 x i8]* @p_str3, [1 x i8]* @p_str, i32 16, i32 16, i32 16, i32 16, [1 x i8]* @p_str, [1 x i8]* @p_str)"   --->   Operation 30 'specinterface' <Predicate = true> <Delay = 0.00>
ST_1 : Operation 31 [1/1] (0.00ns)   --->   "call void (...)* @_ssdm_op_SpecInterface(i10* %outputs_offset_c, [8 x i8]* @ap_fifo_str, i32 0, i32 0, [1 x i8]* @p_str, i32 0, i32 0, [1 x i8]* @p_str, [1 x i8]* @p_str, [1 x i8]* @p_str, i32 2, i32 2, i32 16, i32 16, [1 x i8]* @p_str, [11 x i8]* @ScalarProp_str)"   --->   Operation 31 'specinterface' <Predicate = true> <Delay = 0.00>
ST_1 : Operation 32 [1/1] (1.83ns)   --->   "%outputs_offset_c_rea = call i10 @_ssdm_op_Read.ap_fifo.i10P(i10* %outputs_offset_c)"   --->   Operation 32 'read' 'outputs_offset_c_rea' <Predicate = true> <Delay = 1.83> <Core = "FIFO_SRL">   --->   Core 36 'FIFO_SRL' <Latency = 0> <II = 1> <Delay = 1.83> <Storage> <Opcode : 'read' 'write' 'nbread' 'nbwrite'> <Ports = 0> <Width = 1> <Depth = 0> <FIFO>
ST_1 : Operation 33 [1/1] (0.00ns)   --->   "call void (...)* @_ssdm_op_SpecMemCore(half* %output_buffer_V, [1 x i8]* @p_str, [10 x i8]* @p_str71, [1 x i8]* @p_str, i32 -1, [1 x i8]* @p_str, [1 x i8]* @p_str, [1 x i8]* @p_str, [1 x i8]* @p_str, [1 x i8]* @p_str)"   --->   Operation 33 'specmemcore' <Predicate = true> <Delay = 0.00>
ST_1 : Operation 34 [1/1] (0.00ns)   --->   "call void (...)* @_ssdm_op_SpecInterface(half* %outputs, [6 x i8]* @p_str1, i32 0, i32 0, [1 x i8]* @p_str, i32 0, i32 1024, [7 x i8]* @p_str31, [7 x i8]* @p_str3, [1 x i8]* @p_str, i32 16, i32 16, i32 16, i32 16, [1 x i8]* @p_str, [1 x i8]* @p_str)"   --->   Operation 34 'specinterface' <Predicate = true> <Delay = 0.00>
ST_1 : Operation 35 [1/1] (0.00ns)   --->   "%outputs_offset_cast_s = zext i10 %outputs_offset_c_rea to i33" [mobile_net_hls_v1/conv.hpp:1162->mobile_net_hls_v1/conv.hpp:1304]   --->   Operation 35 'zext' 'outputs_offset_cast_s' <Predicate = true> <Delay = 0.00>
ST_1 : Operation 36 [1/1] (0.00ns)   --->   "%sext_cast_i_i = zext i31 %outputs_offset_read to i34" [mobile_net_hls_v1/conv.hpp:1162->mobile_net_hls_v1/conv.hpp:1304]   --->   Operation 36 'zext' 'sext_cast_i_i' <Predicate = true> <Delay = 0.00>
ST_1 : Operation 37 [1/1] (0.00ns)   --->   "br label %0" [mobile_net_hls_v1/conv.hpp:1162->mobile_net_hls_v1/conv.hpp:1304]   --->   Operation 37 'br' <Predicate = true> <Delay = 0.00>

State 2 <SV = 1> <Delay = 0.00>
ST_2 : Operation 38 [1/1] (0.00ns)   --->   "br label %._crit_edge.i.i.i" [mobile_net_hls_v1/conv.hpp:1165->mobile_net_hls_v1/conv.hpp:1304]   --->   Operation 38 'br' <Predicate = true> <Delay = 0.00>

State 3 <SV = 2> <Delay = 2.85>
ST_3 : Operation 39 [1/1] (0.00ns)   --->   "%tmp = call i1 @_ssdm_op_NbReadReq.ap_fifo.i1P(i1* %result_buffer_V, i32 1)" [mobile_net_hls_v1/conv.hpp:1166->mobile_net_hls_v1/conv.hpp:1304]   --->   Operation 39 'nbreadreq' 'tmp' <Predicate = true> <Delay = 0.00> <Core = "FIFO_SRL">   --->   Core 36 'FIFO_SRL' <Latency = 0> <II = 1> <Delay = 1.83> <Storage> <Opcode : 'read' 'write' 'nbread' 'nbwrite'> <Ports = 0> <Width = 1> <Depth = 0> <FIFO>
ST_3 : Operation 40 [1/1] (0.00ns)   --->   "br i1 %tmp, label %1, label %._crit_edge.i.i.i" [mobile_net_hls_v1/conv.hpp:1166->mobile_net_hls_v1/conv.hpp:1304]   --->   Operation 40 'br' <Predicate = true> <Delay = 0.00>
ST_3 : Operation 41 [1/1] (1.83ns)   --->   "%result_n_V_read = call { i1, i32 } @_ssdm_op_NbRead.ap_fifo.volatile.i32P(i32* %result_n_V)" [mobile_net_hls_v1/conv.hpp:1169->mobile_net_hls_v1/conv.hpp:1304]   --->   Operation 41 'nbread' 'result_n_V_read' <Predicate = (tmp)> <Delay = 1.83> <Core = "FIFO_SRL">   --->   Core 36 'FIFO_SRL' <Latency = 0> <II = 1> <Delay = 1.83> <Storage> <Opcode : 'read' 'write' 'nbread' 'nbwrite'> <Ports = 0> <Width = 1> <Depth = 0> <FIFO>
ST_3 : Operation 42 [1/1] (0.00ns)   --->   "%tmp_285 = extractvalue { i1, i32 } %result_n_V_read, 1" [mobile_net_hls_v1/conv.hpp:1169->mobile_net_hls_v1/conv.hpp:1304]   --->   Operation 42 'extractvalue' 'tmp_285' <Predicate = (tmp)> <Delay = 0.00>
ST_3 : Operation 43 [1/1] (1.83ns)   --->   "%result_r_V_read = call { i1, i32 } @_ssdm_op_NbRead.ap_fifo.volatile.i32P(i32* %result_r_V)" [mobile_net_hls_v1/conv.hpp:1170->mobile_net_hls_v1/conv.hpp:1304]   --->   Operation 43 'nbread' 'result_r_V_read' <Predicate = (tmp)> <Delay = 1.83> <Core = "FIFO_SRL">   --->   Core 36 'FIFO_SRL' <Latency = 0> <II = 1> <Delay = 1.83> <Storage> <Opcode : 'read' 'write' 'nbread' 'nbwrite'> <Ports = 0> <Width = 1> <Depth = 0> <FIFO>
ST_3 : Operation 44 [1/1] (0.00ns)   --->   "%tmp_286 = extractvalue { i1, i32 } %result_r_V_read, 1" [mobile_net_hls_v1/conv.hpp:1170->mobile_net_hls_v1/conv.hpp:1304]   --->   Operation 44 'extractvalue' 'tmp_286' <Predicate = (tmp)> <Delay = 0.00>
ST_3 : Operation 45 [1/1] (1.83ns)   --->   "%result_c_V_read = call { i1, i32 } @_ssdm_op_NbRead.ap_fifo.volatile.i32P(i32* %result_c_V)" [mobile_net_hls_v1/conv.hpp:1171->mobile_net_hls_v1/conv.hpp:1304]   --->   Operation 45 'nbread' 'result_c_V_read' <Predicate = (tmp)> <Delay = 1.83> <Core = "FIFO_SRL">   --->   Core 36 'FIFO_SRL' <Latency = 0> <II = 1> <Delay = 1.83> <Storage> <Opcode : 'read' 'write' 'nbread' 'nbwrite'> <Ports = 0> <Width = 1> <Depth = 0> <FIFO>
ST_3 : Operation 46 [1/1] (0.00ns)   --->   "%tmp_287 = extractvalue { i1, i32 } %result_c_V_read, 1" [mobile_net_hls_v1/conv.hpp:1171->mobile_net_hls_v1/conv.hpp:1304]   --->   Operation 46 'extractvalue' 'tmp_287' <Predicate = (tmp)> <Delay = 0.00>
ST_3 : Operation 47 [1/1] (1.01ns)   --->   "%tmp_4_i_i_i = sub nsw i32 16, %tmp_286" [mobile_net_hls_v1/conv.hpp:1174->mobile_net_hls_v1/conv.hpp:1304]   --->   Operation 47 'sub' 'tmp_4_i_i_i' <Predicate = (tmp)> <Delay = 1.01> <Core = "AddSub">   --->   Core 14 'AddSub' <Latency = 0> <II = 1> <Delay = 1.01> <FuncUnit> <Opcode : 'add' 'sub'> <InPorts = 2> <OutPorts = 1>
ST_3 : Operation 48 [1/1] (1.01ns)   --->   "%tmp_6_i_i_i = sub nsw i32 16, %tmp_287" [mobile_net_hls_v1/conv.hpp:1175->mobile_net_hls_v1/conv.hpp:1304]   --->   Operation 48 'sub' 'tmp_6_i_i_i' <Predicate = (tmp)> <Delay = 1.01> <Core = "AddSub">   --->   Core 14 'AddSub' <Latency = 0> <II = 1> <Delay = 1.01> <FuncUnit> <Opcode : 'add' 'sub'> <InPorts = 2> <OutPorts = 1>

State 4 <SV = 3> <Delay = 4.04>
ST_4 : Operation 49 [1/1] (1.01ns)   --->   "%tmp_i_i_i = sub nsw i32 512, %tmp_285" [mobile_net_hls_v1/conv.hpp:1173->mobile_net_hls_v1/conv.hpp:1304]   --->   Operation 49 'sub' 'tmp_i_i_i' <Predicate = true> <Delay = 1.01> <Core = "AddSub">   --->   Core 14 'AddSub' <Latency = 0> <II = 1> <Delay = 1.01> <FuncUnit> <Opcode : 'add' 'sub'> <InPorts = 2> <OutPorts = 1>
ST_4 : Operation 50 [1/1] (0.99ns)   --->   "%tmp_3_i_i_i = icmp sgt i32 %tmp_i_i_i, 8" [mobile_net_hls_v1/conv.hpp:1173->mobile_net_hls_v1/conv.hpp:1304]   --->   Operation 50 'icmp' 'tmp_3_i_i_i' <Predicate = true> <Delay = 0.99> <Core = "Cmp">   --->   Core 25 'Cmp' <Latency = 0> <II = 1> <Delay = 1.01> <FuncUnit> <Opcode : 'icmp'> <InPorts = 2> <OutPorts = 1>
ST_4 : Operation 51 [1/1] (0.44ns)   --->   "%nLoops = select i1 %tmp_3_i_i_i, i32 8, i32 %tmp_i_i_i" [mobile_net_hls_v1/conv.hpp:1173->mobile_net_hls_v1/conv.hpp:1304]   --->   Operation 51 'select' 'nLoops' <Predicate = true> <Delay = 0.44> <Core = "Sel">   --->   Core 26 'Sel' <Latency = 0> <II = 1> <Delay = 0.44> <FuncUnit> <Opcode : 'select'> <InPorts = 3> <OutPorts = 1>
ST_4 : Operation 52 [1/1] (0.99ns)   --->   "%tmp_5_i_i_i = icmp sgt i32 %tmp_4_i_i_i, 8" [mobile_net_hls_v1/conv.hpp:1174->mobile_net_hls_v1/conv.hpp:1304]   --->   Operation 52 'icmp' 'tmp_5_i_i_i' <Predicate = true> <Delay = 0.99> <Core = "Cmp">   --->   Core 25 'Cmp' <Latency = 0> <II = 1> <Delay = 1.01> <FuncUnit> <Opcode : 'icmp'> <InPorts = 2> <OutPorts = 1>
ST_4 : Operation 53 [1/1] (0.00ns) (grouped into LUT with out node tmp_8_i_i_i)   --->   "%rLoops = select i1 %tmp_5_i_i_i, i32 8, i32 %tmp_4_i_i_i" [mobile_net_hls_v1/conv.hpp:1174->mobile_net_hls_v1/conv.hpp:1304]   --->   Operation 53 'select' 'rLoops' <Predicate = true> <Delay = 0.00> <Core = "Sel">   --->   Core 26 'Sel' <Latency = 0> <II = 1> <Delay = 0.44> <FuncUnit> <Opcode : 'select'> <InPorts = 3> <OutPorts = 1>
ST_4 : Operation 54 [1/1] (0.99ns)   --->   "%tmp_7_i_i_i = icmp sgt i32 %tmp_6_i_i_i, 8" [mobile_net_hls_v1/conv.hpp:1175->mobile_net_hls_v1/conv.hpp:1304]   --->   Operation 54 'icmp' 'tmp_7_i_i_i' <Predicate = true> <Delay = 0.99> <Core = "Cmp">   --->   Core 25 'Cmp' <Latency = 0> <II = 1> <Delay = 1.01> <FuncUnit> <Opcode : 'icmp'> <InPorts = 2> <OutPorts = 1>
ST_4 : Operation 55 [1/1] (0.44ns)   --->   "%cLoops = select i1 %tmp_7_i_i_i, i32 8, i32 %tmp_6_i_i_i" [mobile_net_hls_v1/conv.hpp:1175->mobile_net_hls_v1/conv.hpp:1304]   --->   Operation 55 'select' 'cLoops' <Predicate = true> <Delay = 0.44> <Core = "Sel">   --->   Core 26 'Sel' <Latency = 0> <II = 1> <Delay = 0.44> <FuncUnit> <Opcode : 'select'> <InPorts = 3> <OutPorts = 1>
ST_4 : Operation 56 [1/1] (1.01ns) (out node of the LUT)   --->   "%tmp_8_i_i_i = add nsw i32 %tmp_286, %rLoops" [mobile_net_hls_v1/conv.hpp:1138->mobile_net_hls_v1/conv.hpp:1177->mobile_net_hls_v1/conv.hpp:1304]   --->   Operation 56 'add' 'tmp_8_i_i_i' <Predicate = true> <Delay = 1.01> <Core = "AddSub">   --->   Core 14 'AddSub' <Latency = 0> <II = 1> <Delay = 1.01> <FuncUnit> <Opcode : 'add' 'sub'> <InPorts = 2> <OutPorts = 1>
ST_4 : Operation 57 [1/1] (0.00ns)   --->   "%tmp_281 = call i28 @_ssdm_op_PartSelect.i28.i32.i32.i32(i32 %tmp_8_i_i_i, i32 4, i32 31)" [mobile_net_hls_v1/conv.hpp:1138->mobile_net_hls_v1/conv.hpp:1177->mobile_net_hls_v1/conv.hpp:1304]   --->   Operation 57 'partselect' 'tmp_281' <Predicate = true> <Delay = 0.00>
ST_4 : Operation 58 [1/1] (1.01ns)   --->   "%icmp = icmp sgt i28 %tmp_281, 0" [mobile_net_hls_v1/conv.hpp:1138->mobile_net_hls_v1/conv.hpp:1177->mobile_net_hls_v1/conv.hpp:1304]   --->   Operation 58 'icmp' 'icmp' <Predicate = true> <Delay = 1.01> <Core = "Cmp">   --->   Core 25 'Cmp' <Latency = 0> <II = 1> <Delay = 1.01> <FuncUnit> <Opcode : 'icmp'> <InPorts = 2> <OutPorts = 1>
ST_4 : Operation 59 [1/1] (0.00ns)   --->   "br i1 %icmp, label %2, label %"copy_output_fbuffer2mem<512, 16, 16, 8>.exit.i.i.i"" [mobile_net_hls_v1/conv.hpp:1138->mobile_net_hls_v1/conv.hpp:1177->mobile_net_hls_v1/conv.hpp:1304]   --->   Operation 59 'br' <Predicate = true> <Delay = 0.00>
ST_4 : Operation 60 [1/1] (1.01ns)   --->   "%tmp_10_i_i_i = add nsw i32 %tmp_287, %cLoops" [mobile_net_hls_v1/conv.hpp:1138->mobile_net_hls_v1/conv.hpp:1177->mobile_net_hls_v1/conv.hpp:1304]   --->   Operation 60 'add' 'tmp_10_i_i_i' <Predicate = (icmp)> <Delay = 1.01> <Core = "AddSub">   --->   Core 14 'AddSub' <Latency = 0> <II = 1> <Delay = 1.01> <FuncUnit> <Opcode : 'add' 'sub'> <InPorts = 2> <OutPorts = 1>
ST_4 : Operation 61 [1/1] (0.00ns)   --->   "%tmp_282 = call i28 @_ssdm_op_PartSelect.i28.i32.i32.i32(i32 %tmp_10_i_i_i, i32 4, i32 31)" [mobile_net_hls_v1/conv.hpp:1138->mobile_net_hls_v1/conv.hpp:1177->mobile_net_hls_v1/conv.hpp:1304]   --->   Operation 61 'partselect' 'tmp_282' <Predicate = (icmp)> <Delay = 0.00>
ST_4 : Operation 62 [1/1] (1.01ns)   --->   "%icmp7 = icmp sgt i28 %tmp_282, 0" [mobile_net_hls_v1/conv.hpp:1138->mobile_net_hls_v1/conv.hpp:1177->mobile_net_hls_v1/conv.hpp:1304]   --->   Operation 62 'icmp' 'icmp7' <Predicate = (icmp)> <Delay = 1.01> <Core = "Cmp">   --->   Core 25 'Cmp' <Latency = 0> <II = 1> <Delay = 1.01> <FuncUnit> <Opcode : 'icmp'> <InPorts = 2> <OutPorts = 1>
ST_4 : Operation 63 [1/1] (0.00ns)   --->   "br i1 %icmp7, label %.preheader.preheader.i.i.i.i, label %"copy_output_fbuffer2mem<512, 16, 16, 8>.exit.i.i.i"" [mobile_net_hls_v1/conv.hpp:1138->mobile_net_hls_v1/conv.hpp:1177->mobile_net_hls_v1/conv.hpp:1304]   --->   Operation 63 'br' <Predicate = (icmp)> <Delay = 0.00>
ST_4 : Operation 64 [1/1] (0.00ns)   --->   "%tmp_12_cast_i_i_i = sext i32 %tmp_285 to i33" [mobile_net_hls_v1/conv.hpp:1140->mobile_net_hls_v1/conv.hpp:1177->mobile_net_hls_v1/conv.hpp:1304]   --->   Operation 64 'sext' 'tmp_12_cast_i_i_i' <Predicate = (icmp & icmp7)> <Delay = 0.00>
ST_4 : Operation 65 [1/1] (1.01ns)   --->   "%tmp_19_i_i = add i33 %outputs_offset_cast_s, %tmp_12_cast_i_i_i" [mobile_net_hls_v1/conv.hpp:1143->mobile_net_hls_v1/conv.hpp:1177->mobile_net_hls_v1/conv.hpp:1304]   --->   Operation 65 'add' 'tmp_19_i_i' <Predicate = (icmp & icmp7)> <Delay = 1.01> <Core = "AddSub">   --->   Core 14 'AddSub' <Latency = 0> <II = 1> <Delay = 1.01> <FuncUnit> <Opcode : 'add' 'sub'> <InPorts = 2> <OutPorts = 1>
ST_4 : Operation 66 [1/1] (0.00ns)   --->   "%tmp_20_cast_i_i = sext i33 %tmp_19_i_i to i34" [mobile_net_hls_v1/conv.hpp:1143->mobile_net_hls_v1/conv.hpp:1177->mobile_net_hls_v1/conv.hpp:1304]   --->   Operation 66 'sext' 'tmp_20_cast_i_i' <Predicate = (icmp & icmp7)> <Delay = 0.00>
ST_4 : Operation 67 [1/1] (1.01ns)   --->   "%sum_i_i = add i34 %sext_cast_i_i, %tmp_20_cast_i_i" [mobile_net_hls_v1/conv.hpp:1143->mobile_net_hls_v1/conv.hpp:1177->mobile_net_hls_v1/conv.hpp:1304]   --->   Operation 67 'add' 'sum_i_i' <Predicate = (icmp & icmp7)> <Delay = 1.01> <Core = "AddSub">   --->   Core 14 'AddSub' <Latency = 0> <II = 1> <Delay = 1.01> <FuncUnit> <Opcode : 'add' 'sub'> <InPorts = 2> <OutPorts = 1>
ST_4 : Operation 68 [1/1] (0.00ns)   --->   "%sum_cast_i_i = sext i34 %sum_i_i to i64" [mobile_net_hls_v1/conv.hpp:1143->mobile_net_hls_v1/conv.hpp:1177->mobile_net_hls_v1/conv.hpp:1304]   --->   Operation 68 'sext' 'sum_cast_i_i' <Predicate = (icmp & icmp7)> <Delay = 0.00>
ST_4 : Operation 69 [1/1] (0.00ns)   --->   "%outputs_addr = getelementptr half* %outputs, i64 %sum_cast_i_i" [mobile_net_hls_v1/conv.hpp:1143->mobile_net_hls_v1/conv.hpp:1177->mobile_net_hls_v1/conv.hpp:1304]   --->   Operation 69 'getelementptr' 'outputs_addr' <Predicate = (icmp & icmp7)> <Delay = 0.00>

State 5 <SV = 4> <Delay = 3.67>
ST_5 : Operation 70 [1/1] (3.67ns)   --->   "%outputs_addr_i_i_wr_s = call i1 @_ssdm_op_WriteReq.m_axi.halfP(half* %outputs_addr, i32 %nLoops)" [mobile_net_hls_v1/conv.hpp:1143->mobile_net_hls_v1/conv.hpp:1177->mobile_net_hls_v1/conv.hpp:1304]   --->   Operation 70 'writereq' 'outputs_addr_i_i_wr_s' <Predicate = true> <Delay = 3.67> <Core = "m_axi">   --->   Core 9 'm_axi' <Latency = 6> <II = 1> <Delay = 1.00> <Adapter> <Opcode : 'read' 'write' 'readreq' 'writereq' 'writeresp'>
ST_5 : Operation 71 [1/1] (0.65ns)   --->   "br label %.preheader.i.i.i.i" [mobile_net_hls_v1/conv.hpp:1140->mobile_net_hls_v1/conv.hpp:1177->mobile_net_hls_v1/conv.hpp:1304]   --->   Operation 71 'br' <Predicate = true> <Delay = 0.65>

State 6 <SV = 5> <Delay = 1.63>
ST_6 : Operation 72 [1/1] (0.00ns)   --->   "%i_0_i_i_i_i = phi i4 [ %i, %3 ], [ 0, %.preheader.preheader.i.i.i.i ]"   --->   Operation 72 'phi' 'i_0_i_i_i_i' <Predicate = true> <Delay = 0.00>
ST_6 : Operation 73 [1/1] (0.00ns)   --->   "%i_0_i_cast_i_i_i = zext i4 %i_0_i_i_i_i to i32" [mobile_net_hls_v1/conv.hpp:1140->mobile_net_hls_v1/conv.hpp:1177->mobile_net_hls_v1/conv.hpp:1304]   --->   Operation 73 'zext' 'i_0_i_cast_i_i_i' <Predicate = true> <Delay = 0.00>
ST_6 : Operation 74 [1/1] (0.99ns)   --->   "%tmp_13_i_i_i = icmp slt i32 %i_0_i_cast_i_i_i, %nLoops" [mobile_net_hls_v1/conv.hpp:1140->mobile_net_hls_v1/conv.hpp:1177->mobile_net_hls_v1/conv.hpp:1304]   --->   Operation 74 'icmp' 'tmp_13_i_i_i' <Predicate = true> <Delay = 0.99> <Core = "Cmp">   --->   Core 25 'Cmp' <Latency = 0> <II = 1> <Delay = 1.01> <FuncUnit> <Opcode : 'icmp'> <InPorts = 2> <OutPorts = 1>
ST_6 : Operation 75 [1/1] (0.79ns)   --->   "%i = add i4 %i_0_i_i_i_i, 1" [mobile_net_hls_v1/conv.hpp:1140->mobile_net_hls_v1/conv.hpp:1177->mobile_net_hls_v1/conv.hpp:1304]   --->   Operation 75 'add' 'i' <Predicate = true> <Delay = 0.79> <Core = "AddSub">   --->   Core 14 'AddSub' <Latency = 0> <II = 1> <Delay = 1.01> <FuncUnit> <Opcode : 'add' 'sub'> <InPorts = 2> <OutPorts = 1>
ST_6 : Operation 76 [1/1] (0.00ns)   --->   "br i1 %tmp_13_i_i_i, label %3, label %"copy_output_fbuffer2mem<512, 16, 16, 8>.exit.i.loopexit.i.i"" [mobile_net_hls_v1/conv.hpp:1140->mobile_net_hls_v1/conv.hpp:1177->mobile_net_hls_v1/conv.hpp:1304]   --->   Operation 76 'br' <Predicate = true> <Delay = 0.00>
ST_6 : Operation 77 [1/1] (1.63ns)   --->   "%output_buffer_V_read = call { i1, half } @_ssdm_op_NbRead.ap_fifo.volatile.halfP(half* %output_buffer_V)" [mobile_net_hls_v1/conv.hpp:1143->mobile_net_hls_v1/conv.hpp:1177->mobile_net_hls_v1/conv.hpp:1304]   --->   Operation 77 'nbread' 'output_buffer_V_read' <Predicate = (tmp_13_i_i_i)> <Delay = 1.63> <Core = "FIFO_BRAM">   --->   Core 34 'FIFO_BRAM' <Latency = 0> <II = 1> <Delay = 1.63> <Storage> <Opcode : 'read' 'write' 'nbread' 'nbwrite'> <Ports = 0> <Width = 16> <Depth = 0> <FIFO>
ST_6 : Operation 78 [1/1] (0.00ns)   --->   "%tmp_283 = extractvalue { i1, half } %output_buffer_V_read, 1" [mobile_net_hls_v1/conv.hpp:1143->mobile_net_hls_v1/conv.hpp:1177->mobile_net_hls_v1/conv.hpp:1304]   --->   Operation 78 'extractvalue' 'tmp_283' <Predicate = (tmp_13_i_i_i)> <Delay = 0.00>

State 7 <SV = 6> <Delay = 3.67>
ST_7 : Operation 79 [1/1] (0.00ns)   --->   "%tmp_21_i_i_i = call i32 (...)* @_ssdm_op_SpecRegionBegin([14 x i8]* @p_str82)" [mobile_net_hls_v1/conv.hpp:1141->mobile_net_hls_v1/conv.hpp:1177->mobile_net_hls_v1/conv.hpp:1304]   --->   Operation 79 'specregionbegin' 'tmp_21_i_i_i' <Predicate = (tmp_13_i_i_i)> <Delay = 0.00>
ST_7 : Operation 80 [1/1] (0.00ns)   --->   "call void (...)* @_ssdm_op_SpecPipeline(i32 1, i32 1, i32 1, i32 0, [1 x i8]* @p_str) nounwind" [mobile_net_hls_v1/conv.hpp:1142->mobile_net_hls_v1/conv.hpp:1177->mobile_net_hls_v1/conv.hpp:1304]   --->   Operation 80 'specpipeline' <Predicate = (tmp_13_i_i_i)> <Delay = 0.00>
ST_7 : Operation 81 [1/1] (3.67ns)   --->   "call void @_ssdm_op_Write.m_axi.halfP(half* %outputs_addr, half %tmp_283, i2 -1)" [mobile_net_hls_v1/conv.hpp:1143->mobile_net_hls_v1/conv.hpp:1177->mobile_net_hls_v1/conv.hpp:1304]   --->   Operation 81 'write' <Predicate = (tmp_13_i_i_i)> <Delay = 3.67> <Core = "m_axi">   --->   Core 9 'm_axi' <Latency = 6> <II = 1> <Delay = 1.00> <Adapter> <Opcode : 'read' 'write' 'readreq' 'writereq' 'writeresp'>
ST_7 : Operation 82 [1/1] (0.00ns)   --->   "%empty = call i32 (...)* @_ssdm_op_SpecRegionEnd([14 x i8]* @p_str82, i32 %tmp_21_i_i_i)" [mobile_net_hls_v1/conv.hpp:1144->mobile_net_hls_v1/conv.hpp:1177->mobile_net_hls_v1/conv.hpp:1304]   --->   Operation 82 'specregionend' 'empty' <Predicate = (tmp_13_i_i_i)> <Delay = 0.00>
ST_7 : Operation 83 [1/1] (0.00ns)   --->   "br label %.preheader.i.i.i.i" [mobile_net_hls_v1/conv.hpp:1140->mobile_net_hls_v1/conv.hpp:1177->mobile_net_hls_v1/conv.hpp:1304]   --->   Operation 83 'br' <Predicate = (tmp_13_i_i_i)> <Delay = 0.00>

State 8 <SV = 6> <Delay = 3.67>
ST_8 : Operation 84 [5/5] (3.67ns)   --->   "%outputs_addr_i_i_wr_13 = call i1 @_ssdm_op_WriteResp.m_axi.halfP(half* %outputs_addr)" [mobile_net_hls_v1/conv.hpp:1143->mobile_net_hls_v1/conv.hpp:1177->mobile_net_hls_v1/conv.hpp:1304]   --->   Operation 84 'writeresp' 'outputs_addr_i_i_wr_13' <Predicate = true> <Delay = 3.67> <Core = "m_axi">   --->   Core 9 'm_axi' <Latency = 6> <II = 1> <Delay = 1.00> <Adapter> <Opcode : 'read' 'write' 'readreq' 'writereq' 'writeresp'>

State 9 <SV = 7> <Delay = 3.67>
ST_9 : Operation 85 [4/5] (3.67ns)   --->   "%outputs_addr_i_i_wr_13 = call i1 @_ssdm_op_WriteResp.m_axi.halfP(half* %outputs_addr)" [mobile_net_hls_v1/conv.hpp:1143->mobile_net_hls_v1/conv.hpp:1177->mobile_net_hls_v1/conv.hpp:1304]   --->   Operation 85 'writeresp' 'outputs_addr_i_i_wr_13' <Predicate = true> <Delay = 3.67> <Core = "m_axi">   --->   Core 9 'm_axi' <Latency = 6> <II = 1> <Delay = 1.00> <Adapter> <Opcode : 'read' 'write' 'readreq' 'writereq' 'writeresp'>

State 10 <SV = 8> <Delay = 3.67>
ST_10 : Operation 86 [3/5] (3.67ns)   --->   "%outputs_addr_i_i_wr_13 = call i1 @_ssdm_op_WriteResp.m_axi.halfP(half* %outputs_addr)" [mobile_net_hls_v1/conv.hpp:1143->mobile_net_hls_v1/conv.hpp:1177->mobile_net_hls_v1/conv.hpp:1304]   --->   Operation 86 'writeresp' 'outputs_addr_i_i_wr_13' <Predicate = true> <Delay = 3.67> <Core = "m_axi">   --->   Core 9 'm_axi' <Latency = 6> <II = 1> <Delay = 1.00> <Adapter> <Opcode : 'read' 'write' 'readreq' 'writereq' 'writeresp'>

State 11 <SV = 9> <Delay = 3.67>
ST_11 : Operation 87 [2/5] (3.67ns)   --->   "%outputs_addr_i_i_wr_13 = call i1 @_ssdm_op_WriteResp.m_axi.halfP(half* %outputs_addr)" [mobile_net_hls_v1/conv.hpp:1143->mobile_net_hls_v1/conv.hpp:1177->mobile_net_hls_v1/conv.hpp:1304]   --->   Operation 87 'writeresp' 'outputs_addr_i_i_wr_13' <Predicate = true> <Delay = 3.67> <Core = "m_axi">   --->   Core 9 'm_axi' <Latency = 6> <II = 1> <Delay = 1.00> <Adapter> <Opcode : 'read' 'write' 'readreq' 'writereq' 'writeresp'>

State 12 <SV = 10> <Delay = 3.67>
ST_12 : Operation 88 [1/5] (3.67ns)   --->   "%outputs_addr_i_i_wr_13 = call i1 @_ssdm_op_WriteResp.m_axi.halfP(half* %outputs_addr)" [mobile_net_hls_v1/conv.hpp:1143->mobile_net_hls_v1/conv.hpp:1177->mobile_net_hls_v1/conv.hpp:1304]   --->   Operation 88 'writeresp' 'outputs_addr_i_i_wr_13' <Predicate = (icmp & icmp7)> <Delay = 3.67> <Core = "m_axi">   --->   Core 9 'm_axi' <Latency = 6> <II = 1> <Delay = 1.00> <Adapter> <Opcode : 'read' 'write' 'readreq' 'writereq' 'writeresp'>
ST_12 : Operation 89 [1/1] (0.00ns)   --->   "br label %"copy_output_fbuffer2mem<512, 16, 16, 8>.exit.i.i.i""   --->   Operation 89 'br' <Predicate = (icmp & icmp7)> <Delay = 0.00>
ST_12 : Operation 90 [1/1] (1.83ns)   --->   "%result_buffer_V_read = call { i1, i1 } @_ssdm_op_NbRead.ap_fifo.volatile.i1P(i1* %result_buffer_V)" [mobile_net_hls_v1/conv.hpp:1179->mobile_net_hls_v1/conv.hpp:1304]   --->   Operation 90 'nbread' 'result_buffer_V_read' <Predicate = true> <Delay = 1.83> <Core = "FIFO_SRL">   --->   Core 36 'FIFO_SRL' <Latency = 0> <II = 1> <Delay = 1.83> <Storage> <Opcode : 'read' 'write' 'nbread' 'nbwrite'> <Ports = 0> <Width = 1> <Depth = 0> <FIFO>
ST_12 : Operation 91 [1/1] (0.00ns)   --->   "%tmp_288 = extractvalue { i1, i1 } %result_buffer_V_read, 1" [mobile_net_hls_v1/conv.hpp:1179->mobile_net_hls_v1/conv.hpp:1304]   --->   Operation 91 'extractvalue' 'tmp_288' <Predicate = true> <Delay = 0.00>
ST_12 : Operation 92 [1/1] (0.00ns)   --->   "br i1 %tmp_288, label %0, label %.exit" [mobile_net_hls_v1/conv.hpp:1180->mobile_net_hls_v1/conv.hpp:1304]   --->   Operation 92 'br' <Predicate = true> <Delay = 0.00>
ST_12 : Operation 93 [1/1] (1.83ns)   --->   "call void @_ssdm_op_Write.ap_fifo.volatile.i1P(i1* %cntl_V, i1 undef)" [mobile_net_hls_v1/conv.hpp:1182->mobile_net_hls_v1/conv.hpp:1304]   --->   Operation 93 'write' <Predicate = (!tmp_288)> <Delay = 1.83> <Core = "FIFO_SRL">   --->   Core 36 'FIFO_SRL' <Latency = 0> <II = 1> <Delay = 1.83> <Storage> <Opcode : 'read' 'write' 'nbread' 'nbwrite'> <Ports = 0> <Width = 1> <Depth = 0> <FIFO>
ST_12 : Operation 94 [1/1] (0.00ns)   --->   "ret void"   --->   Operation 94 'ret' <Predicate = (!tmp_288)> <Delay = 0.00>


============================================================
+ Verbose Summary: Timing violations
============================================================
Target clock period: 4.2ns, clock uncertainty: 0.525ns.

 <State 1>: 1.84ns
The critical path consists of the following:
	fifo read on port 'outputs_offset' [20]  (1.84 ns)

 <State 2>: 0ns
The critical path consists of the following:

 <State 3>: 2.85ns
The critical path consists of the following:
	fifo read on port 'result_r_V' (mobile_net_hls_v1/conv.hpp:1170->mobile_net_hls_v1/conv.hpp:1304) [43]  (1.84 ns)
	'sub' operation ('tmp_4_i_i_i', mobile_net_hls_v1/conv.hpp:1174->mobile_net_hls_v1/conv.hpp:1304) [50]  (1.02 ns)

 <State 4>: 4.05ns
The critical path consists of the following:
	'icmp' operation ('tmp_7_i_i_i', mobile_net_hls_v1/conv.hpp:1175->mobile_net_hls_v1/conv.hpp:1304) [54]  (0.991 ns)
	'select' operation ('cLoops', mobile_net_hls_v1/conv.hpp:1175->mobile_net_hls_v1/conv.hpp:1304) [55]  (0.449 ns)
	'add' operation ('tmp_10_i_i_i', mobile_net_hls_v1/conv.hpp:1138->mobile_net_hls_v1/conv.hpp:1177->mobile_net_hls_v1/conv.hpp:1304) [61]  (1.02 ns)
	'icmp' operation ('icmp7', mobile_net_hls_v1/conv.hpp:1138->mobile_net_hls_v1/conv.hpp:1177->mobile_net_hls_v1/conv.hpp:1304) [63]  (1.02 ns)
	blocking operation 0.574 ns on control path)

 <State 5>: 3.67ns
The critical path consists of the following:
	bus request on port 'outputs' (mobile_net_hls_v1/conv.hpp:1143->mobile_net_hls_v1/conv.hpp:1177->mobile_net_hls_v1/conv.hpp:1304) [72]  (3.67 ns)

 <State 6>: 1.64ns
The critical path consists of the following:
	fifo read on port 'output_buffer_V' (mobile_net_hls_v1/conv.hpp:1143->mobile_net_hls_v1/conv.hpp:1177->mobile_net_hls_v1/conv.hpp:1304) [83]  (1.64 ns)

 <State 7>: 3.67ns
The critical path consists of the following:
	bus write on port 'outputs' (mobile_net_hls_v1/conv.hpp:1143->mobile_net_hls_v1/conv.hpp:1177->mobile_net_hls_v1/conv.hpp:1304) [85]  (3.67 ns)

 <State 8>: 3.67ns
The critical path consists of the following:
	bus access on port 'outputs' (mobile_net_hls_v1/conv.hpp:1143->mobile_net_hls_v1/conv.hpp:1177->mobile_net_hls_v1/conv.hpp:1304) [89]  (3.67 ns)

 <State 9>: 3.67ns
The critical path consists of the following:
	bus access on port 'outputs' (mobile_net_hls_v1/conv.hpp:1143->mobile_net_hls_v1/conv.hpp:1177->mobile_net_hls_v1/conv.hpp:1304) [89]  (3.67 ns)

 <State 10>: 3.67ns
The critical path consists of the following:
	bus access on port 'outputs' (mobile_net_hls_v1/conv.hpp:1143->mobile_net_hls_v1/conv.hpp:1177->mobile_net_hls_v1/conv.hpp:1304) [89]  (3.67 ns)

 <State 11>: 3.67ns
The critical path consists of the following:
	bus access on port 'outputs' (mobile_net_hls_v1/conv.hpp:1143->mobile_net_hls_v1/conv.hpp:1177->mobile_net_hls_v1/conv.hpp:1304) [89]  (3.67 ns)

 <State 12>: 3.67ns
The critical path consists of the following:
	bus access on port 'outputs' (mobile_net_hls_v1/conv.hpp:1143->mobile_net_hls_v1/conv.hpp:1177->mobile_net_hls_v1/conv.hpp:1304) [89]  (3.67 ns)


============================================================
+ Verbose Summary: Binding
============================================================
N/A
* FSMD analyzer results:
  - Output states:
 - Input state : 
  - Chain level:
	State 1
	State 2
	State 3
	State 4
	State 5
	State 6
	State 7
	State 8
	State 9
	State 10
	State 11
	State 12


============================================================
+ Verbose Summary: Datapath Resource usage 
============================================================
N/A
