

================================================================
== Vivado HLS Report for 'output_result_10'
================================================================
* Date:           Sun Apr 28 15:50:04 2019

* Version:        2018.3 (Build 2405991 on Thu Dec 06 23:56:15 MST 2018)
* Project:        mobile_net_hls_v1
* Solution:       solution1
* Product family: zynquplus
* Target device:  xczu9eg-ffvb1156-2-i


================================================================
== Performance Estimates
================================================================
+ Timing (ns): 
    * Summary: 
    +--------+-------+----------+------------+
    |  Clock | Target| Estimated| Uncertainty|
    +--------+-------+----------+------------+
    |ap_clk  |   4.20|     3.675|        0.52|
    +--------+-------+----------+------------+

+ Latency (clock cycles): 
    * Summary: 
    +-----+-----+-----+-----+---------+
    |  Latency  |  Interval | Pipeline|
    | min | max | min | max |   Type  |
    +-----+-----+-----+-----+---------+
    |    ?|    ?|    ?|    ?|   none  |
    +-----+-----+-----+-----+---------+

    + Detail: 
        * Instance: 
        N/A

        * Loop: 
        +---------------------+-----+------+-----------+-----------+-----------+--------+----------+
        |                     |   Latency  | Iteration |  Initiation Interval  |  Trip  |          |
        |      Loop Name      | min |  max |  Latency  |  achieved |   target  |  Count | Pipelined|
        +---------------------+-----+------+-----------+-----------+-----------+--------+----------+
        |- Loop 1             |    ?|     ?| 32 ~ 6726 |          -|          -|       ?|    no    |
        | + Loop 1.1          |    0|     2|          1|          -|          -|  0 ~ 3 |    no    |
        | + Loop 1.2          |   28|  6720|  14 ~ 210 |          -|          -| 2 ~ 32 |    no    |
        |  ++ Loop 1.2.1      |   12|   208|  12 ~ 26  |          -|          -|  1 ~ 8 |    no    |
        |   +++ Loop 1.2.1.1  |    4|    18|          2|          1|          1| 4 ~ 18 |    yes   |
        +---------------------+-----+------+-----------+-----------+-----------+--------+----------+

============================================================
+ Verbose Summary: Synthesis Manager
============================================================
InlineROM: 1
ExposeGlobal: 0
============================================================
+ Verbose Summary: CDFG Model
============================================================
IsTopModel: 0
ResetActiveHigh: 1
IsCombinational: 2
IsDatapathOnly: 0
HasWiredReturn: 1
HasMFsm: 0
HasVarLatency: 1
IsPipeline: 0
IsRtlPipelined: 0
IsInstanceOverlapped: 0
IsDontTouch: 0
HasImplIP: 0
IsGatedGlobalClock: 0

+ Individual pipeline summary: 
  * Pipeline-0: initiation interval (II) = 1, depth = 2


============================================================
+ Verbose Summary: Schedule
============================================================
* Number of FSM states : 14
* Pipeline : 1
  Pipeline-0 : II = 1, D = 2, States = { 8 9 }
* Dataflow Pipeline: 0

* FSM state transitions: 
1 --> 
	2  / true
2 --> 
	3  / true
3 --> 
	3  / (!tmp)
	4  / (tmp)
4 --> 
	5  / true
5 --> 
	6  / (tmp_632_i_i_i)
	2  / (!tmp_632_i_i_i & tmp_268)
6 --> 
	7  / (tmp_633_i_i_i)
	5  / (!tmp_633_i_i_i)
7 --> 
	8  / true
8 --> 
	10  / (!tmp_635_i_i_i)
	9  / (tmp_635_i_i_i)
9 --> 
	8  / true
10 --> 
	11  / true
11 --> 
	12  / true
12 --> 
	13  / true
13 --> 
	14  / true
14 --> 
	6  / true

* FSM state operations: 

State 1 <SV = 0> <Delay = 1.83>
ST_1 : Operation 15 [1/1] (0.00ns)   --->   "call void (...)* @_ssdm_op_SpecInterface(half* %outputs, [6 x i8]* @p_str1, i32 0, i32 0, [1 x i8]* @p_str, i32 0, i32 1048576, [7 x i8]* @p_str19, [7 x i8]* @p_str3, [1 x i8]* @p_str, i32 16, i32 16, i32 16, i32 16, [1 x i8]* @p_str, [1 x i8]* @p_str)"   --->   Operation 15 'specinterface' <Predicate = true> <Delay = 0.00>
ST_1 : Operation 16 [1/1] (0.00ns)   --->   "call void (...)* @_ssdm_op_SpecInterface(half* %outputs, [6 x i8]* @p_str1, i32 0, i32 0, [1 x i8]* @p_str, i32 0, i32 1048576, [7 x i8]* @p_str19, [7 x i8]* @p_str3, [1 x i8]* @p_str, i32 16, i32 16, i32 16, i32 16, [1 x i8]* @p_str, [1 x i8]* @p_str)"   --->   Operation 16 'specinterface' <Predicate = true> <Delay = 0.00>
ST_1 : Operation 17 [1/1] (0.00ns)   --->   "call void (...)* @_ssdm_op_SpecInterface(i20* %outputs_offset_c, [8 x i8]* @ap_fifo_str, i32 0, i32 0, [1 x i8]* @p_str, i32 0, i32 0, [1 x i8]* @p_str, [1 x i8]* @p_str, [1 x i8]* @p_str, i32 2, i32 2, i32 16, i32 16, [1 x i8]* @p_str, [11 x i8]* @ScalarProp_str)"   --->   Operation 17 'specinterface' <Predicate = true> <Delay = 0.00>
ST_1 : Operation 18 [1/1] (0.00ns)   --->   "call void (...)* @_ssdm_op_SpecInterface(half* %output_buffer_0_V, [8 x i8]* @ap_fifo_str, i32 0, i32 0, [1 x i8]* @p_str, i32 0, i32 0, [1 x i8]* @p_str, [1 x i8]* @p_str, [1 x i8]* @p_str, i32 2, i32 2, i32 16, i32 16, [1 x i8]* @p_str, [1 x i8]* @p_str)"   --->   Operation 18 'specinterface' <Predicate = true> <Delay = 0.00>
ST_1 : Operation 19 [1/1] (0.00ns)   --->   "call void (...)* @_ssdm_op_SpecInterface(half* %output_buffer_1_V, [8 x i8]* @ap_fifo_str, i32 0, i32 0, [1 x i8]* @p_str, i32 0, i32 0, [1 x i8]* @p_str, [1 x i8]* @p_str, [1 x i8]* @p_str, i32 2, i32 2, i32 16, i32 16, [1 x i8]* @p_str, [1 x i8]* @p_str)"   --->   Operation 19 'specinterface' <Predicate = true> <Delay = 0.00>
ST_1 : Operation 20 [1/1] (0.00ns)   --->   "call void (...)* @_ssdm_op_SpecInterface(i1* %result_buffer_V, [8 x i8]* @ap_fifo_str, i32 0, i32 0, [1 x i8]* @p_str, i32 0, i32 0, [1 x i8]* @p_str, [1 x i8]* @p_str, [1 x i8]* @p_str, i32 2, i32 2, i32 16, i32 16, [1 x i8]* @p_str, [1 x i8]* @p_str)"   --->   Operation 20 'specinterface' <Predicate = true> <Delay = 0.00>
ST_1 : Operation 21 [1/1] (0.00ns)   --->   "call void (...)* @_ssdm_op_SpecInterface(i32* %result_c_V, [8 x i8]* @ap_fifo_str, i32 0, i32 0, [1 x i8]* @p_str, i32 0, i32 0, [1 x i8]* @p_str, [1 x i8]* @p_str, [1 x i8]* @p_str, i32 2, i32 2, i32 16, i32 16, [1 x i8]* @p_str, [1 x i8]* @p_str)"   --->   Operation 21 'specinterface' <Predicate = true> <Delay = 0.00>
ST_1 : Operation 22 [1/1] (0.00ns)   --->   "call void (...)* @_ssdm_op_SpecInterface(i32* %result_r_V, [8 x i8]* @ap_fifo_str, i32 0, i32 0, [1 x i8]* @p_str, i32 0, i32 0, [1 x i8]* @p_str, [1 x i8]* @p_str, [1 x i8]* @p_str, i32 2, i32 2, i32 16, i32 16, [1 x i8]* @p_str, [1 x i8]* @p_str)"   --->   Operation 22 'specinterface' <Predicate = true> <Delay = 0.00>
ST_1 : Operation 23 [1/1] (0.00ns)   --->   "call void (...)* @_ssdm_op_SpecInterface(i32* %result_n_V, [8 x i8]* @ap_fifo_str, i32 0, i32 0, [1 x i8]* @p_str, i32 0, i32 0, [1 x i8]* @p_str, [1 x i8]* @p_str, [1 x i8]* @p_str, i32 2, i32 2, i32 16, i32 16, [1 x i8]* @p_str, [1 x i8]* @p_str)"   --->   Operation 23 'specinterface' <Predicate = true> <Delay = 0.00>
ST_1 : Operation 24 [1/1] (0.00ns)   --->   "call void (...)* @_ssdm_op_SpecInterface(i1* %cntl_V, [8 x i8]* @ap_fifo_str, i32 0, i32 0, [1 x i8]* @p_str, i32 0, i32 0, [1 x i8]* @p_str, [1 x i8]* @p_str, [1 x i8]* @p_str, i32 2, i32 2, i32 16, i32 16, [1 x i8]* @p_str, [1 x i8]* @p_str)"   --->   Operation 24 'specinterface' <Predicate = true> <Delay = 0.00>
ST_1 : Operation 25 [1/1] (0.00ns)   --->   "call void (...)* @_ssdm_op_SpecInterface(i31* %outputs_offset, [8 x i8]* @ap_fifo_str, i32 0, i32 0, [1 x i8]* @p_str, i32 0, i32 0, [1 x i8]* @p_str, [1 x i8]* @p_str, [1 x i8]* @p_str, i32 2, i32 2, i32 16, i32 16, [1 x i8]* @p_str, [11 x i8]* @ScalarProp_str)"   --->   Operation 25 'specinterface' <Predicate = true> <Delay = 0.00>
ST_1 : Operation 26 [1/1] (1.83ns)   --->   "%outputs_offset_read = call i31 @_ssdm_op_Read.ap_fifo.i31P(i31* %outputs_offset)"   --->   Operation 26 'read' 'outputs_offset_read' <Predicate = true> <Delay = 1.83> <Core = "FIFO_SRL">   --->   Core 36 'FIFO_SRL' <Latency = 0> <II = 1> <Delay = 1.83> <Storage> <Opcode : 'read' 'write' 'nbread' 'nbwrite'> <Ports = 0> <Width = 1> <Depth = 0> <FIFO>
ST_1 : Operation 27 [1/1] (0.00ns)   --->   "call void (...)* @_ssdm_op_SpecInterface(i32* %result_n_V, [8 x i8]* @ap_fifo_str, i32 0, i32 0, [1 x i8]* @p_str, i32 0, i32 0, [1 x i8]* @p_str, [1 x i8]* @p_str, [1 x i8]* @p_str, i32 2, i32 2, i32 16, i32 16, [1 x i8]* @p_str, [1 x i8]* @p_str)"   --->   Operation 27 'specinterface' <Predicate = true> <Delay = 0.00>
ST_1 : Operation 28 [1/1] (0.00ns)   --->   "call void (...)* @_ssdm_op_SpecInterface(i32* %result_r_V, [8 x i8]* @ap_fifo_str, i32 0, i32 0, [1 x i8]* @p_str, i32 0, i32 0, [1 x i8]* @p_str, [1 x i8]* @p_str, [1 x i8]* @p_str, i32 2, i32 2, i32 16, i32 16, [1 x i8]* @p_str, [1 x i8]* @p_str)"   --->   Operation 28 'specinterface' <Predicate = true> <Delay = 0.00>
ST_1 : Operation 29 [1/1] (0.00ns)   --->   "call void (...)* @_ssdm_op_SpecInterface(i32* %result_c_V, [8 x i8]* @ap_fifo_str, i32 0, i32 0, [1 x i8]* @p_str, i32 0, i32 0, [1 x i8]* @p_str, [1 x i8]* @p_str, [1 x i8]* @p_str, i32 2, i32 2, i32 16, i32 16, [1 x i8]* @p_str, [1 x i8]* @p_str)"   --->   Operation 29 'specinterface' <Predicate = true> <Delay = 0.00>
ST_1 : Operation 30 [1/1] (0.00ns)   --->   "call void (...)* @_ssdm_op_SpecInterface(i1* %result_buffer_V, [8 x i8]* @ap_fifo_str, i32 0, i32 0, [1 x i8]* @p_str, i32 0, i32 0, [1 x i8]* @p_str, [1 x i8]* @p_str, [1 x i8]* @p_str, i32 2, i32 2, i32 16, i32 16, [1 x i8]* @p_str, [1 x i8]* @p_str)"   --->   Operation 30 'specinterface' <Predicate = true> <Delay = 0.00>
ST_1 : Operation 31 [1/1] (0.00ns)   --->   "call void (...)* @_ssdm_op_SpecInterface(half* %output_buffer_1_V, [8 x i8]* @ap_fifo_str, i32 0, i32 0, [1 x i8]* @p_str, i32 0, i32 0, [1 x i8]* @p_str, [1 x i8]* @p_str, [1 x i8]* @p_str, i32 2, i32 2, i32 16, i32 16, [1 x i8]* @p_str, [1 x i8]* @p_str)"   --->   Operation 31 'specinterface' <Predicate = true> <Delay = 0.00>
ST_1 : Operation 32 [1/1] (0.00ns)   --->   "call void (...)* @_ssdm_op_SpecInterface(half* %output_buffer_0_V, [8 x i8]* @ap_fifo_str, i32 0, i32 0, [1 x i8]* @p_str, i32 0, i32 0, [1 x i8]* @p_str, [1 x i8]* @p_str, [1 x i8]* @p_str, i32 2, i32 2, i32 16, i32 16, [1 x i8]* @p_str, [1 x i8]* @p_str)"   --->   Operation 32 'specinterface' <Predicate = true> <Delay = 0.00>
ST_1 : Operation 33 [1/1] (0.00ns)   --->   "call void (...)* @_ssdm_op_SpecInterface(i1* %cntl_V, [8 x i8]* @ap_fifo_str, i32 0, i32 0, [1 x i8]* @p_str, i32 0, i32 0, [1 x i8]* @p_str, [1 x i8]* @p_str, [1 x i8]* @p_str, i32 2, i32 2, i32 16, i32 16, [1 x i8]* @p_str, [1 x i8]* @p_str)"   --->   Operation 33 'specinterface' <Predicate = true> <Delay = 0.00>
ST_1 : Operation 34 [1/1] (0.00ns)   --->   "call void (...)* @_ssdm_op_SpecInterface(half* %outputs, [6 x i8]* @p_str1, i32 0, i32 0, [1 x i8]* @p_str, i32 0, i32 1048576, [7 x i8]* @p_str19, [7 x i8]* @p_str3, [1 x i8]* @p_str, i32 16, i32 16, i32 16, i32 16, [1 x i8]* @p_str, [1 x i8]* @p_str)"   --->   Operation 34 'specinterface' <Predicate = true> <Delay = 0.00>
ST_1 : Operation 35 [1/1] (0.00ns)   --->   "call void (...)* @_ssdm_op_SpecInterface(i20* %outputs_offset_c, [8 x i8]* @ap_fifo_str, i32 0, i32 0, [1 x i8]* @p_str, i32 0, i32 0, [1 x i8]* @p_str, [1 x i8]* @p_str, [1 x i8]* @p_str, i32 2, i32 2, i32 16, i32 16, [1 x i8]* @p_str, [11 x i8]* @ScalarProp_str)"   --->   Operation 35 'specinterface' <Predicate = true> <Delay = 0.00>
ST_1 : Operation 36 [1/1] (1.83ns)   --->   "%outputs_offset_c_rea = call i20 @_ssdm_op_Read.ap_fifo.i20P(i20* %outputs_offset_c)"   --->   Operation 36 'read' 'outputs_offset_c_rea' <Predicate = true> <Delay = 1.83> <Core = "FIFO_SRL">   --->   Core 36 'FIFO_SRL' <Latency = 0> <II = 1> <Delay = 1.83> <Storage> <Opcode : 'read' 'write' 'nbread' 'nbwrite'> <Ports = 0> <Width = 1> <Depth = 0> <FIFO>
ST_1 : Operation 37 [1/1] (0.00ns)   --->   "call void (...)* @_ssdm_op_SpecMemCore(half* %output_buffer_0_V, half* %output_buffer_1_V, [1 x i8]* @p_str, [10 x i8]* @p_str71, [1 x i8]* @p_str, i32 -1, [1 x i8]* @p_str, [1 x i8]* @p_str, [1 x i8]* @p_str, [1 x i8]* @p_str, [1 x i8]* @p_str)"   --->   Operation 37 'specmemcore' <Predicate = true> <Delay = 0.00>
ST_1 : Operation 38 [1/1] (0.00ns)   --->   "call void (...)* @_ssdm_op_SpecInterface(half* %outputs, [6 x i8]* @p_str1, i32 0, i32 0, [1 x i8]* @p_str, i32 0, i32 1048576, [7 x i8]* @p_str19, [7 x i8]* @p_str3, [1 x i8]* @p_str, i32 16, i32 16, i32 16, i32 16, [1 x i8]* @p_str, [1 x i8]* @p_str)"   --->   Operation 38 'specinterface' <Predicate = true> <Delay = 0.00>
ST_1 : Operation 39 [1/1] (0.00ns)   --->   "%outputs_offset_cast_s = zext i20 %outputs_offset_c_rea to i33" [mobile_net_hls_v1/conv.hpp:823->mobile_net_hls_v1/conv.hpp:859->mobile_net_hls_v1/conv.hpp:1056]   --->   Operation 39 'zext' 'outputs_offset_cast_s' <Predicate = true> <Delay = 0.00>
ST_1 : Operation 40 [1/1] (0.00ns)   --->   "%sext_cast_i_i = zext i31 %outputs_offset_read to i34" [mobile_net_hls_v1/conv.hpp:845->mobile_net_hls_v1/conv.hpp:1056]   --->   Operation 40 'zext' 'sext_cast_i_i' <Predicate = true> <Delay = 0.00>
ST_1 : Operation 41 [1/1] (0.00ns)   --->   "br label %._crit_edge1.i.i.i" [mobile_net_hls_v1/conv.hpp:845->mobile_net_hls_v1/conv.hpp:1056]   --->   Operation 41 'br' <Predicate = true> <Delay = 0.00>

State 2 <SV = 1> <Delay = 0.00>
ST_2 : Operation 42 [1/1] (0.00ns)   --->   "br label %._crit_edge.i.i.i" [mobile_net_hls_v1/conv.hpp:847->mobile_net_hls_v1/conv.hpp:1056]   --->   Operation 42 'br' <Predicate = true> <Delay = 0.00>

State 3 <SV = 2> <Delay = 2.85>
ST_3 : Operation 43 [1/1] (0.00ns)   --->   "%tmp = call i1 @_ssdm_op_NbReadReq.ap_fifo.i1P(i1* %result_buffer_V, i32 1)" [mobile_net_hls_v1/conv.hpp:848->mobile_net_hls_v1/conv.hpp:1056]   --->   Operation 43 'nbreadreq' 'tmp' <Predicate = true> <Delay = 0.00> <Core = "FIFO_SRL">   --->   Core 36 'FIFO_SRL' <Latency = 0> <II = 1> <Delay = 1.83> <Storage> <Opcode : 'read' 'write' 'nbread' 'nbwrite'> <Ports = 0> <Width = 1> <Depth = 0> <FIFO>
ST_3 : Operation 44 [1/1] (0.00ns)   --->   "br i1 %tmp, label %0, label %._crit_edge.i.i.i" [mobile_net_hls_v1/conv.hpp:848->mobile_net_hls_v1/conv.hpp:1056]   --->   Operation 44 'br' <Predicate = true> <Delay = 0.00>
ST_3 : Operation 45 [1/1] (1.83ns)   --->   "%result_c_V_read = call { i1, i32 } @_ssdm_op_NbRead.ap_fifo.volatile.i32P(i32* %result_c_V)" [mobile_net_hls_v1/conv.hpp:851->mobile_net_hls_v1/conv.hpp:1056]   --->   Operation 45 'nbread' 'result_c_V_read' <Predicate = (tmp)> <Delay = 1.83> <Core = "FIFO_SRL">   --->   Core 36 'FIFO_SRL' <Latency = 0> <II = 1> <Delay = 1.83> <Storage> <Opcode : 'read' 'write' 'nbread' 'nbwrite'> <Ports = 0> <Width = 1> <Depth = 0> <FIFO>
ST_3 : Operation 46 [1/1] (0.00ns)   --->   "%tmp_265 = extractvalue { i1, i32 } %result_c_V_read, 1" [mobile_net_hls_v1/conv.hpp:851->mobile_net_hls_v1/conv.hpp:1056]   --->   Operation 46 'extractvalue' 'tmp_265' <Predicate = (tmp)> <Delay = 0.00>
ST_3 : Operation 47 [1/1] (1.83ns)   --->   "%result_r_V_read = call { i1, i32 } @_ssdm_op_NbRead.ap_fifo.volatile.i32P(i32* %result_r_V)" [mobile_net_hls_v1/conv.hpp:852->mobile_net_hls_v1/conv.hpp:1056]   --->   Operation 47 'nbread' 'result_r_V_read' <Predicate = (tmp)> <Delay = 1.83> <Core = "FIFO_SRL">   --->   Core 36 'FIFO_SRL' <Latency = 0> <II = 1> <Delay = 1.83> <Storage> <Opcode : 'read' 'write' 'nbread' 'nbwrite'> <Ports = 0> <Width = 1> <Depth = 0> <FIFO>
ST_3 : Operation 48 [1/1] (0.00ns)   --->   "%tmp_266 = extractvalue { i1, i32 } %result_r_V_read, 1" [mobile_net_hls_v1/conv.hpp:852->mobile_net_hls_v1/conv.hpp:1056]   --->   Operation 48 'extractvalue' 'tmp_266' <Predicate = (tmp)> <Delay = 0.00>
ST_3 : Operation 49 [1/1] (1.83ns)   --->   "%result_n_V_read = call { i1, i32 } @_ssdm_op_NbRead.ap_fifo.volatile.i32P(i32* %result_n_V)" [mobile_net_hls_v1/conv.hpp:853->mobile_net_hls_v1/conv.hpp:1056]   --->   Operation 49 'nbread' 'result_n_V_read' <Predicate = (tmp)> <Delay = 1.83> <Core = "FIFO_SRL">   --->   Core 36 'FIFO_SRL' <Latency = 0> <II = 1> <Delay = 1.83> <Storage> <Opcode : 'read' 'write' 'nbread' 'nbwrite'> <Ports = 0> <Width = 1> <Depth = 0> <FIFO>
ST_3 : Operation 50 [1/1] (0.00ns)   --->   "%tmp_267 = extractvalue { i1, i32 } %result_n_V_read, 1" [mobile_net_hls_v1/conv.hpp:853->mobile_net_hls_v1/conv.hpp:1056]   --->   Operation 50 'extractvalue' 'tmp_267' <Predicate = (tmp)> <Delay = 0.00>
ST_3 : Operation 51 [1/1] (0.00ns)   --->   "%tmp_257 = call i1 @_ssdm_op_BitSelect.i1.i32.i32(i32 %tmp_266, i32 31)" [mobile_net_hls_v1/conv.hpp:810->mobile_net_hls_v1/conv.hpp:859->mobile_net_hls_v1/conv.hpp:1056]   --->   Operation 51 'bitselect' 'tmp_257' <Predicate = (tmp)> <Delay = 0.00>
ST_3 : Operation 52 [1/1] (0.00ns)   --->   "%tmp_144_i_i = call i25 @_ssdm_op_PartSelect.i25.i32.i32.i32(i32 %tmp_266, i32 1, i32 25)" [mobile_net_hls_v1/conv.hpp:852->mobile_net_hls_v1/conv.hpp:1056]   --->   Operation 52 'partselect' 'tmp_144_i_i' <Predicate = (tmp)> <Delay = 0.00>
ST_3 : Operation 53 [1/1] (0.00ns)   --->   "%tmp_258 = call i1 @_ssdm_op_BitSelect.i1.i32.i32(i32 %tmp_265, i32 31)" [mobile_net_hls_v1/conv.hpp:810->mobile_net_hls_v1/conv.hpp:859->mobile_net_hls_v1/conv.hpp:1056]   --->   Operation 53 'bitselect' 'tmp_258' <Predicate = (tmp)> <Delay = 0.00>
ST_3 : Operation 54 [1/1] (1.01ns)   --->   "%p_neg7_i_i_i = sub i32 0, %tmp_265" [mobile_net_hls_v1/conv.hpp:810->mobile_net_hls_v1/conv.hpp:859->mobile_net_hls_v1/conv.hpp:1056]   --->   Operation 54 'sub' 'p_neg7_i_i_i' <Predicate = (tmp)> <Delay = 1.01> <Core = "AddSub">   --->   Core 14 'AddSub' <Latency = 0> <II = 1> <Delay = 1.01> <FuncUnit> <Opcode : 'add' 'sub'> <InPorts = 2> <OutPorts = 1>
ST_3 : Operation 55 [1/1] (0.00ns)   --->   "%p_lshr7_i_i_i = call i31 @_ssdm_op_PartSelect.i31.i32.i32.i32(i32 %p_neg7_i_i_i, i32 1, i32 31)" [mobile_net_hls_v1/conv.hpp:810->mobile_net_hls_v1/conv.hpp:859->mobile_net_hls_v1/conv.hpp:1056]   --->   Operation 55 'partselect' 'p_lshr7_i_i_i' <Predicate = (tmp)> <Delay = 0.00>
ST_3 : Operation 56 [1/1] (0.00ns)   --->   "%p_lshr_f6_i_i_i = call i31 @_ssdm_op_PartSelect.i31.i32.i32.i32(i32 %tmp_265, i32 1, i32 31)" [mobile_net_hls_v1/conv.hpp:810->mobile_net_hls_v1/conv.hpp:859->mobile_net_hls_v1/conv.hpp:1056]   --->   Operation 56 'partselect' 'p_lshr_f6_i_i_i' <Predicate = (tmp)> <Delay = 0.00>

State 4 <SV = 3> <Delay = 3.48>
ST_4 : Operation 57 [1/1] (1.01ns)   --->   "%tmp_i_i_i = sub nsw i32 256, %tmp_265" [mobile_net_hls_v1/conv.hpp:855->mobile_net_hls_v1/conv.hpp:1056]   --->   Operation 57 'sub' 'tmp_i_i_i' <Predicate = true> <Delay = 1.01> <Core = "AddSub">   --->   Core 14 'AddSub' <Latency = 0> <II = 1> <Delay = 1.01> <FuncUnit> <Opcode : 'add' 'sub'> <InPorts = 2> <OutPorts = 1>
ST_4 : Operation 58 [1/1] (0.99ns)   --->   "%tmp_620_i_i_i = icmp sgt i32 %tmp_i_i_i, 16" [mobile_net_hls_v1/conv.hpp:855->mobile_net_hls_v1/conv.hpp:1056]   --->   Operation 58 'icmp' 'tmp_620_i_i_i' <Predicate = true> <Delay = 0.99> <Core = "Cmp">   --->   Core 25 'Cmp' <Latency = 0> <II = 1> <Delay = 0.99> <FuncUnit> <Opcode : 'icmp'> <InPorts = 2> <OutPorts = 1>
ST_4 : Operation 59 [1/1] (1.01ns)   --->   "%tmp_621_i_i_i = sub nsw i32 256, %tmp_266" [mobile_net_hls_v1/conv.hpp:856->mobile_net_hls_v1/conv.hpp:1056]   --->   Operation 59 'sub' 'tmp_621_i_i_i' <Predicate = true> <Delay = 1.01> <Core = "AddSub">   --->   Core 14 'AddSub' <Latency = 0> <II = 1> <Delay = 1.01> <FuncUnit> <Opcode : 'add' 'sub'> <InPorts = 2> <OutPorts = 1>
ST_4 : Operation 60 [1/1] (0.99ns)   --->   "%tmp_622_i_i_i = icmp sgt i32 %tmp_621_i_i_i, 16" [mobile_net_hls_v1/conv.hpp:856->mobile_net_hls_v1/conv.hpp:1056]   --->   Operation 60 'icmp' 'tmp_622_i_i_i' <Predicate = true> <Delay = 0.99> <Core = "Cmp">   --->   Core 25 'Cmp' <Latency = 0> <II = 1> <Delay = 0.99> <FuncUnit> <Opcode : 'icmp'> <InPorts = 2> <OutPorts = 1>
ST_4 : Operation 61 [1/1] (1.01ns)   --->   "%tmp_623_i_i_i = sub nsw i32 32, %tmp_267" [mobile_net_hls_v1/conv.hpp:857->mobile_net_hls_v1/conv.hpp:1056]   --->   Operation 61 'sub' 'tmp_623_i_i_i' <Predicate = true> <Delay = 1.01> <Core = "AddSub">   --->   Core 14 'AddSub' <Latency = 0> <II = 1> <Delay = 1.01> <FuncUnit> <Opcode : 'add' 'sub'> <InPorts = 2> <OutPorts = 1>
ST_4 : Operation 62 [1/1] (0.99ns)   --->   "%tmp_624_i_i_i = icmp sgt i32 %tmp_623_i_i_i, 2" [mobile_net_hls_v1/conv.hpp:857->mobile_net_hls_v1/conv.hpp:1056]   --->   Operation 62 'icmp' 'tmp_624_i_i_i' <Predicate = true> <Delay = 0.99> <Core = "Cmp">   --->   Core 25 'Cmp' <Latency = 0> <II = 1> <Delay = 0.99> <FuncUnit> <Opcode : 'icmp'> <InPorts = 2> <OutPorts = 1>
ST_4 : Operation 63 [1/1] (0.44ns)   --->   "%nLoops = select i1 %tmp_624_i_i_i, i32 2, i32 %tmp_623_i_i_i" [mobile_net_hls_v1/conv.hpp:857->mobile_net_hls_v1/conv.hpp:1056]   --->   Operation 63 'select' 'nLoops' <Predicate = true> <Delay = 0.44> <Core = "Sel">   --->   Core 26 'Sel' <Latency = 0> <II = 1> <Delay = 0.44> <FuncUnit> <Opcode : 'select'> <InPorts = 3> <OutPorts = 1>
ST_4 : Operation 64 [1/1] (0.00ns)   --->   "%tmp_256 = shl i32 %tmp_267, 14" [mobile_net_hls_v1/conv.hpp:810->mobile_net_hls_v1/conv.hpp:859->mobile_net_hls_v1/conv.hpp:1056]   --->   Operation 64 'shl' 'tmp_256' <Predicate = true> <Delay = 0.00>
ST_4 : Operation 65 [1/1] (1.01ns)   --->   "%p_neg6_i_i_i = sub i32 0, %tmp_266" [mobile_net_hls_v1/conv.hpp:810->mobile_net_hls_v1/conv.hpp:859->mobile_net_hls_v1/conv.hpp:1056]   --->   Operation 65 'sub' 'p_neg6_i_i_i' <Predicate = (tmp_257)> <Delay = 1.01> <Core = "AddSub">   --->   Core 14 'AddSub' <Latency = 0> <II = 1> <Delay = 1.01> <FuncUnit> <Opcode : 'add' 'sub'> <InPorts = 2> <OutPorts = 1>
ST_4 : Operation 66 [1/1] (0.00ns)   --->   "%tmp_960_i_i_i = call i25 @_ssdm_op_PartSelect.i25.i32.i32.i32(i32 %p_neg6_i_i_i, i32 1, i32 25)" [mobile_net_hls_v1/conv.hpp:810->mobile_net_hls_v1/conv.hpp:859->mobile_net_hls_v1/conv.hpp:1056]   --->   Operation 66 'partselect' 'tmp_960_i_i_i' <Predicate = (tmp_257)> <Delay = 0.00>
ST_4 : Operation 67 [1/1] (0.94ns)   --->   "%tmp_961_i_i_i = sub i25 0, %tmp_960_i_i_i" [mobile_net_hls_v1/conv.hpp:810->mobile_net_hls_v1/conv.hpp:859->mobile_net_hls_v1/conv.hpp:1056]   --->   Operation 67 'sub' 'tmp_961_i_i_i' <Predicate = (tmp_257)> <Delay = 0.94> <Core = "AddSub">   --->   Core 14 'AddSub' <Latency = 0> <II = 1> <Delay = 1.01> <FuncUnit> <Opcode : 'add' 'sub'> <InPorts = 2> <OutPorts = 1>
ST_4 : Operation 68 [1/1] (0.32ns)   --->   "%tmp_145_i_i = select i1 %tmp_257, i25 %tmp_961_i_i_i, i25 %tmp_144_i_i" [mobile_net_hls_v1/conv.hpp:810->mobile_net_hls_v1/conv.hpp:859->mobile_net_hls_v1/conv.hpp:1056]   --->   Operation 68 'select' 'tmp_145_i_i' <Predicate = true> <Delay = 0.32> <Core = "Sel">   --->   Core 26 'Sel' <Latency = 0> <II = 1> <Delay = 0.44> <FuncUnit> <Opcode : 'select'> <InPorts = 3> <OutPorts = 1>
ST_4 : Operation 69 [1/1] (0.00ns)   --->   "%tmp_627_i_i_i = call i32 @_ssdm_op_BitConcatenate.i32.i25.i7(i25 %tmp_145_i_i, i7 0)" [mobile_net_hls_v1/conv.hpp:810->mobile_net_hls_v1/conv.hpp:859->mobile_net_hls_v1/conv.hpp:1056]   --->   Operation 69 'bitconcatenate' 'tmp_627_i_i_i' <Predicate = true> <Delay = 0.00>
ST_4 : Operation 70 [1/1] (0.00ns)   --->   "%tmp_146_i_i = zext i31 %p_lshr7_i_i_i to i32" [mobile_net_hls_v1/conv.hpp:810->mobile_net_hls_v1/conv.hpp:859->mobile_net_hls_v1/conv.hpp:1056]   --->   Operation 70 'zext' 'tmp_146_i_i' <Predicate = (tmp_258)> <Delay = 0.00>
ST_4 : Operation 71 [1/1] (1.00ns)   --->   "%p_neg_t3_i_i_i = sub i32 0, %tmp_146_i_i" [mobile_net_hls_v1/conv.hpp:810->mobile_net_hls_v1/conv.hpp:859->mobile_net_hls_v1/conv.hpp:1056]   --->   Operation 71 'sub' 'p_neg_t3_i_i_i' <Predicate = (tmp_258)> <Delay = 1.00> <Core = "AddSub">   --->   Core 14 'AddSub' <Latency = 0> <II = 1> <Delay = 1.01> <FuncUnit> <Opcode : 'add' 'sub'> <InPorts = 2> <OutPorts = 1>
ST_4 : Operation 72 [1/1] (0.00ns)   --->   "%tmp_147_i_i = zext i31 %p_lshr_f6_i_i_i to i32" [mobile_net_hls_v1/conv.hpp:810->mobile_net_hls_v1/conv.hpp:859->mobile_net_hls_v1/conv.hpp:1056]   --->   Operation 72 'zext' 'tmp_147_i_i' <Predicate = (!tmp_258)> <Delay = 0.00>
ST_4 : Operation 73 [1/1] (0.44ns)   --->   "%tmp_628_i_i_i = select i1 %tmp_258, i32 %p_neg_t3_i_i_i, i32 %tmp_147_i_i" [mobile_net_hls_v1/conv.hpp:810->mobile_net_hls_v1/conv.hpp:859->mobile_net_hls_v1/conv.hpp:1056]   --->   Operation 73 'select' 'tmp_628_i_i_i' <Predicate = true> <Delay = 0.44> <Core = "Sel">   --->   Core 26 'Sel' <Latency = 0> <II = 1> <Delay = 0.44> <FuncUnit> <Opcode : 'select'> <InPorts = 3> <OutPorts = 1>
ST_4 : Operation 74 [1/1] (0.00ns) (grouped into TernaryAdder)   --->   "%tmp1_i_i = add i32 %tmp_256, %tmp_628_i_i_i" [mobile_net_hls_v1/conv.hpp:810->mobile_net_hls_v1/conv.hpp:859->mobile_net_hls_v1/conv.hpp:1056]   --->   Operation 74 'add' 'tmp1_i_i' <Predicate = true> <Delay = 0.00> <Core = "TAddSub">   --->   Core 84 'TAddSub' <Latency = 0> <II = 1> <Delay = 0.36> <IPBlock> <Opcode : 'add' 'sub'> <InPorts = 3> <OutPorts = 1> <Sync> <CReg>
ST_4 : Operation 75 [1/1] (0.73ns) (root node of TernaryAdder)   --->   "%base_addr = add i32 %tmp1_i_i, %tmp_627_i_i_i" [mobile_net_hls_v1/conv.hpp:810->mobile_net_hls_v1/conv.hpp:859->mobile_net_hls_v1/conv.hpp:1056]   --->   Operation 75 'add' 'base_addr' <Predicate = true> <Delay = 0.73> <Core = "TAddSub">   --->   Core 84 'TAddSub' <Latency = 0> <II = 1> <Delay = 0.36> <IPBlock> <Opcode : 'add' 'sub'> <InPorts = 3> <OutPorts = 1> <Sync> <CReg>
ST_4 : Operation 76 [1/1] (0.00ns) (grouped into LUT with out node tmp_630_i_i_i)   --->   "%tmp_259 = call i1 @_ssdm_op_BitSelect.i1.i32.i32(i32 %tmp_621_i_i_i, i32 31)" [mobile_net_hls_v1/conv.hpp:816->mobile_net_hls_v1/conv.hpp:859->mobile_net_hls_v1/conv.hpp:1056]   --->   Operation 76 'bitselect' 'tmp_259' <Predicate = true> <Delay = 0.00>
ST_4 : Operation 77 [1/1] (1.01ns)   --->   "%p_neg4_i_i_i = sub i32 0, %tmp_621_i_i_i" [mobile_net_hls_v1/conv.hpp:816->mobile_net_hls_v1/conv.hpp:859->mobile_net_hls_v1/conv.hpp:1056]   --->   Operation 77 'sub' 'p_neg4_i_i_i' <Predicate = true> <Delay = 1.01> <Core = "AddSub">   --->   Core 14 'AddSub' <Latency = 0> <II = 1> <Delay = 1.01> <FuncUnit> <Opcode : 'add' 'sub'> <InPorts = 2> <OutPorts = 1>
ST_4 : Operation 78 [1/1] (0.00ns)   --->   "%p_lshr5_i_i_i = call i31 @_ssdm_op_PartSelect.i31.i32.i32.i32(i32 %p_neg4_i_i_i, i32 1, i32 31)" [mobile_net_hls_v1/conv.hpp:816->mobile_net_hls_v1/conv.hpp:859->mobile_net_hls_v1/conv.hpp:1056]   --->   Operation 78 'partselect' 'p_lshr5_i_i_i' <Predicate = true> <Delay = 0.00>
ST_4 : Operation 79 [1/1] (0.00ns)   --->   "%tmp_148_i_i = zext i31 %p_lshr5_i_i_i to i32" [mobile_net_hls_v1/conv.hpp:816->mobile_net_hls_v1/conv.hpp:859->mobile_net_hls_v1/conv.hpp:1056]   --->   Operation 79 'zext' 'tmp_148_i_i' <Predicate = true> <Delay = 0.00>
ST_4 : Operation 80 [1/1] (1.00ns)   --->   "%p_neg_t6_i_i_i = sub i32 0, %tmp_148_i_i" [mobile_net_hls_v1/conv.hpp:816->mobile_net_hls_v1/conv.hpp:859->mobile_net_hls_v1/conv.hpp:1056]   --->   Operation 80 'sub' 'p_neg_t6_i_i_i' <Predicate = true> <Delay = 1.00> <Core = "AddSub">   --->   Core 14 'AddSub' <Latency = 0> <II = 1> <Delay = 1.01> <FuncUnit> <Opcode : 'add' 'sub'> <InPorts = 2> <OutPorts = 1>
ST_4 : Operation 81 [1/1] (0.00ns) (grouped into LUT with out node tmp_630_i_i_i)   --->   "%p_lshr_f7_i_i_i = call i31 @_ssdm_op_PartSelect.i31.i32.i32.i32(i32 %tmp_621_i_i_i, i32 1, i32 31)" [mobile_net_hls_v1/conv.hpp:816->mobile_net_hls_v1/conv.hpp:859->mobile_net_hls_v1/conv.hpp:1056]   --->   Operation 81 'partselect' 'p_lshr_f7_i_i_i' <Predicate = true> <Delay = 0.00>
ST_4 : Operation 82 [1/1] (0.00ns) (grouped into LUT with out node tmp_630_i_i_i)   --->   "%tmp_149_i_i = zext i31 %p_lshr_f7_i_i_i to i32" [mobile_net_hls_v1/conv.hpp:816->mobile_net_hls_v1/conv.hpp:859->mobile_net_hls_v1/conv.hpp:1056]   --->   Operation 82 'zext' 'tmp_149_i_i' <Predicate = true> <Delay = 0.00>
ST_4 : Operation 83 [1/1] (0.00ns) (grouped into LUT with out node tmp_630_i_i_i)   --->   "%p_op_i_i_i = select i1 %tmp_259, i32 %p_neg_t6_i_i_i, i32 %tmp_149_i_i" [mobile_net_hls_v1/conv.hpp:816->mobile_net_hls_v1/conv.hpp:859->mobile_net_hls_v1/conv.hpp:1056]   --->   Operation 83 'select' 'p_op_i_i_i' <Predicate = true> <Delay = 0.00> <Core = "Sel">   --->   Core 26 'Sel' <Latency = 0> <II = 1> <Delay = 0.44> <FuncUnit> <Opcode : 'select'> <InPorts = 3> <OutPorts = 1>
ST_4 : Operation 84 [1/1] (0.44ns) (out node of the LUT)   --->   "%tmp_630_i_i_i = select i1 %tmp_622_i_i_i, i32 8, i32 %p_op_i_i_i" [mobile_net_hls_v1/conv.hpp:816->mobile_net_hls_v1/conv.hpp:859->mobile_net_hls_v1/conv.hpp:1056]   --->   Operation 84 'select' 'tmp_630_i_i_i' <Predicate = true> <Delay = 0.44> <Core = "Sel">   --->   Core 26 'Sel' <Latency = 0> <II = 1> <Delay = 0.44> <FuncUnit> <Opcode : 'select'> <InPorts = 3> <OutPorts = 1>
ST_4 : Operation 85 [1/1] (0.00ns) (grouped into LUT with out node tmp_631_i_i_i)   --->   "%tmp_260 = call i1 @_ssdm_op_BitSelect.i1.i32.i32(i32 %tmp_i_i_i, i32 31)" [mobile_net_hls_v1/conv.hpp:820->mobile_net_hls_v1/conv.hpp:859->mobile_net_hls_v1/conv.hpp:1056]   --->   Operation 85 'bitselect' 'tmp_260' <Predicate = true> <Delay = 0.00>
ST_4 : Operation 86 [1/1] (1.01ns)   --->   "%p_neg_i_i_i = sub i32 0, %tmp_i_i_i" [mobile_net_hls_v1/conv.hpp:820->mobile_net_hls_v1/conv.hpp:859->mobile_net_hls_v1/conv.hpp:1056]   --->   Operation 86 'sub' 'p_neg_i_i_i' <Predicate = true> <Delay = 1.01> <Core = "AddSub">   --->   Core 14 'AddSub' <Latency = 0> <II = 1> <Delay = 1.01> <FuncUnit> <Opcode : 'add' 'sub'> <InPorts = 2> <OutPorts = 1>
ST_4 : Operation 87 [1/1] (0.00ns)   --->   "%p_lshr_i_i_i = call i31 @_ssdm_op_PartSelect.i31.i32.i32.i32(i32 %p_neg_i_i_i, i32 1, i32 31)" [mobile_net_hls_v1/conv.hpp:820->mobile_net_hls_v1/conv.hpp:859->mobile_net_hls_v1/conv.hpp:1056]   --->   Operation 87 'partselect' 'p_lshr_i_i_i' <Predicate = true> <Delay = 0.00>
ST_4 : Operation 88 [1/1] (0.00ns)   --->   "%tmp_150_i_i = zext i31 %p_lshr_i_i_i to i32" [mobile_net_hls_v1/conv.hpp:820->mobile_net_hls_v1/conv.hpp:859->mobile_net_hls_v1/conv.hpp:1056]   --->   Operation 88 'zext' 'tmp_150_i_i' <Predicate = true> <Delay = 0.00>
ST_4 : Operation 89 [1/1] (1.00ns)   --->   "%p_neg_t_i_i_i = sub i32 0, %tmp_150_i_i" [mobile_net_hls_v1/conv.hpp:820->mobile_net_hls_v1/conv.hpp:859->mobile_net_hls_v1/conv.hpp:1056]   --->   Operation 89 'sub' 'p_neg_t_i_i_i' <Predicate = true> <Delay = 1.00> <Core = "AddSub">   --->   Core 14 'AddSub' <Latency = 0> <II = 1> <Delay = 1.01> <FuncUnit> <Opcode : 'add' 'sub'> <InPorts = 2> <OutPorts = 1>
ST_4 : Operation 90 [1/1] (0.00ns) (grouped into LUT with out node tmp_631_i_i_i)   --->   "%p_lshr_f_i_i_i = call i31 @_ssdm_op_PartSelect.i31.i32.i32.i32(i32 %tmp_i_i_i, i32 1, i32 31)" [mobile_net_hls_v1/conv.hpp:820->mobile_net_hls_v1/conv.hpp:859->mobile_net_hls_v1/conv.hpp:1056]   --->   Operation 90 'partselect' 'p_lshr_f_i_i_i' <Predicate = true> <Delay = 0.00>
ST_4 : Operation 91 [1/1] (0.00ns) (grouped into LUT with out node tmp_631_i_i_i)   --->   "%tmp_151_i_i = zext i31 %p_lshr_f_i_i_i to i32" [mobile_net_hls_v1/conv.hpp:820->mobile_net_hls_v1/conv.hpp:859->mobile_net_hls_v1/conv.hpp:1056]   --->   Operation 91 'zext' 'tmp_151_i_i' <Predicate = true> <Delay = 0.00>
ST_4 : Operation 92 [1/1] (0.00ns) (grouped into LUT with out node tmp_631_i_i_i)   --->   "%p_op2_i_i_i = select i1 %tmp_260, i32 %p_neg_t_i_i_i, i32 %tmp_151_i_i" [mobile_net_hls_v1/conv.hpp:820->mobile_net_hls_v1/conv.hpp:859->mobile_net_hls_v1/conv.hpp:1056]   --->   Operation 92 'select' 'p_op2_i_i_i' <Predicate = true> <Delay = 0.00> <Core = "Sel">   --->   Core 26 'Sel' <Latency = 0> <II = 1> <Delay = 0.44> <FuncUnit> <Opcode : 'select'> <InPorts = 3> <OutPorts = 1>
ST_4 : Operation 93 [1/1] (0.44ns) (out node of the LUT)   --->   "%tmp_631_i_i_i = select i1 %tmp_620_i_i_i, i32 8, i32 %p_op2_i_i_i" [mobile_net_hls_v1/conv.hpp:820->mobile_net_hls_v1/conv.hpp:859->mobile_net_hls_v1/conv.hpp:1056]   --->   Operation 93 'select' 'tmp_631_i_i_i' <Predicate = true> <Delay = 0.44> <Core = "Sel">   --->   Core 26 'Sel' <Latency = 0> <II = 1> <Delay = 0.44> <FuncUnit> <Opcode : 'select'> <InPorts = 3> <OutPorts = 1>
ST_4 : Operation 94 [1/1] (0.65ns)   --->   "br label %1" [mobile_net_hls_v1/conv.hpp:812->mobile_net_hls_v1/conv.hpp:859->mobile_net_hls_v1/conv.hpp:1056]   --->   Operation 94 'br' <Predicate = true> <Delay = 0.65>

State 5 <SV = 4> <Delay = 1.83>
ST_5 : Operation 95 [1/1] (0.00ns)   --->   "%base_addr_d2 = phi i32 [ %base_addr, %0 ], [ %base_addr_d1_12, %9 ]"   --->   Operation 95 'phi' 'base_addr_d2' <Predicate = true> <Delay = 0.00>
ST_5 : Operation 96 [1/1] (0.00ns)   --->   "%tn_0_i_i_i_i = phi i2 [ 0, %0 ], [ %tn, %9 ]"   --->   Operation 96 'phi' 'tn_0_i_i_i_i' <Predicate = true> <Delay = 0.00>
ST_5 : Operation 97 [1/1] (0.00ns)   --->   "%tn_0_i_cast_i_i_i = zext i2 %tn_0_i_i_i_i to i32" [mobile_net_hls_v1/conv.hpp:812->mobile_net_hls_v1/conv.hpp:859->mobile_net_hls_v1/conv.hpp:1056]   --->   Operation 97 'zext' 'tn_0_i_cast_i_i_i' <Predicate = true> <Delay = 0.00>
ST_5 : Operation 98 [1/1] (0.99ns)   --->   "%tmp_632_i_i_i = icmp slt i32 %tn_0_i_cast_i_i_i, %nLoops" [mobile_net_hls_v1/conv.hpp:812->mobile_net_hls_v1/conv.hpp:859->mobile_net_hls_v1/conv.hpp:1056]   --->   Operation 98 'icmp' 'tmp_632_i_i_i' <Predicate = true> <Delay = 0.99> <Core = "Cmp">   --->   Core 25 'Cmp' <Latency = 0> <II = 1> <Delay = 0.99> <FuncUnit> <Opcode : 'icmp'> <InPorts = 2> <OutPorts = 1>
ST_5 : Operation 99 [1/1] (0.54ns)   --->   "%tn = add i2 %tn_0_i_i_i_i, 1" [mobile_net_hls_v1/conv.hpp:812->mobile_net_hls_v1/conv.hpp:859->mobile_net_hls_v1/conv.hpp:1056]   --->   Operation 99 'add' 'tn' <Predicate = true> <Delay = 0.54> <Core = "AddSub">   --->   Core 14 'AddSub' <Latency = 0> <II = 1> <Delay = 1.01> <FuncUnit> <Opcode : 'add' 'sub'> <InPorts = 2> <OutPorts = 1>
ST_5 : Operation 100 [1/1] (0.00ns)   --->   "br i1 %tmp_632_i_i_i, label %2, label %"copy_output_fbuffer2mem<256, 2, 16, 16, 65536, 2>.exit.i.i.i"" [mobile_net_hls_v1/conv.hpp:812->mobile_net_hls_v1/conv.hpp:859->mobile_net_hls_v1/conv.hpp:1056]   --->   Operation 100 'br' <Predicate = true> <Delay = 0.00>
ST_5 : Operation 101 [1/1] (0.00ns)   --->   "%tmp_964_i_i_i = call i32 (...)* @_ssdm_op_SpecRegionBegin([13 x i8]* @p_str260)" [mobile_net_hls_v1/conv.hpp:813->mobile_net_hls_v1/conv.hpp:859->mobile_net_hls_v1/conv.hpp:1056]   --->   Operation 101 'specregionbegin' 'tmp_964_i_i_i' <Predicate = (tmp_632_i_i_i)> <Delay = 0.00>
ST_5 : Operation 102 [1/1] (0.00ns)   --->   "call void (...)* @_ssdm_op_SpecLoopTripCount(i32 2, i32 32, i32 17, [1 x i8]* @p_str) nounwind" [mobile_net_hls_v1/conv.hpp:814->mobile_net_hls_v1/conv.hpp:859->mobile_net_hls_v1/conv.hpp:1056]   --->   Operation 102 'speclooptripcount' <Predicate = (tmp_632_i_i_i)> <Delay = 0.00>
ST_5 : Operation 103 [1/1] (0.00ns)   --->   "%tmp_261 = trunc i2 %tn_0_i_i_i_i to i1" [mobile_net_hls_v1/conv.hpp:823->mobile_net_hls_v1/conv.hpp:859->mobile_net_hls_v1/conv.hpp:1056]   --->   Operation 103 'trunc' 'tmp_261' <Predicate = (tmp_632_i_i_i)> <Delay = 0.00>
ST_5 : Operation 104 [1/1] (0.65ns)   --->   "br label %3" [mobile_net_hls_v1/conv.hpp:816->mobile_net_hls_v1/conv.hpp:859->mobile_net_hls_v1/conv.hpp:1056]   --->   Operation 104 'br' <Predicate = (tmp_632_i_i_i)> <Delay = 0.65>
ST_5 : Operation 105 [1/1] (1.83ns)   --->   "%result_buffer_V_read = call { i1, i1 } @_ssdm_op_NbRead.ap_fifo.volatile.i1P(i1* %result_buffer_V)" [mobile_net_hls_v1/conv.hpp:862->mobile_net_hls_v1/conv.hpp:1056]   --->   Operation 105 'nbread' 'result_buffer_V_read' <Predicate = (!tmp_632_i_i_i)> <Delay = 1.83> <Core = "FIFO_SRL">   --->   Core 36 'FIFO_SRL' <Latency = 0> <II = 1> <Delay = 1.83> <Storage> <Opcode : 'read' 'write' 'nbread' 'nbwrite'> <Ports = 0> <Width = 1> <Depth = 0> <FIFO>
ST_5 : Operation 106 [1/1] (0.00ns)   --->   "%tmp_268 = extractvalue { i1, i1 } %result_buffer_V_read, 1" [mobile_net_hls_v1/conv.hpp:862->mobile_net_hls_v1/conv.hpp:1056]   --->   Operation 106 'extractvalue' 'tmp_268' <Predicate = (!tmp_632_i_i_i)> <Delay = 0.00>
ST_5 : Operation 107 [1/1] (0.00ns)   --->   "br i1 %tmp_268, label %._crit_edge1.i.i.i, label %.exit" [mobile_net_hls_v1/conv.hpp:864->mobile_net_hls_v1/conv.hpp:1056]   --->   Operation 107 'br' <Predicate = (!tmp_632_i_i_i)> <Delay = 0.00>
ST_5 : Operation 108 [1/1] (1.83ns)   --->   "call void @_ssdm_op_Write.ap_fifo.volatile.i1P(i1* %cntl_V, i1 undef)" [mobile_net_hls_v1/conv.hpp:866->mobile_net_hls_v1/conv.hpp:1056]   --->   Operation 108 'write' <Predicate = (!tmp_632_i_i_i & !tmp_268)> <Delay = 1.83> <Core = "FIFO_SRL">   --->   Core 36 'FIFO_SRL' <Latency = 0> <II = 1> <Delay = 1.83> <Storage> <Opcode : 'read' 'write' 'nbread' 'nbwrite'> <Ports = 0> <Width = 1> <Depth = 0> <FIFO>
ST_5 : Operation 109 [1/1] (0.00ns)   --->   "ret void"   --->   Operation 109 'ret' <Predicate = (!tmp_632_i_i_i & !tmp_268)> <Delay = 0.00>

State 6 <SV = 5> <Delay = 2.03>
ST_6 : Operation 110 [1/1] (0.00ns)   --->   "%base_addr_d2_0_i_i_i = phi i32 [ %base_addr_d2, %2 ], [ %base_addr_d2_12, %8 ]"   --->   Operation 110 'phi' 'base_addr_d2_0_i_i_i' <Predicate = true> <Delay = 0.00>
ST_6 : Operation 111 [1/1] (0.00ns)   --->   "%tr_divS_0_i_i_i_i = phi i31 [ 0, %2 ], [ %tr_divS, %8 ]"   --->   Operation 111 'phi' 'tr_divS_0_i_i_i_i' <Predicate = true> <Delay = 0.00>
ST_6 : Operation 112 [1/1] (0.00ns)   --->   "%tr_divS_0_i_cast_i_i = zext i31 %tr_divS_0_i_i_i_i to i32" [mobile_net_hls_v1/conv.hpp:816->mobile_net_hls_v1/conv.hpp:859->mobile_net_hls_v1/conv.hpp:1056]   --->   Operation 112 'zext' 'tr_divS_0_i_cast_i_i' <Predicate = true> <Delay = 0.00>
ST_6 : Operation 113 [1/1] (0.99ns)   --->   "%tmp_633_i_i_i = icmp slt i32 %tr_divS_0_i_cast_i_i, %tmp_630_i_i_i" [mobile_net_hls_v1/conv.hpp:816->mobile_net_hls_v1/conv.hpp:859->mobile_net_hls_v1/conv.hpp:1056]   --->   Operation 113 'icmp' 'tmp_633_i_i_i' <Predicate = true> <Delay = 0.99> <Core = "Cmp">   --->   Core 25 'Cmp' <Latency = 0> <II = 1> <Delay = 0.99> <FuncUnit> <Opcode : 'icmp'> <InPorts = 2> <OutPorts = 1>
ST_6 : Operation 114 [1/1] (1.00ns)   --->   "%tr_divS = add i31 %tr_divS_0_i_i_i_i, 1" [mobile_net_hls_v1/conv.hpp:816->mobile_net_hls_v1/conv.hpp:859->mobile_net_hls_v1/conv.hpp:1056]   --->   Operation 114 'add' 'tr_divS' <Predicate = true> <Delay = 1.00> <Core = "AddSub">   --->   Core 14 'AddSub' <Latency = 0> <II = 1> <Delay = 1.01> <FuncUnit> <Opcode : 'add' 'sub'> <InPorts = 2> <OutPorts = 1>
ST_6 : Operation 115 [1/1] (0.00ns)   --->   "br i1 %tmp_633_i_i_i, label %4, label %9" [mobile_net_hls_v1/conv.hpp:816->mobile_net_hls_v1/conv.hpp:859->mobile_net_hls_v1/conv.hpp:1056]   --->   Operation 115 'br' <Predicate = true> <Delay = 0.00>
ST_6 : Operation 116 [1/1] (0.00ns)   --->   "%tmp_cast_i_i = sext i32 %base_addr_d2_0_i_i_i to i33" [mobile_net_hls_v1/conv.hpp:823->mobile_net_hls_v1/conv.hpp:859->mobile_net_hls_v1/conv.hpp:1056]   --->   Operation 116 'sext' 'tmp_cast_i_i' <Predicate = (tmp_633_i_i_i)> <Delay = 0.00>
ST_6 : Operation 117 [1/1] (1.01ns)   --->   "%tmp_37_i_i = add i33 %outputs_offset_cast_s, %tmp_cast_i_i" [mobile_net_hls_v1/conv.hpp:823->mobile_net_hls_v1/conv.hpp:859->mobile_net_hls_v1/conv.hpp:1056]   --->   Operation 117 'add' 'tmp_37_i_i' <Predicate = (tmp_633_i_i_i)> <Delay = 1.01> <Core = "AddSub">   --->   Core 14 'AddSub' <Latency = 0> <II = 1> <Delay = 1.01> <FuncUnit> <Opcode : 'add' 'sub'> <InPorts = 2> <OutPorts = 1>
ST_6 : Operation 118 [1/1] (0.00ns)   --->   "%tmp_37_cast_i_i = sext i33 %tmp_37_i_i to i34" [mobile_net_hls_v1/conv.hpp:823->mobile_net_hls_v1/conv.hpp:859->mobile_net_hls_v1/conv.hpp:1056]   --->   Operation 118 'sext' 'tmp_37_cast_i_i' <Predicate = (tmp_633_i_i_i)> <Delay = 0.00>
ST_6 : Operation 119 [1/1] (1.01ns)   --->   "%sum_i_i = add i34 %sext_cast_i_i, %tmp_37_cast_i_i" [mobile_net_hls_v1/conv.hpp:823->mobile_net_hls_v1/conv.hpp:859->mobile_net_hls_v1/conv.hpp:1056]   --->   Operation 119 'add' 'sum_i_i' <Predicate = (tmp_633_i_i_i)> <Delay = 1.01> <Core = "AddSub">   --->   Core 14 'AddSub' <Latency = 0> <II = 1> <Delay = 1.01> <FuncUnit> <Opcode : 'add' 'sub'> <InPorts = 2> <OutPorts = 1>
ST_6 : Operation 120 [1/1] (0.00ns)   --->   "%sum_cast_i_i = sext i34 %sum_i_i to i64" [mobile_net_hls_v1/conv.hpp:823->mobile_net_hls_v1/conv.hpp:859->mobile_net_hls_v1/conv.hpp:1056]   --->   Operation 120 'sext' 'sum_cast_i_i' <Predicate = (tmp_633_i_i_i)> <Delay = 0.00>
ST_6 : Operation 121 [1/1] (0.00ns)   --->   "%outputs_addr = getelementptr half* %outputs, i64 %sum_cast_i_i" [mobile_net_hls_v1/conv.hpp:823->mobile_net_hls_v1/conv.hpp:859->mobile_net_hls_v1/conv.hpp:1056]   --->   Operation 121 'getelementptr' 'outputs_addr' <Predicate = (tmp_633_i_i_i)> <Delay = 0.00>
ST_6 : Operation 122 [1/1] (1.01ns)   --->   "%base_addr_d1_12 = add nsw i32 %base_addr_d2, 16384" [mobile_net_hls_v1/conv.hpp:827->mobile_net_hls_v1/conv.hpp:859->mobile_net_hls_v1/conv.hpp:1056]   --->   Operation 122 'add' 'base_addr_d1_12' <Predicate = (!tmp_633_i_i_i)> <Delay = 1.01> <Core = "AddSub">   --->   Core 14 'AddSub' <Latency = 0> <II = 1> <Delay = 1.01> <FuncUnit> <Opcode : 'add' 'sub'> <InPorts = 2> <OutPorts = 1>
ST_6 : Operation 123 [1/1] (0.00ns)   --->   "%empty_46 = call i32 (...)* @_ssdm_op_SpecRegionEnd([13 x i8]* @p_str260, i32 %tmp_964_i_i_i)" [mobile_net_hls_v1/conv.hpp:828->mobile_net_hls_v1/conv.hpp:859->mobile_net_hls_v1/conv.hpp:1056]   --->   Operation 123 'specregionend' 'empty_46' <Predicate = (!tmp_633_i_i_i)> <Delay = 0.00>
ST_6 : Operation 124 [1/1] (0.00ns)   --->   "br label %1" [mobile_net_hls_v1/conv.hpp:812->mobile_net_hls_v1/conv.hpp:859->mobile_net_hls_v1/conv.hpp:1056]   --->   Operation 124 'br' <Predicate = (!tmp_633_i_i_i)> <Delay = 0.00>

State 7 <SV = 6> <Delay = 3.67>
ST_7 : Operation 125 [1/1] (0.00ns)   --->   "%tmp_967_i_i_i = call i32 (...)* @_ssdm_op_SpecRegionBegin([13 x i8]* @p_str261)" [mobile_net_hls_v1/conv.hpp:817->mobile_net_hls_v1/conv.hpp:859->mobile_net_hls_v1/conv.hpp:1056]   --->   Operation 125 'specregionbegin' 'tmp_967_i_i_i' <Predicate = true> <Delay = 0.00>
ST_7 : Operation 126 [1/1] (0.00ns)   --->   "call void (...)* @_ssdm_op_SpecLoopTripCount(i32 1, i32 8, i32 4, [1 x i8]* @p_str) nounwind" [mobile_net_hls_v1/conv.hpp:819->mobile_net_hls_v1/conv.hpp:859->mobile_net_hls_v1/conv.hpp:1056]   --->   Operation 126 'speclooptripcount' <Predicate = true> <Delay = 0.00>
ST_7 : Operation 127 [1/1] (3.67ns)   --->   "%outputs_addr_i_i_wr_s = call i1 @_ssdm_op_WriteReq.m_axi.halfP(half* %outputs_addr, i32 %tmp_631_i_i_i)" [mobile_net_hls_v1/conv.hpp:823->mobile_net_hls_v1/conv.hpp:859->mobile_net_hls_v1/conv.hpp:1056]   --->   Operation 127 'writereq' 'outputs_addr_i_i_wr_s' <Predicate = true> <Delay = 3.67> <Core = "m_axi">   --->   Core 9 'm_axi' <Latency = 6> <II = 1> <Delay = 1.00> <Adapter> <Opcode : 'read' 'write' 'readreq' 'writereq' 'writeresp'>
ST_7 : Operation 128 [1/1] (0.65ns)   --->   "br label %5" [mobile_net_hls_v1/conv.hpp:820->mobile_net_hls_v1/conv.hpp:859->mobile_net_hls_v1/conv.hpp:1056]   --->   Operation 128 'br' <Predicate = true> <Delay = 0.65>

State 8 <SV = 7> <Delay = 1.63>
ST_8 : Operation 129 [1/1] (0.00ns)   --->   "%i_0_i_i_i_i = phi i31 [ 0, %4 ], [ %i, %7 ]"   --->   Operation 129 'phi' 'i_0_i_i_i_i' <Predicate = true> <Delay = 0.00>
ST_8 : Operation 130 [1/1] (0.00ns)   --->   "%i_0_i_cast_i_i_i = zext i31 %i_0_i_i_i_i to i32" [mobile_net_hls_v1/conv.hpp:820->mobile_net_hls_v1/conv.hpp:859->mobile_net_hls_v1/conv.hpp:1056]   --->   Operation 130 'zext' 'i_0_i_cast_i_i_i' <Predicate = true> <Delay = 0.00>
ST_8 : Operation 131 [1/1] (0.99ns)   --->   "%tmp_635_i_i_i = icmp slt i32 %i_0_i_cast_i_i_i, %tmp_631_i_i_i" [mobile_net_hls_v1/conv.hpp:820->mobile_net_hls_v1/conv.hpp:859->mobile_net_hls_v1/conv.hpp:1056]   --->   Operation 131 'icmp' 'tmp_635_i_i_i' <Predicate = true> <Delay = 0.99> <Core = "Cmp">   --->   Core 25 'Cmp' <Latency = 0> <II = 1> <Delay = 0.99> <FuncUnit> <Opcode : 'icmp'> <InPorts = 2> <OutPorts = 1>
ST_8 : Operation 132 [1/1] (1.00ns)   --->   "%i = add i31 %i_0_i_i_i_i, 1" [mobile_net_hls_v1/conv.hpp:820->mobile_net_hls_v1/conv.hpp:859->mobile_net_hls_v1/conv.hpp:1056]   --->   Operation 132 'add' 'i' <Predicate = true> <Delay = 1.00> <Core = "AddSub">   --->   Core 14 'AddSub' <Latency = 0> <II = 1> <Delay = 1.01> <FuncUnit> <Opcode : 'add' 'sub'> <InPorts = 2> <OutPorts = 1>
ST_8 : Operation 133 [1/1] (0.00ns)   --->   "br i1 %tmp_635_i_i_i, label %6, label %8" [mobile_net_hls_v1/conv.hpp:820->mobile_net_hls_v1/conv.hpp:859->mobile_net_hls_v1/conv.hpp:1056]   --->   Operation 133 'br' <Predicate = true> <Delay = 0.00>
ST_8 : Operation 134 [1/1] (0.00ns)   --->   "br i1 %tmp_261, label %branch1.i.i.i, label %branch0.i.i.i" [mobile_net_hls_v1/conv.hpp:823->mobile_net_hls_v1/conv.hpp:859->mobile_net_hls_v1/conv.hpp:1056]   --->   Operation 134 'br' <Predicate = (tmp_635_i_i_i)> <Delay = 0.00>
ST_8 : Operation 135 [1/1] (1.63ns)   --->   "%output_buffer_0_V_r = call { i1, half } @_ssdm_op_NbRead.ap_fifo.volatile.halfP(half* %output_buffer_0_V)" [mobile_net_hls_v1/conv.hpp:823->mobile_net_hls_v1/conv.hpp:859->mobile_net_hls_v1/conv.hpp:1056]   --->   Operation 135 'nbread' 'output_buffer_0_V_r' <Predicate = (tmp_635_i_i_i & !tmp_261)> <Delay = 1.63> <Core = "FIFO_BRAM">   --->   Core 34 'FIFO_BRAM' <Latency = 0> <II = 1> <Delay = 1.63> <Storage> <Opcode : 'read' 'write' 'nbread' 'nbwrite'> <Ports = 0> <Width = 16> <Depth = 0> <FIFO>
ST_8 : Operation 136 [1/1] (0.00ns)   --->   "%tmp_264 = extractvalue { i1, half } %output_buffer_0_V_r, 1" [mobile_net_hls_v1/conv.hpp:823->mobile_net_hls_v1/conv.hpp:859->mobile_net_hls_v1/conv.hpp:1056]   --->   Operation 136 'extractvalue' 'tmp_264' <Predicate = (tmp_635_i_i_i & !tmp_261)> <Delay = 0.00>
ST_8 : Operation 137 [1/1] (0.65ns)   --->   "br label %7" [mobile_net_hls_v1/conv.hpp:823->mobile_net_hls_v1/conv.hpp:859->mobile_net_hls_v1/conv.hpp:1056]   --->   Operation 137 'br' <Predicate = (tmp_635_i_i_i & !tmp_261)> <Delay = 0.65>
ST_8 : Operation 138 [1/1] (1.63ns)   --->   "%output_buffer_1_V_r = call { i1, half } @_ssdm_op_NbRead.ap_fifo.volatile.halfP(half* %output_buffer_1_V)" [mobile_net_hls_v1/conv.hpp:823->mobile_net_hls_v1/conv.hpp:859->mobile_net_hls_v1/conv.hpp:1056]   --->   Operation 138 'nbread' 'output_buffer_1_V_r' <Predicate = (tmp_635_i_i_i & tmp_261)> <Delay = 1.63> <Core = "FIFO_BRAM">   --->   Core 34 'FIFO_BRAM' <Latency = 0> <II = 1> <Delay = 1.63> <Storage> <Opcode : 'read' 'write' 'nbread' 'nbwrite'> <Ports = 0> <Width = 16> <Depth = 0> <FIFO>
ST_8 : Operation 139 [1/1] (0.00ns)   --->   "%tmp_263 = extractvalue { i1, half } %output_buffer_1_V_r, 1" [mobile_net_hls_v1/conv.hpp:823->mobile_net_hls_v1/conv.hpp:859->mobile_net_hls_v1/conv.hpp:1056]   --->   Operation 139 'extractvalue' 'tmp_263' <Predicate = (tmp_635_i_i_i & tmp_261)> <Delay = 0.00>
ST_8 : Operation 140 [1/1] (0.65ns)   --->   "br label %7" [mobile_net_hls_v1/conv.hpp:823->mobile_net_hls_v1/conv.hpp:859->mobile_net_hls_v1/conv.hpp:1056]   --->   Operation 140 'br' <Predicate = (tmp_635_i_i_i & tmp_261)> <Delay = 0.65>

State 9 <SV = 8> <Delay = 3.67>
ST_9 : Operation 141 [1/1] (0.00ns)   --->   "%tmp_968_i_i_i = call i32 (...)* @_ssdm_op_SpecRegionBegin([13 x i8]* @p_str262)" [mobile_net_hls_v1/conv.hpp:821->mobile_net_hls_v1/conv.hpp:859->mobile_net_hls_v1/conv.hpp:1056]   --->   Operation 141 'specregionbegin' 'tmp_968_i_i_i' <Predicate = true> <Delay = 0.00>
ST_9 : Operation 142 [1/1] (0.00ns)   --->   "call void (...)* @_ssdm_op_SpecPipeline(i32 1, i32 1, i32 1, i32 0, [1 x i8]* @p_str) nounwind" [mobile_net_hls_v1/conv.hpp:822->mobile_net_hls_v1/conv.hpp:859->mobile_net_hls_v1/conv.hpp:1056]   --->   Operation 142 'specpipeline' <Predicate = true> <Delay = 0.00>
ST_9 : Operation 143 [1/1] (0.00ns)   --->   "%tmp_154_load_i_i = phi half [ %tmp_263, %branch1.i.i.i ], [ %tmp_264, %branch0.i.i.i ]"   --->   Operation 143 'phi' 'tmp_154_load_i_i' <Predicate = (tmp_635_i_i_i)> <Delay = 0.00>
ST_9 : Operation 144 [1/1] (3.67ns)   --->   "call void @_ssdm_op_Write.m_axi.halfP(half* %outputs_addr, half %tmp_154_load_i_i, i2 -1)" [mobile_net_hls_v1/conv.hpp:823->mobile_net_hls_v1/conv.hpp:859->mobile_net_hls_v1/conv.hpp:1056]   --->   Operation 144 'write' <Predicate = (tmp_635_i_i_i)> <Delay = 3.67> <Core = "m_axi">   --->   Core 9 'm_axi' <Latency = 6> <II = 1> <Delay = 1.00> <Adapter> <Opcode : 'read' 'write' 'readreq' 'writereq' 'writeresp'>
ST_9 : Operation 145 [1/1] (0.00ns)   --->   "%empty = call i32 (...)* @_ssdm_op_SpecRegionEnd([13 x i8]* @p_str262, i32 %tmp_968_i_i_i)" [mobile_net_hls_v1/conv.hpp:824->mobile_net_hls_v1/conv.hpp:859->mobile_net_hls_v1/conv.hpp:1056]   --->   Operation 145 'specregionend' 'empty' <Predicate = (tmp_635_i_i_i)> <Delay = 0.00>
ST_9 : Operation 146 [1/1] (0.00ns)   --->   "br label %5" [mobile_net_hls_v1/conv.hpp:820->mobile_net_hls_v1/conv.hpp:859->mobile_net_hls_v1/conv.hpp:1056]   --->   Operation 146 'br' <Predicate = (tmp_635_i_i_i)> <Delay = 0.00>

State 10 <SV = 8> <Delay = 3.67>
ST_10 : Operation 147 [5/5] (3.67ns)   --->   "%outputs_addr_i_i_wr_12 = call i1 @_ssdm_op_WriteResp.m_axi.halfP(half* %outputs_addr)" [mobile_net_hls_v1/conv.hpp:823->mobile_net_hls_v1/conv.hpp:859->mobile_net_hls_v1/conv.hpp:1056]   --->   Operation 147 'writeresp' 'outputs_addr_i_i_wr_12' <Predicate = true> <Delay = 3.67> <Core = "m_axi">   --->   Core 9 'm_axi' <Latency = 6> <II = 1> <Delay = 1.00> <Adapter> <Opcode : 'read' 'write' 'readreq' 'writereq' 'writeresp'>
ST_10 : Operation 148 [1/1] (1.01ns)   --->   "%base_addr_d2_12 = add nsw i32 %base_addr_d2_0_i_i_i, 128" [mobile_net_hls_v1/conv.hpp:825->mobile_net_hls_v1/conv.hpp:859->mobile_net_hls_v1/conv.hpp:1056]   --->   Operation 148 'add' 'base_addr_d2_12' <Predicate = true> <Delay = 1.01> <Core = "AddSub">   --->   Core 14 'AddSub' <Latency = 0> <II = 1> <Delay = 1.01> <FuncUnit> <Opcode : 'add' 'sub'> <InPorts = 2> <OutPorts = 1>

State 11 <SV = 9> <Delay = 3.67>
ST_11 : Operation 149 [4/5] (3.67ns)   --->   "%outputs_addr_i_i_wr_12 = call i1 @_ssdm_op_WriteResp.m_axi.halfP(half* %outputs_addr)" [mobile_net_hls_v1/conv.hpp:823->mobile_net_hls_v1/conv.hpp:859->mobile_net_hls_v1/conv.hpp:1056]   --->   Operation 149 'writeresp' 'outputs_addr_i_i_wr_12' <Predicate = true> <Delay = 3.67> <Core = "m_axi">   --->   Core 9 'm_axi' <Latency = 6> <II = 1> <Delay = 1.00> <Adapter> <Opcode : 'read' 'write' 'readreq' 'writereq' 'writeresp'>

State 12 <SV = 10> <Delay = 3.67>
ST_12 : Operation 150 [3/5] (3.67ns)   --->   "%outputs_addr_i_i_wr_12 = call i1 @_ssdm_op_WriteResp.m_axi.halfP(half* %outputs_addr)" [mobile_net_hls_v1/conv.hpp:823->mobile_net_hls_v1/conv.hpp:859->mobile_net_hls_v1/conv.hpp:1056]   --->   Operation 150 'writeresp' 'outputs_addr_i_i_wr_12' <Predicate = true> <Delay = 3.67> <Core = "m_axi">   --->   Core 9 'm_axi' <Latency = 6> <II = 1> <Delay = 1.00> <Adapter> <Opcode : 'read' 'write' 'readreq' 'writereq' 'writeresp'>

State 13 <SV = 11> <Delay = 3.67>
ST_13 : Operation 151 [2/5] (3.67ns)   --->   "%outputs_addr_i_i_wr_12 = call i1 @_ssdm_op_WriteResp.m_axi.halfP(half* %outputs_addr)" [mobile_net_hls_v1/conv.hpp:823->mobile_net_hls_v1/conv.hpp:859->mobile_net_hls_v1/conv.hpp:1056]   --->   Operation 151 'writeresp' 'outputs_addr_i_i_wr_12' <Predicate = true> <Delay = 3.67> <Core = "m_axi">   --->   Core 9 'm_axi' <Latency = 6> <II = 1> <Delay = 1.00> <Adapter> <Opcode : 'read' 'write' 'readreq' 'writereq' 'writeresp'>

State 14 <SV = 12> <Delay = 3.67>
ST_14 : Operation 152 [1/5] (3.67ns)   --->   "%outputs_addr_i_i_wr_12 = call i1 @_ssdm_op_WriteResp.m_axi.halfP(half* %outputs_addr)" [mobile_net_hls_v1/conv.hpp:823->mobile_net_hls_v1/conv.hpp:859->mobile_net_hls_v1/conv.hpp:1056]   --->   Operation 152 'writeresp' 'outputs_addr_i_i_wr_12' <Predicate = true> <Delay = 3.67> <Core = "m_axi">   --->   Core 9 'm_axi' <Latency = 6> <II = 1> <Delay = 1.00> <Adapter> <Opcode : 'read' 'write' 'readreq' 'writereq' 'writeresp'>
ST_14 : Operation 153 [1/1] (0.00ns)   --->   "%empty_45 = call i32 (...)* @_ssdm_op_SpecRegionEnd([13 x i8]* @p_str261, i32 %tmp_967_i_i_i)" [mobile_net_hls_v1/conv.hpp:826->mobile_net_hls_v1/conv.hpp:859->mobile_net_hls_v1/conv.hpp:1056]   --->   Operation 153 'specregionend' 'empty_45' <Predicate = true> <Delay = 0.00>
ST_14 : Operation 154 [1/1] (0.00ns)   --->   "br label %3" [mobile_net_hls_v1/conv.hpp:816->mobile_net_hls_v1/conv.hpp:859->mobile_net_hls_v1/conv.hpp:1056]   --->   Operation 154 'br' <Predicate = true> <Delay = 0.00>


============================================================
+ Verbose Summary: Timing violations
============================================================
Target clock period: 4.2ns, clock uncertainty: 0.525ns.

 <State 1>: 1.84ns
The critical path consists of the following:
	fifo read on port 'outputs_offset' [22]  (1.84 ns)

 <State 2>: 0ns
The critical path consists of the following:

 <State 3>: 2.85ns
The critical path consists of the following:
	fifo read on port 'result_c_V' (mobile_net_hls_v1/conv.hpp:851->mobile_net_hls_v1/conv.hpp:1056) [44]  (1.84 ns)
	'sub' operation ('p_neg7_i_i_i', mobile_net_hls_v1/conv.hpp:810->mobile_net_hls_v1/conv.hpp:859->mobile_net_hls_v1/conv.hpp:1056) [66]  (1.02 ns)

 <State 4>: 3.49ns
The critical path consists of the following:
	'sub' operation ('tmp_i_i_i', mobile_net_hls_v1/conv.hpp:855->mobile_net_hls_v1/conv.hpp:1056) [50]  (1.02 ns)
	'sub' operation ('p_neg_i_i_i', mobile_net_hls_v1/conv.hpp:820->mobile_net_hls_v1/conv.hpp:859->mobile_net_hls_v1/conv.hpp:1056) [85]  (1.02 ns)
	'sub' operation ('p_neg_t_i_i_i', mobile_net_hls_v1/conv.hpp:820->mobile_net_hls_v1/conv.hpp:859->mobile_net_hls_v1/conv.hpp:1056) [88]  (1.01 ns)
	'select' operation ('p_op2_i_i_i', mobile_net_hls_v1/conv.hpp:820->mobile_net_hls_v1/conv.hpp:859->mobile_net_hls_v1/conv.hpp:1056) [91]  (0 ns)
	'select' operation ('tmp_631_i_i_i', mobile_net_hls_v1/conv.hpp:820->mobile_net_hls_v1/conv.hpp:859->mobile_net_hls_v1/conv.hpp:1056) [92]  (0.449 ns)

 <State 5>: 1.84ns
The critical path consists of the following:
	fifo read on port 'result_buffer_V' (mobile_net_hls_v1/conv.hpp:862->mobile_net_hls_v1/conv.hpp:1056) [157]  (1.84 ns)

 <State 6>: 2.03ns
The critical path consists of the following:
	'phi' operation ('base_addr_d2') with incoming values : ('base_addr', mobile_net_hls_v1/conv.hpp:810->mobile_net_hls_v1/conv.hpp:859->mobile_net_hls_v1/conv.hpp:1056) ('base_addr_d2', mobile_net_hls_v1/conv.hpp:825->mobile_net_hls_v1/conv.hpp:859->mobile_net_hls_v1/conv.hpp:1056) ('base_addr_d1', mobile_net_hls_v1/conv.hpp:827->mobile_net_hls_v1/conv.hpp:859->mobile_net_hls_v1/conv.hpp:1056) [107]  (0 ns)
	'add' operation ('tmp_37_i_i', mobile_net_hls_v1/conv.hpp:823->mobile_net_hls_v1/conv.hpp:859->mobile_net_hls_v1/conv.hpp:1056) [117]  (1.02 ns)
	'add' operation ('sum_i_i', mobile_net_hls_v1/conv.hpp:823->mobile_net_hls_v1/conv.hpp:859->mobile_net_hls_v1/conv.hpp:1056) [119]  (1.02 ns)

 <State 7>: 3.67ns
The critical path consists of the following:
	bus request on port 'outputs' (mobile_net_hls_v1/conv.hpp:823->mobile_net_hls_v1/conv.hpp:859->mobile_net_hls_v1/conv.hpp:1056) [122]  (3.67 ns)

 <State 8>: 1.64ns
The critical path consists of the following:
	fifo read on port 'output_buffer_0_V' (mobile_net_hls_v1/conv.hpp:823->mobile_net_hls_v1/conv.hpp:859->mobile_net_hls_v1/conv.hpp:1056) [135]  (1.64 ns)

 <State 9>: 3.67ns
The critical path consists of the following:
	'phi' operation ('tmp') with incoming values : ('tmp', mobile_net_hls_v1/conv.hpp:823->mobile_net_hls_v1/conv.hpp:859->mobile_net_hls_v1/conv.hpp:1056) [143]  (0 ns)
	bus write on port 'outputs' (mobile_net_hls_v1/conv.hpp:823->mobile_net_hls_v1/conv.hpp:859->mobile_net_hls_v1/conv.hpp:1056) [144]  (3.67 ns)

 <State 10>: 3.67ns
The critical path consists of the following:
	bus access on port 'outputs' (mobile_net_hls_v1/conv.hpp:823->mobile_net_hls_v1/conv.hpp:859->mobile_net_hls_v1/conv.hpp:1056) [148]  (3.67 ns)

 <State 11>: 3.67ns
The critical path consists of the following:
	bus access on port 'outputs' (mobile_net_hls_v1/conv.hpp:823->mobile_net_hls_v1/conv.hpp:859->mobile_net_hls_v1/conv.hpp:1056) [148]  (3.67 ns)

 <State 12>: 3.67ns
The critical path consists of the following:
	bus access on port 'outputs' (mobile_net_hls_v1/conv.hpp:823->mobile_net_hls_v1/conv.hpp:859->mobile_net_hls_v1/conv.hpp:1056) [148]  (3.67 ns)

 <State 13>: 3.67ns
The critical path consists of the following:
	bus access on port 'outputs' (mobile_net_hls_v1/conv.hpp:823->mobile_net_hls_v1/conv.hpp:859->mobile_net_hls_v1/conv.hpp:1056) [148]  (3.67 ns)

 <State 14>: 3.67ns
The critical path consists of the following:
	bus access on port 'outputs' (mobile_net_hls_v1/conv.hpp:823->mobile_net_hls_v1/conv.hpp:859->mobile_net_hls_v1/conv.hpp:1056) [148]  (3.67 ns)


============================================================
+ Verbose Summary: Binding
============================================================
N/A
* FSMD analyzer results:
  - Output states:
 - Input state : 
  - Chain level:
	State 1
	State 2
	State 3
	State 4
	State 5
	State 6
	State 7
	State 8
	State 9
	State 10
	State 11
	State 12
	State 13
	State 14


============================================================
+ Verbose Summary: Datapath Resource usage 
============================================================
N/A
